2025-09-14 23:54:25 | SUCCESS  | 📂 Кэш данных (stats и active_duels) успешно загружен
2025-09-14 23:54:26 | SUCCESS  | Загружен ID сообщения для ролей: 1416566500638330941
2025-09-14 23:54:26 | SUCCESS  | 🎉 Все модули успешно загружены!
2025-09-14 23:54:29 | SUCCESS  | 🤖 Бот `Void Sentinel#5662` успешно запущен (ID: 1230464176745480254)
2025-09-14 23:54:29 | INFO     | 🛡 Сервер: Legion Of The Damned | ID: 828749346505490503 | Участников: 10
2025-09-14 23:54:29 | INFO     | 🛡 Сервер: Space_Marine 2RU | ID: 1118852004786225192 | Участников: 292
2025-09-14 23:54:29 | INFO     | 🛡 Сервер: winie's server | ID: 1335265286198263848 | Участников: 57
2025-09-14 23:54:29 | INFO     | 🛡 Сервер: Сервер користувача kraken_5491 | ID: 1411475618343686187 | Участников: 4
2025-09-14 23:54:30 | INFO     | Используем существующее сообщение с ID 1416566500638330941
2025-09-14 23:54:30 | SUCCESS  | Сообщение верификации найдено, создание не требуется.
2025-09-14 23:54:30 | INFO     | ✅ Slash-команды успешно синхронизированы
2025-09-14 23:54:30 | INFO     | Статус бота успешно изменён
2025-09-14 23:54:48 | INFO     | kraken_5491 вызвал infinite_5491 на дуэль (вы в цп) в канале 💻тестовая-станция🧪
2025-09-14 23:54:48 | INFO     | Отправлено ЛС infinite_5491 о дуэли с kraken_5491
2025-09-14 23:54:50 | WARNING  | kraken_5491 попытался принять чужую дуэль
2025-09-14 23:54:51 | WARNING  | kraken_5491 попытался отклонить чужую дуэль
2025-09-14 23:55:18 | SUCCESS  | ✅ Файл active_duels.json успешно обновлён
2025-09-14 23:55:18 | INFO     | Дуэль принята: kraken_5491 vs infinite_5491 (ID 818235533602848768-1263265959851065528)
2025-09-14 23:55:19 | INFO     | 💠 Создано голосование между kraken_5491 и infinite_5491 в канале 💻тестовая-станция🧪
2025-09-14 23:55:19 | INFO     | Создано голосование для дуэли 818235533602848768-1263265959851065528 через вебхук 1416935377024974900
2025-09-14 23:55:26 | WARNING  | infinite_5491 попытался проголосовать за свою дуэль
2025-09-14 23:55:28 | WARNING  | infinite_5491 попытался проголосовать за свою дуэль
2025-09-14 23:55:30 | SUCCESS  | Команды успешно синхронизированы
2025-09-14 23:55:30 | WARNING  | kraken_5491 попытался проголосовать за свою дуэль
2025-09-14 23:55:32 | WARNING  | kraken_5491 попытался проголосовать за свою дуэль
2025-09-14 23:56:32 | SUCCESS  | Итоги голосования отправлены через webhook для дуэли kraken_5491 vs infinite_5491
2025-09-14 23:56:33 | INFO     | kraken_5491 открыл выбор дуэли для назначения победителя
2025-09-14 23:56:35 | INFO     | kraken_5491 выбрал дуэль 818235533602848768-1263265959851065528 для назначения победителя
2025-09-14 23:56:37 | SUCCESS  | 🎯 Статистика обновлена: победитель 818235533602848768, проигравший 1263265959851065528
2025-09-14 23:56:39 | SUCCESS  | ✅ Файл duel_stats.json успешно обновлён
2025-09-14 23:56:40 | SUCCESS  | ✅ Файл active_duels.json успешно обновлён после конфликта
2025-09-14 23:56:40 | SUCCESS  | Дуэль 818235533602848768-1263265959851065528 завершена. Победитель: kraken_5491, Проигравший: infinite_5491
2025-09-14 23:57:07 | WARNING  | 🛑 Запуск остановлен вручную.
