биба буба хуба
И всё пришло к одному
[LOTD] Kraken_5491 — 3:14
у меня твой стрим на втором мониторе открыт
[LOTD] Kraken_5491 — 3:15
ну пробуй по другому
[LOTD] AB$TRAKTOVIC — 3:15
Давай уже завтра а то чё то в сон клонит
[LOTD] AB$TRAKTOVIC — 3:15
Рил спать хочеться
Это мне всё удалять ?
[LOTD] Kraken_5491 — 3:15
как хочешь
[LOTD] AB$TRAKTOVIC — 3:16
Я что в музыке не стал удалять , но удалил файл с куки
Я завтра продолжу
2025-10-18 00:58:47 | INFO     | HTTP Request: GET https://jqphrrikzkntcyzsrbrc.supabase.co/rest/v1/active_duels?select=%2A "HTTP/2 200 OK"
2025-10-18 00:58:47 | INFO     | HTTP Request: GET https://jqphrrikzkntcyzsrbrc.supabase.co/rest/v1/duel_stats?select=%2A "HTTP/2 200 OK"
2025-10-18 00:58:47 | INFO     | ✅ Данные из Supabase загружены
2025-10-18 00:58:47 | SUCCESS  | Загружен ID сообщения для ролей: 1416566500638330941
2025-10-18 00:58:47 | SUCCESS  | 🎉 Все модули успешно загружены!
2025-10-18 00:58:50 | SUCCESS  | 🤖 Бот `Void Sentinel#5662` успешно запущен (ID: 1230464176745480254)
2025-10-18 00:58:50 | INFO     | 🛡 Сервер: Legion Of The Damned | ID: 828749346505490503 | Участников: 8
2025-10-18 00:58:50 | INFO     | 🛡 Сервер: Space_Marine 2RU | ID: 1118852004786225192 | Участников: 290
2025-10-18 00:58:50 | INFO     | 🛡 Сервер: winie's server | ID: 1335265286198263848 | Участников: 56
2025-10-18 00:58:50 | INFO     | 🛡 Сервер: Сервер користувача kraken_5491 | ID: 1411475618343686187 | Участников: 4
2025-10-18 00:58:50 | INFO     | Используем существующее сообщение с ID 1416566500638330941
2025-10-18 00:58:50 | SUCCESS  | Сообщение верификации найдено, создание не требуется.
2025-10-18 00:59:50 | SUCCESS  | Команды успешно синхронизированы
2025-10-18 01:01:36 | WARNING  | 🛑 Запуск остановлен вручную.
