2025-10-19 00:00:31 | SUCCESS  | Команды успешно синхронизированы
2025-10-19 00:01:04 | INFO     | ✅ Итоги отправлены через webhook: kraken_5491 vs kraken_5491
2025-10-19 00:01:23 | INFO     | HTTP Request: POST https://jqphrrikzkntcyzsrbrc.supabase.co/rest/v1/active_duels?on_conflict=%D0%98%D0%B3%D1%80%D0%BE%D0%BA+1&on_conflict=%D0%98%D0%B3%D1%80%D0%BE%D0%BA+2 "HTTP/2 200 OK"
2025-10-19 00:01:23 | INFO     | 💾 Дуэль [LOTD] Kraken_5491 vs [LOTD] Kraken_5491 сохранена в Supabase
2025-10-19 00:01:23 | INFO     | 💠 Создано голосование: kraken_5491 vs kraken_5491 в 💻тестовая-станция🧪
2025-10-19 00:01:28 | INFO     | infinite_5491 проголосовал за kraken_5491 (challenger)
2025-10-19 00:02:28 | INFO     | ✅ Итоги отправлены через webhook: kraken_5491 vs kraken_5491
2025-10-19 00:02:41 | WARNING  | 🛑 Запуск остановлен вручную.
2025-10-19 00:04:15 | INFO     | HTTP Request: GET https://jqphrrikzkntcyzsrbrc.supabase.co/rest/v1/active_duels?select=%2A "HTTP/2 200 OK"
2025-10-19 00:04:15 | INFO     | HTTP Request: GET https://jqphrrikzkntcyzsrbrc.supabase.co/rest/v1/duel_stats?select=%2A "HTTP/2 200 OK"
2025-10-19 00:04:15 | INFO     | ✅ Данные из Supabase загружены
2025-10-19 00:04:15 | SUCCESS  | Загружен ID сообщения для ролей: 1416566500638330941
2025-10-19 00:04:15 | SUCCESS  | 🎉 Все модули успешно загружены!
2025-10-19 00:04:18 | SUCCESS  | 🤖 Бот `Void Sentinel#5662` успешно запущен (ID: 1230464176745480254)
2025-10-19 00:04:18 | INFO     | 🛡 Сервер: Legion Of The Damned | ID: 828749346505490503 | Участников: 8
2025-10-19 00:04:18 | INFO     | 🛡 Сервер: Space_Marine 2RU | ID: 1118852004786225192 | Участников: 288
2025-10-19 00:04:18 | INFO     | 🛡 Сервер: winie's server | ID: 1335265286198263848 | Участников: 56
2025-10-19 00:04:18 | INFO     | 🛡 Сервер: Сервер користувача kraken_5491 | ID: 1411475618343686187 | Участников: 4
2025-10-19 00:04:18 | SUCCESS  | Сообщение верификации найдено, создание не требуется.
2025-10-19 00:04:18 | INFO     | Используем существующее сообщение с ID 1416566500638330941
2025-10-19 00:04:31 | INFO     | HTTP Request: POST https://jqphrrikzkntcyzsrbrc.supabase.co/rest/v1/active_duels?on_conflict=%D0%98%D0%B3%D1%80%D0%BE%D0%BA+1&on_conflict=%D0%98%D0%B3%D1%80%D0%BE%D0%BA+2 "HTTP/2 200 OK"
2025-10-19 00:04:31 | INFO     | 💾 Дуэль [LOTD] Kraken_5491 vs [LOTD] Kraken_5491 сохранена в Supabase
2025-10-19 00:04:31 | INFO     | 💠 Создано голосование: kraken_5491 vs kraken_5491 в 💻тестовая-станция🧪
2025-10-19 00:04:34 | INFO     | infinite_5491 проголосовал за kraken_5491 (challenger)
2025-10-19 00:05:19 | SUCCESS  | Команды успешно синхронизированы
2025-10-19 00:05:39 | INFO     | ✅ Итоги отправлены через webhook: kraken_5491 vs kraken_5491
2025-10-19 00:06:03 | WARNING  | 🛑 Запуск остановлен вручную.
2025-10-19 00:06:36 | INFO     | HTTP Request: GET https://jqphrrikzkntcyzsrbrc.supabase.co/rest/v1/active_duels?select=%2A "HTTP/2 200 OK"
2025-10-19 00:06:36 | INFO     | HTTP Request: GET https://jqphrrikzkntcyzsrbrc.supabase.co/rest/v1/duel_stats?select=%2A "HTTP/2 200 OK"
2025-10-19 00:06:36 | INFO     | ✅ Данные из Supabase загружены
2025-10-19 00:06:36 | SUCCESS  | Загружен ID сообщения для ролей: 1416566500638330941
2025-10-19 00:06:36 | SUCCESS  | 🎉 Все модули успешно загружены!
2025-10-19 00:06:39 | SUCCESS  | 🤖 Бот `Void Sentinel#5662` успешно запущен (ID: 1230464176745480254)
2025-10-19 00:06:39 | INFO     | 🛡 Сервер: Legion Of The Damned | ID: 828749346505490503 | Участников: 8
2025-10-19 00:06:39 | INFO     | 🛡 Сервер: Space_Marine 2RU | ID: 1118852004786225192 | Участников: 288
2025-10-19 00:06:39 | INFO     | 🛡 Сервер: winie's server | ID: 1335265286198263848 | Участников: 56
2025-10-19 00:06:39 | INFO     | 🛡 Сервер: Сервер користувача kraken_5491 | ID: 1411475618343686187 | Участников: 4
2025-10-19 00:06:40 | INFO     | Используем существующее сообщение с ID 1416566500638330941
2025-10-19 00:06:40 | SUCCESS  | Сообщение верификации найдено, создание не требуется.
2025-10-19 00:06:47 | INFO     | HTTP Request: POST https://jqphrrikzkntcyzsrbrc.supabase.co/rest/v1/active_duels?on_conflict=%D0%98%D0%B3%D1%80%D0%BE%D0%BA+1&on_conflict=%D0%98%D0%B3%D1%80%D0%BE%D0%BA+2 "HTTP/2 200 OK"
2025-10-19 00:06:47 | INFO     | 💾 Дуэль [LOTD] Kraken_5491 vs [LOTD] Kraken_5491 сохранена в Supabase
2025-10-19 00:06:48 | INFO     | 💠 Создано голосование: kraken_5491 vs kraken_5491 в 💻тестовая-станция🧪
2025-10-19 00:06:53 | INFO     | infinite_5491 проголосовал за kraken_5491 (challenger)
2025-10-19 00:06:58 | WARNING  | 🛑 Запуск остановлен вручную.
2025-10-19 00:07:54 | INFO     | HTTP Request: GET https://jqphrrikzkntcyzsrbrc.supabase.co/rest/v1/active_duels?select=%2A "HTTP/2 200 OK"
2025-10-19 00:07:54 | INFO     | HTTP Request: GET https://jqphrrikzkntcyzsrbrc.supabase.co/rest/v1/duel_stats?select=%2A "HTTP/2 200 OK"
2025-10-19 00:07:54 | INFO     | ✅ Данные из Supabase загружены
2025-10-19 00:07:54 | SUCCESS  | Загружен ID сообщения для ролей: 1416566500638330941
2025-10-19 00:07:54 | SUCCESS  | 🎉 Все модули успешно загружены!
2025-10-19 00:07:57 | SUCCESS  | 🤖 Бот `Void Sentinel#5662` успешно запущен (ID: 1230464176745480254)
2025-10-19 00:07:57 | INFO     | 🛡 Сервер: Legion Of The Damned | ID: 828749346505490503 | Участников: 8
2025-10-19 00:07:57 | INFO     | 🛡 Сервер: Space_Marine 2RU | ID: 1118852004786225192 | Участников: 288
2025-10-19 00:07:57 | INFO     | 🛡 Сервер: winie's server | ID: 1335265286198263848 | Участников: 56
2025-10-19 00:07:57 | INFO     | 🛡 Сервер: Сервер користувача kraken_5491 | ID: 1411475618343686187 | Участников: 4
2025-10-19 00:07:57 | INFO     | Используем существующее сообщение с ID 1416566500638330941
2025-10-19 00:07:57 | SUCCESS  | Сообщение верификации найдено, создание не требуется.
2025-10-19 00:08:10 | INFO     | HTTP Request: POST https://jqphrrikzkntcyzsrbrc.supabase.co/rest/v1/active_duels?on_conflict=%D0%98%D0%B3%D1%80%D0%BE%D0%BA+1&on_conflict=%D0%98%D0%B3%D1%80%D0%BE%D0%BA+2 "HTTP/2 200 OK"
2025-10-19 00:08:10 | INFO     | 💾 Дуэль [LOTD] Kraken_5491 vs [LOTD] Kraken_5491 сохранена в Supabase
2025-10-19 00:08:11 | INFO     | 💠 Создано голосование: kraken_5491 vs kraken_5491 в 💻тестовая-станция🧪
2025-10-19 00:08:15 | INFO     | infinite_5491 проголосовал за kraken_5491 (challenger)
2025-10-19 00:08:57 | SUCCESS  | Команды успешно синхронизированы
2025-10-19 00:09:16 | INFO     | ✅ Итоги отправлены через webhook: kraken_5491 vs kraken_5491
2025-10-19 00:10:34 | WARNING  | 🛑 Запуск остановлен вручную.
2025-10-19 00:10:37 | INFO     | HTTP Request: GET https://jqphrrikzkntcyzsrbrc.supabase.co/rest/v1/active_duels?select=%2A "HTTP/2 200 OK"
2025-10-19 00:10:37 | INFO     | HTTP Request: GET https://jqphrrikzkntcyzsrbrc.supabase.co/rest/v1/duel_stats?select=%2A "HTTP/2 200 OK"
2025-10-19 00:10:37 | INFO     | ✅ Данные из Supabase загружены
2025-10-19 00:10:37 | SUCCESS  | Загружен ID сообщения для ролей: 1416566500638330941
2025-10-19 00:10:37 | SUCCESS  | 🎉 Все модули успешно загружены!
2025-10-19 00:10:40 | SUCCESS  | 🤖 Бот `Void Sentinel#5662` успешно запущен (ID: 1230464176745480254)
2025-10-19 00:10:40 | INFO     | 🛡 Сервер: Legion Of The Damned | ID: 828749346505490503 | Участников: 8
2025-10-19 00:10:40 | INFO     | 🛡 Сервер: Space_Marine 2RU | ID: 1118852004786225192 | Участников: 288
2025-10-19 00:10:40 | INFO     | 🛡 Сервер: winie's server | ID: 1335265286198263848 | Участников: 56
2025-10-19 00:10:40 | INFO     | 🛡 Сервер: Сервер користувача kraken_5491 | ID: 1411475618343686187 | Участников: 4
2025-10-19 00:10:40 | INFO     | Используем существующее сообщение с ID 1416566500638330941
2025-10-19 00:10:40 | SUCCESS  | Сообщение верификации найдено, создание не требуется.
2025-10-19 00:10:49 | INFO     | HTTP Request: POST https://jqphrrikzkntcyzsrbrc.supabase.co/rest/v1/active_duels?on_conflict=%D0%98%D0%B3%D1%80%D0%BE%D0%BA+1&on_conflict=%D0%98%D0%B3%D1%80%D0%BE%D0%BA+2 "HTTP/2 200 OK"
2025-10-19 00:10:49 | INFO     | 💾 Дуэль [LOTD] Kraken_5491 vs [LOTD] Kraken_5491 сохранена в Supabase
2025-10-19 00:10:50 | INFO     | 💠 Создано голосование: kraken_5491 vs kraken_5491 в 💻тестовая-станция🧪
2025-10-19 00:10:53 | INFO     | infinite_5491 проголосовал за kraken_5491 (challenger)
2025-10-19 00:10:56 | INFO     | ✅ Итоги отправлены через webhook: kraken_5491 vs kraken_5491
2025-10-19 00:11:00 | WARNING  | 🛑 Запуск остановлен вручную.
2025-10-19 00:12:03 | INFO     | HTTP Request: GET https://jqphrrikzkntcyzsrbrc.supabase.co/rest/v1/active_duels?select=%2A "HTTP/2 200 OK"
2025-10-19 00:12:03 | INFO     | HTTP Request: GET https://jqphrrikzkntcyzsrbrc.supabase.co/rest/v1/duel_stats?select=%2A "HTTP/2 200 OK"
2025-10-19 00:12:03 | INFO     | ✅ Данные из Supabase загружены
2025-10-19 00:12:03 | SUCCESS  | Загружен ID сообщения для ролей: 1416566500638330941
2025-10-19 00:12:03 | SUCCESS  | 🎉 Все модули успешно загружены!
2025-10-19 00:12:07 | SUCCESS  | 🤖 Бот `Void Sentinel#5662` успешно запущен (ID: 1230464176745480254)
2025-10-19 00:12:07 | INFO     | 🛡 Сервер: Legion Of The Damned | ID: 828749346505490503 | Участников: 8
2025-10-19 00:12:07 | INFO     | 🛡 Сервер: Space_Marine 2RU | ID: 1118852004786225192 | Участников: 288
2025-10-19 00:12:07 | INFO     | 🛡 Сервер: winie's server | ID: 1335265286198263848 | Участников: 56
2025-10-19 00:12:07 | INFO     | 🛡 Сервер: Сервер користувача kraken_5491 | ID: 1411475618343686187 | Участников: 4
2025-10-19 00:12:07 | INFO     | Используем существующее сообщение с ID 1416566500638330941
2025-10-19 00:12:08 | SUCCESS  | Сообщение верификации найдено, создание не требуется.
2025-10-19 00:12:26 | INFO     | HTTP Request: POST https://jqphrrikzkntcyzsrbrc.supabase.co/rest/v1/active_duels?on_conflict=%D0%98%D0%B3%D1%80%D0%BE%D0%BA+1&on_conflict=%D0%98%D0%B3%D1%80%D0%BE%D0%BA+2 "HTTP/2 200 OK"
2025-10-19 00:12:26 | INFO     | 💾 Дуэль [LOTD] Kraken_5491 vs [LOTD] Kraken_5491 сохранена в Supabase
2025-10-19 00:12:41 | WARNING  | 🛑 Запуск остановлен вручную.
2025-10-19 00:13:33 | INFO     | HTTP Request: GET https://jqphrrikzkntcyzsrbrc.supabase.co/rest/v1/active_duels?select=%2A "HTTP/2 200 OK"
2025-10-19 00:13:33 | INFO     | HTTP Request: GET https://jqphrrikzkntcyzsrbrc.supabase.co/rest/v1/duel_stats?select=%2A "HTTP/2 200 OK"
2025-10-19 00:13:33 | INFO     | ✅ Данные из Supabase загружены
2025-10-19 00:13:33 | SUCCESS  | Загружен ID сообщения для ролей: 1416566500638330941
2025-10-19 00:13:33 | SUCCESS  | 🎉 Все модули успешно загружены!
2025-10-19 00:13:36 | SUCCESS  | 🤖 Бот `Void Sentinel#5662` успешно запущен (ID: 1230464176745480254)
2025-10-19 00:13:36 | INFO     | 🛡 Сервер: Legion Of The Damned | ID: 828749346505490503 | Участников: 8
2025-10-19 00:13:36 | INFO     | 🛡 Сервер: Space_Marine 2RU | ID: 1118852004786225192 | Участников: 288
2025-10-19 00:13:36 | INFO     | 🛡 Сервер: winie's server | ID: 1335265286198263848 | Участников: 56
2025-10-19 00:13:36 | INFO     | 🛡 Сервер: Сервер користувача kraken_5491 | ID: 1411475618343686187 | Участников: 4
2025-10-19 00:13:36 | INFO     | Используем существующее сообщение с ID 1416566500638330941
2025-10-19 00:13:36 | SUCCESS  | Сообщение верификации найдено, создание не требуется.
2025-10-19 00:13:44 | INFO     | HTTP Request: POST https://jqphrrikzkntcyzsrbrc.supabase.co/rest/v1/active_duels?on_conflict=%D0%98%D0%B3%D1%80%D0%BE%D0%BA+1&on_conflict=%D0%98%D0%B3%D1%80%D0%BE%D0%BA+2 "HTTP/2 200 OK"
2025-10-19 00:13:44 | INFO     | 💾 Дуэль [LOTD] Kraken_5491 vs [LOTD] Kraken_5491 сохранена в Supabase
2025-10-19 00:14:00 | WARNING  | 🛑 Запуск остановлен вручную.
2025-10-19 00:15:01 | SUCCESS  | Загружен ID сообщения для ролей: 1416566500638330941
2025-10-19 00:15:02 | CRITICAL | ❌ Ошибки при загрузке модулей: cogs.duel
2025-10-19 00:15:04 | WARNING  | 🛑 Запуск остановлен вручную.
2025-10-19 00:17:01 | INFO     | HTTP Request: GET https://jqphrrikzkntcyzsrbrc.supabase.co/rest/v1/active_duels?select=%2A "HTTP/2 200 OK"
2025-10-19 00:17:01 | INFO     | HTTP Request: GET https://jqphrrikzkntcyzsrbrc.supabase.co/rest/v1/duel_stats?select=%2A "HTTP/2 200 OK"
2025-10-19 00:17:01 | INFO     | ✅ Данные из Supabase загружены
2025-10-19 00:17:01 | SUCCESS  | Загружен ID сообщения для ролей: 1416566500638330941
2025-10-19 00:17:01 | SUCCESS  | 🎉 Все модули успешно загружены!
2025-10-19 00:17:06 | SUCCESS  | 🤖 Бот `Void Sentinel#5662` успешно запущен (ID: 1230464176745480254)
2025-10-19 00:17:06 | INFO     | 🛡 Сервер: Legion Of The Damned | ID: 828749346505490503 | Участников: 8
2025-10-19 00:17:06 | INFO     | 🛡 Сервер: Space_Marine 2RU | ID: 1118852004786225192 | Участников: 288
2025-10-19 00:17:06 | INFO     | 🛡 Сервер: winie's server | ID: 1335265286198263848 | Участников: 56
2025-10-19 00:17:06 | INFO     | 🛡 Сервер: Сервер користувача kraken_5491 | ID: 1411475618343686187 | Участников: 4
2025-10-19 00:17:06 | INFO     | Используем существующее сообщение с ID 1416566500638330941
2025-10-19 00:17:07 | SUCCESS  | Сообщение верификации найдено, создание не требуется.
2025-10-19 00:17:21 | INFO     | HTTP Request: POST https://jqphrrikzkntcyzsrbrc.supabase.co/rest/v1/active_duels?on_conflict=%D0%98%D0%B3%D1%80%D0%BE%D0%BA+1&on_conflict=%D0%98%D0%B3%D1%80%D0%BE%D0%BA+2 "HTTP/2 200 OK"
2025-10-19 00:17:21 | INFO     | 💾 Дуэль [LOTD] Kraken_5491 vs [LOTD] Kraken_5491 сохранена в Supabase
2025-10-19 00:17:21 | INFO     | 💠 Создано голосование: kraken_5491 vs kraken_5491 в канале 💻тестовая-станция🧪
2025-10-19 00:17:24 | INFO     | infinite_5491 проголосовал за kraken_5491 (challenger)
2025-10-19 00:18:08 | SUCCESS  | Команды успешно синхронизированы
2025-10-19 00:18:24 | INFO     | ⏰ Голосование завершено: kraken_5491 vs kraken_5491
2025-10-19 00:19:14 | WARNING  | 🛑 Запуск остановлен вручную.
2025-10-19 00:22:40 | INFO     | HTTP Request: GET https://jqphrrikzkntcyzsrbrc.supabase.co/rest/v1/active_duels?select=%2A "HTTP/2 200 OK"
2025-10-19 00:22:40 | INFO     | HTTP Request: GET https://jqphrrikzkntcyzsrbrc.supabase.co/rest/v1/duel_stats?select=%2A "HTTP/2 200 OK"
2025-10-19 00:22:40 | INFO     | ✅ Данные из Supabase загружены
2025-10-19 00:22:40 | SUCCESS  | Загружен ID сообщения для ролей: 1416566500638330941
2025-10-19 00:22:40 | SUCCESS  | 🎉 Все модули успешно загружены!
2025-10-19 00:22:43 | SUCCESS  | 🤖 Бот `Void Sentinel#5662` успешно запущен (ID: 1230464176745480254)
2025-10-19 00:22:43 | INFO     | 🛡 Сервер: Legion Of The Damned | ID: 828749346505490503 | Участников: 8
2025-10-19 00:22:43 | INFO     | 🛡 Сервер: Space_Marine 2RU | ID: 1118852004786225192 | Участников: 288
2025-10-19 00:22:43 | INFO     | 🛡 Сервер: winie's server | ID: 1335265286198263848 | Участников: 56
2025-10-19 00:22:43 | INFO     | 🛡 Сервер: Сервер користувача kraken_5491 | ID: 1411475618343686187 | Участников: 4
2025-10-19 00:22:43 | INFO     | Используем существующее сообщение с ID 1416566500638330941
2025-10-19 00:22:43 | SUCCESS  | Сообщение верификации найдено, создание не требуется.
2025-10-19 00:22:51 | INFO     | HTTP Request: POST https://jqphrrikzkntcyzsrbrc.supabase.co/rest/v1/active_duels?on_conflict=%D0%98%D0%B3%D1%80%D0%BE%D0%BA+1&on_conflict=%D0%98%D0%B3%D1%80%D0%BE%D0%BA+2 "HTTP/2 200 OK"
2025-10-19 00:22:51 | INFO     | 💾 Дуэль [LOTD] Kraken_5491 vs [LOTD] Kraken_5491 сохранена в Supabase
2025-10-19 00:22:51 | INFO     | 💠 Создано голосование: kraken_5491 vs kraken_5491 в канале 💻тестовая-станция🧪
2025-10-19 00:22:56 | INFO     | infinite_5491 проголосовал за kraken_5491 (challenger)
2025-10-19 00:23:03 | WARNING  | infinite_5491 попытался проголосовать повторно
2025-10-19 00:23:43 | SUCCESS  | Команды успешно синхронизированы
2025-10-19 00:24:03 | INFO     | ⏰ Голосование завершено: kraken_5491 vs kraken_5491
2025-10-19 00:25:51 | WARNING  | 🛑 Запуск остановлен вручную.
2025-10-19 00:26:29 | INFO     | HTTP Request: GET https://jqphrrikzkntcyzsrbrc.supabase.co/rest/v1/active_duels?select=%2A "HTTP/2 200 OK"
2025-10-19 00:26:29 | INFO     | HTTP Request: GET https://jqphrrikzkntcyzsrbrc.supabase.co/rest/v1/duel_stats?select=%2A "HTTP/2 200 OK"
2025-10-19 00:26:29 | INFO     | ✅ Данные из Supabase загружены
2025-10-19 00:26:29 | SUCCESS  | Загружен ID сообщения для ролей: 1416566500638330941
2025-10-19 00:26:29 | SUCCESS  | 🎉 Все модули успешно загружены!
2025-10-19 00:26:32 | SUCCESS  | 🤖 Бот `Void Sentinel#5662` успешно запущен (ID: 1230464176745480254)
2025-10-19 00:26:32 | INFO     | 🛡 Сервер: Legion Of The Damned | ID: 828749346505490503 | Участников: 8
2025-10-19 00:26:32 | INFO     | 🛡 Сервер: Space_Marine 2RU | ID: 1118852004786225192 | Участников: 288
2025-10-19 00:26:32 | INFO     | 🛡 Сервер: winie's server | ID: 1335265286198263848 | Участников: 56
2025-10-19 00:26:32 | INFO     | 🛡 Сервер: Сервер користувача kraken_5491 | ID: 1411475618343686187 | Участников: 4
2025-10-19 00:26:32 | INFO     | Используем существующее сообщение с ID 1416566500638330941
2025-10-19 00:26:32 | SUCCESS  | Сообщение верификации найдено, создание не требуется.
2025-10-19 00:26:43 | INFO     | HTTP Request: POST https://jqphrrikzkntcyzsrbrc.supabase.co/rest/v1/active_duels?on_conflict=%D0%98%D0%B3%D1%80%D0%BE%D0%BA+1&on_conflict=%D0%98%D0%B3%D1%80%D0%BE%D0%BA+2 "HTTP/2 200 OK"
2025-10-19 00:26:43 | INFO     | 💾 Дуэль [LOTD] Kraken_5491 vs [LOTD] Kraken_5491 сохранена в Supabase
2025-10-19 00:26:44 | INFO     | 💠 Создано голосование: kraken_5491 vs kraken_5491 в канале 💻тестовая-станция🧪
2025-10-19 00:26:46 | WARNING  | kraken_5491 попытался проголосовать за свою дуэль
2025-10-19 00:26:49 | INFO     | infinite_5491 проголосовал за kraken_5491 (challenger)
2025-10-19 00:27:05 | WARNING  | 🛑 Запуск остановлен вручную.
2025-10-19 00:28:33 | INFO     | HTTP Request: GET https://jqphrrikzkntcyzsrbrc.supabase.co/rest/v1/active_duels?select=%2A "HTTP/2 200 OK"
2025-10-19 00:28:33 | INFO     | HTTP Request: GET https://jqphrrikzkntcyzsrbrc.supabase.co/rest/v1/duel_stats?select=%2A "HTTP/2 200 OK"
2025-10-19 00:28:33 | INFO     | ✅ Данные из Supabase загружены
2025-10-19 00:28:33 | SUCCESS  | Загружен ID сообщения для ролей: 1416566500638330941
2025-10-19 00:28:33 | SUCCESS  | 🎉 Все модули успешно загружены!
2025-10-19 00:28:36 | SUCCESS  | 🤖 Бот `Void Sentinel#5662` успешно запущен (ID: 1230464176745480254)
2025-10-19 00:28:36 | INFO     | 🛡 Сервер: Legion Of The Damned | ID: 828749346505490503 | Участников: 8
2025-10-19 00:28:36 | INFO     | 🛡 Сервер: Space_Marine 2RU | ID: 1118852004786225192 | Участников: 288
2025-10-19 00:28:36 | INFO     | 🛡 Сервер: winie's server | ID: 1335265286198263848 | Участников: 56
2025-10-19 00:28:36 | INFO     | 🛡 Сервер: Сервер користувача kraken_5491 | ID: 1411475618343686187 | Участников: 4
2025-10-19 00:28:36 | INFO     | Используем существующее сообщение с ID 1416566500638330941
2025-10-19 00:28:36 | SUCCESS  | Сообщение верификации найдено, создание не требуется.
2025-10-19 00:28:48 | INFO     | HTTP Request: POST https://jqphrrikzkntcyzsrbrc.supabase.co/rest/v1/active_duels?on_conflict=%D0%98%D0%B3%D1%80%D0%BE%D0%BA+1&on_conflict=%D0%98%D0%B3%D1%80%D0%BE%D0%BA+2 "HTTP/2 200 OK"
2025-10-19 00:28:48 | INFO     | 💾 Дуэль [LOTD] Kraken_5491 vs [LOTD] Kraken_5491 сохранена в Supabase
2025-10-19 00:29:08 | WARNING  | 🛑 Запуск остановлен вручную.
2025-10-19 00:31:24 | INFO     | HTTP Request: GET https://jqphrrikzkntcyzsrbrc.supabase.co/rest/v1/active_duels?select=%2A "HTTP/2 200 OK"
2025-10-19 00:31:24 | INFO     | HTTP Request: GET https://jqphrrikzkntcyzsrbrc.supabase.co/rest/v1/duel_stats?select=%2A "HTTP/2 200 OK"
2025-10-19 00:31:24 | INFO     | ✅ Данные из Supabase загружены
2025-10-19 00:31:24 | SUCCESS  | Загружен ID сообщения для ролей: 1416566500638330941
2025-10-19 00:31:24 | SUCCESS  | 🎉 Все модули успешно загружены!
2025-10-19 00:31:27 | SUCCESS  | 🤖 Бот `Void Sentinel#5662` успешно запущен (ID: 1230464176745480254)
2025-10-19 00:31:27 | INFO     | 🛡 Сервер: Legion Of The Damned | ID: 828749346505490503 | Участников: 8
2025-10-19 00:31:27 | INFO     | 🛡 Сервер: Space_Marine 2RU | ID: 1118852004786225192 | Участников: 288
2025-10-19 00:31:27 | INFO     | 🛡 Сервер: winie's server | ID: 1335265286198263848 | Участников: 56
2025-10-19 00:31:27 | INFO     | 🛡 Сервер: Сервер користувача kraken_5491 | ID: 1411475618343686187 | Участников: 4
2025-10-19 00:31:27 | INFO     | Используем существующее сообщение с ID 1416566500638330941
2025-10-19 00:31:27 | SUCCESS  | Сообщение верификации найдено, создание не требуется.
2025-10-19 00:31:37 | INFO     | HTTP Request: POST https://jqphrrikzkntcyzsrbrc.supabase.co/rest/v1/active_duels?on_conflict=%D0%98%D0%B3%D1%80%D0%BE%D0%BA+1&on_conflict=%D0%98%D0%B3%D1%80%D0%BE%D0%BA+2 "HTTP/2 200 OK"
2025-10-19 00:31:37 | INFO     | 💾 Дуэль [LOTD] Kraken_5491 vs [LOTD] Kraken_5491 сохранена в Supabase
2025-10-19 00:31:37 | INFO     | 💠 Создано голосование: kraken_5491 vs kraken_5491 в канале 💻тестовая-станция🧪
2025-10-19 00:32:11 | WARNING  | 🛑 Запуск остановлен вручную.
2025-10-19 00:33:21 | SUCCESS  | Загружен ID сообщения для ролей: 1416566500638330941
2025-10-19 00:33:21 | CRITICAL | ❌ Ошибки при загрузке модулей: cogs.duel, cogs.voting
2025-10-19 00:33:24 | SUCCESS  | 🤖 Бот `Void Sentinel#5662` успешно запущен (ID: 1230464176745480254)
2025-10-19 00:33:24 | INFO     | 🛡 Сервер: Legion Of The Damned | ID: 828749346505490503 | Участников: 8
2025-10-19 00:33:24 | INFO     | 🛡 Сервер: Space_Marine 2RU | ID: 1118852004786225192 | Участников: 288
2025-10-19 00:33:24 | INFO     | 🛡 Сервер: winie's server | ID: 1335265286198263848 | Участников: 56
2025-10-19 00:33:24 | INFO     | 🛡 Сервер: Сервер користувача kraken_5491 | ID: 1411475618343686187 | Участников: 4
2025-10-19 00:33:24 | INFO     | Используем существующее сообщение с ID 1416566500638330941
2025-10-19 00:33:24 | SUCCESS  | Сообщение верификации найдено, создание не требуется.
2025-10-19 00:33:27 | WARNING  | 🛑 Запуск остановлен вручную.
2025-10-19 00:33:46 | INFO     | HTTP Request: GET https://jqphrrikzkntcyzsrbrc.supabase.co/rest/v1/active_duels?select=%2A "HTTP/2 200 OK"
2025-10-19 00:33:46 | INFO     | HTTP Request: GET https://jqphrrikzkntcyzsrbrc.supabase.co/rest/v1/duel_stats?select=%2A "HTTP/2 200 OK"
2025-10-19 00:33:46 | INFO     | ✅ Данные из Supabase загружены
2025-10-19 00:33:46 | SUCCESS  | Загружен ID сообщения для ролей: 1416566500638330941
2025-10-19 00:33:46 | SUCCESS  | 🎉 Все модули успешно загружены!
2025-10-19 00:33:49 | SUCCESS  | 🤖 Бот `Void Sentinel#5662` успешно запущен (ID: 1230464176745480254)
2025-10-19 00:33:49 | INFO     | 🛡 Сервер: Legion Of The Damned | ID: 828749346505490503 | Участников: 8
2025-10-19 00:33:49 | INFO     | 🛡 Сервер: Space_Marine 2RU | ID: 1118852004786225192 | Участников: 288
2025-10-19 00:33:49 | INFO     | 🛡 Сервер: winie's server | ID: 1335265286198263848 | Участников: 56
2025-10-19 00:33:49 | INFO     | 🛡 Сервер: Сервер користувача kraken_5491 | ID: 1411475618343686187 | Участников: 4
2025-10-19 00:33:50 | INFO     | Используем существующее сообщение с ID 1416566500638330941
2025-10-19 00:33:50 | SUCCESS  | Сообщение верификации найдено, создание не требуется.
2025-10-19 00:34:27 | INFO     | HTTP Request: POST https://jqphrrikzkntcyzsrbrc.supabase.co/rest/v1/active_duels?on_conflict=%D0%98%D0%B3%D1%80%D0%BE%D0%BA+1&on_conflict=%D0%98%D0%B3%D1%80%D0%BE%D0%BA+2 "HTTP/2 200 OK"
2025-10-19 00:34:27 | INFO     | 💾 Дуэль [LOTD] Kraken_5491 vs [LOTD] Kraken_5491 сохранена в Supabase
2025-10-19 00:34:46 | WARNING  | 🛑 Запуск остановлен вручную.
2025-10-19 00:35:26 | INFO     | HTTP Request: GET https://jqphrrikzkntcyzsrbrc.supabase.co/rest/v1/active_duels?select=%2A "HTTP/2 200 OK"
2025-10-19 00:35:26 | INFO     | HTTP Request: GET https://jqphrrikzkntcyzsrbrc.supabase.co/rest/v1/duel_stats?select=%2A "HTTP/2 200 OK"
2025-10-19 00:35:26 | INFO     | ✅ Данные из Supabase загружены
2025-10-19 00:35:26 | SUCCESS  | Загружен ID сообщения для ролей: 1416566500638330941
2025-10-19 00:35:26 | SUCCESS  | 🎉 Все модули успешно загружены!
2025-10-19 00:35:29 | SUCCESS  | 🤖 Бот `Void Sentinel#5662` успешно запущен (ID: 1230464176745480254)
2025-10-19 00:35:29 | INFO     | 🛡 Сервер: Legion Of The Damned | ID: 828749346505490503 | Участников: 8
2025-10-19 00:35:29 | INFO     | 🛡 Сервер: Space_Marine 2RU | ID: 1118852004786225192 | Участников: 288
2025-10-19 00:35:29 | INFO     | 🛡 Сервер: winie's server | ID: 1335265286198263848 | Участников: 56
2025-10-19 00:35:29 | INFO     | 🛡 Сервер: Сервер користувача kraken_5491 | ID: 1411475618343686187 | Участников: 4
2025-10-19 00:35:30 | INFO     | Используем существующее сообщение с ID 1416566500638330941
2025-10-19 00:35:30 | SUCCESS  | Сообщение верификации найдено, создание не требуется.
2025-10-19 00:35:37 | INFO     | HTTP Request: POST https://jqphrrikzkntcyzsrbrc.supabase.co/rest/v1/active_duels?on_conflict=%D0%98%D0%B3%D1%80%D0%BE%D0%BA+1&on_conflict=%D0%98%D0%B3%D1%80%D0%BE%D0%BA+2 "HTTP/2 200 OK"
2025-10-19 00:35:37 | INFO     | 💾 Дуэль [LOTD] Kraken_5491 vs [LOTD] Kraken_5491 сохранена в Supabase
2025-10-19 00:36:30 | SUCCESS  | Команды успешно синхронизированы
2025-10-19 00:36:44 | INFO     | ⏰ Голосование завершено: kraken_5491 vs kraken_5491
2025-10-19 00:36:55 | WARNING  | 🛑 Запуск остановлен вручную.
2025-10-19 00:42:11 | INFO     | HTTP Request: GET https://jqphrrikzkntcyzsrbrc.supabase.co/rest/v1/active_duels?select=%2A "HTTP/2 200 OK"
2025-10-19 00:42:11 | INFO     | HTTP Request: GET https://jqphrrikzkntcyzsrbrc.supabase.co/rest/v1/duel_stats?select=%2A "HTTP/2 200 OK"
2025-10-19 00:42:11 | INFO     | ✅ Данные из Supabase загружены
2025-10-19 00:42:11 | SUCCESS  | Загружен ID сообщения для ролей: 1416566500638330941
2025-10-19 00:42:11 | SUCCESS  | 🎉 Все модули успешно загружены!
2025-10-19 00:42:14 | SUCCESS  | 🤖 Бот `Void Sentinel#5662` успешно запущен (ID: 1230464176745480254)
2025-10-19 00:42:14 | INFO     | 🛡 Сервер: Legion Of The Damned | ID: 828749346505490503 | Участников: 8
2025-10-19 00:42:14 | INFO     | 🛡 Сервер: Space_Marine 2RU | ID: 1118852004786225192 | Участников: 288
2025-10-19 00:42:14 | INFO     | 🛡 Сервер: winie's server | ID: 1335265286198263848 | Участников: 56
2025-10-19 00:42:14 | INFO     | 🛡 Сервер: Сервер користувача kraken_5491 | ID: 1411475618343686187 | Участников: 4
2025-10-19 00:42:14 | INFO     | Используем существующее сообщение с ID 1416566500638330941
2025-10-19 00:42:14 | SUCCESS  | Сообщение верификации найдено, создание не требуется.
2025-10-19 00:42:26 | INFO     | HTTP Request: POST https://jqphrrikzkntcyzsrbrc.supabase.co/rest/v1/active_duels?on_conflict=%D0%98%D0%B3%D1%80%D0%BE%D0%BA+1&on_conflict=%D0%98%D0%B3%D1%80%D0%BE%D0%BA+2 "HTTP/2 200 OK"
2025-10-19 00:42:26 | INFO     | 💾 Дуэль [LOTD] Kraken_5491 vs [LOTD] Kraken_5491 сохранена в Supabase
2025-10-19 00:43:14 | SUCCESS  | Команды успешно синхронизированы
2025-10-19 00:43:48 | INFO     | HTTP Request: POST https://jqphrrikzkntcyzsrbrc.supabase.co/rest/v1/active_duels?on_conflict=%D0%98%D0%B3%D1%80%D0%BE%D0%BA+1&on_conflict=%D0%98%D0%B3%D1%80%D0%BE%D0%BA+2 "HTTP/2 200 OK"
2025-10-19 00:43:48 | INFO     | 💾 Дуэль [LOTD] Kraken_5491 vs [LOTD] Kraken_5491 сохранена в Supabase
2025-10-19 00:43:48 | INFO     | HTTP Request: POST https://jqphrrikzkntcyzsrbrc.supabase.co/rest/v1/duel_stats?on_conflict=%D0%98%D0%B3%D1%80%D0%BE%D0%BA "HTTP/2 201 Created"
2025-10-19 00:43:48 | INFO     | HTTP Request: POST https://jqphrrikzkntcyzsrbrc.supabase.co/rest/v1/duel_stats?on_conflict=%D0%98%D0%B3%D1%80%D0%BE%D0%BA "HTTP/2 200 OK"
2025-10-19 00:43:48 | INFO     | 💾 Статистика игроков [LOTD] Kraken_5491 и [LOTD] Kraken_5491 сохранена в Supabase
2025-10-19 00:44:08 | WARNING  | 🛑 Запуск остановлен вручную.
2025-10-19 00:46:20 | INFO     | HTTP Request: GET https://jqphrrikzkntcyzsrbrc.supabase.co/rest/v1/active_duels?select=%2A "HTTP/2 200 OK"
2025-10-19 00:46:20 | INFO     | HTTP Request: GET https://jqphrrikzkntcyzsrbrc.supabase.co/rest/v1/duel_stats?select=%2A "HTTP/2 200 OK"
2025-10-19 00:46:20 | INFO     | ✅ Данные из Supabase загружены
2025-10-19 00:46:20 | SUCCESS  | Загружен ID сообщения для ролей: 1416566500638330941
2025-10-19 00:46:20 | SUCCESS  | 🎉 Все модули успешно загружены!
2025-10-19 00:46:23 | SUCCESS  | 🤖 Бот `Void Sentinel#5662` успешно запущен (ID: 1230464176745480254)
2025-10-19 00:46:23 | INFO     | 🛡 Сервер: Legion Of The Damned | ID: 828749346505490503 | Участников: 8
2025-10-19 00:46:23 | INFO     | 🛡 Сервер: Space_Marine 2RU | ID: 1118852004786225192 | Участников: 288
2025-10-19 00:46:23 | INFO     | 🛡 Сервер: winie's server | ID: 1335265286198263848 | Участников: 56
2025-10-19 00:46:23 | INFO     | 🛡 Сервер: Сервер користувача kraken_5491 | ID: 1411475618343686187 | Участников: 4
2025-10-19 00:46:23 | SUCCESS  | Сообщение верификации найдено, создание не требуется.
2025-10-19 00:46:23 | INFO     | Используем существующее сообщение с ID 1416566500638330941
2025-10-19 00:46:44 | INFO     | HTTP Request: POST https://jqphrrikzkntcyzsrbrc.supabase.co/rest/v1/active_duels?on_conflict=%D0%98%D0%B3%D1%80%D0%BE%D0%BA+1&on_conflict=%D0%98%D0%B3%D1%80%D0%BE%D0%BA+2 "HTTP/2 200 OK"
2025-10-19 00:46:44 | INFO     | 💾 Дуэль [LOTD] Kraken_5491 vs [LOTD] Kraken_5491 сохранена в Supabase
2025-10-19 00:46:44 | INFO     | HTTP Request: POST https://jqphrrikzkntcyzsrbrc.supabase.co/rest/v1/active_duels?on_conflict=%D0%98%D0%B3%D1%80%D0%BE%D0%BA+1&on_conflict=%D0%98%D0%B3%D1%80%D0%BE%D0%BA+2 "HTTP/2 200 OK"
2025-10-19 00:46:44 | INFO     | 💾 Дуэль [LOTD] Kraken_5491 vs [LOTD] Infinity сохранена в Supabase
2025-10-19 00:47:23 | SUCCESS  | Команды успешно синхронизированы
2025-10-19 00:47:32 | INFO     | HTTP Request: POST https://jqphrrikzkntcyzsrbrc.supabase.co/rest/v1/active_duels?on_conflict=%D0%98%D0%B3%D1%80%D0%BE%D0%BA+1&on_conflict=%D0%98%D0%B3%D1%80%D0%BE%D0%BA+2 "HTTP/2 200 OK"
2025-10-19 00:47:32 | INFO     | 💾 Дуэль [LOTD] Kraken_5491 vs [LOTD] Kraken_5491 сохранена в Supabase
2025-10-19 00:47:32 | INFO     | HTTP Request: POST https://jqphrrikzkntcyzsrbrc.supabase.co/rest/v1/duel_stats?on_conflict=%D0%98%D0%B3%D1%80%D0%BE%D0%BA "HTTP/2 200 OK"
2025-10-19 00:47:32 | INFO     | HTTP Request: POST https://jqphrrikzkntcyzsrbrc.supabase.co/rest/v1/duel_stats?on_conflict=%D0%98%D0%B3%D1%80%D0%BE%D0%BA "HTTP/2 201 Created"
2025-10-19 00:47:32 | INFO     | 💾 Статистика игроков [LOTD] Kraken_5491 и [LOTD] Infinity сохранена в Supabase
2025-10-19 00:49:19 | WARNING  | 🛑 Запуск остановлен вручную.
2025-10-19 00:49:46 | INFO     | HTTP Request: GET https://jqphrrikzkntcyzsrbrc.supabase.co/rest/v1/active_duels?select=%2A "HTTP/2 200 OK"
2025-10-19 00:49:46 | INFO     | HTTP Request: GET https://jqphrrikzkntcyzsrbrc.supabase.co/rest/v1/duel_stats?select=%2A "HTTP/2 200 OK"
2025-10-19 00:49:46 | INFO     | ✅ Данные из Supabase загружены
2025-10-19 00:49:46 | SUCCESS  | Загружен ID сообщения для ролей: 1416566500638330941
2025-10-19 00:49:46 | SUCCESS  | 🎉 Все модули успешно загружены!
2025-10-19 00:49:49 | SUCCESS  | 🤖 Бот `Void Sentinel#5662` успешно запущен (ID: 1230464176745480254)
2025-10-19 00:49:49 | INFO     | 🛡 Сервер: Legion Of The Damned | ID: 828749346505490503 | Участников: 8
2025-10-19 00:49:49 | INFO     | 🛡 Сервер: Space_Marine 2RU | ID: 1118852004786225192 | Участников: 288
2025-10-19 00:49:49 | INFO     | 🛡 Сервер: winie's server | ID: 1335265286198263848 | Участников: 56
2025-10-19 00:49:49 | INFO     | 🛡 Сервер: Сервер користувача kraken_5491 | ID: 1411475618343686187 | Участников: 4
2025-10-19 00:49:49 | SUCCESS  | Сообщение верификации найдено, создание не требуется.
2025-10-19 00:49:49 | INFO     | Используем существующее сообщение с ID 1416566500638330941
2025-10-19 00:50:10 | INFO     | HTTP Request: POST https://jqphrrikzkntcyzsrbrc.supabase.co/rest/v1/active_duels?on_conflict=%D0%98%D0%B3%D1%80%D0%BE%D0%BA+1&on_conflict=%D0%98%D0%B3%D1%80%D0%BE%D0%BA+2 "HTTP/2 200 OK"
2025-10-19 00:50:10 | INFO     | 💾 Дуэль [LOTD] Kraken_5491 vs [LOTD] Kraken_5491 сохранена в Supabase
2025-10-19 00:50:10 | INFO     | HTTP Request: POST https://jqphrrikzkntcyzsrbrc.supabase.co/rest/v1/active_duels?on_conflict=%D0%98%D0%B3%D1%80%D0%BE%D0%BA+1&on_conflict=%D0%98%D0%B3%D1%80%D0%BE%D0%BA+2 "HTTP/2 200 OK"
2025-10-19 00:50:10 | INFO     | 💾 Дуэль [LOTD] Kraken_5491 vs [LOTD] Infinity сохранена в Supabase
2025-10-19 00:50:36 | INFO     | HTTP Request: POST https://jqphrrikzkntcyzsrbrc.supabase.co/rest/v1/active_duels?on_conflict=%D0%98%D0%B3%D1%80%D0%BE%D0%BA+1&on_conflict=%D0%98%D0%B3%D1%80%D0%BE%D0%BA+2 "HTTP/2 200 OK"
2025-10-19 00:50:36 | INFO     | 💾 Дуэль [LOTD] Kraken_5491 vs [LOTD] Kraken_5491 сохранена в Supabase
2025-10-19 00:50:36 | INFO     | HTTP Request: POST https://jqphrrikzkntcyzsrbrc.supabase.co/rest/v1/duel_stats?on_conflict=%D0%98%D0%B3%D1%80%D0%BE%D0%BA "HTTP/2 200 OK"
2025-10-19 00:50:36 | INFO     | HTTP Request: POST https://jqphrrikzkntcyzsrbrc.supabase.co/rest/v1/duel_stats?on_conflict=%D0%98%D0%B3%D1%80%D0%BE%D0%BA "HTTP/2 200 OK"
2025-10-19 00:50:36 | INFO     | 💾 Статистика игроков [LOTD] Kraken_5491 и [LOTD] Infinity сохранена в Supabase
2025-10-19 00:50:49 | SUCCESS  | Команды успешно синхронизированы
2025-10-19 00:51:00 | WARNING  | 🛑 Запуск остановлен вручную.
