2025-10-20 14:32:48 | INFO     | HTTP Request: GET https://jqphrrikzkntcyzsrbrc.supabase.co/rest/v1/active_duels?select=%2A "HTTP/2 200 OK"
2025-10-20 14:32:48 | INFO     | HTTP Request: GET https://jqphrrikzkntcyzsrbrc.supabase.co/rest/v1/duel_stats?select=%2A "HTTP/2 200 OK"
2025-10-20 14:32:48 | INFO     | ✅ Данные из Supabase загружены
2025-10-20 14:32:48 | SUCCESS  | Загружен ID сообщения для ролей: 1416566500638330941
2025-10-20 14:32:48 | SUCCESS  | 🎉 Все модули успешно загружены!
2025-10-20 14:32:51 | SUCCESS  | 🤖 Бот `Void Sentinel#5662` успешно запущен (ID: 1230464176745480254)
2025-10-20 14:32:51 | INFO     | 🛡 Сервер: Legion Of The Damned | ID: 828749346505490503 | Участников: 8
2025-10-20 14:32:51 | INFO     | 🛡 Сервер: Space_Marine 2RU | ID: 1118852004786225192 | Участников: 288
2025-10-20 14:32:51 | INFO     | 🛡 Сервер: winie's server | ID: 1335265286198263848 | Участников: 56
2025-10-20 14:32:51 | INFO     | 🛡 Сервер: Сервер користувача kraken_5491 | ID: 1411475618343686187 | Участников: 4
2025-10-20 14:32:51 | INFO     | Используем существующее сообщение с ID 1416566500638330941
2025-10-20 14:32:51 | SUCCESS  | Сообщение верификации найдено, создание не требуется.
2025-10-20 14:32:55 | INFO     | HTTP Request: POST https://jqphrrikzkntcyzsrbrc.supabase.co/rest/v1/active_duels?on_conflict=%D0%98%D0%B3%D1%80%D0%BE%D0%BA+1&on_conflict=%D0%98%D0%B3%D1%80%D0%BE%D0%BA+2 "HTTP/2 201 Created"
2025-10-20 14:32:55 | INFO     | 💾 Дуэль None vs None сохранена в Supabase
2025-10-20 14:33:03 | INFO     | [LOTD] Infinity принял дуэль rps-multi-d4224bab-7ec3-4fb4-b225-862125e19fd0
2025-10-20 14:33:03 | INFO     | Дуэль rps-multi-d4224bab-7ec3-4fb4-b225-862125e19fd0 начата
2025-10-20 14:33:06 | INFO     | [LOTD] Infinity выбрал бумага в дуэли rps-multi-d4224bab-7ec3-4fb4-b225-862125e19fd0
2025-10-20 14:33:08 | INFO     | [LOTD] Kraken_5491 выбрал ножницы в дуэли rps-multi-d4224bab-7ec3-4fb4-b225-862125e19fd0
2025-10-20 14:33:08 | INFO     | Дуэль rps-multi-d4224bab-7ec3-4fb4-b225-862125e19fd0 закончилась ничьей
2025-10-20 14:33:19 | WARNING  | 🛑 Запуск остановлен вручную.
