2026-06-24 18:34:08,628 | ERROR    | ⚠️ Ошибка загрузки данных из Supabase: [Errno -2] Name or service not known
2026-06-24 18:34:08,971 | INFO     | ⚔️ ClanWarNotifications загружен
2026-06-24 18:34:09,182 | SUCCESS  | 🎉 Все файлы cogs успешно загружены!
2026-06-24 18:34:11,973 | SUCCESS  | 🤖 Бот `Void Sentinel#5662` успешно запущен (ID: 1230464176745480254)
2026-06-24 18:34:11,973 | INFO     | 🛡 Сервер: Legion Of The Damned | ID: 828749346505490503 | Участников: 61
2026-06-24 18:34:11,973 | INFO     | 🛡 Сервер: Space_Marine 2RU | ID: 1118852004786225192 | Участников: 254
2026-06-24 18:34:11,973 | INFO     | 🛡 Сервер: winie's server | ID: 1335265286198263848 | Участников: 49
2026-06-24 18:34:11,973 | INFO     | 🛡 Сервер: Legion of Iron Hands | ID: 1411434026966716428 | Участников: 5
2026-06-24 18:34:11,973 | INFO     | 🛡 Сервер: Тест сервер | ID: 1448692483054632982 | Участников: 4
2026-06-24 18:42:31,720 | WARNING  | Роль 1418038359129063585 не найдена на Space_Marine 2RU
2026-06-24 20:30:01,984 | INFO     | 📊 DM 2026-06-24 | sent=0 failed=0
2026-06-24 20:41:27,675 | WARNING  | Роль 1418038359129063585 не найдена на winie's server
2026-06-24 20:41:53,814 | WARNING  | Роль 1418038359129063585 не найдена на winie's server
2026-06-24 20:50:01,984 | INFO     | 📊 DM 2026-06-24 | sent=0 failed=0
2026-06-24 21:00:01,976 | INFO     | 📊 DM 2026-06-24 | sent=0 failed=0
2026-06-25 20:30:05,774 | INFO     | 📊 DM 2026-06-25 | sent=2 failed=0
2026-06-25 20:50:03,305 | INFO     | 📊 DM 2026-06-25 | sent=2 failed=0
2026-06-25 21:00:04,768 | INFO     | 📊 DM 2026-06-25 | sent=2 failed=0
2026-06-26 09:37:46,696 | WARNING  | Роль 1418038359129063585 не найдена на Space_Marine 2RU
2026-06-26 10:11:40,278 | WARNING  | Роль 1418038359129063585 не найдена на Space_Marine 2RU
2026-06-26 10:54:03,442 | INFO     | hulio787 (892710329912541205) вышел [leave]
2026-06-26 10:54:03,767 | INFO     | Webhook создан: 💬чат-канал💬 (1400948760632098816)
2026-06-26 10:54:03,942 | INFO     | ✅ Уход hulio787 (892710329912541205) [leave]
2026-06-26 10:54:04,374 | INFO     | Webhook удалён: 💬чат-канал💬 (1400948760632098816)
2026-06-26 11:07:39,901 | WARNING  | Роль 1418038359129063585 не найдена на Space_Marine 2RU
2026-06-26 11:38:37,607 | WARNING  | Роль 1418038359129063585 не найдена на Space_Marine 2RU
2026-06-26 15:10:22,221 | INFO     | кик ketaetc228_91115
2026-06-26 15:10:22,694 | SUCCESS  | ketaetc228_91115 кикнут
2026-06-26 15:10:22,729 | INFO     | ketaetc228_91115 (1354139777665863712) вышел [kick]
2026-06-26 15:10:23,047 | INFO     | Webhook создан: 💬чат-канал💬 (1400948760632098816)
2026-06-26 15:10:23,322 | INFO     | ✅ Уход ketaetc228_91115 (1354139777665863712) [kick]
2026-06-26 15:10:23,500 | INFO     | Webhook удалён: 💬чат-канал💬 (1400948760632098816)
2026-06-26 15:20:54,479 | INFO     | hab_bum2003 (698919130660864110) вышел [kick]
2026-06-26 15:20:54,698 | INFO     | Webhook создан: 💬чат-канал💬 (1400948760632098816)
2026-06-26 15:20:54,801 | INFO     | ✅ Уход hab_bum2003 (698919130660864110) [kick]
2026-06-26 15:20:54,948 | INFO     | Webhook удалён: 💬чат-канал💬 (1400948760632098816)
2026-06-26 15:54:09,060 | INFO     | кик zxccperl
2026-06-26 15:54:09,644 | INFO     | zxccperl (999703351035969576) вышел [kick]
2026-06-26 15:54:09,663 | SUCCESS  | zxccperl кикнут
2026-06-26 15:54:10,012 | INFO     | Webhook создан: 💬чат-канал💬 (1400948760632098816)
2026-06-26 15:54:10,631 | INFO     | ✅ Уход zxccperl (999703351035969576) [kick]
2026-06-26 15:54:10,816 | INFO     | Webhook удалён: 💬чат-канал💬 (1400948760632098816)
2026-06-26 20:30:01,984 | INFO     | 📊 DM 2026-06-26 | sent=0 failed=0
2026-06-26 20:50:01,984 | INFO     | 📊 DM 2026-06-26 | sent=0 failed=0
2026-06-26 21:00:01,976 | INFO     | 📊 DM 2026-06-26 | sent=0 failed=0
2026-06-26 21:36:09,112 | WARNING  | Роль 1418038359129063585 не найдена на Space_Marine 2RU
2026-06-27 03:27:09,462 | INFO     | zxccperl (999703351035969576) зашёл на сервер Legion Of The Damned
2026-06-27 03:27:09,921 | INFO     | Webhook создан: 💬чат-канал💬 (1400948760632098816)
2026-06-27 03:27:10,045 | INFO     | ✅ Отправлено приветствие zxccperl (999703351035969576)
2026-06-27 03:27:10,338 | INFO     | Webhook удалён: 💬чат-канал💬 (1400948760632098816)
2026-06-27 03:27:21,706 | INFO     | ЛС отправлено пісюнковий злодій
2026-06-27 05:05:41,552 | INFO     | ilya1470 (1198313276380029089) вышел [leave]
2026-06-27 05:05:41,837 | INFO     | Webhook создан: 💬чат-канал💬 (1400948760632098816)
2026-06-27 05:05:41,996 | INFO     | ✅ Уход ilya1470 (1198313276380029089) [leave]
2026-06-27 05:05:42,218 | INFO     | Webhook удалён: 💬чат-канал💬 (1400948760632098816)
2026-06-27 08:03:06,276 | INFO     | ЛС отправлено пісюнковий злодій
2026-06-27 10:25:05,052 | ERROR    | Ошибка аудит логов: 403 Forbidden (error code: 50013): Missing Permissions
2026-06-27 10:25:05,054 | INFO     | dukevorlon (1300504262253609032) вышел [leave]
2026-06-27 10:25:05,177 | ERROR    | ❌ Ошибка webhook в staff: 403 Forbidden (error code: 50013): Missing Permissions
