2026-05-26 02:00:25,292 | INFO     | HTTP Request: GET https://jqphrrikzkntcyzsrbrc.supabase.co/rest/v1/active_duels?select=%2A "HTTP/2 200 OK"
2026-05-26 02:00:25,504 | INFO     | HTTP Request: GET https://jqphrrikzkntcyzsrbrc.supabase.co/rest/v1/duel_stats?select=%2A "HTTP/2 200 OK"
2026-05-26 02:00:25,506 | INFO     | ✅ Данные из Supabase загружены
2026-05-26 02:00:26,737 | INFO     | ⚔️ ClanWarNotifications загружен
2026-05-26 02:00:29,185 | SUCCESS  | 🎉 Все файлы cogs успешно загружены!
2026-05-26 02:00:33,563 | SUCCESS  | 🤖 Бот `Void Sentinel#5662` успешно запущен (ID: 1230464176745480254)
2026-05-26 02:00:33,563 | INFO     | 🛡 Сервер: Legion Of The Damned | ID: 828749346505490503 | Участников: 53
2026-05-26 02:00:33,564 | INFO     | 🛡 Сервер: Space_Marine 2RU | ID: 1118852004786225192 | Участников: 258
2026-05-26 02:00:33,564 | INFO     | 🛡 Сервер: winie's server | ID: 1335265286198263848 | Участников: 47
2026-05-26 02:00:33,565 | INFO     | 🛡 Сервер: Legion of Iron Hands | ID: 1411434026966716428 | Участников: 5
2026-05-26 02:00:33,565 | INFO     | 🛡 Сервер: Тест сервер | ID: 1448692483054632982 | Участников: 4
2026-05-26 02:02:18,306 | INFO     | 📩 Заявка начата: _kraks_ (761957177669713930)
2026-05-26 02:02:49,077 | DEBUG    | Ответ получен: Разговорами обычно
2026-05-26 02:03:10,528 | DEBUG    | Ответ получен: Через канал
2026-05-26 02:04:44,586 | DEBUG    | Ответ получен: Около 12 часов
2026-05-26 02:06:12,684 | DEBUG    | Ответ получен: Тихо, обычно не втягивая других людей
2026-05-26 02:07:45,146 | DEBUG    | Ответ получен: обычно вечером
2026-05-26 02:08:05,162 | DEBUG    | Ответ получен: Чилибосики ловить
2026-05-26 02:08:51,625 | DEBUG    | Ответ получен: GMT +2 Норвегия
2026-05-26 02:09:12,418 | DEBUG    | Ответ получен: 03.10.2008
2026-05-26 02:09:13,973 | SUCCESS  | 📨 Заявка отправлена: _kraks_
2026-05-26 02:09:14,882 | INFO     | 📢 Уведомлён: kraken_5491
2026-05-26 02:09:14,883 | WARNING  | Роль не найдена: 1429978575347519610
2026-05-26 02:09:28,538 | SUCCESS  | Заявка одобрена: _kraks_
2026-05-26 02:14:47,038 | WARNING  | 🛑 Запуск остановлен вручную.
