2025-10-20 14:12:19 | INFO     | HTTP Request: GET https://jqphrrikzkntcyzsrbrc.supabase.co/rest/v1/active_duels?select=%2A "HTTP/2 200 OK"
2025-10-20 14:12:19 | INFO     | HTTP Request: GET https://jqphrrikzkntcyzsrbrc.supabase.co/rest/v1/duel_stats?select=%2A "HTTP/2 200 OK"
2025-10-20 14:12:19 | INFO     | ✅ Данные из Supabase загружены
2025-10-20 14:12:19 | SUCCESS  | Загружен ID сообщения для ролей: 1416566500638330941
2025-10-20 14:12:19 | SUCCESS  | 🎉 Все модули успешно загружены!
2025-10-20 14:12:22 | SUCCESS  | 🤖 Бот `Void Sentinel#5662` успешно запущен (ID: 1230464176745480254)
2025-10-20 14:12:22 | INFO     | 🛡 Сервер: Legion Of The Damned | ID: 828749346505490503 | Участников: 8
2025-10-20 14:12:22 | INFO     | 🛡 Сервер: Space_Marine 2RU | ID: 1118852004786225192 | Участников: 288
2025-10-20 14:12:22 | INFO     | 🛡 Сервер: winie's server | ID: 1335265286198263848 | Участников: 56
2025-10-20 14:12:22 | INFO     | 🛡 Сервер: Сервер користувача kraken_5491 | ID: 1411475618343686187 | Участников: 4
2025-10-20 14:12:23 | SUCCESS  | Сообщение верификации найдено, создание не требуется.
2025-10-20 14:12:23 | INFO     | Используем существующее сообщение с ID 1416566500638330941
2025-10-20 14:12:29 | INFO     | HTTP Request: POST https://jqphrrikzkntcyzsrbrc.supabase.co/rest/v1/active_duels?on_conflict=%D0%98%D0%B3%D1%80%D0%BE%D0%BA+1&on_conflict=%D0%98%D0%B3%D1%80%D0%BE%D0%BA+2 "HTTP/2 200 OK"
2025-10-20 14:12:29 | INFO     | 💾 Дуэль None vs None сохранена в Supabase
2025-10-20 14:12:30 | INFO     | HTTP Request: POST https://jqphrrikzkntcyzsrbrc.supabase.co/rest/v1/active_duels?on_conflict=%D0%98%D0%B3%D1%80%D0%BE%D0%BA+1&on_conflict=%D0%98%D0%B3%D1%80%D0%BE%D0%BA+2 "HTTP/2 200 OK"
2025-10-20 14:12:30 | INFO     | 💾 Дуэль None vs None сохранена в Supabase
2025-10-20 14:12:37 | INFO     | [LOTD] Infinity принял дуэль rps-multi-926d6e74-4c7c-476b-be52-16ab06385cce
2025-10-20 14:12:38 | INFO     | Дуэль rps-multi-926d6e74-4c7c-476b-be52-16ab06385cce начата
2025-10-20 14:12:40 | INFO     | [LOTD] Infinity выбрал камень в дуэли rps-multi-926d6e74-4c7c-476b-be52-16ab06385cce
2025-10-20 14:12:43 | INFO     | [LOTD] Kraken_5491 выбрал камень в дуэли rps-multi-926d6e74-4c7c-476b-be52-16ab06385cce
2025-10-20 14:12:43 | INFO     | Дуэль rps-multi-926d6e74-4c7c-476b-be52-16ab06385cce закончилась ничьей
2025-10-20 14:12:44 | INFO     | HTTP Request: POST https://jqphrrikzkntcyzsrbrc.supabase.co/rest/v1/active_duels?on_conflict=%D0%98%D0%B3%D1%80%D0%BE%D0%BA+1&on_conflict=%D0%98%D0%B3%D1%80%D0%BE%D0%BA+2 "HTTP/2 200 OK"
2025-10-20 14:12:44 | INFO     | 💾 Дуэль None vs None сохранена в Supabase
2025-10-20 14:13:05 | INFO     | HTTP Request: POST https://jqphrrikzkntcyzsrbrc.supabase.co/rest/v1/active_duels?on_conflict=%D0%98%D0%B3%D1%80%D0%BE%D0%BA+1&on_conflict=%D0%98%D0%B3%D1%80%D0%BE%D0%BA+2 "HTTP/2 201 Created"
2025-10-20 14:13:05 | INFO     | 💾 Дуэль None vs None сохранена в Supabase
2025-10-20 14:13:05 | INFO     | HTTP Request: POST https://jqphrrikzkntcyzsrbrc.supabase.co/rest/v1/active_duels?on_conflict=%D0%98%D0%B3%D1%80%D0%BE%D0%BA+1&on_conflict=%D0%98%D0%B3%D1%80%D0%BE%D0%BA+2 "HTTP/2 200 OK"
2025-10-20 14:13:05 | INFO     | 💾 Дуэль None vs None сохранена в Supabase
2025-10-20 14:13:08 | WARNING  | [LOTD] Kraken_5491 попытался принять не свою дуэль
2025-10-20 14:13:12 | INFO     | [LOTD] Infinity принял дуэль rps-multi-6723b307-48b5-4ac7-9e31-f1676ce127ec
2025-10-20 14:13:13 | INFO     | Дуэль rps-multi-6723b307-48b5-4ac7-9e31-f1676ce127ec начата
2025-10-20 14:13:15 | INFO     | [LOTD] Infinity выбрал ножницы в дуэли rps-multi-6723b307-48b5-4ac7-9e31-f1676ce127ec
2025-10-20 14:13:17 | INFO     | [LOTD] Kraken_5491 выбрал бумага в дуэли rps-multi-6723b307-48b5-4ac7-9e31-f1676ce127ec
2025-10-20 14:13:17 | INFO     | Дуэль rps-multi-6723b307-48b5-4ac7-9e31-f1676ce127ec закончилась ничьей
2025-10-20 14:13:18 | INFO     | HTTP Request: POST https://jqphrrikzkntcyzsrbrc.supabase.co/rest/v1/active_duels?on_conflict=%D0%98%D0%B3%D1%80%D0%BE%D0%BA+1&on_conflict=%D0%98%D0%B3%D1%80%D0%BE%D0%BA+2 "HTTP/2 200 OK"
2025-10-20 14:13:18 | INFO     | 💾 Дуэль None vs None сохранена в Supabase
2025-10-20 14:13:23 | SUCCESS  | Команды успешно синхронизированы
2025-10-20 14:13:27 | WARNING  | 🛑 Запуск остановлен вручную.
