2026-06-07 07:46:22,335 | ERROR    | ⚠️ Ошибка загрузки данных из Supabase: [Errno 11001] getaddrinfo failed
2026-06-07 07:46:25,310 | INFO     | ⚔️ ClanWarNotifications загружен
2026-06-07 07:46:25,358 | SUCCESS  | 🎉 Все файлы cogs успешно загружены!
2026-06-07 07:46:28,984 | SUCCESS  | 🤖 Бот `Void Sentinel#5662` успешно запущен (ID: 1230464176745480254)
2026-06-07 07:46:28,984 | INFO     | 🛡 Сервер: Legion Of The Damned | ID: 828749346505490503 | Участников: 52
2026-06-07 07:46:28,984 | INFO     | 🛡 Сервер: Space_Marine 2RU | ID: 1118852004786225192 | Участников: 258
2026-06-07 07:46:28,984 | INFO     | 🛡 Сервер: winie's server | ID: 1335265286198263848 | Участников: 47
2026-06-07 07:46:28,992 | INFO     | 🛡 Сервер: Legion of Iron Hands | ID: 1411434026966716428 | Участников: 5
2026-06-07 07:46:28,992 | INFO     | 🛡 Сервер: Тест сервер | ID: 1448692483054632982 | Участников: 4
2026-06-07 09:03:50,779 | SUCCESS  | Создан временный войс: - |🔊Вокс [LOTD] Kraken_5491🔊| - (kraken_5491)
2026-06-07 09:03:57,001 | SUCCESS  | Удалён пустой войс: 1513060901857792121
2026-06-07 20:30:08,991 | INFO     | 📊 DM 2026-06-07 | sent=0 failed=0
2026-06-07 20:31:24,471 | WARNING  | Роль 1418038359129063585 не найдена на Space_Marine 2RU
2026-06-07 20:31:41,282 | WARNING  | Роль 1418038359129063585 не найдена на Space_Marine 2RU
2026-06-07 20:50:08,995 | INFO     | 📊 DM 2026-06-07 | sent=0 failed=0
2026-06-07 21:00:08,997 | INFO     | 📊 DM 2026-06-07 | sent=0 failed=0
2026-06-07 22:06:09,550 | SUCCESS  | Создан временный войс: - |🔊Вокс [LOTD] Kraken_5491🔊| - (kraken_5491)
2026-06-07 22:09:08,231 | INFO     | to4chka228 (1377344553111257100) зашёл на сервер Legion Of The Damned
2026-06-07 22:09:08,878 | INFO     | Webhook создан: 💬чат-канал💬 (1400948760632098816)
2026-06-07 22:09:09,127 | INFO     | ✅ Отправлено приветствие to4chka228 (1377344553111257100)
2026-06-07 22:09:09,488 | INFO     | Webhook удалён: 💬чат-канал💬 (1400948760632098816)
2026-06-07 22:09:23,187 | INFO     | ЛС отправлено brr brr slovko
2026-06-07 23:04:28,001 | SUCCESS  | Удалён пустой войс: 1513257779320721449
