2026-06-15 15:03:11,184 | ERROR    | ⚠️ Ошибка загрузки данных из Supabase: [Errno 11001] getaddrinfo failed
2026-06-15 15:03:13,832 | INFO     | ⚔️ ClanWarNotifications загружен
2026-06-15 15:03:13,867 | SUCCESS  | 🎉 Все файлы cogs успешно загружены!
2026-06-15 15:03:17,478 | SUCCESS  | 🤖 Бот `Void Sentinel#5662` успешно запущен (ID: 1230464176745480254)
2026-06-15 15:03:17,513 | INFO     | 🛡 Сервер: Legion Of The Damned | ID: 828749346505490503 | Участников: 54
2026-06-15 15:03:17,650 | INFO     | 🛡 Сервер: Space_Marine 2RU | ID: 1118852004786225192 | Участников: 257
2026-06-15 15:03:17,726 | INFO     | 🛡 Сервер: winie's server | ID: 1335265286198263848 | Участников: 49
2026-06-15 15:03:17,785 | INFO     | 🛡 Сервер: Legion of Iron Hands | ID: 1411434026966716428 | Участников: 5
2026-06-15 15:03:17,799 | INFO     | 🛡 Сервер: Тест сервер | ID: 1448692483054632982 | Участников: 4
2026-06-15 15:29:35,116 | WARNING  | 🛑 Запуск остановлен вручную.
2026-06-15 15:30:06,040 | ERROR    | ⚠️ Ошибка загрузки данных из Supabase: [Errno 11001] getaddrinfo failed
2026-06-15 15:30:07,937 | INFO     | ⚔️ ClanWarNotifications загружен
2026-06-15 15:30:07,960 | SUCCESS  | 🎉 Все файлы cogs успешно загружены!
2026-06-15 15:30:13,632 | SUCCESS  | 🤖 Бот `Void Sentinel#5662` успешно запущен (ID: 1230464176745480254)
2026-06-15 15:30:13,633 | INFO     | 🛡 Сервер: Legion Of The Damned | ID: 828749346505490503 | Участников: 54
2026-06-15 15:30:13,634 | INFO     | 🛡 Сервер: Space_Marine 2RU | ID: 1118852004786225192 | Участников: 257
2026-06-15 15:30:13,635 | INFO     | 🛡 Сервер: winie's server | ID: 1335265286198263848 | Участников: 49
2026-06-15 15:30:13,635 | INFO     | 🛡 Сервер: Legion of Iron Hands | ID: 1411434026966716428 | Участников: 5
2026-06-15 15:30:13,637 | INFO     | 🛡 Сервер: Тест сервер | ID: 1448692483054632982 | Участников: 4
2026-06-15 15:33:08,495 | WARNING  | 🛑 Запуск остановлен вручную.
2026-06-15 15:33:31,607 | ERROR    | ⚠️ Ошибка загрузки данных из Supabase: [Errno 11001] getaddrinfo failed
2026-06-15 15:33:33,581 | INFO     | ⚔️ ClanWarNotifications загружен
2026-06-15 15:33:33,611 | SUCCESS  | 🎉 Все файлы cogs успешно загружены!
2026-06-15 15:33:39,586 | SUCCESS  | 🤖 Бот `Void Sentinel#5662` успешно запущен (ID: 1230464176745480254)
2026-06-15 15:33:39,587 | INFO     | 🛡 Сервер: Legion Of The Damned | ID: 828749346505490503 | Участников: 54
2026-06-15 15:33:39,587 | INFO     | 🛡 Сервер: Space_Marine 2RU | ID: 1118852004786225192 | Участников: 257
2026-06-15 15:33:39,588 | INFO     | 🛡 Сервер: winie's server | ID: 1335265286198263848 | Участников: 49
2026-06-15 15:33:39,588 | INFO     | 🛡 Сервер: Legion of Iron Hands | ID: 1411434026966716428 | Участников: 5
2026-06-15 15:33:39,589 | INFO     | 🛡 Сервер: Тест сервер | ID: 1448692483054632982 | Участников: 4
2026-06-15 19:53:41,301 | INFO     | hasagi7952 (710562038169993217) вышел [leave]
2026-06-15 19:53:41,680 | INFO     | Webhook создан: 👥новенькие👋 (1288612070442401893)
2026-06-15 19:53:41,962 | INFO     | ✅ Уход hasagi7952 (710562038169993217) [leave]
2026-06-15 19:53:42,374 | INFO     | Webhook удалён: 👥новенькие👋 (1288612070442401893)
2026-06-15 20:30:12,025 | INFO     | 📊 DM 2026-06-15 | sent=2 failed=0
2026-06-15 20:50:11,718 | INFO     | 📊 DM 2026-06-15 | sent=2 failed=0
2026-06-15 21:00:11,558 | INFO     | 📊 DM 2026-06-15 | sent=2 failed=0
2026-06-16 12:04:15,062 | INFO     | lolik00182 (1462547911723192622) вышел [kick]
2026-06-16 12:04:16,598 | INFO     | Webhook создан: 💬чат-канал💬 (1400948760632098816)
2026-06-16 12:04:16,877 | INFO     | ✅ Уход lolik00182 (1462547911723192622) [kick]
2026-06-16 12:04:17,170 | INFO     | Webhook удалён: 💬чат-канал💬 (1400948760632098816)
2026-06-16 20:30:09,589 | INFO     | 📊 DM 2026-06-16 | sent=0 failed=0
2026-06-16 20:50:09,579 | INFO     | 📊 DM 2026-06-16 | sent=0 failed=0
2026-06-16 21:00:09,626 | INFO     | 📊 DM 2026-06-16 | sent=0 failed=0
2026-06-16 21:21:53,274 | INFO     | gi3na (349505061325635585) вышел [kick]
2026-06-16 21:21:54,375 | INFO     | Webhook создан: 💬чат-канал💬 (1400948760632098816)
2026-06-16 21:21:54,638 | INFO     | ✅ Уход gi3na (349505061325635585) [kick]
2026-06-16 21:21:54,927 | INFO     | Webhook удалён: 💬чат-канал💬 (1400948760632098816)
2026-06-16 21:22:07,902 | INFO     | artempro009 (1082051146404864010) вышел [kick]
2026-06-16 21:22:08,276 | INFO     | Webhook создан: 💬чат-канал💬 (1400948760632098816)
2026-06-16 21:22:08,542 | INFO     | ✅ Уход artempro009 (1082051146404864010) [kick]
2026-06-16 21:22:08,837 | INFO     | Webhook удалён: 💬чат-канал💬 (1400948760632098816)
2026-06-16 21:24:02,822 | INFO     | ketaetc228_91115 (1354139777665863712) вышел [kick]
2026-06-16 21:24:03,323 | INFO     | Webhook создан: 💬чат-канал💬 (1400948760632098816)
2026-06-16 21:24:03,611 | INFO     | ✅ Уход ketaetc228_91115 (1354139777665863712) [kick]
2026-06-16 21:24:04,345 | INFO     | Webhook удалён: 💬чат-канал💬 (1400948760632098816)
2026-06-17 18:29:10,425 | INFO     | mc_molotov (212811622693994497) вышел [leave]
2026-06-17 18:29:10,874 | INFO     | Webhook создан: 👥новенькие👋 (1288612070442401893)
2026-06-17 18:29:11,157 | INFO     | ✅ Уход mc_molotov (212811622693994497) [leave]
2026-06-17 18:29:11,492 | INFO     | Webhook удалён: 👥новенькие👋 (1288612070442401893)
