2026-05-18 10:01:47,476 | INFO     | HTTP Request: GET https://jqphrrikzkntcyzsrbrc.supabase.co/rest/v1/active_duels?select=%2A "HTTP/2 200 OK"
2026-05-18 10:01:47,672 | INFO     | HTTP Request: GET https://jqphrrikzkntcyzsrbrc.supabase.co/rest/v1/duel_stats?select=%2A "HTTP/2 200 OK"
2026-05-18 10:01:47,673 | INFO     | ✅ Данные из Supabase загружены
2026-05-18 10:01:48,370 | INFO     | ⚔️ ClanWarNotifications загружен
2026-05-18 10:01:49,253 | SUCCESS  | 🎉 Все файлы cogs успешно загружены!
2026-05-18 10:01:52,811 | SUCCESS  | 🤖 Бот `Void Sentinel#5662` успешно запущен (ID: 1230464176745480254)
2026-05-18 10:01:52,812 | INFO     | 🛡 Сервер: Legion Of The Damned | ID: 828749346505490503 | Участников: 59
2026-05-18 10:01:52,812 | INFO     | 🛡 Сервер: Space_Marine 2RU | ID: 1118852004786225192 | Участников: 259
2026-05-18 10:01:52,812 | INFO     | 🛡 Сервер: winie's server | ID: 1335265286198263848 | Участников: 47
2026-05-18 10:01:52,813 | INFO     | 🛡 Сервер: Legion of Iron Hands | ID: 1411434026966716428 | Участников: 5
2026-05-18 10:01:52,813 | INFO     | 🛡 Сервер: Тест сервер | ID: 1448692483054632982 | Участников: 4
2026-05-18 14:56:30,310 | WARNING  | Роль 1418038359129063585 не найдена на Space_Marine 2RU
2026-05-18 15:32:07,957 | SUCCESS  | Создан временный войс: - |🔊Вокс [LOTD] ShErHaN/Шерха🔊| - (_military_4.5.0_corps_)
2026-05-18 16:56:18,732 | SUCCESS  | Создан временный войс: - |🔊Вокс [LOTD] Boevoi_Zaichi🔊| - (piskastrui0547_56108)
2026-05-18 16:58:11,466 | SUCCESS  | Удалён пустой войс: 1505932047611592714
2026-05-18 17:11:05,332 | SUCCESS  | Создан временный войс: - |🔊Вокс [LOTD] Boevoi_Zaichi🔊| - (piskastrui0547_56108)
2026-05-18 17:26:17,263 | SUCCESS  | Удалён пустой войс: 1505910862995787878
2026-05-18 18:08:39,979 | SUCCESS  | Удалён пустой войс: 1505935766310752309
2026-05-18 20:22:15,189 | SUCCESS  | Создан временный войс: - |🔊Вокс [LOTD] ShErHaN/Шерха🔊| - (_military_4.5.0_corps_)
2026-05-18 20:30:52,815 | INFO     | 📩 Рассылка 2026-05-18: ⚔️ Сетка КВ началась!
2026-05-18 20:50:52,805 | INFO     | 📩 Рассылка 2026-05-18: ⏳ До начала КВ осталось 10 минут!
2026-05-18 21:00:52,817 | INFO     | 📩 Рассылка 2026-05-18: 🔥 КВ НАЧАЛОСЬ!
2026-05-18 22:51:37,248 | SUCCESS  | Удалён пустой войс: 1505983875141210203
2026-05-19 10:03:38,054 | INFO     | 📩 kraken_5491 записался на 2026-05-19
2026-05-19 10:03:41,435 | INFO     | 🚫 kraken_5491 отписался от 2026-05-19
2026-05-19 10:15:18,196 | WARNING  | 🛑 Запуск остановлен вручную.
