2026-01-24 01:52:13 | INFO     | HTTP Request: GET https://jqphrrikzkntcyzsrbrc.supabase.co/rest/v1/active_duels?select=%2A "HTTP/2 200 OK"
2026-01-24 01:52:14 | INFO     | HTTP Request: GET https://jqphrrikzkntcyzsrbrc.supabase.co/rest/v1/duel_stats?select=%2A "HTTP/2 200 OK"
2026-01-24 01:52:14 | INFO     | ✅ Данные из Supabase загружены
2026-01-24 01:52:14 | INFO     | Загружен ID сообщения для ролей: 1461505686071541934
2026-01-24 01:52:14 | SUCCESS  | 🎉 Все файлы cogs успешно загружены!
2026-01-24 01:52:17 | SUCCESS  | 🤖 Бот `Void Sentinel#5662` успешно запущен (ID: 1230464176745480254)
2026-01-24 01:52:17 | INFO     | 🛡 Сервер: Legion Of The Damned | ID: 828749346505490503 | Участников: 29
2026-01-24 01:52:17 | INFO     | 🛡 Сервер: Space_Marine 2RU | ID: 1118852004786225192 | Участников: 274
2026-01-24 01:52:17 | INFO     | 🛡 Сервер: winie's server | ID: 1335265286198263848 | Участников: 56
2026-01-24 01:52:17 | INFO     | 🛡 Сервер: Legion of Iron Hands | ID: 1411434026966716428 | Участников: 5
2026-01-24 01:52:17 | INFO     | Используем существующее сообщение: 1461505686071541934
2026-01-24 01:52:17 | SUCCESS  | Команды успешно синхронизированы
2026-01-24 01:52:48 | WARNING  | 🛑 Запуск остановлен вручную.
2026-01-24 01:58:18 | INFO     | HTTP Request: GET https://jqphrrikzkntcyzsrbrc.supabase.co/rest/v1/active_duels?select=%2A "HTTP/2 200 OK"
2026-01-24 01:58:18 | INFO     | HTTP Request: GET https://jqphrrikzkntcyzsrbrc.supabase.co/rest/v1/duel_stats?select=%2A "HTTP/2 200 OK"
2026-01-24 01:58:18 | INFO     | ✅ Данные из Supabase загружены
2026-01-24 01:58:19 | INFO     | Загружен ID сообщения для ролей: 1461505686071541934
2026-01-24 01:58:19 | SUCCESS  | 🎉 Все файлы cogs успешно загружены!
2026-01-24 01:58:22 | SUCCESS  | 🤖 Бот `Void Sentinel#5662` успешно запущен (ID: 1230464176745480254)
2026-01-24 01:58:22 | INFO     | 🛡 Сервер: Legion Of The Damned | ID: 828749346505490503 | Участников: 29
2026-01-24 01:58:22 | INFO     | 🛡 Сервер: Space_Marine 2RU | ID: 1118852004786225192 | Участников: 274
2026-01-24 01:58:22 | INFO     | 🛡 Сервер: winie's server | ID: 1335265286198263848 | Участников: 56
2026-01-24 01:58:22 | INFO     | 🛡 Сервер: Legion of Iron Hands | ID: 1411434026966716428 | Участников: 5
2026-01-24 01:58:22 | INFO     | Используем существующее сообщение: 1461505686071541934
2026-01-24 01:58:22 | SUCCESS  | Команды успешно синхронизированы
2026-01-24 02:01:37 | WARNING  | 🛑 Запуск остановлен вручную.
2026-01-24 02:01:56 | INFO     | HTTP Request: GET https://jqphrrikzkntcyzsrbrc.supabase.co/rest/v1/active_duels?select=%2A "HTTP/2 200 OK"
2026-01-24 02:01:56 | INFO     | HTTP Request: GET https://jqphrrikzkntcyzsrbrc.supabase.co/rest/v1/duel_stats?select=%2A "HTTP/2 200 OK"
2026-01-24 02:01:56 | INFO     | ✅ Данные из Supabase загружены
2026-01-24 02:01:56 | INFO     | Загружен ID сообщения для ролей: 1461505686071541934
2026-01-24 02:01:56 | SUCCESS  | 🎉 Все файлы cogs успешно загружены!
2026-01-24 02:01:59 | SUCCESS  | 🤖 Бот `Void Sentinel#5662` успешно запущен (ID: 1230464176745480254)
2026-01-24 02:01:59 | INFO     | 🛡 Сервер: Legion Of The Damned | ID: 828749346505490503 | Участников: 29
2026-01-24 02:01:59 | INFO     | 🛡 Сервер: Space_Marine 2RU | ID: 1118852004786225192 | Участников: 274
2026-01-24 02:01:59 | INFO     | 🛡 Сервер: winie's server | ID: 1335265286198263848 | Участников: 56
2026-01-24 02:01:59 | INFO     | 🛡 Сервер: Legion of Iron Hands | ID: 1411434026966716428 | Участников: 5
2026-01-24 02:01:59 | INFO     | Используем существующее сообщение: 1461505686071541934
2026-01-24 02:01:59 | SUCCESS  | Команды успешно синхронизированы
2026-01-24 02:02:57 | WARNING  | 🛑 Запуск остановлен вручную.
2026-01-24 02:03:28 | INFO     | HTTP Request: GET https://jqphrrikzkntcyzsrbrc.supabase.co/rest/v1/active_duels?select=%2A "HTTP/2 200 OK"
2026-01-24 02:03:29 | INFO     | HTTP Request: GET https://jqphrrikzkntcyzsrbrc.supabase.co/rest/v1/duel_stats?select=%2A "HTTP/2 200 OK"
2026-01-24 02:03:29 | INFO     | ✅ Данные из Supabase загружены
2026-01-24 02:03:29 | INFO     | Загружен ID сообщения для ролей: 1461505686071541934
2026-01-24 02:03:29 | SUCCESS  | 🎉 Все файлы cogs успешно загружены!
2026-01-24 02:03:32 | SUCCESS  | 🤖 Бот `Void Sentinel#5662` успешно запущен (ID: 1230464176745480254)
2026-01-24 02:03:32 | INFO     | 🛡 Сервер: Legion Of The Damned | ID: 828749346505490503 | Участников: 29
2026-01-24 02:03:32 | INFO     | 🛡 Сервер: Space_Marine 2RU | ID: 1118852004786225192 | Участников: 274
2026-01-24 02:03:32 | INFO     | 🛡 Сервер: winie's server | ID: 1335265286198263848 | Участников: 56
2026-01-24 02:03:32 | INFO     | 🛡 Сервер: Legion of Iron Hands | ID: 1411434026966716428 | Участников: 5
2026-01-24 02:03:32 | INFO     | Используем существующее сообщение: 1461505686071541934
2026-01-24 02:03:32 | SUCCESS  | Команды успешно синхронизированы
2026-01-24 02:03:44 | WARNING  | 🛑 Запуск остановлен вручную.
2026-01-24 02:19:38 | INFO     | HTTP Request: GET https://jqphrrikzkntcyzsrbrc.supabase.co/rest/v1/active_duels?select=%2A "HTTP/2 200 OK"
2026-01-24 02:19:38 | INFO     | HTTP Request: GET https://jqphrrikzkntcyzsrbrc.supabase.co/rest/v1/duel_stats?select=%2A "HTTP/2 200 OK"
2026-01-24 02:19:38 | INFO     | ✅ Данные из Supabase загружены
2026-01-24 02:19:38 | INFO     | Загружен ID сообщения для ролей: 1461505686071541934
2026-01-24 02:19:38 | SUCCESS  | 🎉 Все файлы cogs успешно загружены!
2026-01-24 02:19:41 | SUCCESS  | 🤖 Бот `Void Sentinel#5662` успешно запущен (ID: 1230464176745480254)
2026-01-24 02:19:41 | INFO     | 🛡 Сервер: Legion Of The Damned | ID: 828749346505490503 | Участников: 29
2026-01-24 02:19:41 | INFO     | 🛡 Сервер: Space_Marine 2RU | ID: 1118852004786225192 | Участников: 274
2026-01-24 02:19:41 | INFO     | 🛡 Сервер: winie's server | ID: 1335265286198263848 | Участников: 56
2026-01-24 02:19:41 | INFO     | 🛡 Сервер: Legion of Iron Hands | ID: 1411434026966716428 | Участников: 5
2026-01-24 02:19:41 | INFO     | Используем существующее сообщение: 1461505686071541934
2026-01-24 02:19:41 | SUCCESS  | Команды успешно синхронизированы
2026-01-24 02:21:21 | INFO     | infinite_5491 (1263265959851065528) присоединился к серверу Legion Of The Damned
2026-01-24 02:21:22 | INFO     | Webhook создан в канале: 💬чат-канал💬 (1400948760632098816)
2026-01-24 02:21:22 | INFO     | ✅ Отправлено приветственное сообщение для infinite_5491 (1263265959851065528)
2026-01-24 02:21:22 | INFO     | Webhook удалён из канала: 💬чат-канал💬 (1400948760632098816)
2026-01-24 02:21:39 | INFO     | 💬 Отправлено ЛС пользователю [LOTD] Infinity о вступлении в клан.
2026-01-24 02:26:39 | WARNING  | 🛑 Запуск остановлен вручную.
2026-01-24 02:26:42 | INFO     | HTTP Request: GET https://jqphrrikzkntcyzsrbrc.supabase.co/rest/v1/active_duels?select=%2A "HTTP/2 200 OK"
2026-01-24 02:26:42 | INFO     | HTTP Request: GET https://jqphrrikzkntcyzsrbrc.supabase.co/rest/v1/duel_stats?select=%2A "HTTP/2 200 OK"
2026-01-24 02:26:42 | INFO     | ✅ Данные из Supabase загружены
2026-01-24 02:26:42 | INFO     | Загружен ID сообщения для ролей: 1461505686071541934
2026-01-24 02:26:42 | SUCCESS  | 🎉 Все файлы cogs успешно загружены!
2026-01-24 02:26:46 | SUCCESS  | 🤖 Бот `Void Sentinel#5662` успешно запущен (ID: 1230464176745480254)
2026-01-24 02:26:46 | INFO     | 🛡 Сервер: Legion Of The Damned | ID: 828749346505490503 | Участников: 30
2026-01-24 02:26:46 | INFO     | 🛡 Сервер: Space_Marine 2RU | ID: 1118852004786225192 | Участников: 274
2026-01-24 02:26:46 | INFO     | 🛡 Сервер: winie's server | ID: 1335265286198263848 | Участников: 56
2026-01-24 02:26:46 | INFO     | 🛡 Сервер: Legion of Iron Hands | ID: 1411434026966716428 | Участников: 5
2026-01-24 02:26:46 | INFO     | Используем существующее сообщение: 1461505686071541934
2026-01-24 02:26:46 | SUCCESS  | Команды успешно синхронизированы
2026-01-24 02:26:55 | WARNING  | 🛑 Запуск остановлен вручную.
2026-01-24 02:28:40 | INFO     | HTTP Request: GET https://jqphrrikzkntcyzsrbrc.supabase.co/rest/v1/active_duels?select=%2A "HTTP/2 200 OK"
2026-01-24 02:28:40 | INFO     | HTTP Request: GET https://jqphrrikzkntcyzsrbrc.supabase.co/rest/v1/duel_stats?select=%2A "HTTP/2 200 OK"
2026-01-24 02:28:40 | INFO     | ✅ Данные из Supabase загружены
2026-01-24 02:28:40 | INFO     | Загружен ID сообщения для ролей: 1461505686071541934
2026-01-24 02:28:40 | SUCCESS  | 🎉 Все файлы cogs успешно загружены!
2026-01-24 02:28:43 | SUCCESS  | 🤖 Бот `Void Sentinel#5662` успешно запущен (ID: 1230464176745480254)
2026-01-24 02:28:43 | INFO     | 🛡 Сервер: Legion Of The Damned | ID: 828749346505490503 | Участников: 30
2026-01-24 02:28:43 | INFO     | 🛡 Сервер: Space_Marine 2RU | ID: 1118852004786225192 | Участников: 274
2026-01-24 02:28:43 | INFO     | 🛡 Сервер: winie's server | ID: 1335265286198263848 | Участников: 56
2026-01-24 02:28:43 | INFO     | 🛡 Сервер: Legion of Iron Hands | ID: 1411434026966716428 | Участников: 5
2026-01-24 02:28:43 | INFO     | Используем существующее сообщение: 1461505686071541934
2026-01-24 02:28:44 | SUCCESS  | Команды успешно синхронизированы
2026-01-24 02:29:41 | ERROR    | Ошибка в команде заявка: get() takes 1 positional argument but 2 were given
2026-01-24 02:29:52 | INFO     | Тег клана добавлен к infinite_5491: [LOTD] infinite_5491
2026-01-24 02:29:52 | INFO     | Заявка одобрена: infinite_5491
2026-01-24 02:29:59 | INFO     | Заявка отклонена: infinite_5491
2026-01-24 02:31:40 | WARNING  | 🛑 Запуск остановлен вручную.
2026-01-24 02:31:48 | INFO     | HTTP Request: GET https://jqphrrikzkntcyzsrbrc.supabase.co/rest/v1/active_duels?select=%2A "HTTP/2 200 OK"
2026-01-24 02:31:49 | INFO     | HTTP Request: GET https://jqphrrikzkntcyzsrbrc.supabase.co/rest/v1/duel_stats?select=%2A "HTTP/2 200 OK"
2026-01-24 02:31:49 | INFO     | ✅ Данные из Supabase загружены
2026-01-24 02:31:49 | INFO     | Загружен ID сообщения для ролей: 1461505686071541934
2026-01-24 02:31:49 | SUCCESS  | 🎉 Все файлы cogs успешно загружены!
2026-01-24 02:31:51 | SUCCESS  | 🤖 Бот `Void Sentinel#5662` успешно запущен (ID: 1230464176745480254)
2026-01-24 02:31:51 | INFO     | 🛡 Сервер: Legion Of The Damned | ID: 828749346505490503 | Участников: 30
2026-01-24 02:31:51 | INFO     | 🛡 Сервер: Space_Marine 2RU | ID: 1118852004786225192 | Участников: 274
2026-01-24 02:31:51 | INFO     | 🛡 Сервер: winie's server | ID: 1335265286198263848 | Участников: 56
2026-01-24 02:31:51 | INFO     | 🛡 Сервер: Legion of Iron Hands | ID: 1411434026966716428 | Участников: 5
2026-01-24 02:31:52 | INFO     | Используем существующее сообщение: 1461505686071541934
2026-01-24 02:31:52 | SUCCESS  | Команды успешно синхронизированы
2026-01-24 02:32:21 | INFO     | Уведомление отправлено kraken_5491
2026-01-24 02:32:22 | INFO     | Уведомление отправлено _w1ld_pacuk
2026-01-24 02:32:22 | INFO     | Уведомление отправлено _w1ld_pacuk
2026-01-24 02:32:23 | INFO     | Уведомление отправлено tynkaposeidonskiy
2026-01-24 02:32:23 | INFO     | Уведомление отправлено gabrieljudgeofhell1
2026-01-24 02:32:24 | INFO     | Уведомление отправлено metaradon
2026-01-24 02:32:25 | INFO     | Уведомление отправлено 32476547
2026-01-24 02:32:25 | INFO     | HTTP Request: POST https://jqphrrikzkntcyzsrbrc.supabase.co/rest/v1/applications "HTTP/2 201 Created"
2026-01-24 02:32:25 | INFO     | Заявка infinite_5491 успешно сохранена в Supabase
2026-01-24 02:37:30 | WARNING  | 🛑 Запуск остановлен вручную.
2026-01-24 02:38:33 | INFO     | HTTP Request: GET https://jqphrrikzkntcyzsrbrc.supabase.co/rest/v1/active_duels?select=%2A "HTTP/2 200 OK"
2026-01-24 02:38:34 | INFO     | HTTP Request: GET https://jqphrrikzkntcyzsrbrc.supabase.co/rest/v1/duel_stats?select=%2A "HTTP/2 200 OK"
2026-01-24 02:38:34 | INFO     | ✅ Данные из Supabase загружены
2026-01-24 02:38:34 | INFO     | Загружен ID сообщения для ролей: 1461505686071541934
2026-01-24 02:38:34 | SUCCESS  | 🎉 Все файлы cogs успешно загружены!
2026-01-24 02:38:37 | SUCCESS  | 🤖 Бот `Void Sentinel#5662` успешно запущен (ID: 1230464176745480254)
2026-01-24 02:38:37 | INFO     | 🛡 Сервер: Legion Of The Damned | ID: 828749346505490503 | Участников: 30
2026-01-24 02:38:37 | INFO     | 🛡 Сервер: Space_Marine 2RU | ID: 1118852004786225192 | Участников: 274
2026-01-24 02:38:37 | INFO     | 🛡 Сервер: winie's server | ID: 1335265286198263848 | Участников: 56
2026-01-24 02:38:37 | INFO     | 🛡 Сервер: Legion of Iron Hands | ID: 1411434026966716428 | Участников: 5
2026-01-24 02:38:37 | INFO     | Используем существующее сообщение: 1461505686071541934
2026-01-24 02:38:37 | SUCCESS  | Команды успешно синхронизированы
2026-01-24 02:38:59 | INFO     | Уведомление отправлено kraken_5491
2026-01-24 02:38:59 | INFO     | Уведомление отправлено _w1ld_pacuk
2026-01-24 02:39:00 | INFO     | Уведомление отправлено tynkaposeidonskiy
2026-01-24 02:39:00 | INFO     | Уведомление отправлено gabrieljudgeofhell1
2026-01-24 02:39:00 | INFO     | Уведомление отправлено metaradon
2026-01-24 02:39:01 | INFO     | Уведомление отправлено 32476547
2026-01-24 02:39:01 | INFO     | HTTP Request: POST https://jqphrrikzkntcyzsrbrc.supabase.co/rest/v1/applications "HTTP/2 201 Created"
2026-01-24 02:39:01 | INFO     | Заявка infinite_5491 успешно сохранена в Supabase
2026-01-24 02:39:19 | WARNING  | 🛑 Запуск остановлен вручную.
