2026-06-13 21:24:37,820 | ERROR    | ⚠️ Ошибка загрузки данных из Supabase: [Errno 11001] getaddrinfo failed
2026-06-13 21:24:39,803 | INFO     | ⚔️ ClanWarNotifications загружен
2026-06-13 21:24:39,827 | SUCCESS  | 🎉 Все файлы cogs успешно загружены!
2026-06-13 21:24:43,656 | SUCCESS  | 🤖 Бот `Void Sentinel#5662` успешно запущен (ID: 1230464176745480254)
2026-06-13 21:24:43,657 | INFO     | 🛡 Сервер: Legion Of The Damned | ID: 828749346505490503 | Участников: 54
2026-06-13 21:24:43,658 | INFO     | 🛡 Сервер: Space_Marine 2RU | ID: 1118852004786225192 | Участников: 257
2026-06-13 21:24:43,659 | INFO     | 🛡 Сервер: winie's server | ID: 1335265286198263848 | Участников: 49
2026-06-13 21:24:43,660 | INFO     | 🛡 Сервер: Legion of Iron Hands | ID: 1411434026966716428 | Участников: 5
2026-06-13 21:24:43,660 | INFO     | 🛡 Сервер: Тест сервер | ID: 1448692483054632982 | Участников: 4
2026-06-14 18:59:21,806 | SUCCESS  | 🤖 Бот `Void Sentinel#5662` успешно запущен (ID: 1230464176745480254)
2026-06-14 18:59:21,809 | INFO     | 🛡 Сервер: Legion Of The Damned | ID: 828749346505490503 | Участников: 54
2026-06-14 18:59:21,811 | INFO     | 🛡 Сервер: Space_Marine 2RU | ID: 1118852004786225192 | Участников: 257
2026-06-14 18:59:21,812 | INFO     | 🛡 Сервер: winie's server | ID: 1335265286198263848 | Участников: 49
2026-06-14 18:59:21,813 | INFO     | 🛡 Сервер: Legion of Iron Hands | ID: 1411434026966716428 | Участников: 5
2026-06-14 18:59:21,813 | INFO     | 🛡 Сервер: Тест сервер | ID: 1448692483054632982 | Участников: 4
2026-06-14 20:30:05,959 | INFO     | 📊 DM 2026-06-14 | sent=1 failed=0
2026-06-14 20:50:04,575 | INFO     | 📊 DM 2026-06-14 | sent=1 failed=0
2026-06-14 21:00:04,948 | INFO     | 📊 DM 2026-06-14 | sent=1 failed=0
2026-06-14 21:49:59,000 | SUCCESS  | 🤖 Бот `Void Sentinel#5662` успешно запущен (ID: 1230464176745480254)
2026-06-14 21:49:59,002 | INFO     | 🛡 Сервер: Legion Of The Damned | ID: 828749346505490503 | Участников: 54
2026-06-14 21:49:59,003 | INFO     | 🛡 Сервер: Space_Marine 2RU | ID: 1118852004786225192 | Участников: 257
2026-06-14 21:49:59,003 | INFO     | 🛡 Сервер: winie's server | ID: 1335265286198263848 | Участников: 49
2026-06-14 21:49:59,004 | INFO     | 🛡 Сервер: Legion of Iron Hands | ID: 1411434026966716428 | Участников: 5
2026-06-14 21:49:59,005 | INFO     | 🛡 Сервер: Тест сервер | ID: 1448692483054632982 | Участников: 4
