2025-11-19 00:28:22 | INFO     | HTTP Request: GET https://jqphrrikzkntcyzsrbrc.supabase.co/rest/v1/active_duels?select=%2A "HTTP/2 200 OK"
2025-11-19 00:28:22 | INFO     | HTTP Request: GET https://jqphrrikzkntcyzsrbrc.supabase.co/rest/v1/duel_stats?select=%2A "HTTP/2 200 OK"
2025-11-19 00:28:22 | INFO     | ✅ Данные из Supabase загружены
2025-11-19 00:28:24 | SUCCESS  | 🎉 Все файлы cogs успешно загружены!
2025-11-19 00:28:27 | SUCCESS  | 🤖 Бот `Void Sentinel#5662` успешно запущен (ID: 1230464176745480254)
2025-11-19 00:28:27 | INFO     | 🛡 Сервер: Legion Of The Damned | ID: 828749346505490503 | Участников: 9
2025-11-19 00:28:27 | INFO     | 🛡 Сервер: Space_Marine 2RU | ID: 1118852004786225192 | Участников: 280
2025-11-19 00:28:27 | INFO     | 🛡 Сервер: winie's server | ID: 1335265286198263848 | Участников: 56
2025-11-19 00:28:27 | INFO     | 🛡 Сервер: Сервер користувача kraken_5491 | ID: 1411475618343686187 | Участников: 4
2025-11-19 00:28:27 | SUCCESS  | Команды успешно синхронизированы
2025-11-19 00:30:06 | WARNING  | 🛑 Запуск остановлен вручную.
2025-11-19 00:31:02 | INFO     | HTTP Request: GET https://jqphrrikzkntcyzsrbrc.supabase.co/rest/v1/active_duels?select=%2A "HTTP/2 200 OK"
2025-11-19 00:31:02 | INFO     | HTTP Request: GET https://jqphrrikzkntcyzsrbrc.supabase.co/rest/v1/duel_stats?select=%2A "HTTP/2 200 OK"
2025-11-19 00:31:02 | INFO     | ✅ Данные из Supabase загружены
2025-11-19 00:31:04 | SUCCESS  | 🎉 Все файлы cogs успешно загружены!
2025-11-19 00:31:08 | SUCCESS  | 🤖 Бот `Void Sentinel#5662` успешно запущен (ID: 1230464176745480254)
2025-11-19 00:31:08 | INFO     | 🛡 Сервер: Legion Of The Damned | ID: 828749346505490503 | Участников: 9
2025-11-19 00:31:08 | INFO     | 🛡 Сервер: Space_Marine 2RU | ID: 1118852004786225192 | Участников: 280
2025-11-19 00:31:08 | INFO     | 🛡 Сервер: winie's server | ID: 1335265286198263848 | Участников: 56
2025-11-19 00:31:08 | INFO     | 🛡 Сервер: Сервер користувача kraken_5491 | ID: 1411475618343686187 | Участников: 4
2025-11-19 00:31:08 | SUCCESS  | Команды успешно синхронизированы
2025-11-19 00:31:34 | WARNING  | 🛑 Запуск остановлен вручную.
2025-11-19 00:32:59 | INFO     | HTTP Request: GET https://jqphrrikzkntcyzsrbrc.supabase.co/rest/v1/active_duels?select=%2A "HTTP/2 200 OK"
2025-11-19 00:32:59 | INFO     | HTTP Request: GET https://jqphrrikzkntcyzsrbrc.supabase.co/rest/v1/duel_stats?select=%2A "HTTP/2 200 OK"
2025-11-19 00:32:59 | INFO     | ✅ Данные из Supabase загружены
2025-11-19 00:33:01 | SUCCESS  | 🎉 Все файлы cogs успешно загружены!
2025-11-19 00:33:04 | SUCCESS  | 🤖 Бот `Void Sentinel#5662` успешно запущен (ID: 1230464176745480254)
2025-11-19 00:33:04 | INFO     | 🛡 Сервер: Legion Of The Damned | ID: 828749346505490503 | Участников: 9
2025-11-19 00:33:04 | INFO     | 🛡 Сервер: Space_Marine 2RU | ID: 1118852004786225192 | Участников: 280
2025-11-19 00:33:04 | INFO     | 🛡 Сервер: winie's server | ID: 1335265286198263848 | Участников: 56
2025-11-19 00:33:04 | INFO     | 🛡 Сервер: Сервер користувача kraken_5491 | ID: 1411475618343686187 | Участников: 4
2025-11-19 00:33:04 | SUCCESS  | Команды успешно синхронизированы
2025-11-19 00:34:05 | WARNING  | 🛑 Запуск остановлен вручную.
2025-11-19 00:34:14 | INFO     | HTTP Request: GET https://jqphrrikzkntcyzsrbrc.supabase.co/rest/v1/active_duels?select=%2A "HTTP/2 200 OK"
2025-11-19 00:34:15 | INFO     | HTTP Request: GET https://jqphrrikzkntcyzsrbrc.supabase.co/rest/v1/duel_stats?select=%2A "HTTP/2 200 OK"
2025-11-19 00:34:15 | INFO     | ✅ Данные из Supabase загружены
2025-11-19 00:34:15 | WARNING  | 🛑 Запуск остановлен вручную.
2025-11-19 00:34:27 | INFO     | HTTP Request: GET https://jqphrrikzkntcyzsrbrc.supabase.co/rest/v1/active_duels?select=%2A "HTTP/2 200 OK"
2025-11-19 00:34:27 | INFO     | HTTP Request: GET https://jqphrrikzkntcyzsrbrc.supabase.co/rest/v1/duel_stats?select=%2A "HTTP/2 200 OK"
2025-11-19 00:34:27 | INFO     | ✅ Данные из Supabase загружены
2025-11-19 00:34:29 | SUCCESS  | 🎉 Все файлы cogs успешно загружены!
2025-11-19 00:34:33 | SUCCESS  | 🤖 Бот `Void Sentinel#5662` успешно запущен (ID: 1230464176745480254)
2025-11-19 00:34:33 | INFO     | 🛡 Сервер: Legion Of The Damned | ID: 828749346505490503 | Участников: 9
2025-11-19 00:34:33 | INFO     | 🛡 Сервер: Space_Marine 2RU | ID: 1118852004786225192 | Участников: 280
2025-11-19 00:34:33 | INFO     | 🛡 Сервер: winie's server | ID: 1335265286198263848 | Участников: 56
2025-11-19 00:34:33 | INFO     | 🛡 Сервер: Сервер користувача kraken_5491 | ID: 1411475618343686187 | Участников: 4
2025-11-19 00:34:33 | SUCCESS  | Команды успешно синхронизированы
2025-11-19 00:40:16 | WARNING  | 🛑 Запуск остановлен вручную.
2025-11-19 00:40:16 | INFO     | HTTP Request: GET https://jqphrrikzkntcyzsrbrc.supabase.co/rest/v1/active_duels?select=%2A "HTTP/2 200 OK"
2025-11-19 00:40:17 | INFO     | HTTP Request: GET https://jqphrrikzkntcyzsrbrc.supabase.co/rest/v1/duel_stats?select=%2A "HTTP/2 200 OK"
2025-11-19 00:40:17 | INFO     | ✅ Данные из Supabase загружены
2025-11-19 00:40:19 | SUCCESS  | 🎉 Все файлы cogs успешно загружены!
2025-11-19 00:40:22 | SUCCESS  | 🤖 Бот `Void Sentinel#5662` успешно запущен (ID: 1230464176745480254)
2025-11-19 00:40:22 | INFO     | 🛡 Сервер: Legion Of The Damned | ID: 828749346505490503 | Участников: 9
2025-11-19 00:40:22 | INFO     | 🛡 Сервер: Space_Marine 2RU | ID: 1118852004786225192 | Участников: 280
2025-11-19 00:40:22 | INFO     | 🛡 Сервер: winie's server | ID: 1335265286198263848 | Участников: 56
2025-11-19 00:40:22 | INFO     | 🛡 Сервер: Сервер користувача kraken_5491 | ID: 1411475618343686187 | Участников: 4
2025-11-19 00:40:22 | SUCCESS  | Команды успешно синхронизированы
2025-11-19 00:41:49 | INFO     | HTTP Request: GET https://jqphrrikzkntcyzsrbrc.supabase.co/rest/v1/active_duels?select=%2A "HTTP/2 200 OK"
2025-11-19 00:41:49 | INFO     | HTTP Request: GET https://jqphrrikzkntcyzsrbrc.supabase.co/rest/v1/duel_stats?select=%2A "HTTP/2 200 OK"
2025-11-19 00:41:49 | INFO     | ✅ Данные из Supabase загружены
2025-11-19 00:41:51 | SUCCESS  | 🎉 Все файлы cogs успешно загружены!
2025-11-19 00:41:54 | SUCCESS  | 🤖 Бот `Void Sentinel#5662` успешно запущен (ID: 1230464176745480254)
2025-11-19 00:41:54 | INFO     | 🛡 Сервер: Legion Of The Damned | ID: 828749346505490503 | Участников: 9
2025-11-19 00:41:54 | INFO     | 🛡 Сервер: Space_Marine 2RU | ID: 1118852004786225192 | Участников: 280
2025-11-19 00:41:54 | INFO     | 🛡 Сервер: winie's server | ID: 1335265286198263848 | Участников: 56
2025-11-19 00:41:54 | INFO     | 🛡 Сервер: Сервер користувача kraken_5491 | ID: 1411475618343686187 | Участников: 4
2025-11-19 00:41:54 | SUCCESS  | Команды успешно синхронизированы
2025-11-19 00:50:37 | WARNING  | 🛑 Запуск остановлен вручную.
2025-11-19 00:50:50 | INFO     | HTTP Request: GET https://jqphrrikzkntcyzsrbrc.supabase.co/rest/v1/active_duels?select=%2A "HTTP/2 200 OK"
2025-11-19 00:50:50 | INFO     | HTTP Request: GET https://jqphrrikzkntcyzsrbrc.supabase.co/rest/v1/duel_stats?select=%2A "HTTP/2 200 OK"
2025-11-19 00:50:50 | INFO     | ✅ Данные из Supabase загружены
2025-11-19 00:50:52 | SUCCESS  | 🎉 Все файлы cogs успешно загружены!
2025-11-19 00:50:55 | SUCCESS  | 🤖 Бот `Void Sentinel#5662` успешно запущен (ID: 1230464176745480254)
2025-11-19 00:50:55 | INFO     | 🛡 Сервер: Legion Of The Damned | ID: 828749346505490503 | Участников: 9
2025-11-19 00:50:55 | INFO     | 🛡 Сервер: Space_Marine 2RU | ID: 1118852004786225192 | Участников: 280
2025-11-19 00:50:55 | INFO     | 🛡 Сервер: winie's server | ID: 1335265286198263848 | Участников: 56
2025-11-19 00:50:55 | INFO     | 🛡 Сервер: Сервер користувача kraken_5491 | ID: 1411475618343686187 | Участников: 4
2025-11-19 00:50:55 | SUCCESS  | Команды успешно синхронизированы
2025-11-19 00:51:18 | WARNING  | 🛑 Запуск остановлен вручную.
2025-11-19 00:51:28 | INFO     | HTTP Request: GET https://jqphrrikzkntcyzsrbrc.supabase.co/rest/v1/active_duels?select=%2A "HTTP/2 200 OK"
2025-11-19 00:51:28 | INFO     | HTTP Request: GET https://jqphrrikzkntcyzsrbrc.supabase.co/rest/v1/duel_stats?select=%2A "HTTP/2 200 OK"
2025-11-19 00:51:28 | INFO     | ✅ Данные из Supabase загружены
2025-11-19 00:51:30 | SUCCESS  | 🎉 Все файлы cogs успешно загружены!
2025-11-19 00:51:33 | SUCCESS  | 🤖 Бот `Void Sentinel#5662` успешно запущен (ID: 1230464176745480254)
2025-11-19 00:51:33 | INFO     | 🛡 Сервер: Legion Of The Damned | ID: 828749346505490503 | Участников: 9
2025-11-19 00:51:33 | INFO     | 🛡 Сервер: Space_Marine 2RU | ID: 1118852004786225192 | Участников: 280
2025-11-19 00:51:33 | INFO     | 🛡 Сервер: winie's server | ID: 1335265286198263848 | Участников: 56
2025-11-19 00:51:33 | INFO     | 🛡 Сервер: Сервер користувача kraken_5491 | ID: 1411475618343686187 | Участников: 4
2025-11-19 00:52:26 | SUCCESS  | Команды успешно синхронизированы
2025-11-19 00:52:34 | INFO     | Создана игра Монетка: kraken_5491 vs Void Sentinel#5662
2025-11-19 00:52:35 | INFO     | Игра создана: kraken_5491 vs Void Sentinel#5662, сообщение 1440474802027761770
2025-11-19 00:52:41 | INFO     | kraken_5491 выбрал орёл
2025-11-19 00:52:41 | INFO     | Void Sentinel#5662 автоматически выбрал решка
2025-11-19 00:52:41 | SUCCESS  | Void Sentinel#5662 победил в игре Монетка (решка)
2025-11-19 00:56:29 | WARNING  | 🛑 Запуск остановлен вручную.
2025-11-19 00:56:45 | INFO     | HTTP Request: GET https://jqphrrikzkntcyzsrbrc.supabase.co/rest/v1/active_duels?select=%2A "HTTP/2 200 OK"
2025-11-19 00:56:45 | INFO     | HTTP Request: GET https://jqphrrikzkntcyzsrbrc.supabase.co/rest/v1/duel_stats?select=%2A "HTTP/2 200 OK"
2025-11-19 00:56:45 | INFO     | ✅ Данные из Supabase загружены
2025-11-19 00:56:47 | SUCCESS  | 🎉 Все файлы cogs успешно загружены!
2025-11-19 00:56:50 | SUCCESS  | 🤖 Бот `Void Sentinel#5662` успешно запущен (ID: 1230464176745480254)
2025-11-19 00:56:50 | INFO     | 🛡 Сервер: Legion Of The Damned | ID: 828749346505490503 | Участников: 9
2025-11-19 00:56:50 | INFO     | 🛡 Сервер: Space_Marine 2RU | ID: 1118852004786225192 | Участников: 280
2025-11-19 00:56:50 | INFO     | 🛡 Сервер: winie's server | ID: 1335265286198263848 | Участников: 56
2025-11-19 00:56:50 | INFO     | 🛡 Сервер: Сервер користувача kraken_5491 | ID: 1411475618343686187 | Участников: 4
2025-11-19 00:56:50 | SUCCESS  | Команды успешно синхронизированы
2025-11-19 00:56:59 | INFO     | Создана игра Монетка: kraken_5491 vs Void Sentinel#5662
2025-11-19 00:56:59 | INFO     | Игра создана: kraken_5491 vs Void Sentinel#5662, сообщение 1440475912700432507
2025-11-19 00:57:02 | INFO     | kraken_5491 выбрал решка
2025-11-19 00:57:02 | INFO     | Void Sentinel#5662 автоматически выбрал орёл
2025-11-19 00:57:02 | INFO     | Void Sentinel#5662 победил в игре Монетка (орёл)
2025-11-19 00:57:12 | INFO     | Создана игра Монетка: kraken_5491 vs Void Sentinel#5662
2025-11-19 00:57:12 | INFO     | Игра создана: kraken_5491 vs Void Sentinel#5662, сообщение 1440475966030876776
2025-11-19 00:57:16 | INFO     | kraken_5491 выбрал орёл
2025-11-19 00:57:16 | INFO     | Void Sentinel#5662 автоматически выбрал орёл
2025-11-19 00:57:16 | INFO     | kraken_5491 победил в игре Монетка (орёл)
2025-11-19 00:57:35 | INFO     | Создана игра Монетка: kraken_5491 vs Void Sentinel#5662
2025-11-19 00:57:35 | INFO     | Игра создана: kraken_5491 vs Void Sentinel#5662, сообщение 1440476061833101466
2025-11-19 00:57:37 | INFO     | kraken_5491 выбрал решка
2025-11-19 00:57:37 | INFO     | Void Sentinel#5662 автоматически выбрал орёл
2025-11-19 00:57:37 | INFO     | kraken_5491 победил в игре Монетка (решка)
2025-11-19 00:57:44 | INFO     | Создана игра Монетка: kraken_5491 vs Void Sentinel#5662
2025-11-19 00:57:45 | INFO     | Игра создана: kraken_5491 vs Void Sentinel#5662, сообщение 1440476102161334364
2025-11-19 00:57:47 | INFO     | kraken_5491 выбрал орёл
2025-11-19 00:57:47 | INFO     | Void Sentinel#5662 автоматически выбрал орёл
2025-11-19 00:57:47 | INFO     | Ничья в игре Монетка: результат решка
2025-11-19 00:58:08 | INFO     | Дуэль rps-multi-cbe93d1b-fe5f-4986-8a9e-a9d2f4693f57 начата
2025-11-19 00:58:11 | INFO     | [LOTD] Kraken_5491 выбрал ножницы в дуэли rps-multi-cbe93d1b-fe5f-4986-8a9e-a9d2f4693f57
2025-11-19 00:58:11 | INFO     | Дуэль rps-multi-cbe93d1b-fe5f-4986-8a9e-a9d2f4693f57 закончилась ничьей
2025-11-19 00:58:35 | WARNING  | 🛑 Запуск остановлен вручную.
2025-11-19 01:00:40 | INFO     | HTTP Request: GET https://jqphrrikzkntcyzsrbrc.supabase.co/rest/v1/active_duels?select=%2A "HTTP/2 200 OK"
2025-11-19 01:00:40 | INFO     | HTTP Request: GET https://jqphrrikzkntcyzsrbrc.supabase.co/rest/v1/duel_stats?select=%2A "HTTP/2 200 OK"
2025-11-19 01:00:40 | INFO     | ✅ Данные из Supabase загружены
2025-11-19 01:00:42 | SUCCESS  | 🎉 Все файлы cogs успешно загружены!
2025-11-19 01:00:46 | SUCCESS  | 🤖 Бот `Void Sentinel#5662` успешно запущен (ID: 1230464176745480254)
2025-11-19 01:00:46 | INFO     | 🛡 Сервер: Legion Of The Damned | ID: 828749346505490503 | Участников: 9
2025-11-19 01:00:46 | INFO     | 🛡 Сервер: Space_Marine 2RU | ID: 1118852004786225192 | Участников: 280
2025-11-19 01:00:46 | INFO     | 🛡 Сервер: winie's server | ID: 1335265286198263848 | Участников: 56
2025-11-19 01:00:46 | INFO     | 🛡 Сервер: Сервер користувача kraken_5491 | ID: 1411475618343686187 | Участников: 4
2025-11-19 01:00:46 | SUCCESS  | Команды успешно синхронизированы
2025-11-19 01:00:53 | INFO     | Дуэль rps-multi-c0e84ac1-33f6-4b69-a43d-5c8eb7342150 начата
2025-11-19 01:00:55 | INFO     | [LOTD] Kraken_5491 выбрал бумага в дуэли rps-multi-c0e84ac1-33f6-4b69-a43d-5c8eb7342150
2025-11-19 01:00:55 | INFO     | Дуэль rps-multi-c0e84ac1-33f6-4b69-a43d-5c8eb7342150 выиграл Void Sentinel
2025-11-19 01:01:04 | WARNING  | 🛑 Запуск остановлен вручную.
2025-11-19 01:03:16 | INFO     | HTTP Request: GET https://jqphrrikzkntcyzsrbrc.supabase.co/rest/v1/active_duels?select=%2A "HTTP/2 200 OK"
2025-11-19 01:03:16 | INFO     | HTTP Request: GET https://jqphrrikzkntcyzsrbrc.supabase.co/rest/v1/duel_stats?select=%2A "HTTP/2 200 OK"
2025-11-19 01:03:16 | INFO     | ✅ Данные из Supabase загружены
2025-11-19 01:03:18 | SUCCESS  | 🎉 Все файлы cogs успешно загружены!
2025-11-19 01:03:21 | SUCCESS  | 🤖 Бот `Void Sentinel#5662` успешно запущен (ID: 1230464176745480254)
2025-11-19 01:03:21 | INFO     | 🛡 Сервер: Legion Of The Damned | ID: 828749346505490503 | Участников: 9
2025-11-19 01:03:21 | INFO     | 🛡 Сервер: Space_Marine 2RU | ID: 1118852004786225192 | Участников: 280
2025-11-19 01:03:21 | INFO     | 🛡 Сервер: winie's server | ID: 1335265286198263848 | Участников: 56
2025-11-19 01:03:21 | INFO     | 🛡 Сервер: Сервер користувача kraken_5491 | ID: 1411475618343686187 | Участников: 4
2025-11-19 01:03:22 | SUCCESS  | Команды успешно синхронизированы
2025-11-19 01:04:32 | WARNING  | 🛑 Запуск остановлен вручную.
2025-11-19 01:05:29 | INFO     | HTTP Request: GET https://jqphrrikzkntcyzsrbrc.supabase.co/rest/v1/active_duels?select=%2A "HTTP/2 200 OK"
2025-11-19 01:05:30 | INFO     | HTTP Request: GET https://jqphrrikzkntcyzsrbrc.supabase.co/rest/v1/duel_stats?select=%2A "HTTP/2 200 OK"
2025-11-19 01:05:30 | INFO     | ✅ Данные из Supabase загружены
2025-11-19 01:05:32 | SUCCESS  | 🎉 Все файлы cogs успешно загружены!
2025-11-19 01:05:35 | SUCCESS  | 🤖 Бот `Void Sentinel#5662` успешно запущен (ID: 1230464176745480254)
2025-11-19 01:05:35 | INFO     | 🛡 Сервер: Legion Of The Damned | ID: 828749346505490503 | Участников: 9
2025-11-19 01:05:35 | INFO     | 🛡 Сервер: Space_Marine 2RU | ID: 1118852004786225192 | Участников: 280
2025-11-19 01:05:35 | INFO     | 🛡 Сервер: winie's server | ID: 1335265286198263848 | Участников: 56
2025-11-19 01:05:35 | INFO     | 🛡 Сервер: Сервер користувача kraken_5491 | ID: 1411475618343686187 | Участников: 4
2025-11-19 01:05:35 | SUCCESS  | Команды успешно синхронизированы
2025-11-19 01:06:00 | INFO     | HTTP Request: GET https://jqphrrikzkntcyzsrbrc.supabase.co/rest/v1/server_info?select=%2A "HTTP/2 200 OK"
2025-11-19 01:06:00 | INFO     | Данные с Supabase успешно загружены
2025-11-19 01:06:00 | INFO     | kraken_5491 открыл меню информации о сервере
2025-11-19 01:06:04 | INFO     | kraken_5491 выбрал категорию 'Правила'
2025-11-19 01:06:07 | INFO     | kraken_5491 выбрал категорию 'Роли'
2025-11-19 01:06:25 | INFO     | kraken_5491 успешно вызвал общую статистику
2025-11-19 01:06:40 | WARNING  | 🛑 Запуск остановлен вручную.
