2025-12-01 19:29:42 | INFO     | HTTP Request: GET https://jqphrrikzkntcyzsrbrc.supabase.co/rest/v1/active_duels?select=%2A "HTTP/2 200 OK"
2025-12-01 19:29:43 | INFO     | HTTP Request: GET https://jqphrrikzkntcyzsrbrc.supabase.co/rest/v1/duel_stats?select=%2A "HTTP/2 200 OK"
2025-12-01 19:29:43 | INFO     | ✅ Данные из Supabase загружены
2025-12-01 19:29:44 | SUCCESS  | 🎉 Все файлы cogs успешно загружены!
2025-12-01 19:29:47 | SUCCESS  | 🤖 Бот `Void Sentinel#5662` успешно запущен (ID: 1230464176745480254)
2025-12-01 19:29:47 | INFO     | 🛡 Сервер: Legion Of The Damned | ID: 828749346505490503 | Участников: 9
2025-12-01 19:29:47 | INFO     | 🛡 Сервер: Space_Marine 2RU | ID: 1118852004786225192 | Участников: 279
2025-12-01 19:29:47 | INFO     | 🛡 Сервер: winie's server | ID: 1335265286198263848 | Участников: 55
2025-12-01 19:29:47 | INFO     | 🛡 Сервер: Сервер користувача kraken_5491 | ID: 1411475618343686187 | Участников: 5
2025-12-01 19:29:47 | SUCCESS  | Команды успешно синхронизированы
2025-12-01 19:36:46 | INFO     | HTTP Request: GET https://jqphrrikzkntcyzsrbrc.supabase.co/rest/v1/active_duels?select=%2A "HTTP/2 200 OK"
2025-12-01 19:36:46 | INFO     | HTTP Request: GET https://jqphrrikzkntcyzsrbrc.supabase.co/rest/v1/duel_stats?select=%2A "HTTP/2 200 OK"
2025-12-01 19:36:46 | INFO     | ✅ Данные из Supabase загружены
2025-12-01 19:36:47 | SUCCESS  | 🎉 Все файлы cogs успешно загружены!
2025-12-01 19:36:50 | SUCCESS  | 🤖 Бот `Void Sentinel#5662` успешно запущен (ID: 1230464176745480254)
2025-12-01 19:36:50 | INFO     | 🛡 Сервер: Legion Of The Damned | ID: 828749346505490503 | Участников: 9
2025-12-01 19:36:50 | INFO     | 🛡 Сервер: Space_Marine 2RU | ID: 1118852004786225192 | Участников: 279
2025-12-01 19:36:50 | INFO     | 🛡 Сервер: winie's server | ID: 1335265286198263848 | Участников: 55
2025-12-01 19:36:50 | INFO     | 🛡 Сервер: Сервер користувача kraken_5491 | ID: 1411475618343686187 | Участников: 5
2025-12-01 19:36:51 | SUCCESS  | Команды успешно синхронизированы
2025-12-01 21:04:22 | WARNING  | Роль с ID 1418038359129063585 не найдена на сервере winie's server
