2026-05-10 09:15:27,334 | INFO     | ⚔️ ClanWarNotifications завантажено
2026-05-10 09:15:29,047 | INFO     | HTTP Request: GET https://jqphrrikzkntcyzsrbrc.supabase.co/rest/v1/active_duels?select=%2A "HTTP/2 200 OK"
2026-05-10 09:15:29,262 | INFO     | HTTP Request: GET https://jqphrrikzkntcyzsrbrc.supabase.co/rest/v1/duel_stats?select=%2A "HTTP/2 200 OK"
2026-05-10 09:15:29,263 | INFO     | ✅ Дані з Supabase завантажено
2026-05-10 09:15:31,096 | SUCCESS  | 🎉 Усі файли cogs успішно завантажені!
2026-05-10 09:15:34,399 | INFO     | ⏳ Бот готовий, цикли запущено
2026-05-10 09:15:34,400 | INFO     | ⏳ Бот готовий, цикли запущено
2026-05-10 09:15:34,400 | SUCCESS  | 🤖 Бот `Void Sentinel UA#9123` успішно запущений (ID: 1442600551593541773)
2026-05-10 09:15:34,401 | INFO     | 🛡 Сервер: Тест сервер | ID: 1448692483054632982 | Учасників: 4
2026-05-10 09:15:34,401 | INFO     | 🛡 Сервер: Тест Сервер | ID: 1502786263068053585 | Учасників: 2
2026-05-10 09:16:16,901 | WARNING  | 🛑 Запуск зупинено вручну.
2026-05-10 09:16:28,843 | INFO     | ⚔️ ClanWarNotifications завантажено
2026-05-10 09:16:29,855 | INFO     | HTTP Request: GET https://jqphrrikzkntcyzsrbrc.supabase.co/rest/v1/active_duels?select=%2A "HTTP/2 200 OK"
2026-05-10 09:16:30,088 | INFO     | HTTP Request: GET https://jqphrrikzkntcyzsrbrc.supabase.co/rest/v1/duel_stats?select=%2A "HTTP/2 200 OK"
2026-05-10 09:16:30,090 | INFO     | ✅ Дані з Supabase завантажено
2026-05-10 09:16:31,756 | SUCCESS  | 🎉 Усі файли cogs успішно завантажені!
2026-05-10 09:16:35,033 | INFO     | ⏳ Бот готовий, цикли запущено
2026-05-10 09:16:35,033 | INFO     | ⏳ Бот готовий, цикли запущено
2026-05-10 09:16:35,033 | SUCCESS  | 🤖 Бот `Void Sentinel UA#9123` успішно запущений (ID: 1442600551593541773)
2026-05-10 09:16:35,034 | INFO     | 🛡 Сервер: Тест сервер | ID: 1448692483054632982 | Учасників: 4
2026-05-10 09:16:35,034 | INFO     | 🛡 Сервер: Тест Сервер | ID: 1502786263068053585 | Учасників: 2
2026-05-10 09:18:16,128 | SUCCESS  | Створено тимчасовий войс: - |🔊Вокс [LOTD] Kraken_5491🔊| - (kraken_5491)
2026-05-10 09:18:20,603 | SUCCESS  | Видалено порожній войс: 1502917675263852705
2026-05-10 09:18:39,355 | INFO     | HTTP Request: GET https://jqphrrikzkntcyzsrbrc.supabase.co/rest/v1/server_info?select=%2A "HTTP/2 200 OK"
2026-05-10 09:18:39,357 | WARNING  | Некоректний JSON у категорії 'Лор Легіона Проклятих', використовується як рядок
2026-05-10 09:18:39,357 | WARNING  | Некоректний JSON у категорії 'Проєкти клану LOTD', використовується як рядок
2026-05-10 09:18:39,357 | INFO     | Дані з Supabase успішно завантажено
2026-05-10 09:18:39,629 | INFO     | kraken_5491 відкрив меню інформації про сервер
2026-05-10 09:18:42,753 | INFO     | kraken_5491 обрав категорію 'Лор Легіона Проклятих'
2026-05-10 09:18:45,668 | INFO     | kraken_5491 обрав категорію 'Проєкти клану LOTD'
2026-05-10 09:19:00,053 | INFO     | kraken_5491 успішно викликав загальну статистику
2026-05-10 09:19:13,033 | INFO     | kraken_5491 запросив статистику для kraken_5491
2026-05-10 09:19:36,523 | WARNING  | Роль з ID 1418038359129063585 не знайдена на сервері Тест Сервер
2026-05-10 09:19:47,675 | WARNING  | Роль з ID 1418038359129063585 не знайдена на сервері Тест Сервер
2026-05-10 09:20:07,015 | WARNING  | Роль з ID 1418038359129063585 не знайдена на сервері Тест Сервер
2026-05-10 09:20:08,496 | WARNING  | Роль з ID 1418038359129063585 не знайдена на сервері Тест Сервер
2026-05-10 09:20:09,264 | WARNING  | Роль з ID 1418038359129063585 не знайдена на сервері Тест Сервер
2026-05-10 09:20:20,056 | WARNING  | Роль з ID 1418038359129063585 не знайдена на сервері Тест Сервер
2026-05-10 09:20:20,578 | WARNING  | Роль з ID 1418038359129063585 не знайдена на сервері Тест Сервер
2026-05-10 09:20:22,592 | WARNING  | Роль з ID 1418038359129063585 не знайдена на сервері Тест Сервер
2026-05-10 09:20:32,619 | INFO     | 📩 Заявку розпочато: kraken_5491 (818235533602848768)
2026-05-10 09:20:49,345 | DEBUG    | Відповідь отримано: Так, Ніяк
2026-05-10 09:20:59,898 | DEBUG    | Відповідь отримано: Пінг в чаті
2026-05-10 09:21:04,395 | DEBUG    | Відповідь отримано: 5
2026-05-10 09:21:19,176 | DEBUG    | Відповідь отримано: Не знаю
2026-05-10 09:21:24,640 | DEBUG    | Відповідь отримано: Вечір
2026-05-10 09:21:30,955 | DEBUG    | Відповідь отримано: Грати
2026-05-10 09:21:40,281 | DEBUG    | Відповідь отримано: Україна
2026-05-10 09:21:47,289 | DEBUG    | Відповідь отримано: 11.03.2008
2026-05-10 09:21:48,721 | SUCCESS  | 📨 Заявку надіслано: kraken_5491
2026-05-10 09:21:49,415 | INFO     | 📢 Повідомлено: kraken_5491
2026-05-10 09:22:03,426 | WARNING  | Роль з ID 1418038359129063585 не знайдена на сервері Тест Сервер
2026-05-10 09:22:03,657 | WARNING  | Не вдалося змінити нік: 403 Forbidden (error code: 50013): Missing Permissions
2026-05-10 09:22:04,437 | SUCCESS  | Заявку схвалено: kraken_5491
2026-05-10 09:22:07,548 | WARNING  | Роль з ID 1418038359129063585 не знайдена на сервері Тест Сервер
2026-05-10 09:22:27,183 | WARNING  | 🛑 Запуск зупинено вручну.
2026-05-10 09:23:56,019 | INFO     | ⚔️ ClanWarNotifications завантажено
2026-05-10 09:23:57,121 | INFO     | HTTP Request: GET https://jqphrrikzkntcyzsrbrc.supabase.co/rest/v1/active_duels?select=%2A "HTTP/2 200 OK"
2026-05-10 09:23:57,303 | INFO     | HTTP Request: GET https://jqphrrikzkntcyzsrbrc.supabase.co/rest/v1/duel_stats?select=%2A "HTTP/2 200 OK"
2026-05-10 09:23:57,303 | INFO     | ✅ Дані з Supabase завантажено
2026-05-10 09:23:59,037 | SUCCESS  | 🎉 Усі файли cogs успішно завантажені!
2026-05-10 09:24:02,365 | INFO     | ⏳ Бот готовий, цикли запущено
2026-05-10 09:24:02,366 | INFO     | ⏳ Бот готовий, цикли запущено
2026-05-10 09:24:02,366 | SUCCESS  | 🤖 Бот `Void Sentinel UA#9123` успішно запущений (ID: 1442600551593541773)
2026-05-10 09:24:02,366 | INFO     | 🛡 Сервер: Тест сервер | ID: 1448692483054632982 | Учасників: 4
2026-05-10 09:24:02,367 | INFO     | 🛡 Сервер: Тест Сервер | ID: 1502786263068053585 | Учасників: 2
2026-05-10 09:24:25,627 | INFO     | 📩 Заявку розпочато: kraken_5491 (818235533602848768)
2026-05-10 09:24:29,382 | DEBUG    | Відповідь отримано: укірпкуукр
2026-05-10 09:24:29,915 | DEBUG    | Відповідь отримано: укфв
2026-05-10 09:24:30,454 | DEBUG    | Відповідь отримано: ріук
2026-05-10 09:24:30,820 | DEBUG    | Відповідь отримано: фвр
2026-05-10 09:24:31,425 | DEBUG    | Відповідь отримано: кявуі
2026-05-10 09:24:31,701 | DEBUG    | Відповідь отримано: р
2026-05-10 09:24:34,669 | DEBUG    | Відповідь отримано: явар
2026-05-10 09:24:37,186 | DEBUG    | Відповідь отримано: каоеіувкри
2026-05-10 09:24:38,779 | SUCCESS  | 📨 Заявку надіслано: kraken_5491
2026-05-10 09:24:39,396 | INFO     | 📢 Повідомлено: kraken_5491
2026-05-10 09:24:43,670 | WARNING  | Не вдалося змінити нік: 403 Forbidden (error code: 50013): Missing Permissions
2026-05-10 09:24:44,369 | SUCCESS  | Заявку схвалено: kraken_5491
2026-05-10 09:25:42,911 | INFO     | infinite_5491 (1263265959851065528) приєднався до серверу Тест Сервер
2026-05-10 09:25:43,297 | INFO     | Webhook створено у каналі: 💬чат-канал💬 (1502786264049389701)
2026-05-10 09:25:43,737 | INFO     | ✅ Відправлено привітальне повідомлення для infinite_5491 (1263265959851065528)
2026-05-10 09:25:46,622 | INFO     | Webhook видалено з каналу: 💬чат-канал💬 (1502786264049389701)
2026-05-10 09:25:51,877 | WARNING  | 🛑 Запуск зупинено вручну.
2026-05-10 09:30:57,348 | INFO     | ⚔️ ClanWarNotifications завантажено
2026-05-10 09:30:58,802 | INFO     | HTTP Request: GET https://jqphrrikzkntcyzsrbrc.supabase.co/rest/v1/active_duels?select=%2A "HTTP/2 200 OK"
2026-05-10 09:30:59,041 | INFO     | HTTP Request: GET https://jqphrrikzkntcyzsrbrc.supabase.co/rest/v1/duel_stats?select=%2A "HTTP/2 200 OK"
2026-05-10 09:30:59,042 | INFO     | ✅ Дані з Supabase завантажено
2026-05-10 09:31:00,597 | SUCCESS  | 🎉 Усі файли cogs успішно завантажені!
2026-05-10 09:31:03,793 | INFO     | ⏳ Бот готовий, цикли запущено
2026-05-10 09:31:03,794 | INFO     | ⏳ Бот готовий, цикли запущено
2026-05-10 09:31:03,794 | SUCCESS  | 🤖 Бот `Void Sentinel UA#9123` успішно запущений (ID: 1442600551593541773)
2026-05-10 09:31:03,795 | INFO     | 🛡 Сервер: Тест сервер | ID: 1448692483054632982 | Учасників: 4
2026-05-10 09:31:03,795 | INFO     | 🛡 Сервер: Тест Сервер | ID: 1502786263068053585 | Учасників: 3
2026-05-10 09:31:47,403 | INFO     | HTTP Request: POST https://jqphrrikzkntcyzsrbrc.supabase.co/rest/v1/active_duels?on_conflict=%D0%98%D0%B3%D1%80%D0%BE%D0%BA+1&on_conflict=%D0%98%D0%B3%D1%80%D0%BE%D0%BA+2 "HTTP/2 200 OK"
2026-05-10 09:31:47,404 | INFO     | 💾 Дуель [LOTD] Kraken_5491 vs [LOTD] Infinity збережена у Supabase
2026-05-10 09:31:47,736 | INFO     | 💠 Створено голосування: kraken_5491 vs infinite_5491 у каналі 💬чат-канал💬
2026-05-10 09:31:50,907 | WARNING  | infinite_5491 спробував проголосувати за свою дуель
2026-05-10 09:32:35,781 | INFO     | HTTP Request: POST https://jqphrrikzkntcyzsrbrc.supabase.co/rest/v1/active_duels?on_conflict=%D0%98%D0%B3%D1%80%D0%BE%D0%BA+1&on_conflict=%D0%98%D0%B3%D1%80%D0%BE%D0%BA+2 "HTTP/2 200 OK"
2026-05-10 09:32:35,782 | INFO     | 💾 Дуель [LOTD] Kraken_5491 vs [LOTD] Infinity збережена у Supabase
2026-05-10 09:32:36,038 | INFO     | HTTP Request: POST https://jqphrrikzkntcyzsrbrc.supabase.co/rest/v1/duel_stats?on_conflict=%D0%98%D0%B3%D1%80%D0%BE%D0%BA "HTTP/2 200 OK"
2026-05-10 09:32:36,288 | INFO     | HTTP Request: POST https://jqphrrikzkntcyzsrbrc.supabase.co/rest/v1/duel_stats?on_conflict=%D0%98%D0%B3%D1%80%D0%BE%D0%BA "HTTP/2 200 OK"
2026-05-10 09:32:36,290 | INFO     | 💾 Статистика гравців [LOTD] Kraken_5491 і [LOTD] Infinity збережена у Supabase
2026-05-10 09:32:47,099 | WARNING  | 🛑 Запуск зупинено вручну.
2026-05-10 09:32:59,472 | INFO     | ⚔️ ClanWarNotifications завантажено
2026-05-10 09:33:00,525 | INFO     | HTTP Request: GET https://jqphrrikzkntcyzsrbrc.supabase.co/rest/v1/active_duels?select=%2A "HTTP/2 200 OK"
2026-05-10 09:33:00,752 | INFO     | HTTP Request: GET https://jqphrrikzkntcyzsrbrc.supabase.co/rest/v1/duel_stats?select=%2A "HTTP/2 200 OK"
2026-05-10 09:33:00,753 | INFO     | ✅ Дані з Supabase завантажено
2026-05-10 09:33:02,357 | SUCCESS  | 🎉 Усі файли cogs успішно завантажені!
2026-05-10 09:33:05,575 | INFO     | ⏳ Бот готовий, цикли запущено
2026-05-10 09:33:05,576 | INFO     | ⏳ Бот готовий, цикли запущено
2026-05-10 09:33:05,576 | SUCCESS  | 🤖 Бот `Void Sentinel UA#9123` успішно запущений (ID: 1442600551593541773)
2026-05-10 09:33:05,576 | INFO     | 🛡 Сервер: Тест сервер | ID: 1448692483054632982 | Учасників: 4
2026-05-10 09:33:05,577 | INFO     | 🛡 Сервер: Тест Сервер | ID: 1502786263068053585 | Учасників: 3
2026-05-10 09:33:56,906 | SUCCESS  | Створено тимчасовий войс: - |🔊Вокс [LOTD] Kraken_5491🔊| - (kraken_5491)
2026-05-10 09:35:00,854 | WARNING  | 🛑 Запуск зупинено вручну.
2026-05-10 09:36:21,705 | INFO     | ⚔️ ClanWarNotifications завантажено
2026-05-10 09:36:23,128 | INFO     | HTTP Request: GET https://jqphrrikzkntcyzsrbrc.supabase.co/rest/v1/active_duels?select=%2A "HTTP/2 200 OK"
2026-05-10 09:36:23,356 | INFO     | HTTP Request: GET https://jqphrrikzkntcyzsrbrc.supabase.co/rest/v1/duel_stats?select=%2A "HTTP/2 200 OK"
2026-05-10 09:36:23,358 | INFO     | ✅ Дані з Supabase завантажено
2026-05-10 09:36:25,480 | SUCCESS  | 🎉 Усі файли cogs успішно завантажені!
2026-05-10 09:36:28,819 | INFO     | ⏳ Бот готовий, цикли запущено
2026-05-10 09:36:28,819 | INFO     | ⏳ Бот готовий, цикли запущено
2026-05-10 09:36:28,820 | SUCCESS  | 🤖 Бот `Void Sentinel UA#9123` успішно запущений (ID: 1442600551593541773)
2026-05-10 09:36:28,820 | INFO     | 🛡 Сервер: Тест сервер | ID: 1448692483054632982 | Учасників: 4
2026-05-10 09:36:28,820 | INFO     | 🛡 Сервер: Тест Сервер | ID: 1502786263068053585 | Учасників: 3
2026-05-10 09:36:29,504 | INFO     | 📢 Щоденний embed відправлено
2026-05-10 09:37:41,519 | WARNING  | 🛑 Запуск зупинено вручну.
