2025-10-23 02:06:34 | INFO     | HTTP Request: GET https://jqphrrikzkntcyzsrbrc.supabase.co/rest/v1/active_duels?select=%2A "HTTP/2 200 OK"
2025-10-23 02:06:34 | INFO     | HTTP Request: GET https://jqphrrikzkntcyzsrbrc.supabase.co/rest/v1/duel_stats?select=%2A "HTTP/2 200 OK"
2025-10-23 02:06:34 | INFO     | ✅ Данные из Supabase загружены
2025-10-23 02:06:34 | SUCCESS  | Загружен ID сообщения для ролей: 1416566500638330941
2025-10-23 02:06:36 | CRITICAL | ❌ Ошибки при загрузке модулей: cogs.general
2025-10-23 02:06:36 | ERROR    | 
--- Ошибка в `cogs.general` ---
Traceback (most recent call last):
  File "C:\Users\KLegi\AppData\Local\Python\pythoncore-3.14-64\Lib\site-packages\discord\ext\commands\bot.py", line 962, in _load_from_module_spec
    spec.loader.exec_module(lib)  # type: ignore
    ~~~~~~~~~~~~~~~~~~~~~~~^^^^^
  File "<frozen importlib._bootstrap_external>", line 762, in exec_module
  File "<frozen importlib._bootstrap>", line 491, in _call_with_frames_removed
  File "D:\Завантаження\Void-Sentinel-develop\cogs\general.py", line 6, in <module>
    import psutil
ModuleNotFoundError: No module named 'psutil'

The above exception was the direct cause of the following exception:

Traceback (most recent call last):
  File "D:\Завантаження\Void-Sentinel-develop\main.py", line 46, in load_cogs
    await bot.load_extension(cog)
  File "C:\Users\KLegi\AppData\Local\Python\pythoncore-3.14-64\Lib\site-packages\discord\ext\commands\bot.py", line 1040, in load_extension
    await self._load_from_module_spec(spec, name)
  File "C:\Users\KLegi\AppData\Local\Python\pythoncore-3.14-64\Lib\site-packages\discord\ext\commands\bot.py", line 965, in _load_from_module_spec
    raise errors.ExtensionFailed(key, e) from e
discord.ext.commands.errors.ExtensionFailed: Extension 'cogs.general' raised an error: ModuleNotFoundError: No module named 'psutil'

--- Конец ошибки ---
2025-10-23 02:06:39 | SUCCESS  | 🤖 Бот `Void Sentinel#5662` успешно запущен (ID: 1230464176745480254)
2025-10-23 02:06:39 | INFO     | 🛡 Сервер: Legion Of The Damned | ID: 828749346505490503 | Участников: 8
2025-10-23 02:06:39 | INFO     | 🛡 Сервер: Space_Marine 2RU | ID: 1118852004786225192 | Участников: 288
2025-10-23 02:06:39 | INFO     | 🛡 Сервер: winie's server | ID: 1335265286198263848 | Участников: 56
2025-10-23 02:06:39 | INFO     | 🛡 Сервер: Сервер користувача kraken_5491 | ID: 1411475618343686187 | Участников: 4
2025-10-23 02:06:40 | SUCCESS  | Сообщение верификации найдено, создание не требуется.
2025-10-23 02:06:40 | INFO     | Используем существующее сообщение с ID 1416566500638330941
2025-10-23 02:06:40 | SUCCESS  | Команды успешно синхронизированы
2025-10-23 02:06:40 | WARNING  | 🛑 Запуск остановлен вручную.
2025-10-23 02:09:11 | INFO     | HTTP Request: GET https://jqphrrikzkntcyzsrbrc.supabase.co/rest/v1/active_duels?select=%2A "HTTP/2 200 OK"
2025-10-23 02:09:11 | INFO     | HTTP Request: GET https://jqphrrikzkntcyzsrbrc.supabase.co/rest/v1/duel_stats?select=%2A "HTTP/2 200 OK"
2025-10-23 02:09:11 | INFO     | ✅ Данные из Supabase загружены
2025-10-23 02:09:12 | SUCCESS  | Загружен ID сообщения для ролей: 1416566500638330941
2025-10-23 02:09:13 | SUCCESS  | 🎉 Все файлы cogs успешно загружены!
2025-10-23 02:09:16 | WARNING  | 🛑 Запуск остановлен вручную.
2025-10-23 02:09:32 | INFO     | HTTP Request: GET https://jqphrrikzkntcyzsrbrc.supabase.co/rest/v1/active_duels?select=%2A "HTTP/2 200 OK"
2025-10-23 02:09:32 | INFO     | HTTP Request: GET https://jqphrrikzkntcyzsrbrc.supabase.co/rest/v1/duel_stats?select=%2A "HTTP/2 200 OK"
2025-10-23 02:09:32 | INFO     | ✅ Данные из Supabase загружены
2025-10-23 02:09:33 | SUCCESS  | Загружен ID сообщения для ролей: 1416566500638330941
2025-10-23 02:09:34 | SUCCESS  | 🎉 Все файлы cogs успешно загружены!
2025-10-23 02:09:37 | SUCCESS  | 🤖 Бот `Void Sentinel#5662` успешно запущен (ID: 1230464176745480254)
2025-10-23 02:09:37 | INFO     | 🛡 Сервер: Legion Of The Damned | ID: 828749346505490503 | Участников: 8
2025-10-23 02:09:37 | INFO     | 🛡 Сервер: Space_Marine 2RU | ID: 1118852004786225192 | Участников: 288
2025-10-23 02:09:37 | INFO     | 🛡 Сервер: winie's server | ID: 1335265286198263848 | Участников: 56
2025-10-23 02:09:37 | INFO     | 🛡 Сервер: Сервер користувача kraken_5491 | ID: 1411475618343686187 | Участников: 4
2025-10-23 02:09:37 | SUCCESS  | Сообщение верификации найдено, создание не требуется.
2025-10-23 02:09:37 | INFO     | Используем существующее сообщение с ID 1416566500638330941
2025-10-23 02:10:37 | WARNING  | 🛑 Запуск остановлен вручную.
2025-10-23 02:11:24 | INFO     | HTTP Request: GET https://jqphrrikzkntcyzsrbrc.supabase.co/rest/v1/active_duels?select=%2A "HTTP/2 200 OK"
2025-10-23 02:11:25 | INFO     | HTTP Request: GET https://jqphrrikzkntcyzsrbrc.supabase.co/rest/v1/duel_stats?select=%2A "HTTP/2 200 OK"
2025-10-23 02:11:25 | INFO     | ✅ Данные из Supabase загружены
2025-10-23 02:11:26 | SUCCESS  | Загружен ID сообщения для ролей: 1416566500638330941
2025-10-23 02:11:27 | SUCCESS  | 🎉 Все файлы cogs успешно загружены!
2025-10-23 02:11:30 | SUCCESS  | 🤖 Бот `Void Sentinel#5662` успешно запущен (ID: 1230464176745480254)
2025-10-23 02:11:30 | INFO     | 🛡 Сервер: Legion Of The Damned | ID: 828749346505490503 | Участников: 8
2025-10-23 02:11:30 | INFO     | 🛡 Сервер: Space_Marine 2RU | ID: 1118852004786225192 | Участников: 288
2025-10-23 02:11:30 | INFO     | 🛡 Сервер: winie's server | ID: 1335265286198263848 | Участников: 56
2025-10-23 02:11:30 | INFO     | 🛡 Сервер: Сервер користувача kraken_5491 | ID: 1411475618343686187 | Участников: 4
2025-10-23 02:11:30 | SUCCESS  | Сообщение верификации найдено, создание не требуется.
2025-10-23 02:11:30 | INFO     | Используем существующее сообщение с ID 1416566500638330941
2025-10-23 02:12:31 | SUCCESS  | Команды успешно синхронизированы
2025-10-23 02:16:10 | INFO     | Создана игра Монетка: kraken_5491 vs Void Sentinel#5662
2025-10-23 02:16:12 | INFO     | Игра создана: kraken_5491 vs Void Sentinel#5662, сообщение 1430696267306111020
2025-10-23 02:16:14 | INFO     | kraken_5491 выбрал орёл
2025-10-23 02:16:14 | INFO     | Void Sentinel#5662 автоматически выбрал орёл
2025-10-23 02:16:14 | INFO     | Ничья в игре Монетка: результат решка
2025-10-23 02:16:36 | INFO     | Создана игра Монетка: kraken_5491 vs Void Sentinel#5662
2025-10-23 02:16:36 | INFO     | Игра создана: kraken_5491 vs Void Sentinel#5662, сообщение 1430696370162897028
2025-10-23 02:16:38 | INFO     | kraken_5491 выбрал орёл
2025-10-23 02:16:38 | INFO     | Void Sentinel#5662 автоматически выбрал орёл
2025-10-23 02:16:38 | INFO     | Ничья в игре Монетка: результат решка
2025-10-23 02:16:58 | INFO     | Создана игра Монетка: kraken_5491 vs Void Sentinel#5662
2025-10-23 02:16:58 | INFO     | Игра создана: kraken_5491 vs Void Sentinel#5662, сообщение 1430696462588710912
2025-10-23 02:17:00 | INFO     | kraken_5491 выбрал орёл
2025-10-23 02:17:00 | INFO     | Void Sentinel#5662 автоматически выбрал орёл
2025-10-23 02:17:00 | INFO     | Ничья в игре Монетка: результат решка
2025-10-23 02:17:12 | INFO     | Создана игра Монетка: kraken_5491 vs Music Disc#0631
2025-10-23 02:17:12 | INFO     | Игра создана: kraken_5491 vs Music Disc#0631, сообщение 1430696522546417725
2025-10-23 02:17:17 | INFO     | kraken_5491 выбрал орёл
2025-10-23 02:17:17 | INFO     | Void Sentinel#5662 автоматически выбрал решка
2025-10-23 02:17:17 | SUCCESS  | kraken_5491 победил в игре Монетка (орёл)
2025-10-23 02:17:26 | INFO     | Создана игра Монетка: kraken_5491 vs Void Sentinel#5662
2025-10-23 02:17:27 | INFO     | Игра создана: kraken_5491 vs Void Sentinel#5662, сообщение 1430696582583685310
2025-10-23 02:17:29 | INFO     | kraken_5491 выбрал орёл
2025-10-23 02:17:29 | INFO     | Void Sentinel#5662 автоматически выбрал орёл
2025-10-23 02:17:29 | SUCCESS  | kraken_5491 победил в игре Монетка (орёл)
2025-10-23 02:17:36 | INFO     | Создана игра Монетка: kraken_5491 vs Void Sentinel#5662
2025-10-23 02:17:36 | INFO     | Игра создана: kraken_5491 vs Void Sentinel#5662, сообщение 1430696623163572304
2025-10-23 02:17:38 | INFO     | kraken_5491 выбрал решка
2025-10-23 02:17:38 | INFO     | Void Sentinel#5662 автоматически выбрал решка
2025-10-23 02:17:38 | SUCCESS  | kraken_5491 победил в игре Монетка (решка)
2025-10-23 14:37:57 | WARNING  | 🛑 Запуск остановлен вручную.
2025-10-23 14:38:07 | INFO     | HTTP Request: GET https://jqphrrikzkntcyzsrbrc.supabase.co/rest/v1/active_duels?select=%2A "HTTP/2 200 OK"
2025-10-23 14:38:08 | INFO     | HTTP Request: GET https://jqphrrikzkntcyzsrbrc.supabase.co/rest/v1/duel_stats?select=%2A "HTTP/2 200 OK"
2025-10-23 14:38:08 | INFO     | ✅ Данные из Supabase загружены
2025-10-23 14:38:08 | SUCCESS  | Загружен ID сообщения для ролей: 1416566500638330941
2025-10-23 14:38:09 | SUCCESS  | 🎉 Все файлы cogs успешно загружены!
2025-10-23 14:38:13 | SUCCESS  | 🤖 Бот `Void Sentinel#5662` успешно запущен (ID: 1230464176745480254)
2025-10-23 14:38:13 | INFO     | 🛡 Сервер: Legion Of The Damned | ID: 828749346505490503 | Участников: 8
2025-10-23 14:38:13 | INFO     | 🛡 Сервер: Space_Marine 2RU | ID: 1118852004786225192 | Участников: 288
2025-10-23 14:38:13 | INFO     | 🛡 Сервер: winie's server | ID: 1335265286198263848 | Участников: 56
2025-10-23 14:38:13 | INFO     | 🛡 Сервер: Сервер користувача kraken_5491 | ID: 1411475618343686187 | Участников: 4
2025-10-23 14:38:13 | INFO     | Используем существующее сообщение с ID 1416566500638330941
2025-10-23 14:38:13 | SUCCESS  | Сообщение верификации найдено, создание не требуется.
2025-10-23 14:39:13 | SUCCESS  | Команды успешно синхронизированы
2025-10-23 14:44:32 | WARNING  | 🛑 Запуск остановлен вручную.
2025-10-23 14:44:44 | INFO     | HTTP Request: GET https://jqphrrikzkntcyzsrbrc.supabase.co/rest/v1/active_duels?select=%2A "HTTP/2 200 OK"
2025-10-23 14:44:45 | INFO     | HTTP Request: GET https://jqphrrikzkntcyzsrbrc.supabase.co/rest/v1/duel_stats?select=%2A "HTTP/2 200 OK"
2025-10-23 14:44:45 | INFO     | ✅ Данные из Supabase загружены
2025-10-23 14:44:45 | SUCCESS  | Загружен ID сообщения для ролей: 1416566500638330941
2025-10-23 14:44:47 | SUCCESS  | 🎉 Все файлы cogs успешно загружены!
2025-10-23 14:44:51 | SUCCESS  | 🤖 Бот `Void Sentinel#5662` успешно запущен (ID: 1230464176745480254)
2025-10-23 14:44:51 | INFO     | 🛡 Сервер: Legion Of The Damned | ID: 828749346505490503 | Участников: 8
2025-10-23 14:44:51 | INFO     | 🛡 Сервер: Space_Marine 2RU | ID: 1118852004786225192 | Участников: 288
2025-10-23 14:44:51 | INFO     | 🛡 Сервер: winie's server | ID: 1335265286198263848 | Участников: 56
2025-10-23 14:44:51 | INFO     | 🛡 Сервер: Сервер користувача kraken_5491 | ID: 1411475618343686187 | Участников: 4
2025-10-23 14:44:51 | SUCCESS  | Сообщение верификации найдено, создание не требуется.
2025-10-23 14:44:51 | INFO     | Используем существующее сообщение с ID 1416566500638330941
2025-10-23 14:45:51 | SUCCESS  | Команды успешно синхронизированы
2025-10-23 14:51:20 | INFO     | HTTP Request: GET https://jqphrrikzkntcyzsrbrc.supabase.co/rest/v1/active_duels?select=%2A "HTTP/2 200 OK"
2025-10-23 14:51:21 | INFO     | HTTP Request: GET https://jqphrrikzkntcyzsrbrc.supabase.co/rest/v1/duel_stats?select=%2A "HTTP/2 200 OK"
2025-10-23 14:51:21 | INFO     | ✅ Данные из Supabase загружены
2025-10-23 14:51:22 | SUCCESS  | Загружен ID сообщения для ролей: 1416566500638330941
2025-10-23 14:51:23 | SUCCESS  | 🎉 Все файлы cogs успешно загружены!
2025-10-23 14:51:28 | WARNING  | 🛑 Запуск остановлен вручную.
2025-10-23 14:51:43 | INFO     | HTTP Request: GET https://jqphrrikzkntcyzsrbrc.supabase.co/rest/v1/active_duels?select=%2A "HTTP/2 200 OK"
2025-10-23 14:51:44 | INFO     | HTTP Request: GET https://jqphrrikzkntcyzsrbrc.supabase.co/rest/v1/duel_stats?select=%2A "HTTP/2 200 OK"
2025-10-23 14:51:44 | INFO     | ✅ Данные из Supabase загружены
2025-10-23 14:51:45 | SUCCESS  | Загружен ID сообщения для ролей: 1416566500638330941
2025-10-23 14:51:47 | SUCCESS  | 🎉 Все файлы cogs успешно загружены!
2025-10-23 14:51:50 | SUCCESS  | 🤖 Бот `Void Sentinel#5662` успешно запущен (ID: 1230464176745480254)
2025-10-23 14:51:50 | INFO     | 🛡 Сервер: Legion Of The Damned | ID: 828749346505490503 | Участников: 8
2025-10-23 14:51:50 | INFO     | 🛡 Сервер: Space_Marine 2RU | ID: 1118852004786225192 | Участников: 288
2025-10-23 14:51:50 | INFO     | 🛡 Сервер: winie's server | ID: 1335265286198263848 | Участников: 56
2025-10-23 14:51:50 | INFO     | 🛡 Сервер: Сервер користувача kraken_5491 | ID: 1411475618343686187 | Участников: 4
2025-10-23 14:51:50 | INFO     | Используем существующее сообщение с ID 1416566500638330941
2025-10-23 14:51:50 | SUCCESS  | Сообщение верификации найдено, создание не требуется.
2025-10-23 14:52:50 | SUCCESS  | Команды успешно синхронизированы
2025-10-23 14:52:58 | WARNING  | 🛑 Запуск остановлен вручную.
2025-10-23 14:53:50 | INFO     | HTTP Request: GET https://jqphrrikzkntcyzsrbrc.supabase.co/rest/v1/active_duels?select=%2A "HTTP/2 200 OK"
2025-10-23 14:53:50 | INFO     | HTTP Request: GET https://jqphrrikzkntcyzsrbrc.supabase.co/rest/v1/duel_stats?select=%2A "HTTP/2 200 OK"
2025-10-23 14:53:50 | INFO     | ✅ Данные из Supabase загружены
2025-10-23 14:53:51 | SUCCESS  | Загружен ID сообщения для ролей: 1416566500638330941
2025-10-23 14:53:53 | SUCCESS  | 🎉 Все файлы cogs успешно загружены!
2025-10-23 14:53:57 | SUCCESS  | 🤖 Бот `Void Sentinel#5662` успешно запущен (ID: 1230464176745480254)
2025-10-23 14:53:57 | INFO     | 🛡 Сервер: Legion Of The Damned | ID: 828749346505490503 | Участников: 8
2025-10-23 14:53:57 | INFO     | 🛡 Сервер: Space_Marine 2RU | ID: 1118852004786225192 | Участников: 288
2025-10-23 14:53:57 | INFO     | 🛡 Сервер: winie's server | ID: 1335265286198263848 | Участников: 56
2025-10-23 14:53:57 | INFO     | 🛡 Сервер: Сервер користувача kraken_5491 | ID: 1411475618343686187 | Участников: 4
2025-10-23 14:53:57 | SUCCESS  | Сообщение верификации найдено, создание не требуется.
2025-10-23 14:53:57 | INFO     | Используем существующее сообщение с ID 1416566500638330941
2025-10-23 14:54:02 | WARNING  | 🛑 Запуск остановлен вручную.
2025-10-23 14:56:40 | INFO     | HTTP Request: GET https://jqphrrikzkntcyzsrbrc.supabase.co/rest/v1/active_duels?select=%2A "HTTP/2 200 OK"
2025-10-23 14:56:40 | INFO     | HTTP Request: GET https://jqphrrikzkntcyzsrbrc.supabase.co/rest/v1/duel_stats?select=%2A "HTTP/2 200 OK"
2025-10-23 14:56:40 | INFO     | ✅ Данные из Supabase загружены
2025-10-23 14:56:41 | SUCCESS  | Загружен ID сообщения для ролей: 1416566500638330941
2025-10-23 14:56:43 | SUCCESS  | 🎉 Все файлы cogs успешно загружены!
2025-10-23 14:56:47 | SUCCESS  | 🤖 Бот `Void Sentinel#5662` успешно запущен (ID: 1230464176745480254)
2025-10-23 14:56:47 | INFO     | 🛡 Сервер: Legion Of The Damned | ID: 828749346505490503 | Участников: 8
2025-10-23 14:56:47 | INFO     | 🛡 Сервер: Space_Marine 2RU | ID: 1118852004786225192 | Участников: 288
2025-10-23 14:56:47 | INFO     | 🛡 Сервер: winie's server | ID: 1335265286198263848 | Участников: 56
2025-10-23 14:56:47 | INFO     | 🛡 Сервер: Сервер користувача kraken_5491 | ID: 1411475618343686187 | Участников: 4
2025-10-23 14:56:47 | INFO     | Используем существующее сообщение с ID 1416566500638330941
2025-10-23 14:56:47 | SUCCESS  | Сообщение верификации найдено, создание не требуется.
2025-10-23 14:57:47 | SUCCESS  | Команды успешно синхронизированы
2025-10-23 14:57:47 | WARNING  | 🛑 Запуск остановлен вручную.
2025-10-23 15:03:54 | INFO     | HTTP Request: GET https://jqphrrikzkntcyzsrbrc.supabase.co/rest/v1/active_duels?select=%2A "HTTP/2 200 OK"
2025-10-23 15:03:54 | INFO     | HTTP Request: GET https://jqphrrikzkntcyzsrbrc.supabase.co/rest/v1/duel_stats?select=%2A "HTTP/2 200 OK"
2025-10-23 15:03:54 | INFO     | ✅ Данные из Supabase загружены
2025-10-23 15:03:56 | SUCCESS  | Загружен ID сообщения для ролей: 1416566500638330941
2025-10-23 15:03:58 | SUCCESS  | 🎉 Все файлы cogs успешно загружены!
2025-10-23 15:04:01 | SUCCESS  | 🤖 Бот `Void Sentinel#5662` успешно запущен (ID: 1230464176745480254)
2025-10-23 15:04:01 | INFO     | 🛡 Сервер: Legion Of The Damned | ID: 828749346505490503 | Участников: 8
2025-10-23 15:04:01 | INFO     | 🛡 Сервер: Space_Marine 2RU | ID: 1118852004786225192 | Участников: 288
2025-10-23 15:04:01 | INFO     | 🛡 Сервер: winie's server | ID: 1335265286198263848 | Участников: 56
2025-10-23 15:04:01 | INFO     | 🛡 Сервер: Сервер користувача kraken_5491 | ID: 1411475618343686187 | Участников: 4
2025-10-23 15:04:01 | SUCCESS  | Сообщение верификации найдено, создание не требуется.
2025-10-23 15:04:02 | INFO     | Используем существующее сообщение с ID 1416566500638330941
2025-10-23 15:05:02 | SUCCESS  | Команды успешно синхронизированы
2025-10-23 15:18:14 | INFO     | HTTP Request: GET https://jqphrrikzkntcyzsrbrc.supabase.co/rest/v1/active_duels?select=%2A "HTTP/2 200 OK"
2025-10-23 15:18:15 | INFO     | HTTP Request: GET https://jqphrrikzkntcyzsrbrc.supabase.co/rest/v1/duel_stats?select=%2A "HTTP/2 200 OK"
2025-10-23 15:18:15 | INFO     | ✅ Данные из Supabase загружены
2025-10-23 15:18:20 | SUCCESS  | Загружен ID сообщения для ролей: 1416566500638330941
2025-10-23 15:18:27 | SUCCESS  | 🎉 Все файлы cogs успешно загружены!
2025-10-23 15:18:32 | SUCCESS  | 🤖 Бот `Void Sentinel#5662` успешно запущен (ID: 1230464176745480254)
2025-10-23 15:18:32 | INFO     | 🛡 Сервер: Legion Of The Damned | ID: 828749346505490503 | Участников: 8
2025-10-23 15:18:32 | INFO     | 🛡 Сервер: Space_Marine 2RU | ID: 1118852004786225192 | Участников: 288
2025-10-23 15:18:32 | INFO     | 🛡 Сервер: winie's server | ID: 1335265286198263848 | Участников: 56
2025-10-23 15:18:32 | INFO     | 🛡 Сервер: Сервер користувача kraken_5491 | ID: 1411475618343686187 | Участников: 4
2025-10-23 15:18:33 | SUCCESS  | Сообщение верификации найдено, создание не требуется.
2025-10-23 15:18:33 | INFO     | Используем существующее сообщение с ID 1416566500638330941
2025-10-23 15:19:33 | SUCCESS  | Команды успешно синхронизированы
2025-10-23 19:40:35 | WARNING  | 🛑 Запуск остановлен вручную.
2025-10-23 19:40:53 | INFO     | HTTP Request: GET https://jqphrrikzkntcyzsrbrc.supabase.co/rest/v1/active_duels?select=%2A "HTTP/2 200 OK"
2025-10-23 19:40:53 | INFO     | HTTP Request: GET https://jqphrrikzkntcyzsrbrc.supabase.co/rest/v1/duel_stats?select=%2A "HTTP/2 200 OK"
2025-10-23 19:40:53 | INFO     | ✅ Данные из Supabase загружены
2025-10-23 19:40:55 | SUCCESS  | Загружен ID сообщения для ролей: 1416566500638330941
2025-10-23 19:40:56 | SUCCESS  | 🎉 Все файлы cogs успешно загружены!
2025-10-23 19:41:00 | SUCCESS  | 🤖 Бот `Void Sentinel#5662` успешно запущен (ID: 1230464176745480254)
2025-10-23 19:41:00 | INFO     | 🛡 Сервер: Legion Of The Damned | ID: 828749346505490503 | Участников: 8
2025-10-23 19:41:00 | INFO     | 🛡 Сервер: Space_Marine 2RU | ID: 1118852004786225192 | Участников: 288
2025-10-23 19:41:00 | INFO     | 🛡 Сервер: winie's server | ID: 1335265286198263848 | Участников: 56
2025-10-23 19:41:00 | INFO     | 🛡 Сервер: Сервер користувача kraken_5491 | ID: 1411475618343686187 | Участников: 4
2025-10-23 19:41:00 | SUCCESS  | Сообщение верификации найдено, создание не требуется.
2025-10-23 19:41:00 | INFO     | Используем существующее сообщение с ID 1416566500638330941
2025-10-23 19:42:00 | SUCCESS  | Команды успешно синхронизированы
2025-10-23 21:39:27 | INFO     | Создана игра Монетка: kraken_5491 vs Void Sentinel#5662
2025-10-23 21:39:32 | INFO     | Игра создана: kraken_5491 vs Void Sentinel#5662, сообщение 1430989013858123896
2025-10-23 21:39:43 | INFO     | kraken_5491 выбрал решка
2025-10-23 21:39:43 | INFO     | Void Sentinel#5662 автоматически выбрал решка
2025-10-23 21:39:43 | SUCCESS  | kraken_5491 победил в игре Монетка (решка)
2025-10-23 21:43:59 | INFO     | Создана игра Монетка: kraken_5491 vs Void Sentinel#5662
2025-10-23 21:44:03 | INFO     | Игра создана: kraken_5491 vs Void Sentinel#5662, сообщение 1430990162019750106
2025-10-23 21:44:06 | INFO     | kraken_5491 выбрал орёл
2025-10-23 21:44:06 | INFO     | Void Sentinel#5662 автоматически выбрал орёл
2025-10-23 21:44:06 | SUCCESS  | kraken_5491 победил в игре Монетка (орёл)
2025-10-24 07:49:20 | WARNING  | 🛑 Запуск остановлен вручную.
