2026-06-08 09:53:42,174 | ERROR    | ⚠️ Ошибка загрузки данных из Supabase: [Errno 11001] getaddrinfo failed
2026-06-08 09:53:48,531 | INFO     | ⚔️ ClanWarNotifications загружен
2026-06-08 09:53:48,808 | SUCCESS  | 🎉 Все файлы cogs успешно загружены!
2026-06-08 09:53:53,378 | SUCCESS  | 🤖 Бот `Void Sentinel#5662` успешно запущен (ID: 1230464176745480254)
2026-06-08 09:53:53,481 | INFO     | 🛡 Сервер: Legion Of The Damned | ID: 828749346505490503 | Участников: 53
2026-06-08 09:53:53,643 | INFO     | 🛡 Сервер: Space_Marine 2RU | ID: 1118852004786225192 | Участников: 258
2026-06-08 09:53:53,807 | INFO     | 🛡 Сервер: winie's server | ID: 1335265286198263848 | Участников: 47
2026-06-08 09:53:53,984 | INFO     | 🛡 Сервер: Legion of Iron Hands | ID: 1411434026966716428 | Участников: 5
2026-06-08 09:53:54,181 | INFO     | 🛡 Сервер: Тест сервер | ID: 1448692483054632982 | Участников: 4
2026-06-08 11:18:59,829 | ERROR    | ⚠️ Ошибка загрузки данных из Supabase: [Errno 11001] getaddrinfo failed
2026-06-08 11:19:03,175 | INFO     | ⚔️ ClanWarNotifications загружен
2026-06-08 11:19:03,248 | SUCCESS  | 🎉 Все файлы cogs успешно загружены!
2026-06-08 11:19:07,565 | SUCCESS  | 🤖 Бот `Void Sentinel#5662` успешно запущен (ID: 1230464176745480254)
2026-06-08 11:19:07,605 | INFO     | 🛡 Сервер: Legion Of The Damned | ID: 828749346505490503 | Участников: 53
2026-06-08 11:19:07,691 | INFO     | 🛡 Сервер: Space_Marine 2RU | ID: 1118852004786225192 | Участников: 258
2026-06-08 11:19:07,781 | INFO     | 🛡 Сервер: winie's server | ID: 1335265286198263848 | Участников: 47
2026-06-08 11:19:07,895 | INFO     | 🛡 Сервер: Legion of Iron Hands | ID: 1411434026966716428 | Участников: 5
2026-06-08 11:19:07,970 | INFO     | 🛡 Сервер: Тест сервер | ID: 1448692483054632982 | Участников: 4
2026-06-08 12:04:22,096 | INFO     | dimon_2239 (1100438041249714246) зашёл на сервер Legion Of The Damned
2026-06-08 12:04:22,674 | INFO     | Webhook создан: 💬чат-канал💬 (1400948760632098816)
2026-06-08 12:04:22,964 | INFO     | ✅ Отправлено приветствие dimon_2239 (1100438041249714246)
2026-06-08 12:04:23,305 | INFO     | Webhook удалён: 💬чат-канал💬 (1400948760632098816)
2026-06-08 12:04:45,119 | INFO     | ЛС отправлено дима
2026-06-08 12:49:00,452 | INFO     | 📩 Заявка начата: dimon_2239 (1100438041249714246)
2026-06-08 12:50:55,609 | DEBUG    | Ответ получен: есть 3 года нету конфликтов
2026-06-08 12:51:05,827 | DEBUG    | Ответ получен: хз
2026-06-08 12:51:18,660 | DEBUG    | Ответ получен: много
2026-06-08 12:51:38,052 | DEBUG    | Ответ получен: терплю
2026-06-08 12:51:45,978 | DEBUG    | Ответ получен: в любое
2026-06-08 12:51:51,412 | DEBUG    | Ответ получен: гильзы
2026-06-08 12:51:57,437 | DEBUG    | Ответ получен: киев
2026-06-08 12:52:13,565 | DEBUG    | Ответ получен: 17
2026-06-08 12:52:15,175 | SUCCESS  | 📨 Заявка отправлена: dimon_2239
2026-06-08 12:52:16,210 | INFO     | 📢 Уведомлён: kraken_5491
2026-06-08 12:52:16,211 | WARNING  | Роль не найдена: 1429978575347519610
2026-06-08 12:52:24,372 | SUCCESS  | Заявка одобрена: dimon_2239
2026-06-08 13:21:53,910 | ERROR    | ⚠️ Ошибка загрузки данных из Supabase: [Errno 11001] getaddrinfo failed
2026-06-08 13:21:56,919 | INFO     | ⚔️ ClanWarNotifications загружен
2026-06-08 13:21:57,048 | SUCCESS  | 🎉 Все файлы cogs успешно загружены!
2026-06-08 13:22:01,089 | SUCCESS  | 🤖 Бот `Void Sentinel#5662` успешно запущен (ID: 1230464176745480254)
2026-06-08 13:22:01,121 | INFO     | 🛡 Сервер: Legion Of The Damned | ID: 828749346505490503 | Участников: 54
2026-06-08 13:22:01,122 | INFO     | 🛡 Сервер: Space_Marine 2RU | ID: 1118852004786225192 | Участников: 258
2026-06-08 13:22:01,123 | INFO     | 🛡 Сервер: winie's server | ID: 1335265286198263848 | Участников: 47
2026-06-08 13:22:01,123 | INFO     | 🛡 Сервер: Legion of Iron Hands | ID: 1411434026966716428 | Участников: 5
2026-06-08 13:22:01,124 | INFO     | 🛡 Сервер: Тест сервер | ID: 1448692483054632982 | Участников: 4
2026-06-08 13:23:47,183 | INFO     | 📩 Заявка начата: to4chka228 (1377344553111257100)
2026-06-08 13:24:20,573 | DEBUG    | Ответ получен: Я прошу  у тимейта инфу или как минимум на радар и догадываюсь как бы я сделал
2026-06-08 13:24:36,605 | DEBUG    | Ответ получен: в дискорд сервере в любом канале
2026-06-08 13:25:01,984 | DEBUG    | Ответ получен: 10
2026-06-08 13:25:45,469 | DEBUG    | Ответ получен: просто немного горит пукан и потом у тихомиуюсь в фарме денег на домашних локациях
2026-06-08 13:25:55,484 | DEBUG    | Ответ получен: в день
2026-06-08 13:26:21,666 | DEBUG    | Ответ получен: Понять коково играть вместе с другими людьми и понять коково ето клан
2026-06-08 13:26:57,866 | DEBUG    | Ответ получен: украина часовой пояс киев
2026-06-08 13:27:11,648 | DEBUG    | Ответ получен: 09.07.2011
2026-06-08 13:27:13,208 | SUCCESS  | 📨 Заявка отправлена: to4chka228
2026-06-08 13:27:14,052 | INFO     | 📢 Уведомлён: kraken_5491
2026-06-08 13:27:14,053 | WARNING  | Роль не найдена: 1429978575347519610
2026-06-08 13:27:22,025 | SUCCESS  | Заявка одобрена: to4chka228
2026-06-08 14:40:58,007 | INFO     | skifi7896 (1033383000148279458) зашёл на сервер Legion Of The Damned
2026-06-08 14:40:58,824 | INFO     | Webhook создан: 💬чат-канал💬 (1400948760632098816)
2026-06-08 14:40:59,167 | INFO     | ✅ Отправлено приветствие skifi7896 (1033383000148279458)
2026-06-08 14:40:59,475 | INFO     | Webhook удалён: 💬чат-канал💬 (1400948760632098816)
2026-06-08 14:41:16,189 | INFO     | ЛС отправлено Faust
2026-06-08 14:42:11,666 | SUCCESS  | Создан временный войс: - |🔊Вокс [LOTD] Teshekular🔊| - (teshekular_46636)
2026-06-08 14:53:56,293 | INFO     | 📩 Заявка начата: skifi7896 (1033383000148279458)
2026-06-08 14:57:15,681 | DEBUG    | Ответ получен: Да, опыт есть. Конфиликты решаються в зависимости от поведения человека, его высказываний и т.д. Изредка по приципу "Как в его голову доходит"
2026-06-08 14:57:30,872 | DEBUG    | Ответ получен: Простыми табами в канале клана
2026-06-08 14:58:40,814 | DEBUG    | Ответ получен: На турнирах готов быть почти всегда. Потасовки не приносят азарта и стремления как-то играть.
2026-06-08 14:59:12,271 | DEBUG    | Ответ получен: Если дано - то не избежать.
2026-06-08 15:00:01,802 | DEBUG    | Ответ получен: Как всем. Только если голд дропы идут на "Забаф для состава" - я могу сидеть на самобаффе
2026-06-08 15:00:33,363 | DEBUG    | Ответ получен: Игра ради игры.
2026-06-08 15:00:41,970 | DEBUG    | Ответ получен: бубс
2026-06-08 15:00:57,788 | DEBUG    | Ответ получен: Не понимаю к чему этот вопрос
2026-06-08 15:01:00,719 | SUCCESS  | 📨 Заявка отправлена: skifi7896
2026-06-08 15:01:01,723 | INFO     | 📢 Уведомлён: kraken_5491
2026-06-08 15:01:01,723 | WARNING  | Роль не найдена: 1429978575347519610
2026-06-08 15:01:08,908 | SUCCESS  | Заявка одобрена: skifi7896
2026-06-08 15:11:56,343 | SUCCESS  | Удалён пустой войс: 1513508440360751124
2026-06-08 15:13:07,700 | SUCCESS  | Создан временный войс: - |🔊Вокс [LOTD] Vasiliu🔊| - (d._sterben)
2026-06-08 15:29:48,014 | SUCCESS  | Удалён пустой войс: 1513516224032804924
2026-06-08 18:38:12,472 | INFO     | 006847. (1162441705581182997) зашёл на сервер Legion Of The Damned
2026-06-08 18:38:12,987 | INFO     | Webhook создан: 💬чат-канал💬 (1400948760632098816)
2026-06-08 18:38:13,366 | INFO     | ✅ Отправлено приветствие 006847. (1162441705581182997)
2026-06-08 18:38:13,683 | INFO     | Webhook удалён: 💬чат-канал💬 (1400948760632098816)
2026-06-08 18:38:48,940 | INFO     | ЛС отправлено Andrey'
2026-06-08 19:08:44,049 | INFO     | 📩 Заявка начата: 006847. (1162441705581182997)
2026-06-08 19:10:12,399 | DEBUG    | Ответ получен: опыт в команде есть
2026-06-08 19:10:41,365 | DEBUG    | Ответ получен: рассылкой в ДС
2026-06-08 19:11:03,616 | DEBUG    | Ответ получен: в целом каждый вечер
2026-06-08 19:11:26,946 | DEBUG    | Ответ получен: лучше готовлючь
2026-06-08 19:11:44,226 | DEBUG    | Ответ получен: после 7-8 венчера
2026-06-08 19:11:55,265 | DEBUG    | Ответ получен: заработок и развитие акка
2026-06-08 19:12:17,870 | DEBUG    | Ответ получен: Славянск, Киеское время
2026-06-08 19:12:31,851 | DEBUG    | Ответ получен: 05.07.2002
2026-06-08 19:12:33,505 | SUCCESS  | 📨 Заявка отправлена: 006847.
2026-06-08 19:12:34,120 | INFO     | 📢 Уведомлён: kraken_5491
2026-06-08 19:12:34,120 | WARNING  | Роль не найдена: 1429978575347519610
2026-06-08 19:12:46,220 | SUCCESS  | Заявка одобрена: 006847.
2026-06-08 20:01:44,420 | WARNING  | Роль 1418038359129063585 не найдена на Space_Marine 2RU
2026-06-08 20:30:01,093 | INFO     | 📊 DM 2026-06-08 | sent=0 failed=0
2026-06-08 20:50:01,115 | INFO     | 📊 DM 2026-06-08 | sent=0 failed=0
2026-06-08 21:00:01,103 | INFO     | 📊 DM 2026-06-08 | sent=0 failed=0
2026-06-08 23:00:45,054 | ERROR    | ⚠️ Ошибка загрузки данных из Supabase: [Errno 11001] getaddrinfo failed
2026-06-08 23:00:47,041 | INFO     | ⚔️ ClanWarNotifications загружен
2026-06-08 23:00:47,074 | SUCCESS  | 🎉 Все файлы cogs успешно загружены!
2026-06-08 23:00:50,967 | SUCCESS  | 🤖 Бот `Void Sentinel#5662` успешно запущен (ID: 1230464176745480254)
2026-06-08 23:00:50,968 | INFO     | 🛡 Сервер: Legion Of The Damned | ID: 828749346505490503 | Участников: 56
2026-06-08 23:00:51,235 | INFO     | 🛡 Сервер: Space_Marine 2RU | ID: 1118852004786225192 | Участников: 258
2026-06-08 23:00:51,241 | INFO     | 🛡 Сервер: winie's server | ID: 1335265286198263848 | Участников: 47
2026-06-08 23:00:51,255 | INFO     | 🛡 Сервер: Legion of Iron Hands | ID: 1411434026966716428 | Участников: 5
2026-06-08 23:00:51,261 | INFO     | 🛡 Сервер: Тест сервер | ID: 1448692483054632982 | Участников: 4
2026-06-08 23:32:03,074 | ERROR    | ⚠️ Ошибка загрузки данных из Supabase: [Errno 11001] getaddrinfo failed
2026-06-08 23:32:06,339 | INFO     | ⚔️ ClanWarNotifications загружен
2026-06-08 23:32:06,382 | SUCCESS  | 🎉 Все файлы cogs успешно загружены!
2026-06-08 23:32:10,552 | SUCCESS  | 🤖 Бот `Void Sentinel#5662` успешно запущен (ID: 1230464176745480254)
2026-06-08 23:32:10,667 | INFO     | 🛡 Сервер: Legion Of The Damned | ID: 828749346505490503 | Участников: 56
2026-06-08 23:32:10,891 | INFO     | 🛡 Сервер: Space_Marine 2RU | ID: 1118852004786225192 | Участников: 258
2026-06-08 23:32:10,948 | INFO     | 🛡 Сервер: winie's server | ID: 1335265286198263848 | Участников: 47
2026-06-08 23:32:11,015 | INFO     | 🛡 Сервер: Legion of Iron Hands | ID: 1411434026966716428 | Участников: 5
2026-06-08 23:32:11,066 | INFO     | 🛡 Сервер: Тест сервер | ID: 1448692483054632982 | Участников: 4
2026-06-09 04:11:18,599 | WARNING  | Роль 1418038359129063585 не найдена на Space_Marine 2RU
2026-06-09 07:49:35,442 | WARNING  | 🛑 Запуск остановлен вручную.
