2026-05-19 10:28:31,919 | INFO     | HTTP Request: GET https://jqphrrikzkntcyzsrbrc.supabase.co/rest/v1/active_duels?select=%2A "HTTP/2 200 OK"
2026-05-19 10:28:32,093 | INFO     | HTTP Request: GET https://jqphrrikzkntcyzsrbrc.supabase.co/rest/v1/duel_stats?select=%2A "HTTP/2 200 OK"
2026-05-19 10:28:32,095 | INFO     | ✅ Данные из Supabase загружены
2026-05-19 10:28:32,927 | INFO     | ⚔️ ClanWarNotifications загружен
2026-05-19 10:28:34,195 | SUCCESS  | 🎉 Все файлы cogs успешно загружены!
2026-05-19 10:28:37,820 | SUCCESS  | 🤖 Бот `Void Sentinel#5662` успешно запущен (ID: 1230464176745480254)
2026-05-19 10:28:37,821 | INFO     | 🛡 Сервер: Legion Of The Damned | ID: 828749346505490503 | Участников: 59
2026-05-19 10:28:37,822 | INFO     | 🛡 Сервер: Space_Marine 2RU | ID: 1118852004786225192 | Участников: 259
2026-05-19 10:28:37,822 | INFO     | 🛡 Сервер: winie's server | ID: 1335265286198263848 | Участников: 47
2026-05-19 10:28:37,823 | INFO     | 🛡 Сервер: Legion of Iron Hands | ID: 1411434026966716428 | Участников: 5
2026-05-19 10:28:37,823 | INFO     | 🛡 Сервер: Тест сервер | ID: 1448692483054632982 | Участников: 4
2026-05-19 13:07:36,991 | SUCCESS  | Создан временный войс: - |🔊Вокс [LOTD] Wertuoz🔊| - (tankist_tolko_natural.)
2026-05-19 13:10:23,969 | SUCCESS  | Заявка одобрена: nrp228
2026-05-19 13:10:25,770 | SUCCESS  | Заявка одобрена: distruptormtw
2026-05-19 13:10:45,233 | WARNING  | Заявка отклонена: kraken_5491
2026-05-19 13:10:53,880 | SUCCESS  | Заявка одобрена: kraken_5491
2026-05-19 13:59:13,067 | SUCCESS  | Удалён пустой войс: 1506236885033553985
2026-05-19 20:07:28,846 | INFO     | HTTP Request: GET https://jqphrrikzkntcyzsrbrc.supabase.co/rest/v1/active_duels?select=%2A "HTTP/2 200 OK"
2026-05-19 20:07:29,057 | INFO     | HTTP Request: GET https://jqphrrikzkntcyzsrbrc.supabase.co/rest/v1/duel_stats?select=%2A "HTTP/2 200 OK"
2026-05-19 20:07:29,059 | INFO     | ✅ Данные из Supabase загружены
2026-05-19 20:07:29,934 | INFO     | ⚔️ ClanWarNotifications загружен
2026-05-19 20:07:31,295 | SUCCESS  | 🎉 Все файлы cogs успешно загружены!
2026-05-19 20:07:34,889 | SUCCESS  | 🤖 Бот `Void Sentinel#5662` успешно запущен (ID: 1230464176745480254)
2026-05-19 20:07:34,889 | INFO     | 🛡 Сервер: Legion Of The Damned | ID: 828749346505490503 | Участников: 59
2026-05-19 20:07:34,890 | INFO     | 🛡 Сервер: Space_Marine 2RU | ID: 1118852004786225192 | Участников: 259
2026-05-19 20:07:34,891 | INFO     | 🛡 Сервер: winie's server | ID: 1335265286198263848 | Участников: 47
2026-05-19 20:07:34,891 | INFO     | 🛡 Сервер: Legion of Iron Hands | ID: 1411434026966716428 | Участников: 5
2026-05-19 20:07:34,891 | INFO     | 🛡 Сервер: Тест сервер | ID: 1448692483054632982 | Участников: 4
2026-05-19 20:20:49,996 | SUCCESS  | Создан временный войс: - |🔊Вокс [LOTD] Wertuoz🔊| - (tankist_tolko_natural.)
2026-05-19 20:30:34,899 | INFO     | 📩 Рассылка 2026-05-19: ⚔️ Сетка КВ началась!
2026-05-19 20:43:28,016 | INFO     | poker6852 (777093107464142888) зашёл на сервер Legion Of The Damned
2026-05-19 20:43:28,490 | INFO     | Webhook создан: 💬чат-канал💬 (1400948760632098816)
2026-05-19 20:43:28,741 | INFO     | ✅ Отправлено приветствие poker6852 (777093107464142888)
2026-05-19 20:43:29,120 | INFO     | Webhook удалён: 💬чат-канал💬 (1400948760632098816)
2026-05-19 20:43:50,440 | INFO     | ЛС отправлено [LOTD] MR_Poker
2026-05-19 20:44:10,373 | INFO     | 📩 Заявка начата: poker6852 (777093107464142888)
2026-05-19 20:44:44,681 | WARNING  | Попытка повторной заявки: poker6852
2026-05-19 20:48:49,603 | DEBUG    | Ответ получен: Играл в пару мини кланах,конфликти решаю по нейтральности,выслушиваю 2 стороны и решаю
2026-05-19 20:50:04,633 | DEBUG    | Ответ получен: через канал
2026-05-19 20:50:15,223 | DEBUG    | Ответ получен: 21
2026-05-19 20:50:29,283 | DEBUG    | Ответ получен: на поражения всёравно
2026-05-19 20:50:34,893 | INFO     | 📩 Рассылка 2026-05-19: ⏳ До начала КВ осталось 10 минут!
2026-05-19 20:50:42,353 | DEBUG    | Ответ получен: ночь
2026-05-19 20:50:56,188 | DEBUG    | Ответ получен: улудшение навыков
2026-05-19 20:51:03,417 | DEBUG    | Ответ получен: укр по киеву
2026-05-19 20:51:28,453 | DEBUG    | Ответ получен: 06.10.2008
2026-05-19 20:51:30,092 | SUCCESS  | 📨 Заявка отправлена: poker6852
2026-05-19 20:51:31,143 | INFO     | 📢 Уведомлён: kraken_5491
2026-05-19 20:51:31,143 | WARNING  | Роль не найдена: 1429978575347519610
2026-05-19 20:51:45,523 | SUCCESS  | Заявка одобрена: poker6852
2026-05-19 21:00:34,912 | INFO     | 📩 Рассылка 2026-05-19: 🔥 КВ НАЧАЛОСЬ!
2026-05-19 21:07:53,501 | WARNING  | 🛑 Запуск остановлен вручную.
2026-05-19 21:14:24,174 | INFO     | HTTP Request: GET https://jqphrrikzkntcyzsrbrc.supabase.co/rest/v1/active_duels?select=%2A "HTTP/2 200 OK"
2026-05-19 21:14:24,351 | INFO     | HTTP Request: GET https://jqphrrikzkntcyzsrbrc.supabase.co/rest/v1/duel_stats?select=%2A "HTTP/2 200 OK"
2026-05-19 21:14:24,352 | INFO     | ✅ Данные из Supabase загружены
2026-05-19 21:14:25,135 | INFO     | ⚔️ ClanWarNotifications загружен
2026-05-19 21:14:26,081 | SUCCESS  | 🎉 Все файлы cogs успешно загружены!
2026-05-19 21:14:29,994 | SUCCESS  | 🤖 Бот `Void Sentinel#5662` успешно запущен (ID: 1230464176745480254)
2026-05-19 21:14:29,995 | INFO     | 🛡 Сервер: Legion Of The Damned | ID: 828749346505490503 | Участников: 60
2026-05-19 21:14:29,995 | INFO     | 🛡 Сервер: Space_Marine 2RU | ID: 1118852004786225192 | Участников: 259
2026-05-19 21:14:29,995 | INFO     | 🛡 Сервер: winie's server | ID: 1335265286198263848 | Участников: 47
2026-05-19 21:14:29,997 | INFO     | 🛡 Сервер: Legion of Iron Hands | ID: 1411434026966716428 | Участников: 5
2026-05-19 21:14:29,997 | INFO     | 🛡 Сервер: Тест сервер | ID: 1448692483054632982 | Участников: 4
2026-05-19 21:14:48,049 | WARNING  | 🛑 Запуск остановлен вручную.
2026-05-19 21:17:01,191 | INFO     | HTTP Request: GET https://jqphrrikzkntcyzsrbrc.supabase.co/rest/v1/active_duels?select=%2A "HTTP/2 200 OK"
2026-05-19 21:17:01,535 | INFO     | HTTP Request: GET https://jqphrrikzkntcyzsrbrc.supabase.co/rest/v1/duel_stats?select=%2A "HTTP/2 200 OK"
2026-05-19 21:17:01,537 | INFO     | ✅ Данные из Supabase загружены
2026-05-19 21:17:02,342 | INFO     | ⚔️ ClanWarNotifications загружен
2026-05-19 21:17:03,816 | SUCCESS  | 🎉 Все файлы cogs успешно загружены!
2026-05-19 21:17:07,315 | SUCCESS  | 🤖 Бот `Void Sentinel#5662` успешно запущен (ID: 1230464176745480254)
2026-05-19 21:17:07,315 | INFO     | 🛡 Сервер: Legion Of The Damned | ID: 828749346505490503 | Участников: 60
2026-05-19 21:17:07,316 | INFO     | 🛡 Сервер: Space_Marine 2RU | ID: 1118852004786225192 | Участников: 259
2026-05-19 21:17:07,316 | INFO     | 🛡 Сервер: winie's server | ID: 1335265286198263848 | Участников: 47
2026-05-19 21:17:07,318 | INFO     | 🛡 Сервер: Legion of Iron Hands | ID: 1411434026966716428 | Участников: 5
2026-05-19 21:17:07,319 | INFO     | 🛡 Сервер: Тест сервер | ID: 1448692483054632982 | Участников: 4
2026-05-19 21:17:14,809 | WARNING  | 🛑 Запуск остановлен вручную.
2026-05-19 21:23:37,223 | INFO     | HTTP Request: GET https://jqphrrikzkntcyzsrbrc.supabase.co/rest/v1/active_duels?select=%2A "HTTP/2 200 OK"
2026-05-19 21:23:37,478 | INFO     | HTTP Request: GET https://jqphrrikzkntcyzsrbrc.supabase.co/rest/v1/duel_stats?select=%2A "HTTP/2 200 OK"
2026-05-19 21:23:37,480 | INFO     | ✅ Данные из Supabase загружены
2026-05-19 21:23:38,726 | INFO     | 🧹 Старые подписки КВ очищены
2026-05-19 21:23:38,727 | INFO     | ⚔️ ClanWarNotifications загружен
2026-05-19 21:23:39,879 | SUCCESS  | 🎉 Все файлы cogs успешно загружены!
2026-05-19 21:23:43,545 | SUCCESS  | 🤖 Бот `Void Sentinel#5662` успешно запущен (ID: 1230464176745480254)
2026-05-19 21:23:43,565 | INFO     | 🛡 Сервер: Legion Of The Damned | ID: 828749346505490503 | Участников: 60
2026-05-19 21:23:43,567 | INFO     | 🛡 Сервер: Space_Marine 2RU | ID: 1118852004786225192 | Участников: 259
2026-05-19 21:23:43,570 | INFO     | 🛡 Сервер: winie's server | ID: 1335265286198263848 | Участников: 47
2026-05-19 21:23:43,574 | INFO     | 🛡 Сервер: Legion of Iron Hands | ID: 1411434026966716428 | Участников: 5
2026-05-19 21:23:43,575 | INFO     | 🛡 Сервер: Тест сервер | ID: 1448692483054632982 | Участников: 4
2026-05-19 21:23:50,221 | INFO     | 📩 kraken_5491 записался на 2026-05-19
2026-05-19 21:24:03,399 | WARNING  | 🛑 Запуск остановлен вручную.
2026-05-19 21:34:03,452 | INFO     | HTTP Request: GET https://jqphrrikzkntcyzsrbrc.supabase.co/rest/v1/active_duels?select=%2A "HTTP/2 200 OK"
2026-05-19 21:34:03,681 | INFO     | HTTP Request: GET https://jqphrrikzkntcyzsrbrc.supabase.co/rest/v1/duel_stats?select=%2A "HTTP/2 200 OK"
2026-05-19 21:34:03,683 | INFO     | ✅ Данные из Supabase загружены
2026-05-19 21:34:04,640 | INFO     | 📦 подписки КВ загружены
2026-05-19 21:34:04,641 | INFO     | ⚔️ ClanWarNotifications загружен
2026-05-19 21:34:05,847 | SUCCESS  | 🎉 Все файлы cogs успешно загружены!
2026-05-19 21:34:09,659 | SUCCESS  | 🤖 Бот `Void Sentinel#5662` успешно запущен (ID: 1230464176745480254)
2026-05-19 21:34:09,659 | INFO     | 🛡 Сервер: Legion Of The Damned | ID: 828749346505490503 | Участников: 60
2026-05-19 21:34:09,660 | INFO     | 🛡 Сервер: Space_Marine 2RU | ID: 1118852004786225192 | Участников: 259
2026-05-19 21:34:09,660 | INFO     | 🛡 Сервер: winie's server | ID: 1335265286198263848 | Участников: 47
2026-05-19 21:34:09,661 | INFO     | 🛡 Сервер: Legion of Iron Hands | ID: 1411434026966716428 | Участников: 5
2026-05-19 21:34:09,661 | INFO     | 🛡 Сервер: Тест сервер | ID: 1448692483054632982 | Участников: 4
2026-05-19 21:34:10,223 | INFO     | 📢 объявление КВ 2026-05-19 отправлено
2026-05-19 21:34:22,689 | WARNING  | 🛑 Запуск остановлен вручную.
2026-05-19 21:34:30,345 | INFO     | HTTP Request: GET https://jqphrrikzkntcyzsrbrc.supabase.co/rest/v1/active_duels?select=%2A "HTTP/2 200 OK"
2026-05-19 21:34:30,571 | INFO     | HTTP Request: GET https://jqphrrikzkntcyzsrbrc.supabase.co/rest/v1/duel_stats?select=%2A "HTTP/2 200 OK"
2026-05-19 21:34:30,572 | INFO     | ✅ Данные из Supabase загружены
2026-05-19 21:34:31,288 | INFO     | 📦 подписки КВ загружены
2026-05-19 21:34:31,288 | INFO     | ⚔️ ClanWarNotifications загружен
2026-05-19 21:34:32,219 | SUCCESS  | 🎉 Все файлы cogs успешно загружены!
2026-05-19 21:34:36,030 | SUCCESS  | 🤖 Бот `Void Sentinel#5662` успешно запущен (ID: 1230464176745480254)
2026-05-19 21:34:36,030 | INFO     | 🛡 Сервер: Legion Of The Damned | ID: 828749346505490503 | Участников: 60
2026-05-19 21:34:36,030 | INFO     | 🛡 Сервер: Space_Marine 2RU | ID: 1118852004786225192 | Участников: 259
2026-05-19 21:34:36,031 | INFO     | 🛡 Сервер: winie's server | ID: 1335265286198263848 | Участников: 47
2026-05-19 21:34:36,031 | INFO     | 🛡 Сервер: Legion of Iron Hands | ID: 1411434026966716428 | Участников: 5
2026-05-19 21:34:36,031 | INFO     | 🛡 Сервер: Тест сервер | ID: 1448692483054632982 | Участников: 4
2026-05-19 21:34:36,523 | INFO     | 📢 объявление КВ 2026-05-19 отправлено
2026-05-19 21:34:41,022 | WARNING  | 🛑 Запуск остановлен вручную.
2026-05-19 21:35:31,095 | INFO     | HTTP Request: GET https://jqphrrikzkntcyzsrbrc.supabase.co/rest/v1/active_duels?select=%2A "HTTP/2 200 OK"
2026-05-19 21:35:31,273 | INFO     | HTTP Request: GET https://jqphrrikzkntcyzsrbrc.supabase.co/rest/v1/duel_stats?select=%2A "HTTP/2 200 OK"
2026-05-19 21:35:31,275 | INFO     | ✅ Данные из Supabase загружены
2026-05-19 21:35:32,030 | INFO     | 📦 подписки КВ загружены
2026-05-19 21:35:32,030 | INFO     | ⚔️ ClanWarNotifications загружен
2026-05-19 21:35:32,953 | SUCCESS  | 🎉 Все файлы cogs успешно загружены!
2026-05-19 21:35:36,503 | SUCCESS  | 🤖 Бот `Void Sentinel#5662` успешно запущен (ID: 1230464176745480254)
2026-05-19 21:35:36,503 | INFO     | 🛡 Сервер: Legion Of The Damned | ID: 828749346505490503 | Участников: 60
2026-05-19 21:35:36,504 | INFO     | 🛡 Сервер: Space_Marine 2RU | ID: 1118852004786225192 | Участников: 259
2026-05-19 21:35:36,504 | INFO     | 🛡 Сервер: winie's server | ID: 1335265286198263848 | Участников: 47
2026-05-19 21:35:36,504 | INFO     | 🛡 Сервер: Legion of Iron Hands | ID: 1411434026966716428 | Участников: 5
2026-05-19 21:35:36,505 | INFO     | 🛡 Сервер: Тест сервер | ID: 1448692483054632982 | Участников: 4
2026-05-19 21:35:36,952 | INFO     | 📢 объявление КВ 2026-05-19 отправлено
2026-05-19 21:36:05,649 | INFO     | 📩 повторная подписка kraken_5491 -> 2026-05-19
2026-05-19 21:37:36,518 | INFO     | 📩 рассылка КВ 2026-05-19 запущена
2026-05-19 21:37:37,472 | INFO     | 📨 отправлено 818235533602848768 (kraken_5491) -> 2026-05-19
2026-05-19 21:37:37,784 | INFO     | 📊 рассылка завершена 2026-05-19 | отправлено: 1 | ошибок: 0
2026-05-19 21:39:36,509 | INFO     | 📩 рассылка КВ 2026-05-19 запущена
2026-05-19 21:39:37,069 | INFO     | 📨 отправлено 818235533602848768 (kraken_5491) -> 2026-05-19
2026-05-19 21:39:37,387 | INFO     | 📊 рассылка завершена 2026-05-19 | отправлено: 1 | ошибок: 0
2026-05-19 21:40:34,391 | INFO     | 🚫 попытка отписки без подписки big_tokin
2026-05-19 21:41:03,507 | WARNING  | 🛑 Запуск остановлен вручную.
2026-05-19 21:48:36,859 | INFO     | HTTP Request: GET https://jqphrrikzkntcyzsrbrc.supabase.co/rest/v1/active_duels?select=%2A "HTTP/2 200 OK"
2026-05-19 21:48:37,120 | INFO     | HTTP Request: GET https://jqphrrikzkntcyzsrbrc.supabase.co/rest/v1/duel_stats?select=%2A "HTTP/2 200 OK"
2026-05-19 21:48:37,123 | INFO     | ✅ Данные из Supabase загружены
2026-05-19 21:48:37,969 | INFO     | 📦 подписки КВ загружены
2026-05-19 21:48:37,970 | INFO     | ⚔️ ClanWarNotifications загружен
2026-05-19 21:48:38,935 | SUCCESS  | 🎉 Все файлы cogs успешно загружены!
2026-05-19 21:48:43,033 | SUCCESS  | 🤖 Бот `Void Sentinel#5662` успешно запущен (ID: 1230464176745480254)
2026-05-19 21:48:43,034 | INFO     | 🛡 Сервер: Legion Of The Damned | ID: 828749346505490503 | Участников: 60
2026-05-19 21:48:43,034 | INFO     | 🛡 Сервер: Space_Marine 2RU | ID: 1118852004786225192 | Участников: 259
2026-05-19 21:48:43,035 | INFO     | 🛡 Сервер: winie's server | ID: 1335265286198263848 | Участников: 47
2026-05-19 21:48:43,035 | INFO     | 🛡 Сервер: Legion of Iron Hands | ID: 1411434026966716428 | Участников: 5
2026-05-19 21:48:43,036 | INFO     | 🛡 Сервер: Тест сервер | ID: 1448692483054632982 | Участников: 4
2026-05-19 21:48:43,659 | INFO     | 📢 объявление КВ 2026-05-19 отправлено
2026-05-19 21:48:49,506 | INFO     | 📩 повторная подписка kraken_5491 -> 2026-05-19
2026-05-19 21:52:07,830 | INFO     | parabellumrus (892084391097032754) вышел [leave]
2026-05-19 21:52:08,258 | INFO     | Webhook создан: 👥новенькие👋 (1288612070442401893)
2026-05-19 21:52:08,534 | INFO     | ✅ Уход parabellumrus (892084391097032754) [leave]
2026-05-19 21:52:09,124 | INFO     | Webhook удалён: 👥новенькие👋 (1288612070442401893)
2026-05-19 21:55:21,145 | WARNING  | 🛑 Запуск остановлен вручную.
2026-05-19 21:56:07,780 | INFO     | HTTP Request: GET https://jqphrrikzkntcyzsrbrc.supabase.co/rest/v1/active_duels?select=%2A "HTTP/2 200 OK"
2026-05-19 21:56:08,012 | INFO     | HTTP Request: GET https://jqphrrikzkntcyzsrbrc.supabase.co/rest/v1/duel_stats?select=%2A "HTTP/2 200 OK"
2026-05-19 21:56:08,013 | INFO     | ✅ Данные из Supabase загружены
2026-05-19 21:56:08,929 | INFO     | 📦 подписки КВ загружены
2026-05-19 21:56:08,929 | INFO     | ⚔️ ClanWarNotifications загружен
2026-05-19 21:56:10,143 | SUCCESS  | 🎉 Все файлы cogs успешно загружены!
2026-05-19 21:56:13,996 | SUCCESS  | 🤖 Бот `Void Sentinel#5662` успешно запущен (ID: 1230464176745480254)
2026-05-19 21:56:13,997 | INFO     | 🛡 Сервер: Legion Of The Damned | ID: 828749346505490503 | Участников: 60
2026-05-19 21:56:13,997 | INFO     | 🛡 Сервер: Space_Marine 2RU | ID: 1118852004786225192 | Участников: 258
2026-05-19 21:56:13,997 | INFO     | 🛡 Сервер: winie's server | ID: 1335265286198263848 | Участников: 47
2026-05-19 21:56:13,998 | INFO     | 🛡 Сервер: Legion of Iron Hands | ID: 1411434026966716428 | Участников: 5
2026-05-19 21:56:13,998 | INFO     | 🛡 Сервер: Тест сервер | ID: 1448692483054632982 | Участников: 4
2026-05-19 21:56:14,002 | INFO     | 📩 рассылка КВ 2026-05-19 запущена
2026-05-19 21:56:14,002 | INFO     | 📊 рассылка завершена 2026-05-19 | отправлено: 0 | ошибок: 0
2026-05-19 21:56:14,548 | INFO     | 📢 объявление КВ 2026-05-19 отправлено
2026-05-19 21:56:17,283 | INFO     | 📩 подписка kraken_5491 -> 2026-05-19
2026-05-19 21:57:14,013 | INFO     | 📩 рассылка КВ 2026-05-19 запущена
2026-05-19 21:57:14,805 | INFO     | 📨 ЛС отправлено | user=kraken_5491 | id=818235533602848768 | cw=2026-05-19 | msg='⏳ До КВ осталось 10 минут!'
2026-05-19 21:57:15,131 | INFO     | 📊 рассылка завершена 2026-05-19 | отправлено: 1 | ошибок: 0
2026-05-19 21:57:29,029 | WARNING  | 🛑 Запуск остановлен вручную.
2026-05-19 22:05:01,231 | INFO     | HTTP Request: GET https://jqphrrikzkntcyzsrbrc.supabase.co/rest/v1/active_duels?select=%2A "HTTP/2 200 OK"
2026-05-19 22:05:01,417 | INFO     | HTTP Request: GET https://jqphrrikzkntcyzsrbrc.supabase.co/rest/v1/duel_stats?select=%2A "HTTP/2 200 OK"
2026-05-19 22:05:01,419 | INFO     | ✅ Данные из Supabase загружены
2026-05-19 22:05:02,202 | INFO     | 📦 подписки КВ загружены
2026-05-19 22:05:02,202 | INFO     | ⚔️ ClanWarNotifications загружен
2026-05-19 22:05:03,294 | SUCCESS  | 🎉 Все файлы cogs успешно загружены!
2026-05-19 22:05:06,859 | SUCCESS  | 🤖 Бот `Void Sentinel#5662` успешно запущен (ID: 1230464176745480254)
2026-05-19 22:05:06,860 | INFO     | 🛡 Сервер: Legion Of The Damned | ID: 828749346505490503 | Участников: 60
2026-05-19 22:05:06,860 | INFO     | 🛡 Сервер: Space_Marine 2RU | ID: 1118852004786225192 | Участников: 258
2026-05-19 22:05:06,860 | INFO     | 🛡 Сервер: winie's server | ID: 1335265286198263848 | Участников: 47
2026-05-19 22:05:06,861 | INFO     | 🛡 Сервер: Legion of Iron Hands | ID: 1411434026966716428 | Участников: 5
2026-05-19 22:05:06,861 | INFO     | 🛡 Сервер: Тест сервер | ID: 1448692483054632982 | Участников: 4
2026-05-19 22:05:15,376 | WARNING  | 🛑 Запуск остановлен вручную.
2026-05-19 22:17:12,410 | INFO     | HTTP Request: GET https://jqphrrikzkntcyzsrbrc.supabase.co/rest/v1/active_duels?select=%2A "HTTP/2 200 OK"
2026-05-19 22:17:12,646 | INFO     | HTTP Request: GET https://jqphrrikzkntcyzsrbrc.supabase.co/rest/v1/duel_stats?select=%2A "HTTP/2 200 OK"
2026-05-19 22:17:12,647 | INFO     | ✅ Данные из Supabase загружены
2026-05-19 22:17:14,017 | INFO     | 📦 подписки КВ загружены
2026-05-19 22:17:14,021 | INFO     | ⚔️ ClanWarNotifications загружен
2026-05-19 22:17:16,445 | SUCCESS  | 🎉 Все файлы cogs успешно загружены!
2026-05-19 22:17:20,552 | SUCCESS  | 🤖 Бот `Void Sentinel#5662` успешно запущен (ID: 1230464176745480254)
2026-05-19 22:17:20,554 | INFO     | 🛡 Сервер: Legion Of The Damned | ID: 828749346505490503 | Участников: 60
2026-05-19 22:17:20,557 | INFO     | 🛡 Сервер: Space_Marine 2RU | ID: 1118852004786225192 | Участников: 258
2026-05-19 22:17:20,558 | INFO     | 🛡 Сервер: winie's server | ID: 1335265286198263848 | Участников: 47
2026-05-19 22:17:20,559 | INFO     | 🛡 Сервер: Legion of Iron Hands | ID: 1411434026966716428 | Участников: 5
2026-05-19 22:17:20,560 | INFO     | 🛡 Сервер: Тест сервер | ID: 1448692483054632982 | Участников: 4
2026-05-19 22:17:21,066 | INFO     | 📢 объявление КВ 2026-05-19 отправлено
2026-05-19 22:17:24,564 | WARNING  | 📩 повторная подписка kraken_5491 -> 2026-05-19
2026-05-19 22:18:20,555 | INFO     | 📩 рассылка КВ 2026-05-19 запущена
2026-05-19 22:18:21,442 | SUCCESS  | 📨 ЛС отправлено | user=kraken_5491 | id=818235533602848768 | cw=2026-05-19 | msg='⚔️ Сетка КВ началась!'
2026-05-19 22:18:21,755 | INFO     | 📊 рассылка завершена 2026-05-19 | отправлено: 1 | ошибок: 0
2026-05-19 22:19:20,549 | INFO     | 📩 рассылка КВ 2026-05-19 запущена
2026-05-19 22:19:21,282 | WARNING  | 🚫 попытка отписки без подписки big_tokin
2026-05-19 22:19:21,493 | SUCCESS  | 📨 ЛС отправлено | user=kraken_5491 | id=818235533602848768 | cw=2026-05-19 | msg='⏳ До КВ осталось 10 минут!'
2026-05-19 22:19:21,817 | INFO     | 📊 рассылка завершена 2026-05-19 | отправлено: 1 | ошибок: 0
2026-05-19 22:20:20,555 | INFO     | 📩 рассылка КВ 2026-05-19 запущена
2026-05-19 22:20:21,155 | SUCCESS  | 📨 ЛС отправлено | user=kraken_5491 | id=818235533602848768 | cw=2026-05-19 | msg='🔥 КВ НАЧАЛОСЬ!'
2026-05-19 22:20:21,469 | INFO     | 📊 рассылка завершена 2026-05-19 | отправлено: 1 | ошибок: 0
2026-05-19 22:20:39,694 | WARNING  | 🛑 Запуск остановлен вручную.
2026-05-19 22:23:28,444 | INFO     | HTTP Request: GET https://jqphrrikzkntcyzsrbrc.supabase.co/rest/v1/active_duels?select=%2A "HTTP/2 200 OK"
2026-05-19 22:23:28,759 | INFO     | HTTP Request: GET https://jqphrrikzkntcyzsrbrc.supabase.co/rest/v1/duel_stats?select=%2A "HTTP/2 200 OK"
2026-05-19 22:23:28,887 | INFO     | ✅ Данные из Supabase загружены
2026-05-19 22:23:30,548 | INFO     | 📦 подписки КВ загружены
2026-05-19 22:23:30,548 | INFO     | ⚔️ ClanWarNotifications загружен
2026-05-19 22:23:32,424 | SUCCESS  | 🎉 Все файлы cogs успешно загружены!
2026-05-19 22:23:33,047 | WARNING  | 🛑 Запуск остановлен вручную.
2026-05-19 22:23:33,137 | ERROR    | Unclosed client session
client_session: <aiohttp.client.ClientSession object at 0x000001AB7DC50C50>
2026-05-19 22:25:32,347 | INFO     | HTTP Request: GET https://jqphrrikzkntcyzsrbrc.supabase.co/rest/v1/active_duels?select=%2A "HTTP/2 200 OK"
2026-05-19 22:25:32,714 | INFO     | HTTP Request: GET https://jqphrrikzkntcyzsrbrc.supabase.co/rest/v1/duel_stats?select=%2A "HTTP/2 200 OK"
2026-05-19 22:25:32,782 | INFO     | ✅ Данные из Supabase загружены
2026-05-19 22:25:34,484 | INFO     | 📦 подписки КВ загружены
2026-05-19 22:25:34,485 | INFO     | ⚔️ ClanWarNotifications загружен
2026-05-19 22:25:35,774 | SUCCESS  | 🎉 Все файлы cogs успешно загружены!
2026-05-19 22:25:40,094 | SUCCESS  | 🤖 Бот `Void Sentinel#5662` успешно запущен (ID: 1230464176745480254)
2026-05-19 22:25:40,109 | INFO     | 🛡 Сервер: Legion Of The Damned | ID: 828749346505490503 | Участников: 60
2026-05-19 22:25:40,114 | INFO     | 🛡 Сервер: Space_Marine 2RU | ID: 1118852004786225192 | Участников: 258
2026-05-19 22:25:40,117 | INFO     | 🛡 Сервер: winie's server | ID: 1335265286198263848 | Участников: 47
2026-05-19 22:25:40,141 | INFO     | 🛡 Сервер: Legion of Iron Hands | ID: 1411434026966716428 | Участников: 5
2026-05-19 22:25:40,143 | INFO     | 🛡 Сервер: Тест сервер | ID: 1448692483054632982 | Участников: 4
2026-05-19 22:25:40,648 | INFO     | 📢 объявление КВ 2026-05-19 отправлено
2026-05-19 22:25:49,454 | WARNING  | 🛑 Запуск остановлен вручную.
2026-05-19 22:26:17,689 | INFO     | HTTP Request: GET https://jqphrrikzkntcyzsrbrc.supabase.co/rest/v1/active_duels?select=%2A "HTTP/2 200 OK"
2026-05-19 22:26:17,905 | INFO     | HTTP Request: GET https://jqphrrikzkntcyzsrbrc.supabase.co/rest/v1/duel_stats?select=%2A "HTTP/2 200 OK"
2026-05-19 22:26:17,911 | INFO     | ✅ Данные из Supabase загружены
2026-05-19 22:26:18,843 | INFO     | 📦 подписки КВ загружены
2026-05-19 22:26:18,844 | INFO     | ⚔️ ClanWarNotifications загружен
2026-05-19 22:26:20,301 | SUCCESS  | 🎉 Все файлы cogs успешно загружены!
2026-05-19 22:26:25,069 | SUCCESS  | 🤖 Бот `Void Sentinel#5662` успешно запущен (ID: 1230464176745480254)
2026-05-19 22:26:25,070 | INFO     | 🛡 Сервер: Legion Of The Damned | ID: 828749346505490503 | Участников: 60
2026-05-19 22:26:25,070 | INFO     | 🛡 Сервер: Space_Marine 2RU | ID: 1118852004786225192 | Участников: 258
2026-05-19 22:26:25,070 | INFO     | 🛡 Сервер: winie's server | ID: 1335265286198263848 | Участников: 47
2026-05-19 22:26:25,070 | INFO     | 🛡 Сервер: Legion of Iron Hands | ID: 1411434026966716428 | Участников: 5
2026-05-19 22:26:25,071 | INFO     | 🛡 Сервер: Тест сервер | ID: 1448692483054632982 | Участников: 4
2026-05-19 22:26:25,655 | INFO     | 📢 объявление КВ 2026-05-19 отправлено
2026-05-19 22:26:33,998 | WARNING  | 🛑 Запуск остановлен вручную.
2026-05-19 22:29:13,374 | INFO     | HTTP Request: GET https://jqphrrikzkntcyzsrbrc.supabase.co/rest/v1/active_duels?select=%2A "HTTP/2 200 OK"
2026-05-19 22:29:13,560 | INFO     | HTTP Request: GET https://jqphrrikzkntcyzsrbrc.supabase.co/rest/v1/duel_stats?select=%2A "HTTP/2 200 OK"
2026-05-19 22:29:13,562 | INFO     | ✅ Данные из Supabase загружены
2026-05-19 22:29:14,563 | INFO     | 📦 подписки КВ загружены
2026-05-19 22:29:14,563 | INFO     | ⚔️ ClanWarNotifications загружен
2026-05-19 22:29:15,693 | SUCCESS  | 🎉 Все файлы cogs успешно загружены!
2026-05-19 22:29:19,142 | SUCCESS  | 🤖 Бот `Void Sentinel#5662` успешно запущен (ID: 1230464176745480254)
2026-05-19 22:29:19,143 | INFO     | 🛡 Сервер: Legion Of The Damned | ID: 828749346505490503 | Участников: 60
2026-05-19 22:29:19,143 | INFO     | 🛡 Сервер: Space_Marine 2RU | ID: 1118852004786225192 | Участников: 258
2026-05-19 22:29:19,143 | INFO     | 🛡 Сервер: winie's server | ID: 1335265286198263848 | Участников: 47
2026-05-19 22:29:19,144 | INFO     | 🛡 Сервер: Legion of Iron Hands | ID: 1411434026966716428 | Участников: 5
2026-05-19 22:29:19,144 | INFO     | 🛡 Сервер: Тест сервер | ID: 1448692483054632982 | Участников: 4
2026-05-19 22:29:19,567 | INFO     | 📢 объявление КВ 2026-05-19 отправлено
2026-05-19 22:29:31,073 | WARNING  | 🛑 Запуск остановлен вручную.
2026-05-19 22:32:01,373 | INFO     | HTTP Request: GET https://jqphrrikzkntcyzsrbrc.supabase.co/rest/v1/active_duels?select=%2A "HTTP/2 200 OK"
2026-05-19 22:32:01,560 | INFO     | HTTP Request: GET https://jqphrrikzkntcyzsrbrc.supabase.co/rest/v1/duel_stats?select=%2A "HTTP/2 200 OK"
2026-05-19 22:32:01,561 | INFO     | ✅ Данные из Supabase загружены
2026-05-19 22:32:03,296 | CRITICAL | ❌ Ошибки при загрузке модулей: cogs.clan_war
2026-05-19 22:32:03,297 | ERROR    | 
--- Ошибка в `cogs.clan_war` ---
Traceback (most recent call last):
  File "C:\Users\Kraken_5491\AppData\Local\Programs\Python\Python312\Lib\site-packages\discord\ext\commands\bot.py", line 962, in _load_from_module_spec
    spec.loader.exec_module(lib)  # type: ignore
    ^^^^^^^^^^^^^^^^^^^^^^^^^^^^
  File "<frozen importlib._bootstrap_external>", line 995, in exec_module
  File "<frozen importlib._bootstrap_external>", line 1133, in get_code
  File "<frozen importlib._bootstrap_external>", line 1063, in source_to_code
  File "<frozen importlib._bootstrap>", line 488, in _call_with_frames_removed
  File "C:\Users\Kraken_5491\Documents\Void-Sentinel-main\cogs\clan_war.py", line 90
    self.images = [
                   ^
IndentationError: unindent does not match any outer indentation level

The above exception was the direct cause of the following exception:

Traceback (most recent call last):
  File "C:\Users\Kraken_5491\Documents\Void-Sentinel-main\main.py", line 50, in load_cogs
    await bot.load_extension(cog)
  File "C:\Users\Kraken_5491\AppData\Local\Programs\Python\Python312\Lib\site-packages\discord\ext\commands\bot.py", line 1040, in load_extension
    await self._load_from_module_spec(spec, name)
  File "C:\Users\Kraken_5491\AppData\Local\Programs\Python\Python312\Lib\site-packages\discord\ext\commands\bot.py", line 965, in _load_from_module_spec
    raise errors.ExtensionFailed(key, e) from e
discord.ext.commands.errors.ExtensionFailed: Extension 'cogs.clan_war' raised an error: IndentationError: unindent does not match any outer indentation level (clan_war.py, line 90)

--- Конец ошибки ---
2026-05-19 22:32:06,523 | WARNING  | 🛑 Запуск остановлен вручную.
2026-05-19 22:33:41,156 | INFO     | HTTP Request: GET https://jqphrrikzkntcyzsrbrc.supabase.co/rest/v1/active_duels?select=%2A "HTTP/2 200 OK"
2026-05-19 22:33:41,405 | INFO     | HTTP Request: GET https://jqphrrikzkntcyzsrbrc.supabase.co/rest/v1/duel_stats?select=%2A "HTTP/2 200 OK"
2026-05-19 22:33:41,408 | INFO     | ✅ Данные из Supabase загружены
2026-05-19 22:33:43,057 | INFO     | ⚔️ ClanWarNotifications загружен
2026-05-19 22:33:44,322 | SUCCESS  | 🎉 Все файлы cogs успешно загружены!
2026-05-19 22:33:48,184 | SUCCESS  | 🤖 Бот `Void Sentinel#5662` успешно запущен (ID: 1230464176745480254)
2026-05-19 22:33:48,184 | INFO     | 🛡 Сервер: Legion Of The Damned | ID: 828749346505490503 | Участников: 60
2026-05-19 22:33:48,184 | INFO     | 🛡 Сервер: Space_Marine 2RU | ID: 1118852004786225192 | Участников: 258
2026-05-19 22:33:48,184 | INFO     | 🛡 Сервер: winie's server | ID: 1335265286198263848 | Участников: 47
2026-05-19 22:33:48,184 | INFO     | 🛡 Сервер: Legion of Iron Hands | ID: 1411434026966716428 | Участников: 5
2026-05-19 22:33:48,184 | INFO     | 🛡 Сервер: Тест сервер | ID: 1448692483054632982 | Участников: 4
2026-05-19 22:33:52,592 | WARNING  | 🛑 Запуск остановлен вручную.
2026-05-19 22:34:29,856 | INFO     | HTTP Request: GET https://jqphrrikzkntcyzsrbrc.supabase.co/rest/v1/active_duels?select=%2A "HTTP/2 200 OK"
2026-05-19 22:34:30,047 | INFO     | HTTP Request: GET https://jqphrrikzkntcyzsrbrc.supabase.co/rest/v1/duel_stats?select=%2A "HTTP/2 200 OK"
2026-05-19 22:34:30,048 | INFO     | ✅ Данные из Supabase загружены
2026-05-19 22:34:30,803 | INFO     | ⚔️ ClanWarNotifications загружен
2026-05-19 22:34:31,723 | SUCCESS  | 🎉 Все файлы cogs успешно загружены!
2026-05-19 22:34:37,458 | SUCCESS  | 🤖 Бот `Void Sentinel#5662` успешно запущен (ID: 1230464176745480254)
2026-05-19 22:34:37,459 | INFO     | 🛡 Сервер: Legion Of The Damned | ID: 828749346505490503 | Участников: 60
2026-05-19 22:34:37,459 | INFO     | 🛡 Сервер: Space_Marine 2RU | ID: 1118852004786225192 | Участников: 258
2026-05-19 22:34:37,459 | INFO     | 🛡 Сервер: winie's server | ID: 1335265286198263848 | Участников: 47
2026-05-19 22:34:37,460 | INFO     | 🛡 Сервер: Legion of Iron Hands | ID: 1411434026966716428 | Участников: 5
2026-05-19 22:34:37,460 | INFO     | 🛡 Сервер: Тест сервер | ID: 1448692483054632982 | Участников: 4
2026-05-19 22:34:44,865 | WARNING  | 🛑 Запуск остановлен вручную.
2026-05-19 22:35:40,039 | INFO     | HTTP Request: GET https://jqphrrikzkntcyzsrbrc.supabase.co/rest/v1/active_duels?select=%2A "HTTP/2 200 OK"
2026-05-19 22:35:40,217 | INFO     | HTTP Request: GET https://jqphrrikzkntcyzsrbrc.supabase.co/rest/v1/duel_stats?select=%2A "HTTP/2 200 OK"
2026-05-19 22:35:40,220 | INFO     | ✅ Данные из Supabase загружены
2026-05-19 22:35:41,678 | INFO     | ⚔️ ClanWarNotifications загружен
2026-05-19 22:35:43,336 | SUCCESS  | 🎉 Все файлы cogs успешно загружены!
2026-05-19 22:35:46,742 | SUCCESS  | 🤖 Бот `Void Sentinel#5662` успешно запущен (ID: 1230464176745480254)
2026-05-19 22:35:46,742 | INFO     | 🛡 Сервер: Legion Of The Damned | ID: 828749346505490503 | Участников: 60
2026-05-19 22:35:46,743 | INFO     | 🛡 Сервер: Space_Marine 2RU | ID: 1118852004786225192 | Участников: 258
2026-05-19 22:35:46,744 | INFO     | 🛡 Сервер: winie's server | ID: 1335265286198263848 | Участников: 47
2026-05-19 22:35:46,744 | INFO     | 🛡 Сервер: Legion of Iron Hands | ID: 1411434026966716428 | Участников: 5
2026-05-19 22:35:46,745 | INFO     | 🛡 Сервер: Тест сервер | ID: 1448692483054632982 | Участников: 4
2026-05-19 22:56:18,396 | WARNING  | 🛑 Запуск остановлен вручную.
2026-05-19 22:56:40,148 | INFO     | HTTP Request: GET https://jqphrrikzkntcyzsrbrc.supabase.co/rest/v1/active_duels?select=%2A "HTTP/2 200 OK"
2026-05-19 22:56:40,364 | INFO     | HTTP Request: GET https://jqphrrikzkntcyzsrbrc.supabase.co/rest/v1/duel_stats?select=%2A "HTTP/2 200 OK"
2026-05-19 22:56:40,371 | INFO     | ✅ Данные из Supabase загружены
2026-05-19 22:56:41,713 | INFO     | ⚔️ ClanWarNotifications загружен
2026-05-19 22:56:43,145 | SUCCESS  | 🎉 Все файлы cogs успешно загружены!
2026-05-19 22:56:47,665 | SUCCESS  | 🤖 Бот `Void Sentinel#5662` успешно запущен (ID: 1230464176745480254)
2026-05-19 22:56:47,665 | INFO     | 🛡 Сервер: Legion Of The Damned | ID: 828749346505490503 | Участников: 60
2026-05-19 22:56:47,666 | INFO     | 🛡 Сервер: Space_Marine 2RU | ID: 1118852004786225192 | Участников: 258
2026-05-19 22:56:47,667 | INFO     | 🛡 Сервер: winie's server | ID: 1335265286198263848 | Участников: 47
2026-05-19 22:56:47,669 | INFO     | 🛡 Сервер: Legion of Iron Hands | ID: 1411434026966716428 | Участников: 5
2026-05-19 22:56:47,669 | INFO     | 🛡 Сервер: Тест сервер | ID: 1448692483054632982 | Участников: 4
2026-05-19 22:57:55,642 | SUCCESS  | Создан временный войс: - |🔊Вокс [LOTD] Infinity🔊| - (infinite_5491)
2026-05-19 22:58:35,527 | SUCCESS  | Удалён пустой войс: 1506385438401888467
2026-05-19 23:02:33,732 | WARNING  | 🛑 Запуск остановлен вручную.
2026-05-19 23:02:45,662 | INFO     | HTTP Request: GET https://jqphrrikzkntcyzsrbrc.supabase.co/rest/v1/active_duels?select=%2A "HTTP/2 200 OK"
2026-05-19 23:02:45,882 | INFO     | HTTP Request: GET https://jqphrrikzkntcyzsrbrc.supabase.co/rest/v1/duel_stats?select=%2A "HTTP/2 200 OK"
2026-05-19 23:02:45,886 | INFO     | ✅ Данные из Supabase загружены
2026-05-19 23:02:47,135 | INFO     | ⚔️ ClanWarNotifications загружен
2026-05-19 23:02:48,609 | SUCCESS  | 🎉 Все файлы cogs успешно загружены!
2026-05-19 23:02:53,290 | SUCCESS  | 🤖 Бот `Void Sentinel#5662` успешно запущен (ID: 1230464176745480254)
2026-05-19 23:02:53,290 | INFO     | 🛡 Сервер: Legion Of The Damned | ID: 828749346505490503 | Участников: 60
2026-05-19 23:02:53,290 | INFO     | 🛡 Сервер: Space_Marine 2RU | ID: 1118852004786225192 | Участников: 258
2026-05-19 23:02:53,290 | INFO     | 🛡 Сервер: winie's server | ID: 1335265286198263848 | Участников: 47
2026-05-19 23:02:53,290 | INFO     | 🛡 Сервер: Legion of Iron Hands | ID: 1411434026966716428 | Участников: 5
2026-05-19 23:02:53,290 | INFO     | 🛡 Сервер: Тест сервер | ID: 1448692483054632982 | Участников: 4
2026-05-20 06:50:54,658 | WARNING  | Роль 1418038359129063585 не найдена на Space_Marine 2RU
2026-05-20 06:50:56,418 | WARNING  | Роль 1418038359129063585 не найдена на Space_Marine 2RU
2026-05-20 06:51:28,552 | WARNING  | Роль 1418038359129063585 не найдена на Space_Marine 2RU
2026-05-20 14:08:46,645 | WARNING  | Роль 1418038359129063585 не найдена на Тест сервер
2026-05-20 20:30:05,525 | INFO     | 📊 DM 2026-05-20 | sent=2 failed=0
2026-05-20 20:50:04,930 | INFO     | 📊 DM 2026-05-20 | sent=2 failed=0
2026-05-20 21:00:04,617 | INFO     | 📊 DM 2026-05-20 | sent=1 failed=0
2026-05-20 21:12:15,347 | SUCCESS  | Создан временный войс: - |🔊Вокс [LOTD] Wertuoz🔊| - (tankist_tolko_natural.)
2026-05-20 21:19:55,290 | SUCCESS  | Удалён пустой войс: 1506721232006025318
2026-05-20 22:01:54,352 | SUCCESS  | Создан временный войс: - |🔊Вокс [LOTD] Couepon🔊| - (big_tokin)
2026-05-21 00:29:43,853 | SUCCESS  | Удалён пустой войс: 1506733727336763442
2026-05-21 12:01:59,968 | INFO     | gabrieljudgeofhell1 (1024270052364664843) зашёл на сервер Legion Of The Damned
2026-05-21 12:02:01,025 | INFO     | Webhook создан: 💬чат-канал💬 (1400948760632098816)
2026-05-21 12:02:01,451 | INFO     | ✅ Отправлено приветствие gabrieljudgeofhell1 (1024270052364664843)
2026-05-21 12:02:01,689 | INFO     | Webhook удалён: 💬чат-канал💬 (1400948760632098816)
2026-05-21 15:02:46,424 | SUCCESS  | Создан временный войс: - |🔊Вокс [LOTD] Wertuoz🔊| - (tankist_tolko_natural.)
2026-05-21 20:30:06,108 | INFO     | 📊 DM 2026-05-21 | sent=2 failed=0
2026-05-21 20:33:24,172 | SUCCESS  | Создан временный войс: - |🔊Вокс [LOTD] ShErHaN/Шерха🔊| - (_military_4.5.0_corps_)
2026-05-21 20:50:04,912 | INFO     | 📊 DM 2026-05-21 | sent=2 failed=0
2026-05-21 20:50:54,029 | SUCCESS  | Удалён пустой войс: 1506990639240446162
2026-05-21 21:00:05,975 | INFO     | 📊 DM 2026-05-21 | sent=2 failed=0
2026-05-21 21:04:29,737 | SUCCESS  | Удалён пустой войс: 1507073845297811646
2026-05-21 22:16:15,265 | SUCCESS  | Создан временный войс: - |🔊Вокс [LOTD] ShErHaN/Шерха🔊| - (_military_4.5.0_corps_)
2026-05-21 22:30:33,707 | INFO     | _military_4.5.0_corps_ (708335382705602621) вышел [leave]
2026-05-21 22:30:34,382 | INFO     | Webhook создан: 💬чат-канал💬 (1400948760632098816)
2026-05-21 22:30:34,621 | INFO     | ✅ Уход _military_4.5.0_corps_ (708335382705602621) [leave]
2026-05-21 22:30:35,046 | INFO     | Webhook удалён: 💬чат-канал💬 (1400948760632098816)
2026-05-21 22:33:17,160 | SUCCESS  | Создан временный войс: - |🔊Вокс [LOTD] Wertuoz🔊| - (tankist_tolko_natural.)
2026-05-21 22:33:41,213 | SUCCESS  | Удалён пустой войс: 1507099728758702160
2026-05-21 23:04:26,549 | SUCCESS  | Удалён пустой войс: 1507104015643705496
2026-05-21 23:11:59,545 | INFO     | big_tokin (723406107120500788) вышел [ban]
2026-05-21 23:11:59,926 | INFO     | Webhook создан: 💬чат-канал💬 (1400948760632098816)
2026-05-21 23:12:00,154 | INFO     | ✅ Уход big_tokin (723406107120500788) [ban]
2026-05-21 23:12:00,518 | INFO     | Webhook удалён: 💬чат-канал💬 (1400948760632098816)
2026-05-21 23:12:08,904 | INFO     | piskastrui0547_56108 (1432818536417595465) вышел [ban]
2026-05-21 23:12:09,361 | INFO     | Webhook создан: 💬чат-канал💬 (1400948760632098816)
2026-05-21 23:12:09,596 | INFO     | ✅ Уход piskastrui0547_56108 (1432818536417595465) [ban]
2026-05-21 23:12:09,915 | INFO     | Webhook удалён: 💬чат-канал💬 (1400948760632098816)
2026-05-21 23:12:14,061 | INFO     | tankist_tolko_natural. (802851768371118090) вышел [ban]
2026-05-21 23:12:14,403 | INFO     | Webhook создан: 💬чат-канал💬 (1400948760632098816)
2026-05-21 23:12:14,654 | INFO     | ✅ Уход tankist_tolko_natural. (802851768371118090) [ban]
2026-05-21 23:12:14,908 | INFO     | Webhook удалён: 💬чат-канал💬 (1400948760632098816)
2026-05-21 23:12:19,645 | INFO     | karma341 (1044289830122700881) вышел [ban]
2026-05-21 23:12:20,075 | INFO     | Webhook создан: 💬чат-канал💬 (1400948760632098816)
2026-05-21 23:12:20,374 | INFO     | ✅ Уход karma341 (1044289830122700881) [ban]
2026-05-21 23:12:20,638 | INFO     | Webhook удалён: 💬чат-канал💬 (1400948760632098816)
2026-05-21 23:12:36,203 | INFO     | sergeyflow (843529884645982238) вышел [ban]
2026-05-21 23:12:36,706 | INFO     | Webhook создан: 💬чат-канал💬 (1400948760632098816)
2026-05-21 23:12:37,044 | INFO     | ✅ Уход sergeyflow (843529884645982238) [ban]
2026-05-21 23:12:37,368 | INFO     | Webhook удалён: 💬чат-канал💬 (1400948760632098816)
2026-05-21 23:12:48,676 | INFO     | masulmanee_1998_35876 (1261479564824154155) вышел [leave]
2026-05-21 23:12:48,983 | INFO     | Webhook создан: 💬чат-канал💬 (1400948760632098816)
2026-05-21 23:12:49,207 | INFO     | ✅ Уход masulmanee_1998_35876 (1261479564824154155) [leave]
2026-05-21 23:12:49,521 | INFO     | Webhook удалён: 💬чат-канал💬 (1400948760632098816)
2026-05-21 23:14:21,250 | INFO     | orfeyk (1120055585065414746) вышел [leave]
2026-05-21 23:14:21,790 | INFO     | Webhook создан: 💬чат-канал💬 (1400948760632098816)
2026-05-21 23:14:22,102 | INFO     | ✅ Уход orfeyk (1120055585065414746) [leave]
2026-05-21 23:14:22,417 | INFO     | Webhook удалён: 💬чат-канал💬 (1400948760632098816)
2026-05-21 23:17:09,670 | INFO     | ttarkeq (1021466793363132508) вышел [leave]
2026-05-21 23:17:10,179 | INFO     | Webhook создан: 💬чат-канал💬 (1400948760632098816)
2026-05-21 23:17:10,416 | INFO     | ✅ Уход ttarkeq (1021466793363132508) [leave]
2026-05-21 23:17:10,741 | INFO     | Webhook удалён: 💬чат-канал💬 (1400948760632098816)
2026-05-21 23:17:52,512 | INFO     | 1_sad_bunny (995377578930081842) зашёл на сервер Legion Of The Damned
2026-05-21 23:17:53,077 | INFO     | Webhook создан: 💬чат-канал💬 (1400948760632098816)
2026-05-21 23:17:53,310 | INFO     | ✅ Отправлено приветствие 1_sad_bunny (995377578930081842)
2026-05-21 23:17:53,612 | INFO     | Webhook удалён: 💬чат-канал💬 (1400948760632098816)
2026-05-21 23:18:22,889 | INFO     | ЛС отправлено 1_sad_bunny
2026-05-21 23:26:56,323 | INFO     | liusyk (928711888072757248) вышел [leave]
2026-05-21 23:26:56,656 | INFO     | Webhook создан: 💬чат-канал💬 (1400948760632098816)
2026-05-21 23:26:56,951 | INFO     | ✅ Уход liusyk (928711888072757248) [leave]
2026-05-21 23:26:57,667 | INFO     | Webhook удалён: 💬чат-канал💬 (1400948760632098816)
2026-05-21 23:31:52,754 | INFO     | voscing (701906961247109211) вышел [kick]
2026-05-21 23:31:53,087 | INFO     | Webhook создан: 💬чат-канал💬 (1400948760632098816)
2026-05-21 23:31:53,379 | INFO     | ✅ Уход voscing (701906961247109211) [kick]
2026-05-21 23:31:53,846 | INFO     | Webhook удалён: 💬чат-канал💬 (1400948760632098816)
2026-05-21 23:58:57,886 | INFO     | 1555vova_ (1345297834353885245) зашёл на сервер Legion Of The Damned
2026-05-21 23:58:58,354 | INFO     | Webhook создан: 💬чат-канал💬 (1400948760632098816)
2026-05-21 23:58:58,610 | INFO     | ✅ Отправлено приветствие 1555vova_ (1345297834353885245)
2026-05-21 23:58:58,946 | INFO     | Webhook удалён: 💬чат-канал💬 (1400948760632098816)
2026-05-21 23:59:42,653 | INFO     | ЛС отправлено TEN_BAR
2026-05-22 00:06:10,319 | INFO     | 📩 Заявка начата: 1_sad_bunny (995377578930081842)
2026-05-22 00:06:40,239 | DEBUG    | Ответ получен: Есть опыт, решаю все конфликты спокойно и рассудительно
2026-05-22 00:06:50,416 | DEBUG    | Ответ получен: Тегам
2026-05-22 00:06:57,979 | DEBUG    | Ответ получен: 3-4
2026-05-22 00:07:04,217 | DEBUG    | Ответ получен: Спокойно
2026-05-22 00:07:35,203 | DEBUG    | Ответ получен: 15:00 - 17:00 укр 21:00 - до ночи
2026-05-22 00:07:47,789 | DEBUG    | Ответ получен: Просто круто провести время
2026-05-22 00:08:01,624 | DEBUG    | Ответ получен: Украина, киевское время
2026-05-22 00:08:06,376 | DEBUG    | Ответ получен: 25.05
2026-05-22 00:08:07,756 | SUCCESS  | 📨 Заявка отправлена: 1_sad_bunny
2026-05-22 00:08:08,633 | INFO     | 📢 Уведомлён: kraken_5491
2026-05-22 00:08:08,725 | WARNING  | Роль не найдена: 1429978575347519610
2026-05-22 00:08:16,809 | SUCCESS  | Заявка одобрена: 1_sad_bunny
2026-05-22 00:19:47,954 | INFO     | fenomenal.net_70482 (1296048851488215101) зашёл на сервер Legion Of The Damned
2026-05-22 00:19:48,620 | INFO     | Webhook создан: 💬чат-канал💬 (1400948760632098816)
2026-05-22 00:19:49,219 | INFO     | ✅ Отправлено приветствие fenomenal.net_70482 (1296048851488215101)
2026-05-22 00:19:49,509 | INFO     | Webhook удалён: 💬чат-канал💬 (1400948760632098816)
2026-05-22 00:20:08,371 | INFO     | ЛС отправлено Sunbeam
2026-05-22 00:20:58,892 | INFO     | 📩 Заявка начата: fenomenal.net_70482 (1296048851488215101)
2026-05-22 00:21:10,394 | DEBUG    | Ответ получен: да
2026-05-22 00:21:20,533 | DEBUG    | Ответ получен: без разницы
2026-05-22 00:21:38,503 | DEBUG    | Ответ получен: ток кв у меня чё своих дел нет
2026-05-22 00:22:10,174 | DEBUG    | Ответ получен: флужу как чёрт чтоб все знали что меня убил паша техник с педалькой
2026-05-22 00:22:23,342 | DEBUG    | Ответ получен: ну как всегда
2026-05-22 00:22:34,764 | DEBUG    | Ответ получен: пообщаться
2026-05-22 00:22:51,677 | DEBUG    | Ответ получен: это докс сват? а так киев
2026-05-22 00:23:04,092 | DEBUG    | Ответ получен: 1.01.1999
2026-05-22 00:23:05,478 | SUCCESS  | 📨 Заявка отправлена: fenomenal.net_70482
2026-05-22 00:23:06,260 | INFO     | 📢 Уведомлён: kraken_5491
2026-05-22 00:23:06,281 | WARNING  | Роль не найдена: 1429978575347519610
2026-05-22 00:35:56,762 | SUCCESS  | Заявка одобрена: fenomenal.net_70482
2026-05-22 01:11:34,758 | INFO     | w3rtee_24835 (1191406917633978440) зашёл на сервер Legion Of The Damned
2026-05-22 01:11:35,304 | INFO     | Webhook создан: 💬чат-канал💬 (1400948760632098816)
2026-05-22 01:11:35,521 | INFO     | ✅ Отправлено приветствие w3rtee_24835 (1191406917633978440)
2026-05-22 01:11:35,816 | INFO     | Webhook удалён: 💬чат-канал💬 (1400948760632098816)
2026-05-22 01:11:52,918 | INFO     | ЛС отправлено да просто верти
2026-05-22 01:12:06,367 | INFO     | 📩 Заявка начата: w3rtee_24835 (1191406917633978440)
2026-05-22 01:12:33,703 | DEBUG    | Ответ получен: да опты есть ,могу пойти на уступок
2026-05-22 01:12:42,986 | DEBUG    | Ответ получен: новостях
2026-05-22 01:12:54,612 | DEBUG    | Ответ получен: сколько надо
2026-05-22 01:13:11,137 | DEBUG    | Ответ получен: принимаю
2026-05-22 01:13:22,454 | DEBUG    | Ответ получен: без разнице
2026-05-22 01:13:31,012 | DEBUG    | Ответ получен: гильзы
2026-05-22 01:13:43,383 | DEBUG    | Ответ получен: Россия мск
2026-05-22 01:14:19,613 | DEBUG    | Ответ получен: 16 лет
2026-05-22 01:14:21,001 | SUCCESS  | 📨 Заявка отправлена: w3rtee_24835
2026-05-22 01:14:21,501 | INFO     | 📢 Уведомлён: kraken_5491
2026-05-22 01:14:21,501 | WARNING  | Роль не найдена: 1429978575347519610
2026-05-22 01:14:38,698 | SUCCESS  | Заявка одобрена: w3rtee_24835
2026-05-22 10:10:04,307 | INFO     | meow_ruff (1078735241969160312) зашёл на сервер Legion Of The Damned
2026-05-22 10:10:04,892 | INFO     | Webhook создан: 💬чат-канал💬 (1400948760632098816)
2026-05-22 10:10:05,149 | INFO     | ✅ Отправлено приветствие meow_ruff (1078735241969160312)
2026-05-22 10:10:05,491 | INFO     | Webhook удалён: 💬чат-канал💬 (1400948760632098816)
2026-05-22 10:11:07,882 | INFO     | ЛС отправлено lxw
2026-05-22 10:16:10,327 | INFO     | 📩 Заявка начата: meow_ruff (1078735241969160312)
2026-05-22 10:17:20,684 | DEBUG    | Ответ получен: да, был колл в разных кланах, харашо лажу с камандой, и ваапще крутой
2026-05-22 10:17:24,996 | INFO     | zeduni._. (1055942333864104098) вышел [kick]
2026-05-22 10:17:25,341 | INFO     | Webhook создан: 💬чат-канал💬 (1400948760632098816)
2026-05-22 10:17:25,608 | INFO     | ✅ Уход zeduni._. (1055942333864104098) [kick]
2026-05-22 10:17:25,872 | INFO     | Webhook удалён: 💬чат-канал💬 (1400948760632098816)
2026-05-22 10:17:29,667 | INFO     | biruwka1_62224 (1488956798219063336) вышел [kick]
2026-05-22 10:17:30,112 | INFO     | Webhook создан: 💬чат-канал💬 (1400948760632098816)
2026-05-22 10:17:30,343 | INFO     | ✅ Уход biruwka1_62224 (1488956798219063336) [kick]
2026-05-22 10:17:30,628 | INFO     | Webhook удалён: 💬чат-канал💬 (1400948760632098816)
2026-05-22 10:17:35,066 | INFO     | kaneki_ken0331 (1184847030619734056) вышел [kick]
2026-05-22 10:17:35,444 | INFO     | Webhook создан: 💬чат-канал💬 (1400948760632098816)
2026-05-22 10:17:35,724 | INFO     | ✅ Уход kaneki_ken0331 (1184847030619734056) [kick]
2026-05-22 10:17:36,042 | INFO     | Webhook удалён: 💬чат-канал💬 (1400948760632098816)
2026-05-22 10:17:41,847 | DEBUG    | Ответ получен: пинг
2026-05-22 10:17:53,690 | DEBUG    | Ответ получен: 7/7
2026-05-22 10:17:59,979 | DEBUG    | Ответ получен: пох
2026-05-22 10:18:14,543 | DEBUG    | Ответ получен: 20-23
2026-05-22 10:23:15,712 | WARNING  | Таймаут заявки: meow_ruff
2026-05-22 10:33:04,141 | INFO     | milkasval_ (1405145236786778163) вышел [kick]
2026-05-22 10:33:06,775 | INFO     | Webhook создан: 💬чат-канал💬 (1400948760632098816)
2026-05-22 10:33:07,026 | INFO     | ✅ Уход milkasval_ (1405145236786778163) [kick]
2026-05-22 10:33:07,544 | INFO     | Webhook удалён: 💬чат-канал💬 (1400948760632098816)
2026-05-22 10:38:54,296 | INFO     | qhorix (1037064011021307904) зашёл на сервер Legion Of The Damned
2026-05-22 10:38:54,949 | INFO     | Webhook создан: 💬чат-канал💬 (1400948760632098816)
2026-05-22 10:38:55,154 | INFO     | ✅ Отправлено приветствие qhorix (1037064011021307904)
2026-05-22 10:38:55,433 | INFO     | Webhook удалён: 💬чат-канал💬 (1400948760632098816)
2026-05-22 10:39:06,252 | INFO     | ЛС отправлено qhorix
2026-05-22 10:40:28,824 | INFO     | 📩 Заявка начата: meow_ruff (1078735241969160312)
2026-05-22 10:40:38,140 | DEBUG    | Ответ получен: да, был колл в разных кланах, харашо лажу с камандой, и ваапще крутой
2026-05-22 10:40:53,326 | DEBUG    | Ответ получен: пинг
2026-05-22 10:40:59,851 | DEBUG    | Ответ получен: 7/7
2026-05-22 10:41:04,744 | DEBUG    | Ответ получен: пох
2026-05-22 10:41:09,778 | DEBUG    | Ответ получен: 20-23
2026-05-22 10:41:16,159 | DEBUG    | Ответ получен: гильзы
2026-05-22 10:41:25,107 | DEBUG    | Ответ получен: ua
2026-05-22 10:41:43,740 | DEBUG    | Ответ получен: 2011
2026-05-22 10:41:45,527 | SUCCESS  | 📨 Заявка отправлена: meow_ruff
2026-05-22 10:41:46,176 | INFO     | 📢 Уведомлён: kraken_5491
2026-05-22 10:41:46,177 | WARNING  | Роль не найдена: 1429978575347519610
2026-05-22 10:42:14,451 | SUCCESS  | Заявка одобрена: meow_ruff
2026-05-22 10:50:37,011 | INFO     | 📩 Заявка начата: 1555vova_ (1345297834353885245)
2026-05-22 10:52:27,985 | DEBUG    | Ответ получен: ну я бил в 16 кланах ну умею работать в каманде конфлткти ну питаюсь мирно решить
2026-05-22 10:53:08,283 | DEBUG    | Ответ получен: думаю так мне інтересно
2026-05-22 10:53:50,013 | DEBUG    | Ответ получен: ну в неделю 5 дней магу
2026-05-22 10:55:07,630 | DEBUG    | Ответ получен: ну єсли бамбит то я просто вихожу с игри і адихаю десь 30минут
2026-05-22 10:57:35,419 | DEBUG    | Ответ получен: ну 20 00 до 21 00
2026-05-22 11:02:35,959 | WARNING  | Таймаут заявки: 1555vova_
2026-05-22 11:03:12,560 | INFO     | 📩 Заявка начата: 1555vova_ (1345297834353885245)
2026-05-22 11:03:19,235 | DEBUG    | Ответ получен: да
2026-05-22 11:03:25,954 | DEBUG    | Ответ получен: да
2026-05-22 11:03:35,662 | DEBUG    | Ответ получен: 5 дней
2026-05-22 11:03:43,790 | DEBUG    | Ответ получен: хз
2026-05-22 11:03:56,407 | DEBUG    | Ответ получен: 20 00 21 00
2026-05-22 11:04:02,127 | DEBUG    | Ответ получен: хз
2026-05-22 11:04:18,885 | DEBUG    | Ответ получен: в україні
2026-05-22 11:04:29,587 | DEBUG    | Ответ получен: хз
2026-05-22 11:04:31,230 | SUCCESS  | 📨 Заявка отправлена: 1555vova_
2026-05-22 11:04:32,030 | INFO     | 📢 Уведомлён: kraken_5491
2026-05-22 11:04:32,030 | WARNING  | Роль не найдена: 1429978575347519610
2026-05-22 11:04:44,786 | SUCCESS  | Заявка одобрена: 1555vova_
2026-05-22 13:12:32,333 | INFO     | maksstalcraftx (1483176334162395156) зашёл на сервер Legion Of The Damned
2026-05-22 13:12:32,789 | INFO     | Webhook создан: 💬чат-канал💬 (1400948760632098816)
2026-05-22 13:12:33,041 | INFO     | ✅ Отправлено приветствие maksstalcraftx (1483176334162395156)
2026-05-22 13:12:33,381 | INFO     | Webhook удалён: 💬чат-канал💬 (1400948760632098816)
2026-05-22 13:12:54,287 | INFO     | ЛС отправлено maks stalcraft x
2026-05-22 15:00:15,170 | WARNING  | Роль 1418038359129063585 не найдена на Space_Marine 2RU
2026-05-22 15:19:21,726 | INFO     | i_sigma_bob (1160195760898445322) зашёл на сервер Legion Of The Damned
2026-05-22 15:19:22,290 | INFO     | Webhook создан: 💬чат-канал💬 (1400948760632098816)
2026-05-22 15:19:22,523 | INFO     | ✅ Отправлено приветствие i_sigma_bob (1160195760898445322)
2026-05-22 15:19:22,800 | INFO     | Webhook удалён: 💬чат-канал💬 (1400948760632098816)
2026-05-22 17:10:50,811 | INFO     | 1555vova_ (1345297834353885245) вышел [leave]
2026-05-22 17:10:51,240 | INFO     | Webhook создан: 💬чат-канал💬 (1400948760632098816)
2026-05-22 17:10:51,538 | INFO     | ✅ Уход 1555vova_ (1345297834353885245) [leave]
2026-05-22 17:10:51,799 | INFO     | Webhook удалён: 💬чат-канал💬 (1400948760632098816)
2026-05-22 17:39:24,278 | WARNING  | Роль 1418038359129063585 не найдена на Space_Marine 2RU
2026-05-22 17:43:33,404 | WARNING  | Роль 1418038359129063585 не найдена на Space_Marine 2RU
2026-05-22 20:30:04,713 | INFO     | 📊 DM 2026-05-22 | sent=1 failed=0
2026-05-22 20:50:05,757 | INFO     | 📊 DM 2026-05-22 | sent=1 failed=0
2026-05-22 21:00:04,171 | INFO     | 📊 DM 2026-05-22 | sent=1 failed=0
2026-05-22 21:12:28,477 | WARNING  | Роль 1418038359129063585 не найдена на Space_Marine 2RU
2026-05-22 21:46:45,812 | WARNING  | Роль 1418038359129063585 не найдена на Space_Marine 2RU
2026-05-22 22:16:46,277 | SUCCESS  | Создан временный войс: - |🔊Вокс [LOTD] Inskay🔊| - (.rauzor)
2026-05-22 22:17:04,207 | SUCCESS  | Удалён пустой войс: 1507462243737010227
2026-05-22 22:17:11,281 | SUCCESS  | Создан временный войс: - |🔊Вокс [LOTD] Inskay🔊| - (.rauzor)
2026-05-22 22:20:11,272 | SUCCESS  | Удалён пустой войс: 1507462349152325702
2026-05-22 22:20:44,828 | INFO     | danil_miletsky (532817171223412746) вышел [leave]
2026-05-22 22:20:45,203 | INFO     | Webhook создан: 💬чат-канал💬 (1400948760632098816)
2026-05-22 22:20:45,459 | INFO     | ✅ Уход danil_miletsky (532817171223412746) [leave]
2026-05-22 22:20:45,783 | INFO     | Webhook удалён: 💬чат-канал💬 (1400948760632098816)
2026-05-22 22:21:14,582 | INFO     | fenomenal.net_70482 (1296048851488215101) вышел [leave]
2026-05-22 22:21:15,287 | INFO     | Webhook создан: 💬чат-канал💬 (1400948760632098816)
2026-05-22 22:21:15,565 | INFO     | ✅ Уход fenomenal.net_70482 (1296048851488215101) [leave]
2026-05-22 22:21:15,959 | INFO     | Webhook удалён: 💬чат-канал💬 (1400948760632098816)
2026-05-22 23:00:55,429 | INFO     | vafel1533 (349491204049862656) зашёл на сервер Legion Of The Damned
2026-05-22 23:00:56,239 | INFO     | Webhook создан: 💬чат-канал💬 (1400948760632098816)
2026-05-22 23:00:56,622 | INFO     | ✅ Отправлено приветствие vafel1533 (349491204049862656)
2026-05-22 23:00:57,731 | INFO     | Webhook удалён: 💬чат-канал💬 (1400948760632098816)
2026-05-22 23:32:26,080 | WARNING  | Роль 1418038359129063585 не найдена на winie's server
2026-05-22 23:32:26,086 | WARNING  | Роль 1418038359129063585 не найдена на Тест сервер
2026-05-22 23:32:26,093 | WARNING  | Роль 1418038359129063585 не найдена на Space_Marine 2RU
2026-05-22 23:32:26,122 | WARNING  | Роль 1418038359129063585 не найдена на Legion of Iron Hands
2026-05-22 23:34:34,685 | INFO     | 📩 Заявка начата: vafel1533 (349491204049862656)
2026-05-22 23:35:06,792 | DEBUG    | Ответ получен: Опыт есть. 
Конфликты спокойно, небыло.
2026-05-22 23:35:20,605 | DEBUG    | Ответ получен: в дискорд чате клана
2026-05-22 23:35:49,678 | DEBUG    | Ответ получен: ну минимум 25
2026-05-22 23:36:14,042 | DEBUG    | Ответ получен: удаляю сталкрафт в основном, скачиваю через 2 часа.
2026-05-22 23:36:32,663 | DEBUG    | Ответ получен: желательно с утра, днем, вечером  не часто получается
2026-05-22 23:36:44,309 | DEBUG    | Ответ получен: Вытащить клан на топ 1
2026-05-22 23:36:56,326 | DEBUG    | Ответ получен: Украина, МСК/-1 от МСК
2026-05-22 23:37:02,013 | DEBUG    | Ответ получен: не скажу
2026-05-22 23:37:05,641 | SUCCESS  | 📨 Заявка отправлена: vafel1533
2026-05-22 23:37:07,068 | INFO     | 📢 Уведомлён: kraken_5491
2026-05-22 23:37:07,080 | WARNING  | Роль не найдена: 1429978575347519610
2026-05-22 23:37:54,420 | SUCCESS  | Заявка одобрена: vafel1533
2026-05-23 07:48:36,830 | INFO     | nrp228 (1009280157174992997) вышел [leave]
2026-05-23 07:48:37,248 | INFO     | Webhook создан: 💬чат-канал💬 (1400948760632098816)
2026-05-23 07:48:37,679 | INFO     | ✅ Уход nrp228 (1009280157174992997) [leave]
2026-05-23 07:48:38,010 | INFO     | Webhook удалён: 💬чат-канал💬 (1400948760632098816)
2026-05-23 09:47:59,504 | INFO     | honest0756 (672132846059520036) зашёл на сервер Legion Of The Damned
2026-05-23 09:48:00,335 | INFO     | Webhook создан: 💬чат-канал💬 (1400948760632098816)
2026-05-23 09:48:00,630 | INFO     | ✅ Отправлено приветствие honest0756 (672132846059520036)
2026-05-23 09:48:00,948 | INFO     | Webhook удалён: 💬чат-канал💬 (1400948760632098816)
2026-05-23 09:48:16,465 | INFO     | ЛС отправлено Flazey
2026-05-23 09:52:50,049 | INFO     | 📩 Заявка начата: honest0756 (672132846059520036)
2026-05-23 09:52:59,905 | DEBUG    | Ответ получен: +++
2026-05-23 09:53:05,311 | DEBUG    | Ответ получен: смс
2026-05-23 09:53:11,368 | DEBUG    | Ответ получен: 20
2026-05-23 09:53:16,588 | DEBUG    | Ответ получен: +-
2026-05-23 09:53:21,441 | DEBUG    | Ответ получен: вечер
2026-05-23 09:53:37,390 | DEBUG    | Ответ получен: актив , тимейты , результат
2026-05-23 09:54:28,229 | DEBUG    | Ответ получен: uts-+3
2026-05-23 09:54:42,590 | DEBUG    | Ответ получен: 01.02.2002
2026-05-23 09:54:43,891 | SUCCESS  | 📨 Заявка отправлена: honest0756
2026-05-23 09:54:44,815 | INFO     | 📢 Уведомлён: kraken_5491
2026-05-23 09:54:44,815 | WARNING  | Роль не найдена: 1429978575347519610
2026-05-23 09:55:10,607 | SUCCESS  | Заявка одобрена: honest0756
2026-05-23 11:34:51,727 | INFO     | .robotkava (667998430827773952) зашёл на сервер Legion Of The Damned
2026-05-23 11:34:52,382 | INFO     | Webhook создан: 💬чат-канал💬 (1400948760632098816)
2026-05-23 11:34:52,704 | INFO     | ✅ Отправлено приветствие .robotkava (667998430827773952)
2026-05-23 11:34:52,950 | INFO     | Webhook удалён: 💬чат-канал💬 (1400948760632098816)
2026-05-23 11:35:08,300 | INFO     | ЛС отправлено FallenWarrior_
2026-05-23 11:38:57,753 | INFO     | 📩 Заявка начата: .robotkava (667998430827773952)
2026-05-23 11:41:05,299 | DEBUG    | Ответ получен: Да огромный так скажем играл в разных кланах на RU и EU. Смотря какие если по поводу что кто то кого то не услышал или сделал не правильно то это зависит от того как это повлияло на весь этап а так нейтрально не очень нравиться крычать но могу в каких то моментах
2026-05-23 11:42:27,901 | DEBUG    | Ответ получен: Ну у меня и так все настроенно до автоматизма главное знать когда колл будет тогда и буду заходить не люблю по пусту сидеть
2026-05-23 11:42:52,875 | DEBUG    | Ответ получен: Могу запроста 2-3 потасовки и фулл кв играть смотря уже от клана готов ли он также отыгривать полным составом
2026-05-23 11:47:53,536 | WARNING  | Таймаут заявки: .robotkava
2026-05-23 11:48:06,761 | INFO     | 📩 Заявка начата: .robotkava (667998430827773952)
2026-05-23 11:48:15,253 | DEBUG    | Ответ получен: Да огромный так скажем играл в разных кланах на RU и EU. Смотря какие если по поводу что кто то кого то не услышал или сделал не правильно то это зависит от того как это повлияло на весь этап а так нейтрально не очень нравиться крычать но могу в каких то моментах
2026-05-23 11:48:20,349 | DEBUG    | Ответ получен: Ну у меня и так все настроенно до автоматизма главное знать когда колл будет тогда и буду заходить не люблю по пусту сидеть
2026-05-23 11:48:27,526 | DEBUG    | Ответ получен: Могу запроста 2-3 потасовки и фулл кв играть смотря уже от клана готов ли он также отыгривать полным составом
2026-05-23 11:49:17,956 | DEBUG    | Ответ получен: Смотря какое поражение и ситуация) Но чаще всего тильт но он проходит быстро
2026-05-23 11:49:54,712 | DEBUG    | Ответ получен: Если про кв и потасовки то в обычные время на голд дропы хз не смогу наверное
2026-05-23 11:50:08,271 | DEBUG    | Ответ получен: Нафармить гильзы та и может найти тиммейтов
2026-05-23 11:50:21,934 | DEBUG    | Ответ получен: UA Киев
2026-05-23 11:50:35,908 | DEBUG    | Ответ получен: 2008
2026-05-23 11:50:37,367 | SUCCESS  | 📨 Заявка отправлена: .robotkava
2026-05-23 11:50:38,350 | INFO     | 📢 Уведомлён: kraken_5491
2026-05-23 11:50:38,355 | WARNING  | Роль не найдена: 1429978575347519610
2026-05-23 11:51:31,205 | SUCCESS  | Заявка одобрена: .robotkava
2026-05-23 12:48:09,452 | INFO     | racorct45 (219784634861486080) зашёл на сервер Legion Of The Damned
2026-05-23 12:48:10,135 | INFO     | Webhook создан: 💬чат-канал💬 (1400948760632098816)
2026-05-23 12:48:10,375 | INFO     | ✅ Отправлено приветствие racorct45 (219784634861486080)
2026-05-23 12:48:10,699 | INFO     | Webhook удалён: 💬чат-канал💬 (1400948760632098816)
2026-05-23 12:48:32,466 | INFO     | ЛС отправлено racorct45
2026-05-23 12:55:23,504 | INFO     | 📩 Заявка начата: racorct45 (219784634861486080)
2026-05-23 12:56:04,081 | DEBUG    | Ответ получен: Да, есть.
Мирно
2026-05-23 12:56:35,098 | DEBUG    | Ответ получен: Дс, тг
2026-05-23 12:57:45,281 | DEBUG    | Ответ получен: 20-35
2026-05-23 12:57:57,223 | DEBUG    | Ответ получен: Спокойно
2026-05-23 12:58:48,140 | DEBUG    | Ответ получен: днём или ближе к вечеру
2026-05-23 12:59:27,436 | DEBUG    | Ответ получен: найти союзников, что бы не бегать одному
2026-05-23 13:00:02,514 | DEBUG    | Ответ получен: UTS+5, MCK+2
2026-05-23 13:00:14,669 | DEBUG    | Ответ получен: 10.02.2003
2026-05-23 13:00:16,299 | SUCCESS  | 📨 Заявка отправлена: racorct45
2026-05-23 13:00:17,953 | INFO     | 📢 Уведомлён: kraken_5491
2026-05-23 13:00:18,017 | WARNING  | Роль не найдена: 1429978575347519610
2026-05-23 13:00:37,233 | SUCCESS  | Заявка одобрена: racorct45
2026-05-23 20:03:27,058 | INFO     | pisunziva228 (1507788442002526341) зашёл на сервер Legion Of The Damned
2026-05-23 20:03:27,802 | INFO     | Webhook создан: 💬чат-канал💬 (1400948760632098816)
2026-05-23 20:03:28,083 | INFO     | ✅ Отправлено приветствие pisunziva228 (1507788442002526341)
2026-05-23 20:03:28,366 | INFO     | Webhook удалён: 💬чат-канал💬 (1400948760632098816)
2026-05-23 20:15:24,077 | INFO     | pisunziva228 (1507788442002526341) вышел [kick]
2026-05-23 20:15:24,407 | INFO     | Webhook создан: 💬чат-канал💬 (1400948760632098816)
2026-05-23 20:15:24,672 | INFO     | ✅ Уход pisunziva228 (1507788442002526341) [kick]
2026-05-23 20:15:25,098 | INFO     | Webhook удалён: 💬чат-канал💬 (1400948760632098816)
2026-05-23 20:15:28,681 | INFO     | poker6852 (777093107464142888) вышел [kick]
2026-05-23 20:15:29,390 | INFO     | Webhook создан: 💬чат-канал💬 (1400948760632098816)
2026-05-23 20:15:29,608 | INFO     | ✅ Уход poker6852 (777093107464142888) [kick]
2026-05-23 20:15:29,983 | INFO     | Webhook удалён: 💬чат-канал💬 (1400948760632098816)
2026-05-23 20:30:05,156 | INFO     | 📊 DM 2026-05-23 | sent=2 failed=0
2026-05-23 20:34:01,978 | INFO     | mmmm083888 (1507792674403385474) зашёл на сервер Legion Of The Damned
2026-05-23 20:34:02,830 | INFO     | Webhook создан: 💬чат-канал💬 (1400948760632098816)
2026-05-23 20:34:03,071 | INFO     | ✅ Отправлено приветствие mmmm083888 (1507792674403385474)
2026-05-23 20:34:03,411 | INFO     | Webhook удалён: 💬чат-канал💬 (1400948760632098816)
2026-05-23 20:34:31,926 | INFO     | petashokolapka123 (1063885788598771782) зашёл на сервер Legion Of The Damned
2026-05-23 20:34:32,364 | INFO     | Webhook создан: 💬чат-канал💬 (1400948760632098816)
2026-05-23 20:34:32,629 | INFO     | ✅ Отправлено приветствие petashokolapka123 (1063885788598771782)
2026-05-23 20:34:33,000 | INFO     | Webhook удалён: 💬чат-канал💬 (1400948760632098816)
2026-05-23 20:34:38,452 | INFO     | petashokolapka123 (1063885788598771782) вышел [leave]
2026-05-23 20:34:38,983 | INFO     | Webhook создан: 💬чат-канал💬 (1400948760632098816)
2026-05-23 20:34:39,254 | INFO     | ✅ Уход petashokolapka123 (1063885788598771782) [leave]
2026-05-23 20:34:39,550 | INFO     | Webhook удалён: 💬чат-канал💬 (1400948760632098816)
2026-05-23 20:50:06,397 | INFO     | 📊 DM 2026-05-23 | sent=2 failed=0
2026-05-23 21:00:05,365 | INFO     | 📊 DM 2026-05-23 | sent=2 failed=0
2026-05-23 22:30:14,707 | INFO     | tigr_228 (498930420511932417) вышел [leave]
2026-05-23 22:30:15,568 | INFO     | Webhook создан: 💬чат-канал💬 (1400948760632098816)
2026-05-23 22:30:15,829 | INFO     | ✅ Уход tigr_228 (498930420511932417) [leave]
2026-05-23 22:30:16,328 | INFO     | Webhook удалён: 💬чат-канал💬 (1400948760632098816)
2026-05-23 23:08:58,085 | INFO     | kuromeee (476015484610019328) зашёл на сервер Legion Of The Damned
2026-05-23 23:08:58,814 | INFO     | Webhook создан: 💬чат-канал💬 (1400948760632098816)
2026-05-23 23:08:59,065 | INFO     | ✅ Отправлено приветствие kuromeee (476015484610019328)
2026-05-23 23:08:59,505 | INFO     | Webhook удалён: 💬чат-канал💬 (1400948760632098816)
2026-05-23 23:09:18,144 | INFO     | ЛС отправлено kuromeee💮
2026-05-23 23:09:54,264 | INFO     | 📩 Заявка начата: kuromeee (476015484610019328)
2026-05-23 23:10:48,195 | DEBUG    | Ответ получен: есть опыт игры в кланах на ру регионе (клан Карбюратор С тир)
каждый конфликт в интернете решается диалогом
2026-05-23 23:11:02,516 | DEBUG    | Ответ получен: через объявления
2026-05-23 23:11:22,410 | DEBUG    | Ответ получен: 3/7
2026-05-23 23:11:38,545 | DEBUG    | Ответ получен: спокойно
2026-05-23 23:11:48,127 | DEBUG    | Ответ получен: 9вечера мск
2026-05-23 23:12:18,209 | DEBUG    | Ответ получен: импрувнуть отряд в которым буду играть грамотными колами+покушать гильзы
2026-05-23 23:12:24,921 | DEBUG    | Ответ получен: РФ мск
2026-05-23 23:12:38,950 | DEBUG    | Ответ получен: не школьник я
2026-05-23 23:12:40,551 | SUCCESS  | 📨 Заявка отправлена: kuromeee
2026-05-23 23:12:41,362 | INFO     | 📢 Уведомлён: kraken_5491
2026-05-23 23:12:41,362 | WARNING  | Роль не найдена: 1429978575347519610
2026-05-23 23:14:12,449 | SUCCESS  | Создан временный войс: - |🔊Вокс [LOTD] Vasiliu🔊| - (d._sterben)
2026-05-23 23:28:23,446 | SUCCESS  | Заявка одобрена: kuromeee
2026-05-23 23:28:35,243 | SUCCESS  | Удалён пустой войс: 1507839090047848509
2026-05-24 09:22:49,521 | WARNING  | 🛑 Запуск остановлен вручную.
