2025-10-26 01:49:30 | INFO     | HTTP Request: GET https://jqphrrikzkntcyzsrbrc.supabase.co/rest/v1/active_duels?select=%2A "HTTP/2 200 OK"
2025-10-26 01:49:30 | INFO     | HTTP Request: GET https://jqphrrikzkntcyzsrbrc.supabase.co/rest/v1/duel_stats?select=%2A "HTTP/2 200 OK"
2025-10-26 01:49:30 | INFO     | ✅ Данные из Supabase загружены
2025-10-26 01:49:33 | SUCCESS  | 🎉 Все файлы cogs успешно загружены!
2025-10-26 01:49:37 | SUCCESS  | 🤖 Бот `Void Sentinel#5662` успешно запущен (ID: 1230464176745480254)
2025-10-26 01:49:37 | INFO     | 🛡 Сервер: Legion Of The Damned | ID: 828749346505490503 | Участников: 8
2025-10-26 01:49:37 | INFO     | 🛡 Сервер: Space_Marine 2RU | ID: 1118852004786225192 | Участников: 288
2025-10-26 01:49:37 | INFO     | 🛡 Сервер: winie's server | ID: 1335265286198263848 | Участников: 56
2025-10-26 01:49:37 | INFO     | 🛡 Сервер: Сервер користувача kraken_5491 | ID: 1411475618343686187 | Участников: 4
2025-10-26 01:49:37 | SUCCESS  | Сообщение верификации найдено, создание не требуется.
2025-10-26 01:49:38 | SUCCESS  | Команды успешно синхронизированы
2025-10-26 01:49:39 | WARNING  | 🛑 Запуск остановлен вручную.
2025-10-26 02:04:05 | INFO     | HTTP Request: GET https://jqphrrikzkntcyzsrbrc.supabase.co/rest/v1/active_duels?select=%2A "HTTP/2 200 OK"
2025-10-26 02:04:05 | INFO     | HTTP Request: GET https://jqphrrikzkntcyzsrbrc.supabase.co/rest/v1/duel_stats?select=%2A "HTTP/2 200 OK"
2025-10-26 02:04:05 | INFO     | ✅ Данные из Supabase загружены
2025-10-26 02:04:12 | SUCCESS  | 🎉 Все файлы cogs успешно загружены!
2025-10-26 02:04:15 | SUCCESS  | 🤖 Бот `Void Sentinel#5662` успешно запущен (ID: 1230464176745480254)
2025-10-26 02:04:15 | INFO     | 🛡 Сервер: Legion Of The Damned | ID: 828749346505490503 | Участников: 8
2025-10-26 02:04:15 | INFO     | 🛡 Сервер: Space_Marine 2RU | ID: 1118852004786225192 | Участников: 288
2025-10-26 02:04:15 | INFO     | 🛡 Сервер: winie's server | ID: 1335265286198263848 | Участников: 56
2025-10-26 02:04:15 | INFO     | 🛡 Сервер: Сервер користувача kraken_5491 | ID: 1411475618343686187 | Участников: 4
2025-10-26 02:04:16 | SUCCESS  | Команды успешно синхронизированы
2025-10-26 02:04:16 | SUCCESS  | Сообщение верификации найдено, создание не требуется.
2025-10-26 02:04:59 | WARNING  | 🛑 Запуск остановлен вручную.
2025-10-26 02:05:49 | INFO     | HTTP Request: GET https://jqphrrikzkntcyzsrbrc.supabase.co/rest/v1/active_duels?select=%2A "HTTP/2 200 OK"
2025-10-26 02:05:49 | INFO     | HTTP Request: GET https://jqphrrikzkntcyzsrbrc.supabase.co/rest/v1/duel_stats?select=%2A "HTTP/2 200 OK"
2025-10-26 02:05:49 | INFO     | ✅ Данные из Supabase загружены
2025-10-26 02:05:53 | SUCCESS  | 🎉 Все файлы cogs успешно загружены!
2025-10-26 02:05:57 | SUCCESS  | 🤖 Бот `Void Sentinel#5662` успешно запущен (ID: 1230464176745480254)
2025-10-26 02:05:57 | INFO     | 🛡 Сервер: Legion Of The Damned | ID: 828749346505490503 | Участников: 8
2025-10-26 02:05:57 | INFO     | 🛡 Сервер: Space_Marine 2RU | ID: 1118852004786225192 | Участников: 288
2025-10-26 02:05:57 | INFO     | 🛡 Сервер: winie's server | ID: 1335265286198263848 | Участников: 56
2025-10-26 02:05:57 | INFO     | 🛡 Сервер: Сервер користувача kraken_5491 | ID: 1411475618343686187 | Участников: 4
2025-10-26 02:05:57 | SUCCESS  | Сообщение верификации найдено, создание не требуется.
2025-10-26 02:05:57 | SUCCESS  | Команды успешно синхронизированы
2025-10-26 02:06:11 | INFO     | infinite_5491 (1263265959851065528) покинул сервер Legion Of The Damned
2025-10-26 02:06:12 | INFO     | Webhook создан в канале: 💬чат-канал💬 (1400948760632098816)
2025-10-26 02:06:12 | INFO     | ✅ Отправлено сообщение об уходе infinite_5491 (1263265959851065528)
2025-10-26 02:06:13 | INFO     | Webhook удалён из канала: 💬чат-канал💬 (1400948760632098816)
2025-10-26 02:06:24 | INFO     | infinite_5491 (1263265959851065528) присоединился к серверу Legion Of The Damned
2025-10-26 02:06:25 | INFO     | Webhook создан в канале: 💬чат-канал💬 (1400948760632098816)
2025-10-26 02:06:25 | INFO     | ✅ Отправлено приветственное сообщение для infinite_5491 (1263265959851065528)
2025-10-26 02:06:25 | INFO     | Webhook удалён из канала: 💬чат-канал💬 (1400948760632098816)
2025-10-26 02:06:34 | INFO     | 💬 Отправлено ЛС пользователю [LOTD] Infinity о вступлении в клан.
2025-10-26 02:07:33 | INFO     | Уведомление отправлено kraken_5491
2025-10-26 02:07:36 | INFO     | HTTP Request: POST https://jqphrrikzkntcyzsrbrc.supabase.co/rest/v1/applications "HTTP/2 201 Created"
2025-10-26 02:07:36 | SUCCESS  | Заявка infinite_5491 успешно сохранена в Supabase
2025-10-26 02:07:47 | SUCCESS  | Заявка одобрена: infinite_5491
2025-10-26 02:18:46 | WARNING  | 🛑 Запуск остановлен вручную.
2025-10-26 02:19:26 | INFO     | HTTP Request: GET https://jqphrrikzkntcyzsrbrc.supabase.co/rest/v1/active_duels?select=%2A "HTTP/2 200 OK"
2025-10-26 02:19:26 | INFO     | HTTP Request: GET https://jqphrrikzkntcyzsrbrc.supabase.co/rest/v1/duel_stats?select=%2A "HTTP/2 200 OK"
2025-10-26 02:19:26 | INFO     | ✅ Данные из Supabase загружены
2025-10-26 02:19:29 | SUCCESS  | 🎉 Все файлы cogs успешно загружены!
2025-10-26 02:19:34 | SUCCESS  | 🤖 Бот `Void Sentinel#5662` успешно запущен (ID: 1230464176745480254)
2025-10-26 02:19:34 | INFO     | 🛡 Сервер: Legion Of The Damned | ID: 828749346505490503 | Участников: 8
2025-10-26 02:19:34 | INFO     | 🛡 Сервер: Space_Marine 2RU | ID: 1118852004786225192 | Участников: 288
2025-10-26 02:19:34 | INFO     | 🛡 Сервер: winie's server | ID: 1335265286198263848 | Участников: 56
2025-10-26 02:19:34 | INFO     | 🛡 Сервер: Сервер користувача kraken_5491 | ID: 1411475618343686187 | Участников: 4
2025-10-26 02:19:34 | SUCCESS  | Команды успешно синхронизированы
2025-10-26 02:21:13 | WARNING  | 🛑 Запуск остановлен вручную.
2025-10-26 02:23:17 | INFO     | HTTP Request: GET https://jqphrrikzkntcyzsrbrc.supabase.co/rest/v1/active_duels?select=%2A "HTTP/2 200 OK"
2025-10-26 02:23:18 | INFO     | HTTP Request: GET https://jqphrrikzkntcyzsrbrc.supabase.co/rest/v1/duel_stats?select=%2A "HTTP/2 200 OK"
2025-10-26 02:23:18 | INFO     | ✅ Данные из Supabase загружены
2025-10-26 02:23:20 | SUCCESS  | 🎉 Все файлы cogs успешно загружены!
2025-10-26 02:23:24 | SUCCESS  | 🤖 Бот `Void Sentinel#5662` успешно запущен (ID: 1230464176745480254)
2025-10-26 02:23:24 | INFO     | 🛡 Сервер: Legion Of The Damned | ID: 828749346505490503 | Участников: 8
2025-10-26 02:23:24 | INFO     | 🛡 Сервер: Space_Marine 2RU | ID: 1118852004786225192 | Участников: 288
2025-10-26 02:23:24 | INFO     | 🛡 Сервер: winie's server | ID: 1335265286198263848 | Участников: 56
2025-10-26 02:23:24 | INFO     | 🛡 Сервер: Сервер користувача kraken_5491 | ID: 1411475618343686187 | Участников: 4
2025-10-26 02:23:25 | SUCCESS  | Команды успешно синхронизированы
2025-10-26 02:24:09 | WARNING  | 🛑 Запуск остановлен вручную.
2025-10-26 02:24:49 | INFO     | HTTP Request: GET https://jqphrrikzkntcyzsrbrc.supabase.co/rest/v1/active_duels?select=%2A "HTTP/2 200 OK"
2025-10-26 02:24:50 | INFO     | HTTP Request: GET https://jqphrrikzkntcyzsrbrc.supabase.co/rest/v1/duel_stats?select=%2A "HTTP/2 200 OK"
2025-10-26 02:24:50 | INFO     | ✅ Данные из Supabase загружены
2025-10-26 02:24:53 | SUCCESS  | 🎉 Все файлы cogs успешно загружены!
2025-10-26 02:24:56 | SUCCESS  | 🤖 Бот `Void Sentinel#5662` успешно запущен (ID: 1230464176745480254)
2025-10-26 02:24:56 | INFO     | 🛡 Сервер: Legion Of The Damned | ID: 828749346505490503 | Участников: 8
2025-10-26 02:24:56 | INFO     | 🛡 Сервер: Space_Marine 2RU | ID: 1118852004786225192 | Участников: 288
2025-10-26 02:24:56 | INFO     | 🛡 Сервер: winie's server | ID: 1335265286198263848 | Участников: 56
2025-10-26 02:24:56 | INFO     | 🛡 Сервер: Сервер користувача kraken_5491 | ID: 1411475618343686187 | Участников: 4
2025-10-26 02:24:57 | SUCCESS  | Команды успешно синхронизированы
2025-10-26 02:26:20 | WARNING  | 🛑 Запуск остановлен вручную.
2025-10-26 02:26:52 | INFO     | HTTP Request: GET https://jqphrrikzkntcyzsrbrc.supabase.co/rest/v1/active_duels?select=%2A "HTTP/2 200 OK"
2025-10-26 02:26:53 | INFO     | HTTP Request: GET https://jqphrrikzkntcyzsrbrc.supabase.co/rest/v1/duel_stats?select=%2A "HTTP/2 200 OK"
2025-10-26 02:26:53 | INFO     | ✅ Данные из Supabase загружены
2025-10-26 02:26:56 | SUCCESS  | 🎉 Все файлы cogs успешно загружены!
2025-10-26 02:27:00 | SUCCESS  | 🤖 Бот `Void Sentinel#5662` успешно запущен (ID: 1230464176745480254)
2025-10-26 02:27:00 | INFO     | 🛡 Сервер: Legion Of The Damned | ID: 828749346505490503 | Участников: 8
2025-10-26 02:27:00 | INFO     | 🛡 Сервер: Space_Marine 2RU | ID: 1118852004786225192 | Участников: 288
2025-10-26 02:27:00 | INFO     | 🛡 Сервер: winie's server | ID: 1335265286198263848 | Участников: 56
2025-10-26 02:27:00 | INFO     | 🛡 Сервер: Сервер користувача kraken_5491 | ID: 1411475618343686187 | Участников: 4
2025-10-26 02:27:00 | SUCCESS  | Команды успешно синхронизированы
2025-10-26 02:28:01 | WARNING  | 🛑 Запуск остановлен вручную.
2025-10-26 02:30:18 | INFO     | HTTP Request: GET https://jqphrrikzkntcyzsrbrc.supabase.co/rest/v1/active_duels?select=%2A "HTTP/2 200 OK"
2025-10-26 02:30:18 | INFO     | HTTP Request: GET https://jqphrrikzkntcyzsrbrc.supabase.co/rest/v1/duel_stats?select=%2A "HTTP/2 200 OK"
2025-10-26 02:30:18 | INFO     | ✅ Данные из Supabase загружены
2025-10-26 02:30:22 | SUCCESS  | 🎉 Все файлы cogs успешно загружены!
2025-10-26 02:30:26 | SUCCESS  | 🤖 Бот `Void Sentinel#5662` успешно запущен (ID: 1230464176745480254)
2025-10-26 02:30:26 | INFO     | 🛡 Сервер: Legion Of The Damned | ID: 828749346505490503 | Участников: 8
2025-10-26 02:30:26 | INFO     | 🛡 Сервер: Space_Marine 2RU | ID: 1118852004786225192 | Участников: 288
2025-10-26 02:30:26 | INFO     | 🛡 Сервер: winie's server | ID: 1335265286198263848 | Участников: 56
2025-10-26 02:30:26 | INFO     | 🛡 Сервер: Сервер користувача kraken_5491 | ID: 1411475618343686187 | Участников: 4
2025-10-26 02:30:26 | SUCCESS  | Команды успешно синхронизированы
2025-10-26 02:31:00 | WARNING  | 🛑 Запуск остановлен вручную.
2025-10-26 02:34:20 | CRITICAL | ❌ Ошибки при загрузке модулей: cogs.admin, cogs.applications, cogs.clan_general, cogs.clan_info, cogs.coinflip, cogs.duel, cogs.events, cogs.general, cogs.info, cogs.music, cogs.quiz, cogs.rps, cogs.voting
2025-10-26 02:34:20 | ERROR    | 
--- Ошибка в `cogs.admin` ---
Traceback (most recent call last):
  File "C:\Users\KLegi\AppData\Local\Python\pythoncore-3.14-64\Lib\site-packages\discord\cog.py", line 784, in _load_from_module_spec
    spec.loader.exec_module(lib)  # type: ignore
    ~~~~~~~~~~~~~~~~~~~~~~~^^^^^
  File "<frozen importlib._bootstrap_external>", line 762, in exec_module
  File "<frozen importlib._bootstrap>", line 491, in _call_with_frames_removed
  File "C:\Users\KLegi\Desktop\Void-Sentinel-develop\cogs\admin.py", line 3, in <module>
    from discord import app_commands
  File "C:\Users\KLegi\AppData\Local\Python\pythoncore-3.14-64\Lib\site-packages\discord\app_commands\__init__.py", line 12, in <module>
    from .commands import *
  File "C:\Users\KLegi\AppData\Local\Python\pythoncore-3.14-64\Lib\site-packages\discord\app_commands\commands.py", line 51, in <module>
    from ..enums import AppCommandOptionType, AppCommandType, ChannelType, Locale
ImportError: cannot import name 'AppCommandOptionType' from 'discord.enums' (C:\Users\KLegi\AppData\Local\Python\pythoncore-3.14-64\Lib\site-packages\discord\enums.py). Did you mean: 'SlashCommandOptionType'?

The above exception was the direct cause of the following exception:

Traceback (most recent call last):
  File "C:\Users\KLegi\Desktop\Void-Sentinel-develop\main.py", line 48, in load_cogs
    await bot.load_extension(cog)
          ~~~~~~~~~~~~~~~~~~^^^^^
  File "C:\Users\KLegi\AppData\Local\Python\pythoncore-3.14-64\Lib\site-packages\discord\cog.py", line 918, in load_extension
    self._load_from_module_spec(spec, name)
    ~~~~~~~~~~~~~~~~~~~~~~~~~~~^^^^^^^^^^^^
  File "C:\Users\KLegi\AppData\Local\Python\pythoncore-3.14-64\Lib\site-packages\discord\cog.py", line 787, in _load_from_module_spec
    raise errors.ExtensionFailed(key, e) from e
discord.errors.ExtensionFailed: Extension 'cogs.admin' raised an error: ImportError: cannot import name 'AppCommandOptionType' from 'discord.enums' (C:\Users\KLegi\AppData\Local\Python\pythoncore-3.14-64\Lib\site-packages\discord\enums.py)

--- Конец ошибки ---
2025-10-26 02:34:20 | ERROR    | 
--- Ошибка в `cogs.applications` ---
Traceback (most recent call last):
  File "C:\Users\KLegi\AppData\Local\Python\pythoncore-3.14-64\Lib\site-packages\discord\cog.py", line 784, in _load_from_module_spec
    spec.loader.exec_module(lib)  # type: ignore
    ~~~~~~~~~~~~~~~~~~~~~~~^^^^^
  File "<frozen importlib._bootstrap_external>", line 762, in exec_module
  File "<frozen importlib._bootstrap>", line 491, in _call_with_frames_removed
  File "C:\Users\KLegi\Desktop\Void-Sentinel-develop\cogs\applications.py", line 3, in <module>
    from discord import app_commands
  File "C:\Users\KLegi\AppData\Local\Python\pythoncore-3.14-64\Lib\site-packages\discord\app_commands\__init__.py", line 12, in <module>
    from .commands import *
  File "C:\Users\KLegi\AppData\Local\Python\pythoncore-3.14-64\Lib\site-packages\discord\app_commands\commands.py", line 51, in <module>
    from ..enums import AppCommandOptionType, AppCommandType, ChannelType, Locale
ImportError: cannot import name 'AppCommandOptionType' from 'discord.enums' (C:\Users\KLegi\AppData\Local\Python\pythoncore-3.14-64\Lib\site-packages\discord\enums.py). Did you mean: 'SlashCommandOptionType'?

The above exception was the direct cause of the following exception:

Traceback (most recent call last):
  File "C:\Users\KLegi\Desktop\Void-Sentinel-develop\main.py", line 48, in load_cogs
    await bot.load_extension(cog)
          ~~~~~~~~~~~~~~~~~~^^^^^
  File "C:\Users\KLegi\AppData\Local\Python\pythoncore-3.14-64\Lib\site-packages\discord\cog.py", line 918, in load_extension
    self._load_from_module_spec(spec, name)
    ~~~~~~~~~~~~~~~~~~~~~~~~~~~^^^^^^^^^^^^
  File "C:\Users\KLegi\AppData\Local\Python\pythoncore-3.14-64\Lib\site-packages\discord\cog.py", line 787, in _load_from_module_spec
    raise errors.ExtensionFailed(key, e) from e
discord.errors.ExtensionFailed: Extension 'cogs.applications' raised an error: ImportError: cannot import name 'AppCommandOptionType' from 'discord.enums' (C:\Users\KLegi\AppData\Local\Python\pythoncore-3.14-64\Lib\site-packages\discord\enums.py)

--- Конец ошибки ---
2025-10-26 02:34:20 | ERROR    | 
--- Ошибка в `cogs.clan_general` ---
Traceback (most recent call last):
  File "C:\Users\KLegi\AppData\Local\Python\pythoncore-3.14-64\Lib\site-packages\discord\cog.py", line 784, in _load_from_module_spec
    spec.loader.exec_module(lib)  # type: ignore
    ~~~~~~~~~~~~~~~~~~~~~~~^^^^^
  File "<frozen importlib._bootstrap_external>", line 762, in exec_module
  File "<frozen importlib._bootstrap>", line 491, in _call_with_frames_removed
  File "C:\Users\KLegi\Desktop\Void-Sentinel-develop\cogs\clan_general.py", line 3, in <module>
    from discord import app_commands
  File "C:\Users\KLegi\AppData\Local\Python\pythoncore-3.14-64\Lib\site-packages\discord\app_commands\__init__.py", line 12, in <module>
    from .commands import *
  File "C:\Users\KLegi\AppData\Local\Python\pythoncore-3.14-64\Lib\site-packages\discord\app_commands\commands.py", line 51, in <module>
    from ..enums import AppCommandOptionType, AppCommandType, ChannelType, Locale
ImportError: cannot import name 'AppCommandOptionType' from 'discord.enums' (C:\Users\KLegi\AppData\Local\Python\pythoncore-3.14-64\Lib\site-packages\discord\enums.py). Did you mean: 'SlashCommandOptionType'?

The above exception was the direct cause of the following exception:

Traceback (most recent call last):
  File "C:\Users\KLegi\Desktop\Void-Sentinel-develop\main.py", line 48, in load_cogs
    await bot.load_extension(cog)
          ~~~~~~~~~~~~~~~~~~^^^^^
  File "C:\Users\KLegi\AppData\Local\Python\pythoncore-3.14-64\Lib\site-packages\discord\cog.py", line 918, in load_extension
    self._load_from_module_spec(spec, name)
    ~~~~~~~~~~~~~~~~~~~~~~~~~~~^^^^^^^^^^^^
  File "C:\Users\KLegi\AppData\Local\Python\pythoncore-3.14-64\Lib\site-packages\discord\cog.py", line 787, in _load_from_module_spec
    raise errors.ExtensionFailed(key, e) from e
discord.errors.ExtensionFailed: Extension 'cogs.clan_general' raised an error: ImportError: cannot import name 'AppCommandOptionType' from 'discord.enums' (C:\Users\KLegi\AppData\Local\Python\pythoncore-3.14-64\Lib\site-packages\discord\enums.py)

--- Конец ошибки ---
2025-10-26 02:34:20 | ERROR    | 
--- Ошибка в `cogs.clan_info` ---
Traceback (most recent call last):
  File "C:\Users\KLegi\AppData\Local\Python\pythoncore-3.14-64\Lib\site-packages\discord\cog.py", line 784, in _load_from_module_spec
    spec.loader.exec_module(lib)  # type: ignore
    ~~~~~~~~~~~~~~~~~~~~~~~^^^^^
  File "<frozen importlib._bootstrap_external>", line 762, in exec_module
  File "<frozen importlib._bootstrap>", line 491, in _call_with_frames_removed
  File "C:\Users\KLegi\Desktop\Void-Sentinel-develop\cogs\clan_info.py", line 4, in <module>
    from discord import app_commands
  File "C:\Users\KLegi\AppData\Local\Python\pythoncore-3.14-64\Lib\site-packages\discord\app_commands\__init__.py", line 12, in <module>
    from .commands import *
  File "C:\Users\KLegi\AppData\Local\Python\pythoncore-3.14-64\Lib\site-packages\discord\app_commands\commands.py", line 51, in <module>
    from ..enums import AppCommandOptionType, AppCommandType, ChannelType, Locale
ImportError: cannot import name 'AppCommandOptionType' from 'discord.enums' (C:\Users\KLegi\AppData\Local\Python\pythoncore-3.14-64\Lib\site-packages\discord\enums.py). Did you mean: 'SlashCommandOptionType'?

The above exception was the direct cause of the following exception:

Traceback (most recent call last):
  File "C:\Users\KLegi\Desktop\Void-Sentinel-develop\main.py", line 48, in load_cogs
    await bot.load_extension(cog)
          ~~~~~~~~~~~~~~~~~~^^^^^
  File "C:\Users\KLegi\AppData\Local\Python\pythoncore-3.14-64\Lib\site-packages\discord\cog.py", line 918, in load_extension
    self._load_from_module_spec(spec, name)
    ~~~~~~~~~~~~~~~~~~~~~~~~~~~^^^^^^^^^^^^
  File "C:\Users\KLegi\AppData\Local\Python\pythoncore-3.14-64\Lib\site-packages\discord\cog.py", line 787, in _load_from_module_spec
    raise errors.ExtensionFailed(key, e) from e
discord.errors.ExtensionFailed: Extension 'cogs.clan_info' raised an error: ImportError: cannot import name 'AppCommandOptionType' from 'discord.enums' (C:\Users\KLegi\AppData\Local\Python\pythoncore-3.14-64\Lib\site-packages\discord\enums.py)

--- Конец ошибки ---
2025-10-26 02:34:20 | ERROR    | 
--- Ошибка в `cogs.coinflip` ---
Traceback (most recent call last):
  File "C:\Users\KLegi\AppData\Local\Python\pythoncore-3.14-64\Lib\site-packages\discord\cog.py", line 784, in _load_from_module_spec
    spec.loader.exec_module(lib)  # type: ignore
    ~~~~~~~~~~~~~~~~~~~~~~~^^^^^
  File "<frozen importlib._bootstrap_external>", line 762, in exec_module
  File "<frozen importlib._bootstrap>", line 491, in _call_with_frames_removed
  File "C:\Users\KLegi\Desktop\Void-Sentinel-develop\cogs\coinflip.py", line 93, in <module>
    class CoinFlip(commands.Cog):
    ...<31 lines>...
            logger.info(f"Игра создана: {ctx.author} vs {opponent}, сообщение {msg.id}")
  File "C:\Users\KLegi\Desktop\Void-Sentinel-develop\cogs\coinflip.py", line 97, in CoinFlip
    @commands.hybrid_command(name="монетка", description="Вызвать игрока или бота на Орёл или Решка!")
     ^^^^^^^^^^^^^^^^^^^^^^^
AttributeError: module 'discord.ext.commands' has no attribute 'hybrid_command'

The above exception was the direct cause of the following exception:

Traceback (most recent call last):
  File "C:\Users\KLegi\Desktop\Void-Sentinel-develop\main.py", line 48, in load_cogs
    await bot.load_extension(cog)
          ~~~~~~~~~~~~~~~~~~^^^^^
  File "C:\Users\KLegi\AppData\Local\Python\pythoncore-3.14-64\Lib\site-packages\discord\cog.py", line 918, in load_extension
    self._load_from_module_spec(spec, name)
    ~~~~~~~~~~~~~~~~~~~~~~~~~~~^^^^^^^^^^^^
  File "C:\Users\KLegi\AppData\Local\Python\pythoncore-3.14-64\Lib\site-packages\discord\cog.py", line 787, in _load_from_module_spec
    raise errors.ExtensionFailed(key, e) from e
discord.errors.ExtensionFailed: Extension 'cogs.coinflip' raised an error: AttributeError: module 'discord.ext.commands' has no attribute 'hybrid_command'

--- Конец ошибки ---
2025-10-26 02:34:20 | ERROR    | 
--- Ошибка в `cogs.duel` ---
Traceback (most recent call last):
  File "C:\Users\KLegi\AppData\Local\Python\pythoncore-3.14-64\Lib\site-packages\discord\cog.py", line 784, in _load_from_module_spec
    spec.loader.exec_module(lib)  # type: ignore
    ~~~~~~~~~~~~~~~~~~~~~~~^^^^^
  File "<frozen importlib._bootstrap_external>", line 762, in exec_module
  File "<frozen importlib._bootstrap>", line 491, in _call_with_frames_removed
  File "C:\Users\KLegi\Desktop\Void-Sentinel-develop\cogs\duel.py", line 11, in <module>
    class Duel(commands.Cog):
    ...<35 lines>...
                await ctx.send(f"⚠️ {opponent.mention}, я не смог отправить ЛС. Проверь настройки приватности.")
  File "C:\Users\KLegi\Desktop\Void-Sentinel-develop\cogs\duel.py", line 15, in Duel
    @commands.hybrid_command(name="дуэль", description="Вызвать пользователя на дуэль")
     ^^^^^^^^^^^^^^^^^^^^^^^
AttributeError: module 'discord.ext.commands' has no attribute 'hybrid_command'

The above exception was the direct cause of the following exception:

Traceback (most recent call last):
  File "C:\Users\KLegi\Desktop\Void-Sentinel-develop\main.py", line 48, in load_cogs
    await bot.load_extension(cog)
          ~~~~~~~~~~~~~~~~~~^^^^^
  File "C:\Users\KLegi\AppData\Local\Python\pythoncore-3.14-64\Lib\site-packages\discord\cog.py", line 918, in load_extension
    self._load_from_module_spec(spec, name)
    ~~~~~~~~~~~~~~~~~~~~~~~~~~~^^^^^^^^^^^^
  File "C:\Users\KLegi\AppData\Local\Python\pythoncore-3.14-64\Lib\site-packages\discord\cog.py", line 787, in _load_from_module_spec
    raise errors.ExtensionFailed(key, e) from e
discord.errors.ExtensionFailed: Extension 'cogs.duel' raised an error: AttributeError: module 'discord.ext.commands' has no attribute 'hybrid_command'

--- Конец ошибки ---
2025-10-26 02:34:20 | ERROR    | 
--- Ошибка в `cogs.events` ---
Traceback (most recent call last):
  File "C:\Users\KLegi\Desktop\Void-Sentinel-develop\main.py", line 48, in load_cogs
    await bot.load_extension(cog)
TypeError: 'list' object can't be awaited

--- Конец ошибки ---
2025-10-26 02:34:20 | ERROR    | 
--- Ошибка в `cogs.general` ---
Traceback (most recent call last):
  File "C:\Users\KLegi\AppData\Local\Python\pythoncore-3.14-64\Lib\site-packages\discord\cog.py", line 784, in _load_from_module_spec
    spec.loader.exec_module(lib)  # type: ignore
    ~~~~~~~~~~~~~~~~~~~~~~~^^^^^
  File "<frozen importlib._bootstrap_external>", line 762, in exec_module
  File "<frozen importlib._bootstrap>", line 491, in _call_with_frames_removed
  File "C:\Users\KLegi\Desktop\Void-Sentinel-develop\cogs\general.py", line 3, in <module>
    from discord import app_commands
  File "C:\Users\KLegi\AppData\Local\Python\pythoncore-3.14-64\Lib\site-packages\discord\app_commands\__init__.py", line 12, in <module>
    from .commands import *
  File "C:\Users\KLegi\AppData\Local\Python\pythoncore-3.14-64\Lib\site-packages\discord\app_commands\commands.py", line 51, in <module>
    from ..enums import AppCommandOptionType, AppCommandType, ChannelType, Locale
ImportError: cannot import name 'AppCommandOptionType' from 'discord.enums' (C:\Users\KLegi\AppData\Local\Python\pythoncore-3.14-64\Lib\site-packages\discord\enums.py). Did you mean: 'SlashCommandOptionType'?

The above exception was the direct cause of the following exception:

Traceback (most recent call last):
  File "C:\Users\KLegi\Desktop\Void-Sentinel-develop\main.py", line 48, in load_cogs
    await bot.load_extension(cog)
          ~~~~~~~~~~~~~~~~~~^^^^^
  File "C:\Users\KLegi\AppData\Local\Python\pythoncore-3.14-64\Lib\site-packages\discord\cog.py", line 918, in load_extension
    self._load_from_module_spec(spec, name)
    ~~~~~~~~~~~~~~~~~~~~~~~~~~~^^^^^^^^^^^^
  File "C:\Users\KLegi\AppData\Local\Python\pythoncore-3.14-64\Lib\site-packages\discord\cog.py", line 787, in _load_from_module_spec
    raise errors.ExtensionFailed(key, e) from e
discord.errors.ExtensionFailed: Extension 'cogs.general' raised an error: ImportError: cannot import name 'AppCommandOptionType' from 'discord.enums' (C:\Users\KLegi\AppData\Local\Python\pythoncore-3.14-64\Lib\site-packages\discord\enums.py)

--- Конец ошибки ---
2025-10-26 02:34:20 | ERROR    | 
--- Ошибка в `cogs.info` ---
Traceback (most recent call last):
  File "C:\Users\KLegi\AppData\Local\Python\pythoncore-3.14-64\Lib\site-packages\discord\cog.py", line 784, in _load_from_module_spec
    spec.loader.exec_module(lib)  # type: ignore
    ~~~~~~~~~~~~~~~~~~~~~~~^^^^^
  File "<frozen importlib._bootstrap_external>", line 762, in exec_module
  File "<frozen importlib._bootstrap>", line 491, in _call_with_frames_removed
  File "C:\Users\KLegi\Desktop\Void-Sentinel-develop\cogs\info.py", line 2, in <module>
    from discord import app_commands
  File "C:\Users\KLegi\AppData\Local\Python\pythoncore-3.14-64\Lib\site-packages\discord\app_commands\__init__.py", line 12, in <module>
    from .commands import *
  File "C:\Users\KLegi\AppData\Local\Python\pythoncore-3.14-64\Lib\site-packages\discord\app_commands\commands.py", line 51, in <module>
    from ..enums import AppCommandOptionType, AppCommandType, ChannelType, Locale
ImportError: cannot import name 'AppCommandOptionType' from 'discord.enums' (C:\Users\KLegi\AppData\Local\Python\pythoncore-3.14-64\Lib\site-packages\discord\enums.py). Did you mean: 'SlashCommandOptionType'?

The above exception was the direct cause of the following exception:

Traceback (most recent call last):
  File "C:\Users\KLegi\Desktop\Void-Sentinel-develop\main.py", line 48, in load_cogs
    await bot.load_extension(cog)
          ~~~~~~~~~~~~~~~~~~^^^^^
  File "C:\Users\KLegi\AppData\Local\Python\pythoncore-3.14-64\Lib\site-packages\discord\cog.py", line 918, in load_extension
    self._load_from_module_spec(spec, name)
    ~~~~~~~~~~~~~~~~~~~~~~~~~~~^^^^^^^^^^^^
  File "C:\Users\KLegi\AppData\Local\Python\pythoncore-3.14-64\Lib\site-packages\discord\cog.py", line 787, in _load_from_module_spec
    raise errors.ExtensionFailed(key, e) from e
discord.errors.ExtensionFailed: Extension 'cogs.info' raised an error: ImportError: cannot import name 'AppCommandOptionType' from 'discord.enums' (C:\Users\KLegi\AppData\Local\Python\pythoncore-3.14-64\Lib\site-packages\discord\enums.py)

--- Конец ошибки ---
2025-10-26 02:34:20 | ERROR    | 
--- Ошибка в `cogs.music` ---
Traceback (most recent call last):
  File "C:\Users\KLegi\AppData\Local\Python\pythoncore-3.14-64\Lib\site-packages\discord\cog.py", line 784, in _load_from_module_spec
    spec.loader.exec_module(lib)  # type: ignore
    ~~~~~~~~~~~~~~~~~~~~~~~^^^^^
  File "<frozen importlib._bootstrap_external>", line 762, in exec_module
  File "<frozen importlib._bootstrap>", line 491, in _call_with_frames_removed
  File "C:\Users\KLegi\Desktop\Void-Sentinel-develop\cogs\music.py", line 3, in <module>
    from discord import app_commands
  File "C:\Users\KLegi\AppData\Local\Python\pythoncore-3.14-64\Lib\site-packages\discord\app_commands\__init__.py", line 12, in <module>
    from .commands import *
  File "C:\Users\KLegi\AppData\Local\Python\pythoncore-3.14-64\Lib\site-packages\discord\app_commands\commands.py", line 51, in <module>
    from ..enums import AppCommandOptionType, AppCommandType, ChannelType, Locale
ImportError: cannot import name 'AppCommandOptionType' from 'discord.enums' (C:\Users\KLegi\AppData\Local\Python\pythoncore-3.14-64\Lib\site-packages\discord\enums.py). Did you mean: 'SlashCommandOptionType'?

The above exception was the direct cause of the following exception:

Traceback (most recent call last):
  File "C:\Users\KLegi\Desktop\Void-Sentinel-develop\main.py", line 48, in load_cogs
    await bot.load_extension(cog)
          ~~~~~~~~~~~~~~~~~~^^^^^
  File "C:\Users\KLegi\AppData\Local\Python\pythoncore-3.14-64\Lib\site-packages\discord\cog.py", line 918, in load_extension
    self._load_from_module_spec(spec, name)
    ~~~~~~~~~~~~~~~~~~~~~~~~~~~^^^^^^^^^^^^
  File "C:\Users\KLegi\AppData\Local\Python\pythoncore-3.14-64\Lib\site-packages\discord\cog.py", line 787, in _load_from_module_spec
    raise errors.ExtensionFailed(key, e) from e
discord.errors.ExtensionFailed: Extension 'cogs.music' raised an error: ImportError: cannot import name 'AppCommandOptionType' from 'discord.enums' (C:\Users\KLegi\AppData\Local\Python\pythoncore-3.14-64\Lib\site-packages\discord\enums.py)

--- Конец ошибки ---
2025-10-26 02:34:20 | ERROR    | 
--- Ошибка в `cogs.quiz` ---
Traceback (most recent call last):
  File "C:\Users\KLegi\AppData\Local\Python\pythoncore-3.14-64\Lib\site-packages\discord\cog.py", line 784, in _load_from_module_spec
    spec.loader.exec_module(lib)  # type: ignore
    ~~~~~~~~~~~~~~~~~~~~~~~^^^^^
  File "<frozen importlib._bootstrap_external>", line 762, in exec_module
  File "<frozen importlib._bootstrap>", line 491, in _call_with_frames_removed
  File "C:\Users\KLegi\Desktop\Void-Sentinel-develop\cogs\quiz.py", line 3, in <module>
    from discord import app_commands
  File "C:\Users\KLegi\AppData\Local\Python\pythoncore-3.14-64\Lib\site-packages\discord\app_commands\__init__.py", line 12, in <module>
    from .commands import *
  File "C:\Users\KLegi\AppData\Local\Python\pythoncore-3.14-64\Lib\site-packages\discord\app_commands\commands.py", line 51, in <module>
    from ..enums import AppCommandOptionType, AppCommandType, ChannelType, Locale
ImportError: cannot import name 'AppCommandOptionType' from 'discord.enums' (C:\Users\KLegi\AppData\Local\Python\pythoncore-3.14-64\Lib\site-packages\discord\enums.py). Did you mean: 'SlashCommandOptionType'?

The above exception was the direct cause of the following exception:

Traceback (most recent call last):
  File "C:\Users\KLegi\Desktop\Void-Sentinel-develop\main.py", line 48, in load_cogs
    await bot.load_extension(cog)
          ~~~~~~~~~~~~~~~~~~^^^^^
  File "C:\Users\KLegi\AppData\Local\Python\pythoncore-3.14-64\Lib\site-packages\discord\cog.py", line 918, in load_extension
    self._load_from_module_spec(spec, name)
    ~~~~~~~~~~~~~~~~~~~~~~~~~~~^^^^^^^^^^^^
  File "C:\Users\KLegi\AppData\Local\Python\pythoncore-3.14-64\Lib\site-packages\discord\cog.py", line 787, in _load_from_module_spec
    raise errors.ExtensionFailed(key, e) from e
discord.errors.ExtensionFailed: Extension 'cogs.quiz' raised an error: ImportError: cannot import name 'AppCommandOptionType' from 'discord.enums' (C:\Users\KLegi\AppData\Local\Python\pythoncore-3.14-64\Lib\site-packages\discord\enums.py)

--- Конец ошибки ---
2025-10-26 02:34:20 | ERROR    | 
--- Ошибка в `cogs.rps` ---
Traceback (most recent call last):
  File "C:\Users\KLegi\AppData\Local\Python\pythoncore-3.14-64\Lib\site-packages\discord\cog.py", line 784, in _load_from_module_spec
    spec.loader.exec_module(lib)  # type: ignore
    ~~~~~~~~~~~~~~~~~~~~~~~^^^^^
  File "<frozen importlib._bootstrap_external>", line 762, in exec_module
  File "<frozen importlib._bootstrap>", line 491, in _call_with_frames_removed
  File "C:\Users\KLegi\Desktop\Void-Sentinel-develop\cogs\rps.py", line 25, in <module>
    class RPSCog(commands.Cog):
    ...<55 lines>...
                await view.start_game(ctx.channel)
  File "C:\Users\KLegi\Desktop\Void-Sentinel-develop\cogs\rps.py", line 29, in RPSCog
    @commands.hybrid_command(
     ^^^^^^^^^^^^^^^^^^^^^^^
AttributeError: module 'discord.ext.commands' has no attribute 'hybrid_command'

The above exception was the direct cause of the following exception:

Traceback (most recent call last):
  File "C:\Users\KLegi\Desktop\Void-Sentinel-develop\main.py", line 48, in load_cogs
    await bot.load_extension(cog)
          ~~~~~~~~~~~~~~~~~~^^^^^
  File "C:\Users\KLegi\AppData\Local\Python\pythoncore-3.14-64\Lib\site-packages\discord\cog.py", line 918, in load_extension
    self._load_from_module_spec(spec, name)
    ~~~~~~~~~~~~~~~~~~~~~~~~~~~^^^^^^^^^^^^
  File "C:\Users\KLegi\AppData\Local\Python\pythoncore-3.14-64\Lib\site-packages\discord\cog.py", line 787, in _load_from_module_spec
    raise errors.ExtensionFailed(key, e) from e
discord.errors.ExtensionFailed: Extension 'cogs.rps' raised an error: AttributeError: module 'discord.ext.commands' has no attribute 'hybrid_command'

--- Конец ошибки ---
2025-10-26 02:34:20 | ERROR    | 
--- Ошибка в `cogs.voting` ---
Traceback (most recent call last):
  File "C:\Users\KLegi\Desktop\Void-Sentinel-develop\main.py", line 48, in load_cogs
    await bot.load_extension(cog)
TypeError: 'list' object can't be awaited

--- Конец ошибки ---
2025-10-26 02:34:24 | SUCCESS  | 🤖 Бот `Void Sentinel#5662` успешно запущен (ID: 1230464176745480254)
2025-10-26 02:34:24 | INFO     | 🛡 Сервер: Legion Of The Damned | ID: 828749346505490503 | Участников: 8
2025-10-26 02:34:24 | INFO     | 🛡 Сервер: Space_Marine 2RU | ID: 1118852004786225192 | Участников: 288
2025-10-26 02:34:24 | INFO     | 🛡 Сервер: winie's server | ID: 1335265286198263848 | Участников: 56
2025-10-26 02:34:24 | INFO     | 🛡 Сервер: Сервер користувача kraken_5491 | ID: 1411475618343686187 | Участников: 4
2025-10-26 02:34:45 | WARNING  | 🛑 Запуск остановлен вручную.
2025-10-26 02:37:13 | CRITICAL | ❌ Ошибки при загрузке модулей: cogs.admin, cogs.applications, cogs.clan_general, cogs.clan_info, cogs.coinflip, cogs.duel, cogs.events, cogs.general, cogs.info, cogs.music, cogs.quiz, cogs.rps, cogs.voting
2025-10-26 02:37:13 | ERROR    | 
--- Ошибка в `cogs.admin` ---
Traceback (most recent call last):
  File "C:\Users\KLegi\AppData\Local\Python\pythoncore-3.14-64\Lib\site-packages\discord\cog.py", line 784, in _load_from_module_spec
    spec.loader.exec_module(lib)  # type: ignore
    ~~~~~~~~~~~~~~~~~~~~~~~^^^^^
  File "<frozen importlib._bootstrap_external>", line 762, in exec_module
  File "<frozen importlib._bootstrap>", line 491, in _call_with_frames_removed
  File "C:\Users\KLegi\Desktop\Void-Sentinel-develop\cogs\admin.py", line 3, in <module>
    from discord import app_commands
  File "C:\Users\KLegi\AppData\Local\Python\pythoncore-3.14-64\Lib\site-packages\discord\app_commands\__init__.py", line 12, in <module>
    from .commands import *
  File "C:\Users\KLegi\AppData\Local\Python\pythoncore-3.14-64\Lib\site-packages\discord\app_commands\commands.py", line 51, in <module>
    from ..enums import AppCommandOptionType, AppCommandType, ChannelType, Locale
ImportError: cannot import name 'AppCommandOptionType' from 'discord.enums' (C:\Users\KLegi\AppData\Local\Python\pythoncore-3.14-64\Lib\site-packages\discord\enums.py). Did you mean: 'SlashCommandOptionType'?

The above exception was the direct cause of the following exception:

Traceback (most recent call last):
  File "C:\Users\KLegi\Desktop\Void-Sentinel-develop\main.py", line 48, in load_cogs
    await bot.load_extension(cog)
          ~~~~~~~~~~~~~~~~~~^^^^^
  File "C:\Users\KLegi\AppData\Local\Python\pythoncore-3.14-64\Lib\site-packages\discord\cog.py", line 918, in load_extension
    self._load_from_module_spec(spec, name)
    ~~~~~~~~~~~~~~~~~~~~~~~~~~~^^^^^^^^^^^^
  File "C:\Users\KLegi\AppData\Local\Python\pythoncore-3.14-64\Lib\site-packages\discord\cog.py", line 787, in _load_from_module_spec
    raise errors.ExtensionFailed(key, e) from e
discord.errors.ExtensionFailed: Extension 'cogs.admin' raised an error: ImportError: cannot import name 'AppCommandOptionType' from 'discord.enums' (C:\Users\KLegi\AppData\Local\Python\pythoncore-3.14-64\Lib\site-packages\discord\enums.py)

--- Конец ошибки ---
2025-10-26 02:37:13 | ERROR    | 
--- Ошибка в `cogs.applications` ---
Traceback (most recent call last):
  File "C:\Users\KLegi\AppData\Local\Python\pythoncore-3.14-64\Lib\site-packages\discord\cog.py", line 784, in _load_from_module_spec
    spec.loader.exec_module(lib)  # type: ignore
    ~~~~~~~~~~~~~~~~~~~~~~~^^^^^
  File "<frozen importlib._bootstrap_external>", line 762, in exec_module
  File "<frozen importlib._bootstrap>", line 491, in _call_with_frames_removed
  File "C:\Users\KLegi\Desktop\Void-Sentinel-develop\cogs\applications.py", line 3, in <module>
    from discord import app_commands
  File "C:\Users\KLegi\AppData\Local\Python\pythoncore-3.14-64\Lib\site-packages\discord\app_commands\__init__.py", line 12, in <module>
    from .commands import *
  File "C:\Users\KLegi\AppData\Local\Python\pythoncore-3.14-64\Lib\site-packages\discord\app_commands\commands.py", line 51, in <module>
    from ..enums import AppCommandOptionType, AppCommandType, ChannelType, Locale
ImportError: cannot import name 'AppCommandOptionType' from 'discord.enums' (C:\Users\KLegi\AppData\Local\Python\pythoncore-3.14-64\Lib\site-packages\discord\enums.py). Did you mean: 'SlashCommandOptionType'?

The above exception was the direct cause of the following exception:

Traceback (most recent call last):
  File "C:\Users\KLegi\Desktop\Void-Sentinel-develop\main.py", line 48, in load_cogs
    await bot.load_extension(cog)
          ~~~~~~~~~~~~~~~~~~^^^^^
  File "C:\Users\KLegi\AppData\Local\Python\pythoncore-3.14-64\Lib\site-packages\discord\cog.py", line 918, in load_extension
    self._load_from_module_spec(spec, name)
    ~~~~~~~~~~~~~~~~~~~~~~~~~~~^^^^^^^^^^^^
  File "C:\Users\KLegi\AppData\Local\Python\pythoncore-3.14-64\Lib\site-packages\discord\cog.py", line 787, in _load_from_module_spec
    raise errors.ExtensionFailed(key, e) from e
discord.errors.ExtensionFailed: Extension 'cogs.applications' raised an error: ImportError: cannot import name 'AppCommandOptionType' from 'discord.enums' (C:\Users\KLegi\AppData\Local\Python\pythoncore-3.14-64\Lib\site-packages\discord\enums.py)

--- Конец ошибки ---
2025-10-26 02:37:13 | ERROR    | 
--- Ошибка в `cogs.clan_general` ---
Traceback (most recent call last):
  File "C:\Users\KLegi\AppData\Local\Python\pythoncore-3.14-64\Lib\site-packages\discord\cog.py", line 784, in _load_from_module_spec
    spec.loader.exec_module(lib)  # type: ignore
    ~~~~~~~~~~~~~~~~~~~~~~~^^^^^
  File "<frozen importlib._bootstrap_external>", line 762, in exec_module
  File "<frozen importlib._bootstrap>", line 491, in _call_with_frames_removed
  File "C:\Users\KLegi\Desktop\Void-Sentinel-develop\cogs\clan_general.py", line 3, in <module>
    from discord import app_commands
  File "C:\Users\KLegi\AppData\Local\Python\pythoncore-3.14-64\Lib\site-packages\discord\app_commands\__init__.py", line 12, in <module>
    from .commands import *
  File "C:\Users\KLegi\AppData\Local\Python\pythoncore-3.14-64\Lib\site-packages\discord\app_commands\commands.py", line 51, in <module>
    from ..enums import AppCommandOptionType, AppCommandType, ChannelType, Locale
ImportError: cannot import name 'AppCommandOptionType' from 'discord.enums' (C:\Users\KLegi\AppData\Local\Python\pythoncore-3.14-64\Lib\site-packages\discord\enums.py). Did you mean: 'SlashCommandOptionType'?

The above exception was the direct cause of the following exception:

Traceback (most recent call last):
  File "C:\Users\KLegi\Desktop\Void-Sentinel-develop\main.py", line 48, in load_cogs
    await bot.load_extension(cog)
          ~~~~~~~~~~~~~~~~~~^^^^^
  File "C:\Users\KLegi\AppData\Local\Python\pythoncore-3.14-64\Lib\site-packages\discord\cog.py", line 918, in load_extension
    self._load_from_module_spec(spec, name)
    ~~~~~~~~~~~~~~~~~~~~~~~~~~~^^^^^^^^^^^^
  File "C:\Users\KLegi\AppData\Local\Python\pythoncore-3.14-64\Lib\site-packages\discord\cog.py", line 787, in _load_from_module_spec
    raise errors.ExtensionFailed(key, e) from e
discord.errors.ExtensionFailed: Extension 'cogs.clan_general' raised an error: ImportError: cannot import name 'AppCommandOptionType' from 'discord.enums' (C:\Users\KLegi\AppData\Local\Python\pythoncore-3.14-64\Lib\site-packages\discord\enums.py)

--- Конец ошибки ---
2025-10-26 02:37:13 | ERROR    | 
--- Ошибка в `cogs.clan_info` ---
Traceback (most recent call last):
  File "C:\Users\KLegi\AppData\Local\Python\pythoncore-3.14-64\Lib\site-packages\discord\cog.py", line 784, in _load_from_module_spec
    spec.loader.exec_module(lib)  # type: ignore
    ~~~~~~~~~~~~~~~~~~~~~~~^^^^^
  File "<frozen importlib._bootstrap_external>", line 762, in exec_module
  File "<frozen importlib._bootstrap>", line 491, in _call_with_frames_removed
  File "C:\Users\KLegi\Desktop\Void-Sentinel-develop\cogs\clan_info.py", line 4, in <module>
    from discord import app_commands
  File "C:\Users\KLegi\AppData\Local\Python\pythoncore-3.14-64\Lib\site-packages\discord\app_commands\__init__.py", line 12, in <module>
    from .commands import *
  File "C:\Users\KLegi\AppData\Local\Python\pythoncore-3.14-64\Lib\site-packages\discord\app_commands\commands.py", line 51, in <module>
    from ..enums import AppCommandOptionType, AppCommandType, ChannelType, Locale
ImportError: cannot import name 'AppCommandOptionType' from 'discord.enums' (C:\Users\KLegi\AppData\Local\Python\pythoncore-3.14-64\Lib\site-packages\discord\enums.py). Did you mean: 'SlashCommandOptionType'?

The above exception was the direct cause of the following exception:

Traceback (most recent call last):
  File "C:\Users\KLegi\Desktop\Void-Sentinel-develop\main.py", line 48, in load_cogs
    await bot.load_extension(cog)
          ~~~~~~~~~~~~~~~~~~^^^^^
  File "C:\Users\KLegi\AppData\Local\Python\pythoncore-3.14-64\Lib\site-packages\discord\cog.py", line 918, in load_extension
    self._load_from_module_spec(spec, name)
    ~~~~~~~~~~~~~~~~~~~~~~~~~~~^^^^^^^^^^^^
  File "C:\Users\KLegi\AppData\Local\Python\pythoncore-3.14-64\Lib\site-packages\discord\cog.py", line 787, in _load_from_module_spec
    raise errors.ExtensionFailed(key, e) from e
discord.errors.ExtensionFailed: Extension 'cogs.clan_info' raised an error: ImportError: cannot import name 'AppCommandOptionType' from 'discord.enums' (C:\Users\KLegi\AppData\Local\Python\pythoncore-3.14-64\Lib\site-packages\discord\enums.py)

--- Конец ошибки ---
2025-10-26 02:37:13 | ERROR    | 
--- Ошибка в `cogs.coinflip` ---
Traceback (most recent call last):
  File "C:\Users\KLegi\AppData\Local\Python\pythoncore-3.14-64\Lib\site-packages\discord\cog.py", line 784, in _load_from_module_spec
    spec.loader.exec_module(lib)  # type: ignore
    ~~~~~~~~~~~~~~~~~~~~~~~^^^^^
  File "<frozen importlib._bootstrap_external>", line 762, in exec_module
  File "<frozen importlib._bootstrap>", line 491, in _call_with_frames_removed
  File "C:\Users\KLegi\Desktop\Void-Sentinel-develop\cogs\coinflip.py", line 93, in <module>
    class CoinFlip(commands.Cog):
    ...<31 lines>...
            logger.info(f"Игра создана: {ctx.author} vs {opponent}, сообщение {msg.id}")
  File "C:\Users\KLegi\Desktop\Void-Sentinel-develop\cogs\coinflip.py", line 97, in CoinFlip
    @commands.hybrid_command(name="монетка", description="Вызвать игрока или бота на Орёл или Решка!")
     ^^^^^^^^^^^^^^^^^^^^^^^
AttributeError: module 'discord.ext.commands' has no attribute 'hybrid_command'

The above exception was the direct cause of the following exception:

Traceback (most recent call last):
  File "C:\Users\KLegi\Desktop\Void-Sentinel-develop\main.py", line 48, in load_cogs
    await bot.load_extension(cog)
          ~~~~~~~~~~~~~~~~~~^^^^^
  File "C:\Users\KLegi\AppData\Local\Python\pythoncore-3.14-64\Lib\site-packages\discord\cog.py", line 918, in load_extension
    self._load_from_module_spec(spec, name)
    ~~~~~~~~~~~~~~~~~~~~~~~~~~~^^^^^^^^^^^^
  File "C:\Users\KLegi\AppData\Local\Python\pythoncore-3.14-64\Lib\site-packages\discord\cog.py", line 787, in _load_from_module_spec
    raise errors.ExtensionFailed(key, e) from e
discord.errors.ExtensionFailed: Extension 'cogs.coinflip' raised an error: AttributeError: module 'discord.ext.commands' has no attribute 'hybrid_command'

--- Конец ошибки ---
2025-10-26 02:37:13 | ERROR    | 
--- Ошибка в `cogs.duel` ---
Traceback (most recent call last):
  File "C:\Users\KLegi\AppData\Local\Python\pythoncore-3.14-64\Lib\site-packages\discord\cog.py", line 784, in _load_from_module_spec
    spec.loader.exec_module(lib)  # type: ignore
    ~~~~~~~~~~~~~~~~~~~~~~~^^^^^
  File "<frozen importlib._bootstrap_external>", line 762, in exec_module
  File "<frozen importlib._bootstrap>", line 491, in _call_with_frames_removed
  File "C:\Users\KLegi\Desktop\Void-Sentinel-develop\cogs\duel.py", line 11, in <module>
    class Duel(commands.Cog):
    ...<35 lines>...
                await ctx.send(f"⚠️ {opponent.mention}, я не смог отправить ЛС. Проверь настройки приватности.")
  File "C:\Users\KLegi\Desktop\Void-Sentinel-develop\cogs\duel.py", line 15, in Duel
    @commands.hybrid_command(name="дуэль", description="Вызвать пользователя на дуэль")
     ^^^^^^^^^^^^^^^^^^^^^^^
AttributeError: module 'discord.ext.commands' has no attribute 'hybrid_command'

The above exception was the direct cause of the following exception:

Traceback (most recent call last):
  File "C:\Users\KLegi\Desktop\Void-Sentinel-develop\main.py", line 48, in load_cogs
    await bot.load_extension(cog)
          ~~~~~~~~~~~~~~~~~~^^^^^
  File "C:\Users\KLegi\AppData\Local\Python\pythoncore-3.14-64\Lib\site-packages\discord\cog.py", line 918, in load_extension
    self._load_from_module_spec(spec, name)
    ~~~~~~~~~~~~~~~~~~~~~~~~~~~^^^^^^^^^^^^
  File "C:\Users\KLegi\AppData\Local\Python\pythoncore-3.14-64\Lib\site-packages\discord\cog.py", line 787, in _load_from_module_spec
    raise errors.ExtensionFailed(key, e) from e
discord.errors.ExtensionFailed: Extension 'cogs.duel' raised an error: AttributeError: module 'discord.ext.commands' has no attribute 'hybrid_command'

--- Конец ошибки ---
2025-10-26 02:37:13 | ERROR    | 
--- Ошибка в `cogs.events` ---
Traceback (most recent call last):
  File "C:\Users\KLegi\Desktop\Void-Sentinel-develop\main.py", line 48, in load_cogs
    await bot.load_extension(cog)
TypeError: 'list' object can't be awaited

--- Конец ошибки ---
2025-10-26 02:37:13 | ERROR    | 
--- Ошибка в `cogs.general` ---
Traceback (most recent call last):
  File "C:\Users\KLegi\AppData\Local\Python\pythoncore-3.14-64\Lib\site-packages\discord\cog.py", line 784, in _load_from_module_spec
    spec.loader.exec_module(lib)  # type: ignore
    ~~~~~~~~~~~~~~~~~~~~~~~^^^^^
  File "<frozen importlib._bootstrap_external>", line 762, in exec_module
  File "<frozen importlib._bootstrap>", line 491, in _call_with_frames_removed
  File "C:\Users\KLegi\Desktop\Void-Sentinel-develop\cogs\general.py", line 3, in <module>
    from discord import app_commands
  File "C:\Users\KLegi\AppData\Local\Python\pythoncore-3.14-64\Lib\site-packages\discord\app_commands\__init__.py", line 12, in <module>
    from .commands import *
  File "C:\Users\KLegi\AppData\Local\Python\pythoncore-3.14-64\Lib\site-packages\discord\app_commands\commands.py", line 51, in <module>
    from ..enums import AppCommandOptionType, AppCommandType, ChannelType, Locale
ImportError: cannot import name 'AppCommandOptionType' from 'discord.enums' (C:\Users\KLegi\AppData\Local\Python\pythoncore-3.14-64\Lib\site-packages\discord\enums.py). Did you mean: 'SlashCommandOptionType'?

The above exception was the direct cause of the following exception:

Traceback (most recent call last):
  File "C:\Users\KLegi\Desktop\Void-Sentinel-develop\main.py", line 48, in load_cogs
    await bot.load_extension(cog)
          ~~~~~~~~~~~~~~~~~~^^^^^
  File "C:\Users\KLegi\AppData\Local\Python\pythoncore-3.14-64\Lib\site-packages\discord\cog.py", line 918, in load_extension
    self._load_from_module_spec(spec, name)
    ~~~~~~~~~~~~~~~~~~~~~~~~~~~^^^^^^^^^^^^
  File "C:\Users\KLegi\AppData\Local\Python\pythoncore-3.14-64\Lib\site-packages\discord\cog.py", line 787, in _load_from_module_spec
    raise errors.ExtensionFailed(key, e) from e
discord.errors.ExtensionFailed: Extension 'cogs.general' raised an error: ImportError: cannot import name 'AppCommandOptionType' from 'discord.enums' (C:\Users\KLegi\AppData\Local\Python\pythoncore-3.14-64\Lib\site-packages\discord\enums.py)

--- Конец ошибки ---
2025-10-26 02:37:13 | ERROR    | 
--- Ошибка в `cogs.info` ---
Traceback (most recent call last):
  File "C:\Users\KLegi\AppData\Local\Python\pythoncore-3.14-64\Lib\site-packages\discord\cog.py", line 784, in _load_from_module_spec
    spec.loader.exec_module(lib)  # type: ignore
    ~~~~~~~~~~~~~~~~~~~~~~~^^^^^
  File "<frozen importlib._bootstrap_external>", line 762, in exec_module
  File "<frozen importlib._bootstrap>", line 491, in _call_with_frames_removed
  File "C:\Users\KLegi\Desktop\Void-Sentinel-develop\cogs\info.py", line 2, in <module>
    from discord import app_commands
  File "C:\Users\KLegi\AppData\Local\Python\pythoncore-3.14-64\Lib\site-packages\discord\app_commands\__init__.py", line 12, in <module>
    from .commands import *
  File "C:\Users\KLegi\AppData\Local\Python\pythoncore-3.14-64\Lib\site-packages\discord\app_commands\commands.py", line 51, in <module>
    from ..enums import AppCommandOptionType, AppCommandType, ChannelType, Locale
ImportError: cannot import name 'AppCommandOptionType' from 'discord.enums' (C:\Users\KLegi\AppData\Local\Python\pythoncore-3.14-64\Lib\site-packages\discord\enums.py). Did you mean: 'SlashCommandOptionType'?

The above exception was the direct cause of the following exception:

Traceback (most recent call last):
  File "C:\Users\KLegi\Desktop\Void-Sentinel-develop\main.py", line 48, in load_cogs
    await bot.load_extension(cog)
          ~~~~~~~~~~~~~~~~~~^^^^^
  File "C:\Users\KLegi\AppData\Local\Python\pythoncore-3.14-64\Lib\site-packages\discord\cog.py", line 918, in load_extension
    self._load_from_module_spec(spec, name)
    ~~~~~~~~~~~~~~~~~~~~~~~~~~~^^^^^^^^^^^^
  File "C:\Users\KLegi\AppData\Local\Python\pythoncore-3.14-64\Lib\site-packages\discord\cog.py", line 787, in _load_from_module_spec
    raise errors.ExtensionFailed(key, e) from e
discord.errors.ExtensionFailed: Extension 'cogs.info' raised an error: ImportError: cannot import name 'AppCommandOptionType' from 'discord.enums' (C:\Users\KLegi\AppData\Local\Python\pythoncore-3.14-64\Lib\site-packages\discord\enums.py)

--- Конец ошибки ---
2025-10-26 02:37:13 | ERROR    | 
--- Ошибка в `cogs.music` ---
Traceback (most recent call last):
  File "C:\Users\KLegi\AppData\Local\Python\pythoncore-3.14-64\Lib\site-packages\discord\cog.py", line 784, in _load_from_module_spec
    spec.loader.exec_module(lib)  # type: ignore
    ~~~~~~~~~~~~~~~~~~~~~~~^^^^^
  File "<frozen importlib._bootstrap_external>", line 762, in exec_module
  File "<frozen importlib._bootstrap>", line 491, in _call_with_frames_removed
  File "C:\Users\KLegi\Desktop\Void-Sentinel-develop\cogs\music.py", line 3, in <module>
    from discord import app_commands
  File "C:\Users\KLegi\AppData\Local\Python\pythoncore-3.14-64\Lib\site-packages\discord\app_commands\__init__.py", line 12, in <module>
    from .commands import *
  File "C:\Users\KLegi\AppData\Local\Python\pythoncore-3.14-64\Lib\site-packages\discord\app_commands\commands.py", line 51, in <module>
    from ..enums import AppCommandOptionType, AppCommandType, ChannelType, Locale
ImportError: cannot import name 'AppCommandOptionType' from 'discord.enums' (C:\Users\KLegi\AppData\Local\Python\pythoncore-3.14-64\Lib\site-packages\discord\enums.py). Did you mean: 'SlashCommandOptionType'?

The above exception was the direct cause of the following exception:

Traceback (most recent call last):
  File "C:\Users\KLegi\Desktop\Void-Sentinel-develop\main.py", line 48, in load_cogs
    await bot.load_extension(cog)
          ~~~~~~~~~~~~~~~~~~^^^^^
  File "C:\Users\KLegi\AppData\Local\Python\pythoncore-3.14-64\Lib\site-packages\discord\cog.py", line 918, in load_extension
    self._load_from_module_spec(spec, name)
    ~~~~~~~~~~~~~~~~~~~~~~~~~~~^^^^^^^^^^^^
  File "C:\Users\KLegi\AppData\Local\Python\pythoncore-3.14-64\Lib\site-packages\discord\cog.py", line 787, in _load_from_module_spec
    raise errors.ExtensionFailed(key, e) from e
discord.errors.ExtensionFailed: Extension 'cogs.music' raised an error: ImportError: cannot import name 'AppCommandOptionType' from 'discord.enums' (C:\Users\KLegi\AppData\Local\Python\pythoncore-3.14-64\Lib\site-packages\discord\enums.py)

--- Конец ошибки ---
2025-10-26 02:37:13 | ERROR    | 
--- Ошибка в `cogs.quiz` ---
Traceback (most recent call last):
  File "C:\Users\KLegi\AppData\Local\Python\pythoncore-3.14-64\Lib\site-packages\discord\cog.py", line 784, in _load_from_module_spec
    spec.loader.exec_module(lib)  # type: ignore
    ~~~~~~~~~~~~~~~~~~~~~~~^^^^^
  File "<frozen importlib._bootstrap_external>", line 762, in exec_module
  File "<frozen importlib._bootstrap>", line 491, in _call_with_frames_removed
  File "C:\Users\KLegi\Desktop\Void-Sentinel-develop\cogs\quiz.py", line 3, in <module>
    from discord import app_commands
  File "C:\Users\KLegi\AppData\Local\Python\pythoncore-3.14-64\Lib\site-packages\discord\app_commands\__init__.py", line 12, in <module>
    from .commands import *
  File "C:\Users\KLegi\AppData\Local\Python\pythoncore-3.14-64\Lib\site-packages\discord\app_commands\commands.py", line 51, in <module>
    from ..enums import AppCommandOptionType, AppCommandType, ChannelType, Locale
ImportError: cannot import name 'AppCommandOptionType' from 'discord.enums' (C:\Users\KLegi\AppData\Local\Python\pythoncore-3.14-64\Lib\site-packages\discord\enums.py). Did you mean: 'SlashCommandOptionType'?

The above exception was the direct cause of the following exception:

Traceback (most recent call last):
  File "C:\Users\KLegi\Desktop\Void-Sentinel-develop\main.py", line 48, in load_cogs
    await bot.load_extension(cog)
          ~~~~~~~~~~~~~~~~~~^^^^^
  File "C:\Users\KLegi\AppData\Local\Python\pythoncore-3.14-64\Lib\site-packages\discord\cog.py", line 918, in load_extension
    self._load_from_module_spec(spec, name)
    ~~~~~~~~~~~~~~~~~~~~~~~~~~~^^^^^^^^^^^^
  File "C:\Users\KLegi\AppData\Local\Python\pythoncore-3.14-64\Lib\site-packages\discord\cog.py", line 787, in _load_from_module_spec
    raise errors.ExtensionFailed(key, e) from e
discord.errors.ExtensionFailed: Extension 'cogs.quiz' raised an error: ImportError: cannot import name 'AppCommandOptionType' from 'discord.enums' (C:\Users\KLegi\AppData\Local\Python\pythoncore-3.14-64\Lib\site-packages\discord\enums.py)

--- Конец ошибки ---
2025-10-26 02:37:13 | ERROR    | 
--- Ошибка в `cogs.rps` ---
Traceback (most recent call last):
  File "C:\Users\KLegi\AppData\Local\Python\pythoncore-3.14-64\Lib\site-packages\discord\cog.py", line 784, in _load_from_module_spec
    spec.loader.exec_module(lib)  # type: ignore
    ~~~~~~~~~~~~~~~~~~~~~~~^^^^^
  File "<frozen importlib._bootstrap_external>", line 762, in exec_module
  File "<frozen importlib._bootstrap>", line 491, in _call_with_frames_removed
  File "C:\Users\KLegi\Desktop\Void-Sentinel-develop\cogs\rps.py", line 25, in <module>
    class RPSCog(commands.Cog):
    ...<55 lines>...
                await view.start_game(ctx.channel)
  File "C:\Users\KLegi\Desktop\Void-Sentinel-develop\cogs\rps.py", line 29, in RPSCog
    @commands.hybrid_command(
     ^^^^^^^^^^^^^^^^^^^^^^^
AttributeError: module 'discord.ext.commands' has no attribute 'hybrid_command'

The above exception was the direct cause of the following exception:

Traceback (most recent call last):
  File "C:\Users\KLegi\Desktop\Void-Sentinel-develop\main.py", line 48, in load_cogs
    await bot.load_extension(cog)
          ~~~~~~~~~~~~~~~~~~^^^^^
  File "C:\Users\KLegi\AppData\Local\Python\pythoncore-3.14-64\Lib\site-packages\discord\cog.py", line 918, in load_extension
    self._load_from_module_spec(spec, name)
    ~~~~~~~~~~~~~~~~~~~~~~~~~~~^^^^^^^^^^^^
  File "C:\Users\KLegi\AppData\Local\Python\pythoncore-3.14-64\Lib\site-packages\discord\cog.py", line 787, in _load_from_module_spec
    raise errors.ExtensionFailed(key, e) from e
discord.errors.ExtensionFailed: Extension 'cogs.rps' raised an error: AttributeError: module 'discord.ext.commands' has no attribute 'hybrid_command'

--- Конец ошибки ---
2025-10-26 02:37:13 | ERROR    | 
--- Ошибка в `cogs.voting` ---
Traceback (most recent call last):
  File "C:\Users\KLegi\Desktop\Void-Sentinel-develop\main.py", line 48, in load_cogs
    await bot.load_extension(cog)
TypeError: 'list' object can't be awaited

--- Конец ошибки ---
2025-10-26 02:37:16 | SUCCESS  | 🤖 Бот `Void Sentinel#5662` успешно запущен (ID: 1230464176745480254)
2025-10-26 02:37:16 | INFO     | 🛡 Сервер: Legion Of The Damned | ID: 828749346505490503 | Участников: 8
2025-10-26 02:37:16 | INFO     | 🛡 Сервер: Space_Marine 2RU | ID: 1118852004786225192 | Участников: 288
2025-10-26 02:37:16 | INFO     | 🛡 Сервер: winie's server | ID: 1335265286198263848 | Участников: 56
2025-10-26 02:37:16 | INFO     | 🛡 Сервер: Сервер користувача kraken_5491 | ID: 1411475618343686187 | Участников: 4
2025-10-26 02:37:28 | WARNING  | 🛑 Запуск остановлен вручную.
2025-10-26 02:46:16 | INFO     | HTTP Request: GET https://jqphrrikzkntcyzsrbrc.supabase.co/rest/v1/active_duels?select=%2A "HTTP/2 200 OK"
2025-10-26 02:46:16 | INFO     | HTTP Request: GET https://jqphrrikzkntcyzsrbrc.supabase.co/rest/v1/duel_stats?select=%2A "HTTP/2 200 OK"
2025-10-26 02:46:16 | INFO     | ✅ Данные из Supabase загружены
2025-10-26 02:46:20 | SUCCESS  | 🎉 Все файлы cogs успешно загружены!
2025-10-26 02:46:23 | SUCCESS  | 🤖 Бот `Void Sentinel#5662` успешно запущен (ID: 1230464176745480254)
2025-10-26 02:46:23 | INFO     | 🛡 Сервер: Legion Of The Damned | ID: 828749346505490503 | Участников: 8
2025-10-26 02:46:23 | INFO     | 🛡 Сервер: Space_Marine 2RU | ID: 1118852004786225192 | Участников: 288
2025-10-26 02:46:23 | INFO     | 🛡 Сервер: winie's server | ID: 1335265286198263848 | Участников: 56
2025-10-26 02:46:23 | INFO     | 🛡 Сервер: Сервер користувача kraken_5491 | ID: 1411475618343686187 | Участников: 4
2025-10-26 02:46:24 | SUCCESS  | Команды успешно синхронизированы
2025-10-26 02:47:15 | WARNING  | 🛑 Запуск остановлен вручную.
2025-10-26 02:50:15 | INFO     | HTTP Request: GET https://jqphrrikzkntcyzsrbrc.supabase.co/rest/v1/active_duels?select=%2A "HTTP/2 200 OK"
2025-10-26 02:50:15 | INFO     | HTTP Request: GET https://jqphrrikzkntcyzsrbrc.supabase.co/rest/v1/duel_stats?select=%2A "HTTP/2 200 OK"
2025-10-26 02:50:15 | INFO     | ✅ Данные из Supabase загружены
2025-10-26 02:50:17 | SUCCESS  | 🎉 Все файлы cogs успешно загружены!
2025-10-26 02:50:21 | SUCCESS  | 🤖 Бот `Void Sentinel#5662` успешно запущен (ID: 1230464176745480254)
2025-10-26 02:50:21 | INFO     | 🛡 Сервер: Legion Of The Damned | ID: 828749346505490503 | Участников: 8
2025-10-26 02:50:21 | INFO     | 🛡 Сервер: Space_Marine 2RU | ID: 1118852004786225192 | Участников: 288
2025-10-26 02:50:21 | INFO     | 🛡 Сервер: winie's server | ID: 1335265286198263848 | Участников: 56
2025-10-26 02:50:21 | INFO     | 🛡 Сервер: Сервер користувача kraken_5491 | ID: 1411475618343686187 | Участников: 4
2025-10-26 02:50:21 | SUCCESS  | Команды успешно синхронизированы
2025-10-26 02:51:09 | WARNING  | 🛑 Запуск остановлен вручную.
