2025-10-24 07:49:37 | INFO     | HTTP Request: GET https://jqphrrikzkntcyzsrbrc.supabase.co/rest/v1/active_duels?select=%2A "HTTP/2 200 OK"
2025-10-24 07:49:37 | INFO     | HTTP Request: GET https://jqphrrikzkntcyzsrbrc.supabase.co/rest/v1/duel_stats?select=%2A "HTTP/2 200 OK"
2025-10-24 07:49:37 | INFO     | ✅ Данные из Supabase загружены
2025-10-24 07:49:38 | SUCCESS  | Загружен ID сообщения для ролей: 1416566500638330941
2025-10-24 07:49:40 | SUCCESS  | 🎉 Все файлы cogs успешно загружены!
2025-10-24 07:49:43 | SUCCESS  | 🤖 Бот `Void Sentinel#5662` успешно запущен (ID: 1230464176745480254)
2025-10-24 07:49:43 | INFO     | 🛡 Сервер: Legion Of The Damned | ID: 828749346505490503 | Участников: 8
2025-10-24 07:49:43 | INFO     | 🛡 Сервер: Space_Marine 2RU | ID: 1118852004786225192 | Участников: 288
2025-10-24 07:49:43 | INFO     | 🛡 Сервер: winie's server | ID: 1335265286198263848 | Участников: 56
2025-10-24 07:49:43 | INFO     | 🛡 Сервер: Сервер користувача kraken_5491 | ID: 1411475618343686187 | Участников: 4
2025-10-24 07:49:43 | INFO     | Используем существующее сообщение с ID 1416566500638330941
2025-10-24 07:49:43 | SUCCESS  | Сообщение верификации найдено, создание не требуется.
2025-10-24 07:50:43 | SUCCESS  | Команды успешно синхронизированы
2025-10-24 18:41:31 | WARNING  | 🛑 Запуск остановлен вручную.
2025-10-24 18:43:30 | INFO     | HTTP Request: GET https://jqphrrikzkntcyzsrbrc.supabase.co/rest/v1/active_duels?select=%2A "HTTP/2 200 OK"
2025-10-24 18:43:31 | INFO     | HTTP Request: GET https://jqphrrikzkntcyzsrbrc.supabase.co/rest/v1/duel_stats?select=%2A "HTTP/2 200 OK"
2025-10-24 18:43:31 | INFO     | ✅ Данные из Supabase загружены
2025-10-24 18:43:33 | SUCCESS  | Загружен ID сообщения для ролей: 1416566500638330941
2025-10-24 18:43:36 | SUCCESS  | 🎉 Все файлы cogs успешно загружены!
2025-10-24 18:43:41 | SUCCESS  | 🤖 Бот `Void Sentinel#5662` успешно запущен (ID: 1230464176745480254)
2025-10-24 18:43:41 | INFO     | 🛡 Сервер: Legion Of The Damned | ID: 828749346505490503 | Участников: 8
2025-10-24 18:43:41 | INFO     | 🛡 Сервер: Space_Marine 2RU | ID: 1118852004786225192 | Участников: 288
2025-10-24 18:43:41 | INFO     | 🛡 Сервер: winie's server | ID: 1335265286198263848 | Участников: 56
2025-10-24 18:43:41 | INFO     | 🛡 Сервер: Сервер користувача kraken_5491 | ID: 1411475618343686187 | Участников: 4
2025-10-24 18:43:41 | SUCCESS  | Сообщение верификации найдено, создание не требуется.
2025-10-24 18:43:41 | INFO     | Используем существующее сообщение с ID 1416566500638330941
2025-10-24 18:44:41 | SUCCESS  | Команды успешно синхронизированы
2025-10-24 18:56:53 | INFO     | HTTP Request: GET https://jqphrrikzkntcyzsrbrc.supabase.co/rest/v1/active_duels?select=%2A "HTTP/2 200 OK"
2025-10-24 18:56:53 | INFO     | HTTP Request: GET https://jqphrrikzkntcyzsrbrc.supabase.co/rest/v1/duel_stats?select=%2A "HTTP/2 200 OK"
2025-10-24 18:56:53 | INFO     | ✅ Данные из Supabase загружены
2025-10-24 18:56:56 | SUCCESS  | Загружен ID сообщения для ролей: 1416566500638330941
2025-10-24 18:56:58 | SUCCESS  | 🎉 Все файлы cogs успешно загружены!
2025-10-24 18:57:01 | SUCCESS  | 🤖 Бот `Void Sentinel#5662` успешно запущен (ID: 1230464176745480254)
2025-10-24 18:57:01 | INFO     | 🛡 Сервер: Legion Of The Damned | ID: 828749346505490503 | Участников: 8
2025-10-24 18:57:01 | INFO     | 🛡 Сервер: Space_Marine 2RU | ID: 1118852004786225192 | Участников: 288
2025-10-24 18:57:01 | INFO     | 🛡 Сервер: winie's server | ID: 1335265286198263848 | Участников: 56
2025-10-24 18:57:01 | INFO     | 🛡 Сервер: Сервер користувача kraken_5491 | ID: 1411475618343686187 | Участников: 4
2025-10-24 18:57:02 | INFO     | Используем существующее сообщение с ID 1416566500638330941
2025-10-24 18:57:02 | SUCCESS  | Сообщение верификации найдено, создание не требуется.
2025-10-24 18:58:02 | SUCCESS  | Команды успешно синхронизированы
2025-10-24 22:53:02 | INFO     | HTTP Request: GET https://jqphrrikzkntcyzsrbrc.supabase.co/rest/v1/active_duels?select=%2A "HTTP/2 200 OK"
2025-10-24 22:53:02 | INFO     | HTTP Request: GET https://jqphrrikzkntcyzsrbrc.supabase.co/rest/v1/duel_stats?select=%2A "HTTP/2 200 OK"
2025-10-24 22:53:02 | INFO     | ✅ Данные из Supabase загружены
2025-10-24 22:53:04 | SUCCESS  | Загружен ID сообщения для ролей: 1416566500638330941
2025-10-24 22:53:06 | SUCCESS  | 🎉 Все файлы cogs успешно загружены!
2025-10-24 22:53:09 | SUCCESS  | 🤖 Бот `Void Sentinel#5662` успешно запущен (ID: 1230464176745480254)
2025-10-24 22:53:09 | INFO     | 🛡 Сервер: Legion Of The Damned | ID: 828749346505490503 | Участников: 8
2025-10-24 22:53:09 | INFO     | 🛡 Сервер: Space_Marine 2RU | ID: 1118852004786225192 | Участников: 288
2025-10-24 22:53:09 | INFO     | 🛡 Сервер: winie's server | ID: 1335265286198263848 | Участников: 56
2025-10-24 22:53:09 | INFO     | 🛡 Сервер: Сервер користувача kraken_5491 | ID: 1411475618343686187 | Участников: 4
2025-10-24 22:53:10 | INFO     | Используем существующее сообщение с ID 1416566500638330941
2025-10-24 22:53:10 | SUCCESS  | Сообщение верификации найдено, создание не требуется.
2025-10-24 22:54:10 | SUCCESS  | Команды успешно синхронизированы
2025-10-25 17:40:16 | WARNING  | 🛑 Запуск остановлен вручную.
