2026-05-14 23:24:45,235 | INFO     | HTTP Request: GET https://jqphrrikzkntcyzsrbrc.supabase.co/rest/v1/active_duels?select=%2A "HTTP/2 200 OK"
2026-05-14 23:24:45,541 | INFO     | HTTP Request: GET https://jqphrrikzkntcyzsrbrc.supabase.co/rest/v1/duel_stats?select=%2A "HTTP/2 200 OK"
2026-05-14 23:24:45,548 | INFO     | ✅ Данные из Supabase загружены
2026-05-14 23:24:46,975 | INFO     | ⚔️ ClanWarNotifications загружен
2026-05-14 23:24:48,821 | SUCCESS  | 🎉 Все файлы cogs успешно загружены!
2026-05-14 23:24:52,642 | INFO     | ⏳ Бот готов, циклы запущены
2026-05-14 23:24:52,649 | INFO     | ⏳ Бот готов, циклы запущены
2026-05-14 23:24:52,651 | SUCCESS  | 🤖 Бот `Void Sentinel#5662` успешно запущен (ID: 1230464176745480254)
2026-05-14 23:24:52,651 | INFO     | 🛡 Сервер: Legion Of The Damned | ID: 828749346505490503 | Участников: 57
2026-05-14 23:24:52,653 | INFO     | 🛡 Сервер: Space_Marine 2RU | ID: 1118852004786225192 | Участников: 259
2026-05-14 23:24:52,653 | INFO     | 🛡 Сервер: winie's server | ID: 1335265286198263848 | Участников: 47
2026-05-14 23:24:52,654 | INFO     | 🛡 Сервер: Legion of Iron Hands | ID: 1411434026966716428 | Участников: 5
2026-05-14 23:24:52,654 | INFO     | 🛡 Сервер: Тест сервер | ID: 1448692483054632982 | Участников: 4
2026-05-14 23:47:32,207 | INFO     | HTTP Request: GET https://jqphrrikzkntcyzsrbrc.supabase.co/rest/v1/active_duels?select=%2A "HTTP/2 200 OK"
2026-05-14 23:47:32,457 | INFO     | HTTP Request: GET https://jqphrrikzkntcyzsrbrc.supabase.co/rest/v1/duel_stats?select=%2A "HTTP/2 200 OK"
2026-05-14 23:47:33,126 | INFO     | ✅ Данные из Supabase загружены
2026-05-14 23:47:34,798 | INFO     | ⚔️ ClanWarNotifications загружен
2026-05-14 23:47:37,559 | SUCCESS  | 🎉 Все файлы cogs успешно загружены!
2026-05-14 23:47:41,584 | INFO     | ⏳ Бот готов, циклы запущены
2026-05-14 23:47:41,616 | INFO     | ⏳ Бот готов, циклы запущены
2026-05-14 23:47:41,616 | SUCCESS  | 🤖 Бот `Void Sentinel#5662` успешно запущен (ID: 1230464176745480254)
2026-05-14 23:47:41,616 | INFO     | 🛡 Сервер: Legion Of The Damned | ID: 828749346505490503 | Участников: 57
2026-05-14 23:47:41,616 | INFO     | 🛡 Сервер: Space_Marine 2RU | ID: 1118852004786225192 | Участников: 259
2026-05-14 23:47:41,704 | INFO     | 🛡 Сервер: winie's server | ID: 1335265286198263848 | Участников: 47
2026-05-14 23:47:41,716 | INFO     | 🛡 Сервер: Legion of Iron Hands | ID: 1411434026966716428 | Участников: 5
2026-05-14 23:47:41,758 | INFO     | 🛡 Сервер: Тест сервер | ID: 1448692483054632982 | Участников: 4
2026-05-15 00:58:13,278 | WARNING  | 🛑 Запуск остановлен вручную.
