2025-10-21 23:01:24 | INFO     | HTTP Request: GET https://jqphrrikzkntcyzsrbrc.supabase.co/rest/v1/active_duels?select=%2A "HTTP/2 200 OK"
2025-10-21 23:01:24 | INFO     | HTTP Request: GET https://jqphrrikzkntcyzsrbrc.supabase.co/rest/v1/duel_stats?select=%2A "HTTP/2 200 OK"
2025-10-21 23:01:24 | INFO     | ✅ Данные из Supabase загружены
2025-10-21 23:01:25 | SUCCESS  | Загружен ID сообщения для ролей: 1416566500638330941
2025-10-21 23:01:25 | SUCCESS  | 🎉 Все файлы cogs успешно загружены!
2025-10-21 23:01:28 | SUCCESS  | 🤖 Бот `Void Sentinel#5662` успешно запущен (ID: 1230464176745480254)
2025-10-21 23:01:28 | INFO     | 🛡 Сервер: Legion Of The Damned | ID: 828749346505490503 | Участников: 8
2025-10-21 23:01:28 | INFO     | 🛡 Сервер: Space_Marine 2RU | ID: 1118852004786225192 | Участников: 288
2025-10-21 23:01:28 | INFO     | 🛡 Сервер: winie's server | ID: 1335265286198263848 | Участников: 56
2025-10-21 23:01:28 | INFO     | 🛡 Сервер: Сервер користувача kraken_5491 | ID: 1411475618343686187 | Участников: 4
2025-10-21 23:01:28 | SUCCESS  | Сообщение верификации найдено, создание не требуется.
2025-10-21 23:01:28 | INFO     | Используем существующее сообщение с ID 1416566500638330941
2025-10-21 23:02:28 | SUCCESS  | Команды успешно синхронизированы
2025-10-21 23:05:13 | WARNING  | 🛑 Запуск остановлен вручную.
2025-10-21 23:05:13 | ERROR    | Task was destroyed but it is pending!
task: <Task pending name='Task-321' coro=<Music.after_song_and_next() running at /workspaces/Void-Sentinel/cogs/music.py:142> wait_for=<Future finished result=True>>
2025-10-21 23:05:13 | ERROR    | Task was destroyed but it is pending!
task: <Task pending name='Task-315' coro=<Music.after_song_and_next() done, defined at /workspaces/Void-Sentinel/cogs/music.py:137> wait_for=<Future pending cb=[Task.task_wakeup()]>>
2025-10-21 23:05:24 | INFO     | HTTP Request: GET https://jqphrrikzkntcyzsrbrc.supabase.co/rest/v1/active_duels?select=%2A "HTTP/2 200 OK"
2025-10-21 23:05:24 | INFO     | HTTP Request: GET https://jqphrrikzkntcyzsrbrc.supabase.co/rest/v1/duel_stats?select=%2A "HTTP/2 200 OK"
2025-10-21 23:05:24 | INFO     | ✅ Данные из Supabase загружены
2025-10-21 23:05:25 | SUCCESS  | Загружен ID сообщения для ролей: 1416566500638330941
2025-10-21 23:05:25 | SUCCESS  | 🎉 Все файлы cogs успешно загружены!
2025-10-21 23:05:27 | SUCCESS  | 🤖 Бот `Void Sentinel#5662` успешно запущен (ID: 1230464176745480254)
2025-10-21 23:05:27 | INFO     | 🛡 Сервер: Legion Of The Damned | ID: 828749346505490503 | Участников: 8
2025-10-21 23:05:27 | INFO     | 🛡 Сервер: Space_Marine 2RU | ID: 1118852004786225192 | Участников: 288
2025-10-21 23:05:27 | INFO     | 🛡 Сервер: winie's server | ID: 1335265286198263848 | Участников: 56
2025-10-21 23:05:27 | INFO     | 🛡 Сервер: Сервер користувача kraken_5491 | ID: 1411475618343686187 | Участников: 4
2025-10-21 23:05:28 | INFO     | Используем существующее сообщение с ID 1416566500638330941
2025-10-21 23:05:28 | SUCCESS  | Сообщение верификации найдено, создание не требуется.
2025-10-21 23:06:26 | WARNING  | 🛑 Запуск остановлен вручную.
2025-10-21 23:08:03 | INFO     | HTTP Request: GET https://jqphrrikzkntcyzsrbrc.supabase.co/rest/v1/active_duels?select=%2A "HTTP/2 200 OK"
2025-10-21 23:08:03 | INFO     | HTTP Request: GET https://jqphrrikzkntcyzsrbrc.supabase.co/rest/v1/duel_stats?select=%2A "HTTP/2 200 OK"
2025-10-21 23:08:03 | INFO     | ✅ Данные из Supabase загружены
2025-10-21 23:08:03 | SUCCESS  | Загружен ID сообщения для ролей: 1416566500638330941
2025-10-21 23:08:03 | SUCCESS  | 🎉 Все файлы cogs успешно загружены!
2025-10-21 23:08:06 | SUCCESS  | 🤖 Бот `Void Sentinel#5662` успешно запущен (ID: 1230464176745480254)
2025-10-21 23:08:06 | INFO     | 🛡 Сервер: Legion Of The Damned | ID: 828749346505490503 | Участников: 8
2025-10-21 23:08:06 | INFO     | 🛡 Сервер: Space_Marine 2RU | ID: 1118852004786225192 | Участников: 288
2025-10-21 23:08:06 | INFO     | 🛡 Сервер: winie's server | ID: 1335265286198263848 | Участников: 56
2025-10-21 23:08:06 | INFO     | 🛡 Сервер: Сервер користувача kraken_5491 | ID: 1411475618343686187 | Участников: 4
2025-10-21 23:08:06 | INFO     | Используем существующее сообщение с ID 1416566500638330941
2025-10-21 23:08:06 | SUCCESS  | Сообщение верификации найдено, создание не требуется.
2025-10-21 23:09:06 | SUCCESS  | Команды успешно синхронизированы
2025-10-21 23:09:28 | WARNING  | 🛑 Запуск остановлен вручную.
2025-10-21 23:11:20 | INFO     | HTTP Request: GET https://jqphrrikzkntcyzsrbrc.supabase.co/rest/v1/active_duels?select=%2A "HTTP/2 200 OK"
2025-10-21 23:11:20 | INFO     | HTTP Request: GET https://jqphrrikzkntcyzsrbrc.supabase.co/rest/v1/duel_stats?select=%2A "HTTP/2 200 OK"
2025-10-21 23:11:20 | INFO     | ✅ Данные из Supabase загружены
2025-10-21 23:11:20 | SUCCESS  | Загружен ID сообщения для ролей: 1416566500638330941
2025-10-21 23:11:20 | SUCCESS  | 🎉 Все файлы cogs успешно загружены!
2025-10-21 23:11:23 | SUCCESS  | 🤖 Бот `Void Sentinel#5662` успешно запущен (ID: 1230464176745480254)
2025-10-21 23:11:23 | INFO     | 🛡 Сервер: Legion Of The Damned | ID: 828749346505490503 | Участников: 8
2025-10-21 23:11:23 | INFO     | 🛡 Сервер: Space_Marine 2RU | ID: 1118852004786225192 | Участников: 288
2025-10-21 23:11:23 | INFO     | 🛡 Сервер: winie's server | ID: 1335265286198263848 | Участников: 56
2025-10-21 23:11:23 | INFO     | 🛡 Сервер: Сервер користувача kraken_5491 | ID: 1411475618343686187 | Участников: 4
2025-10-21 23:11:23 | INFO     | Используем существующее сообщение с ID 1416566500638330941
2025-10-21 23:11:23 | SUCCESS  | Сообщение верификации найдено, создание не требуется.
2025-10-21 23:12:23 | SUCCESS  | Команды успешно синхронизированы
2025-10-21 23:13:20 | WARNING  | 🛑 Запуск остановлен вручную.
2025-10-21 23:14:31 | INFO     | HTTP Request: GET https://jqphrrikzkntcyzsrbrc.supabase.co/rest/v1/active_duels?select=%2A "HTTP/2 200 OK"
2025-10-21 23:14:31 | INFO     | HTTP Request: GET https://jqphrrikzkntcyzsrbrc.supabase.co/rest/v1/duel_stats?select=%2A "HTTP/2 200 OK"
2025-10-21 23:14:31 | INFO     | ✅ Данные из Supabase загружены
2025-10-21 23:14:31 | SUCCESS  | Загружен ID сообщения для ролей: 1416566500638330941
2025-10-21 23:14:31 | SUCCESS  | 🎉 Все файлы cogs успешно загружены!
2025-10-21 23:14:34 | SUCCESS  | 🤖 Бот `Void Sentinel#5662` успешно запущен (ID: 1230464176745480254)
2025-10-21 23:14:34 | INFO     | 🛡 Сервер: Legion Of The Damned | ID: 828749346505490503 | Участников: 8
2025-10-21 23:14:34 | INFO     | 🛡 Сервер: Space_Marine 2RU | ID: 1118852004786225192 | Участников: 288
2025-10-21 23:14:34 | INFO     | 🛡 Сервер: winie's server | ID: 1335265286198263848 | Участников: 56
2025-10-21 23:14:34 | INFO     | 🛡 Сервер: Сервер користувача kraken_5491 | ID: 1411475618343686187 | Участников: 4
2025-10-21 23:14:35 | INFO     | Используем существующее сообщение с ID 1416566500638330941
2025-10-21 23:14:35 | SUCCESS  | Сообщение верификации найдено, создание не требуется.
2025-10-21 23:15:00 | WARNING  | 🛑 Запуск остановлен вручную.
2025-10-21 23:16:07 | INFO     | HTTP Request: GET https://jqphrrikzkntcyzsrbrc.supabase.co/rest/v1/active_duels?select=%2A "HTTP/2 200 OK"
2025-10-21 23:16:07 | INFO     | HTTP Request: GET https://jqphrrikzkntcyzsrbrc.supabase.co/rest/v1/duel_stats?select=%2A "HTTP/2 200 OK"
2025-10-21 23:16:07 | INFO     | ✅ Данные из Supabase загружены
2025-10-21 23:16:07 | SUCCESS  | Загружен ID сообщения для ролей: 1416566500638330941
2025-10-21 23:16:07 | SUCCESS  | 🎉 Все файлы cogs успешно загружены!
2025-10-21 23:16:10 | SUCCESS  | 🤖 Бот `Void Sentinel#5662` успешно запущен (ID: 1230464176745480254)
2025-10-21 23:16:10 | INFO     | 🛡 Сервер: Legion Of The Damned | ID: 828749346505490503 | Участников: 8
2025-10-21 23:16:10 | INFO     | 🛡 Сервер: Space_Marine 2RU | ID: 1118852004786225192 | Участников: 288
2025-10-21 23:16:10 | INFO     | 🛡 Сервер: winie's server | ID: 1335265286198263848 | Участников: 56
2025-10-21 23:16:10 | INFO     | 🛡 Сервер: Сервер користувача kraken_5491 | ID: 1411475618343686187 | Участников: 4
2025-10-21 23:16:10 | INFO     | Используем существующее сообщение с ID 1416566500638330941
2025-10-21 23:16:10 | SUCCESS  | Сообщение верификации найдено, создание не требуется.
2025-10-21 23:16:25 | WARNING  | 🛑 Запуск остановлен вручную.
2025-10-21 23:21:12 | INFO     | HTTP Request: GET https://jqphrrikzkntcyzsrbrc.supabase.co/rest/v1/active_duels?select=%2A "HTTP/2 200 OK"
2025-10-21 23:21:12 | INFO     | HTTP Request: GET https://jqphrrikzkntcyzsrbrc.supabase.co/rest/v1/duel_stats?select=%2A "HTTP/2 200 OK"
2025-10-21 23:21:12 | INFO     | ✅ Данные из Supabase загружены
2025-10-21 23:21:12 | SUCCESS  | Загружен ID сообщения для ролей: 1416566500638330941
2025-10-21 23:21:13 | SUCCESS  | 🎉 Все файлы cogs успешно загружены!
2025-10-21 23:21:15 | SUCCESS  | 🤖 Бот `Void Sentinel#5662` успешно запущен (ID: 1230464176745480254)
2025-10-21 23:21:15 | INFO     | 🛡 Сервер: Legion Of The Damned | ID: 828749346505490503 | Участников: 8
2025-10-21 23:21:15 | INFO     | 🛡 Сервер: Space_Marine 2RU | ID: 1118852004786225192 | Участников: 288
2025-10-21 23:21:15 | INFO     | 🛡 Сервер: winie's server | ID: 1335265286198263848 | Участников: 56
2025-10-21 23:21:15 | INFO     | 🛡 Сервер: Сервер користувача kraken_5491 | ID: 1411475618343686187 | Участников: 4
2025-10-21 23:21:16 | INFO     | Используем существующее сообщение с ID 1416566500638330941
2025-10-21 23:21:16 | SUCCESS  | Сообщение верификации найдено, создание не требуется.
2025-10-21 23:21:30 | ERROR    | Task exception was never retrieved
future: <Task finished name='Task-19' coro=<Music.player_loop() done, defined at /workspaces/Void-Sentinel/cogs/music.py:164> exception=HTTPException('400 Bad Request (error code: 50035): Invalid Form Body\nIn components.0.components.0.emoji.name: Invalid emoji\nIn components.0.components.2.emoji.name: Invalid emoji')>
Traceback (most recent call last):
  File "/workspaces/Void-Sentinel/cogs/music.py", line 187, in player_loop
    msg = await current['interaction'].followup.send(embed=discord.Embed(title="🎶 Загружается..."), view=ControlView(self, guild_id))
          ^^^^^^^^^^^^^^^^^^^^^^^^^^^^^^^^^^^^^^^^^^^^^^^^^^^^^^^^^^^^^^^^^^^^^^^^^^^^^^^^^^^^^^^^^^^^^^^^^^^^^^^^^^^^^^^^^^^^^^^^^^^^
  File "/usr/local/python/3.12.1/lib/python3.12/site-packages/discord/webhook/async_.py", line 1900, in send
    data = await adapter.execute_webhook(
           ^^^^^^^^^^^^^^^^^^^^^^^^^^^^^^
  File "/usr/local/python/3.12.1/lib/python3.12/site-packages/discord/webhook/async_.py", line 226, in request
    raise HTTPException(response, data)
discord.errors.HTTPException: 400 Bad Request (error code: 50035): Invalid Form Body
In components.0.components.0.emoji.name: Invalid emoji
In components.0.components.2.emoji.name: Invalid emoji
2025-10-21 23:21:41 | WARNING  | 🛑 Запуск остановлен вручную.
2025-10-21 23:23:04 | INFO     | HTTP Request: GET https://jqphrrikzkntcyzsrbrc.supabase.co/rest/v1/active_duels?select=%2A "HTTP/2 200 OK"
2025-10-21 23:23:04 | INFO     | HTTP Request: GET https://jqphrrikzkntcyzsrbrc.supabase.co/rest/v1/duel_stats?select=%2A "HTTP/2 200 OK"
2025-10-21 23:23:04 | INFO     | ✅ Данные из Supabase загружены
2025-10-21 23:23:04 | SUCCESS  | Загружен ID сообщения для ролей: 1416566500638330941
2025-10-21 23:23:04 | SUCCESS  | 🎉 Все файлы cogs успешно загружены!
2025-10-21 23:23:07 | SUCCESS  | 🤖 Бот `Void Sentinel#5662` успешно запущен (ID: 1230464176745480254)
2025-10-21 23:23:07 | INFO     | 🛡 Сервер: Legion Of The Damned | ID: 828749346505490503 | Участников: 8
2025-10-21 23:23:07 | INFO     | 🛡 Сервер: Space_Marine 2RU | ID: 1118852004786225192 | Участников: 288
2025-10-21 23:23:07 | INFO     | 🛡 Сервер: winie's server | ID: 1335265286198263848 | Участников: 56
2025-10-21 23:23:07 | INFO     | 🛡 Сервер: Сервер користувача kraken_5491 | ID: 1411475618343686187 | Участников: 4
2025-10-21 23:23:07 | INFO     | Используем существующее сообщение с ID 1416566500638330941
2025-10-21 23:23:07 | SUCCESS  | Сообщение верификации найдено, создание не требуется.
2025-10-21 23:23:34 | WARNING  | 🛑 Запуск остановлен вручную.
2025-10-21 23:24:00 | INFO     | HTTP Request: GET https://jqphrrikzkntcyzsrbrc.supabase.co/rest/v1/active_duels?select=%2A "HTTP/2 200 OK"
2025-10-21 23:24:00 | INFO     | HTTP Request: GET https://jqphrrikzkntcyzsrbrc.supabase.co/rest/v1/duel_stats?select=%2A "HTTP/2 200 OK"
2025-10-21 23:24:00 | INFO     | ✅ Данные из Supabase загружены
2025-10-21 23:24:00 | SUCCESS  | Загружен ID сообщения для ролей: 1416566500638330941
2025-10-21 23:24:00 | SUCCESS  | 🎉 Все файлы cogs успешно загружены!
2025-10-21 23:24:03 | SUCCESS  | 🤖 Бот `Void Sentinel#5662` успешно запущен (ID: 1230464176745480254)
2025-10-21 23:24:03 | INFO     | 🛡 Сервер: Legion Of The Damned | ID: 828749346505490503 | Участников: 8
2025-10-21 23:24:03 | INFO     | 🛡 Сервер: Space_Marine 2RU | ID: 1118852004786225192 | Участников: 288
2025-10-21 23:24:03 | INFO     | 🛡 Сервер: winie's server | ID: 1335265286198263848 | Участников: 56
2025-10-21 23:24:03 | INFO     | 🛡 Сервер: Сервер користувача kraken_5491 | ID: 1411475618343686187 | Участников: 4
2025-10-21 23:24:03 | SUCCESS  | Сообщение верификации найдено, создание не требуется.
2025-10-21 23:24:03 | INFO     | Используем существующее сообщение с ID 1416566500638330941
2025-10-21 23:24:19 | ERROR    | Task exception was never retrieved
future: <Task finished name='Task-18' coro=<Music.player_loop() done, defined at /workspaces/Void-Sentinel/cogs/music.py:164> exception=HTTPException('400 Bad Request (error code: 50035): Invalid Form Body\nIn components.0.components.3.emoji.name: Invalid emoji')>
Traceback (most recent call last):
  File "/workspaces/Void-Sentinel/cogs/music.py", line 187, in player_loop
    msg = await current['interaction'].followup.send(embed=discord.Embed(title="🎶 Загружается..."), view=ControlView(self, guild_id))
          ^^^^^^^^^^^^^^^^^^^^^^^^^^^^^^^^^^^^^^^^^^^^^^^^^^^^^^^^^^^^^^^^^^^^^^^^^^^^^^^^^^^^^^^^^^^^^^^^^^^^^^^^^^^^^^^^^^^^^^^^^^^^
  File "/usr/local/python/3.12.1/lib/python3.12/site-packages/discord/webhook/async_.py", line 1900, in send
    data = await adapter.execute_webhook(
           ^^^^^^^^^^^^^^^^^^^^^^^^^^^^^^
  File "/usr/local/python/3.12.1/lib/python3.12/site-packages/discord/webhook/async_.py", line 226, in request
    raise HTTPException(response, data)
discord.errors.HTTPException: 400 Bad Request (error code: 50035): Invalid Form Body
In components.0.components.3.emoji.name: Invalid emoji
2025-10-21 23:24:28 | WARNING  | 🛑 Запуск остановлен вручную.
2025-10-21 23:25:45 | INFO     | HTTP Request: GET https://jqphrrikzkntcyzsrbrc.supabase.co/rest/v1/active_duels?select=%2A "HTTP/2 200 OK"
2025-10-21 23:25:46 | INFO     | HTTP Request: GET https://jqphrrikzkntcyzsrbrc.supabase.co/rest/v1/duel_stats?select=%2A "HTTP/2 200 OK"
2025-10-21 23:25:46 | INFO     | ✅ Данные из Supabase загружены
2025-10-21 23:25:46 | SUCCESS  | Загружен ID сообщения для ролей: 1416566500638330941
2025-10-21 23:25:46 | SUCCESS  | 🎉 Все файлы cogs успешно загружены!
2025-10-21 23:25:49 | SUCCESS  | 🤖 Бот `Void Sentinel#5662` успешно запущен (ID: 1230464176745480254)
2025-10-21 23:25:49 | INFO     | 🛡 Сервер: Legion Of The Damned | ID: 828749346505490503 | Участников: 8
2025-10-21 23:25:49 | INFO     | 🛡 Сервер: Space_Marine 2RU | ID: 1118852004786225192 | Участников: 288
2025-10-21 23:25:49 | INFO     | 🛡 Сервер: winie's server | ID: 1335265286198263848 | Участников: 56
2025-10-21 23:25:49 | INFO     | 🛡 Сервер: Сервер користувача kraken_5491 | ID: 1411475618343686187 | Участников: 4
2025-10-21 23:25:49 | INFO     | Используем существующее сообщение с ID 1416566500638330941
2025-10-21 23:25:49 | SUCCESS  | Сообщение верификации найдено, создание не требуется.
2025-10-21 23:26:49 | SUCCESS  | Команды успешно синхронизированы
2025-10-21 23:27:38 | WARNING  | 🛑 Запуск остановлен вручную.
2025-10-21 23:27:47 | INFO     | HTTP Request: GET https://jqphrrikzkntcyzsrbrc.supabase.co/rest/v1/active_duels?select=%2A "HTTP/2 200 OK"
2025-10-21 23:27:47 | INFO     | HTTP Request: GET https://jqphrrikzkntcyzsrbrc.supabase.co/rest/v1/duel_stats?select=%2A "HTTP/2 200 OK"
2025-10-21 23:27:47 | INFO     | ✅ Данные из Supabase загружены
2025-10-21 23:27:47 | SUCCESS  | Загружен ID сообщения для ролей: 1416566500638330941
2025-10-21 23:27:47 | SUCCESS  | 🎉 Все файлы cogs успешно загружены!
2025-10-21 23:27:50 | SUCCESS  | 🤖 Бот `Void Sentinel#5662` успешно запущен (ID: 1230464176745480254)
2025-10-21 23:27:50 | INFO     | 🛡 Сервер: Legion Of The Damned | ID: 828749346505490503 | Участников: 8
2025-10-21 23:27:50 | INFO     | 🛡 Сервер: Space_Marine 2RU | ID: 1118852004786225192 | Участников: 288
2025-10-21 23:27:50 | INFO     | 🛡 Сервер: winie's server | ID: 1335265286198263848 | Участников: 56
2025-10-21 23:27:50 | INFO     | 🛡 Сервер: Сервер користувача kraken_5491 | ID: 1411475618343686187 | Участников: 4
2025-10-21 23:27:50 | INFO     | Используем существующее сообщение с ID 1416566500638330941
2025-10-21 23:27:50 | SUCCESS  | Сообщение верификации найдено, создание не требуется.
2025-10-21 23:28:34 | WARNING  | 🛑 Запуск остановлен вручную.
2025-10-21 23:30:32 | INFO     | HTTP Request: GET https://jqphrrikzkntcyzsrbrc.supabase.co/rest/v1/active_duels?select=%2A "HTTP/2 200 OK"
2025-10-21 23:30:32 | INFO     | HTTP Request: GET https://jqphrrikzkntcyzsrbrc.supabase.co/rest/v1/duel_stats?select=%2A "HTTP/2 200 OK"
2025-10-21 23:30:32 | INFO     | ✅ Данные из Supabase загружены
2025-10-21 23:30:32 | SUCCESS  | Загружен ID сообщения для ролей: 1416566500638330941
2025-10-21 23:30:33 | SUCCESS  | 🎉 Все файлы cogs успешно загружены!
2025-10-21 23:30:35 | SUCCESS  | 🤖 Бот `Void Sentinel#5662` успешно запущен (ID: 1230464176745480254)
2025-10-21 23:30:35 | INFO     | 🛡 Сервер: Legion Of The Damned | ID: 828749346505490503 | Участников: 8
2025-10-21 23:30:35 | INFO     | 🛡 Сервер: Space_Marine 2RU | ID: 1118852004786225192 | Участников: 288
2025-10-21 23:30:35 | INFO     | 🛡 Сервер: winie's server | ID: 1335265286198263848 | Участников: 56
2025-10-21 23:30:35 | INFO     | 🛡 Сервер: Сервер користувача kraken_5491 | ID: 1411475618343686187 | Участников: 4
2025-10-21 23:30:36 | INFO     | Используем существующее сообщение с ID 1416566500638330941
2025-10-21 23:30:36 | SUCCESS  | Сообщение верификации найдено, создание не требуется.
2025-10-21 23:31:26 | WARNING  | 🛑 Запуск остановлен вручную.
2025-10-21 23:31:57 | INFO     | HTTP Request: GET https://jqphrrikzkntcyzsrbrc.supabase.co/rest/v1/active_duels?select=%2A "HTTP/2 200 OK"
2025-10-21 23:31:57 | INFO     | HTTP Request: GET https://jqphrrikzkntcyzsrbrc.supabase.co/rest/v1/duel_stats?select=%2A "HTTP/2 200 OK"
2025-10-21 23:31:57 | INFO     | ✅ Данные из Supabase загружены
2025-10-21 23:31:57 | SUCCESS  | Загружен ID сообщения для ролей: 1416566500638330941
2025-10-21 23:31:57 | CRITICAL | ❌ Ошибки при загрузке модулей: cogs.music
2025-10-21 23:31:57 | ERROR    | 
--- Ошибка в `cogs.music` ---
Traceback (most recent call last):
  File "/usr/local/python/3.12.1/lib/python3.12/site-packages/discord/ext/commands/bot.py", line 962, in _load_from_module_spec
    spec.loader.exec_module(lib)  # type: ignore
    ^^^^^^^^^^^^^^^^^^^^^^^^^^^^
  File "<frozen importlib._bootstrap_external>", line 994, in exec_module
  File "<frozen importlib._bootstrap>", line 488, in _call_with_frames_removed
  File "/workspaces/Void-Sentinel/cogs/music.py", line 18, in <module>
    class ControlView(discord.ui.View):
  File "/workspaces/Void-Sentinel/cogs/music.py", line 69, in ControlView
    @discord.ui.button(emoji="🔁", style=discord.ButtonStyle.yellow)
                                         ^^^^^^^^^^^^^^^^^^^^^^^^^^
AttributeError: type object 'ButtonStyle' has no attribute 'yellow'

The above exception was the direct cause of the following exception:

Traceback (most recent call last):
  File "/workspaces/Void-Sentinel/main.py", line 47, in load_cogs
    await bot.load_extension(cog)
  File "/usr/local/python/3.12.1/lib/python3.12/site-packages/discord/ext/commands/bot.py", line 1040, in load_extension
    await self._load_from_module_spec(spec, name)
  File "/usr/local/python/3.12.1/lib/python3.12/site-packages/discord/ext/commands/bot.py", line 965, in _load_from_module_spec
    raise errors.ExtensionFailed(key, e) from e
discord.ext.commands.errors.ExtensionFailed: Extension 'cogs.music' raised an error: AttributeError: type object 'ButtonStyle' has no attribute 'yellow'

--- Конец ошибки ---
2025-10-21 23:32:00 | SUCCESS  | 🤖 Бот `Void Sentinel#5662` успешно запущен (ID: 1230464176745480254)
2025-10-21 23:32:00 | INFO     | 🛡 Сервер: Legion Of The Damned | ID: 828749346505490503 | Участников: 8
2025-10-21 23:32:00 | INFO     | 🛡 Сервер: Space_Marine 2RU | ID: 1118852004786225192 | Участников: 288
2025-10-21 23:32:00 | INFO     | 🛡 Сервер: winie's server | ID: 1335265286198263848 | Участников: 56
2025-10-21 23:32:00 | INFO     | 🛡 Сервер: Сервер користувача kraken_5491 | ID: 1411475618343686187 | Участников: 4
2025-10-21 23:32:00 | INFO     | Используем существующее сообщение с ID 1416566500638330941
2025-10-21 23:32:00 | SUCCESS  | Сообщение верификации найдено, создание не требуется.
2025-10-21 23:32:04 | WARNING  | 🛑 Запуск остановлен вручную.
2025-10-21 23:32:42 | INFO     | HTTP Request: GET https://jqphrrikzkntcyzsrbrc.supabase.co/rest/v1/active_duels?select=%2A "HTTP/2 200 OK"
2025-10-21 23:32:43 | INFO     | HTTP Request: GET https://jqphrrikzkntcyzsrbrc.supabase.co/rest/v1/duel_stats?select=%2A "HTTP/2 200 OK"
2025-10-21 23:32:43 | INFO     | ✅ Данные из Supabase загружены
2025-10-21 23:32:43 | SUCCESS  | Загружен ID сообщения для ролей: 1416566500638330941
2025-10-21 23:32:43 | SUCCESS  | 🎉 Все файлы cogs успешно загружены!
2025-10-21 23:32:46 | SUCCESS  | 🤖 Бот `Void Sentinel#5662` успешно запущен (ID: 1230464176745480254)
2025-10-21 23:32:46 | INFO     | 🛡 Сервер: Legion Of The Damned | ID: 828749346505490503 | Участников: 8
2025-10-21 23:32:46 | INFO     | 🛡 Сервер: Space_Marine 2RU | ID: 1118852004786225192 | Участников: 288
2025-10-21 23:32:46 | INFO     | 🛡 Сервер: winie's server | ID: 1335265286198263848 | Участников: 56
2025-10-21 23:32:46 | INFO     | 🛡 Сервер: Сервер користувача kraken_5491 | ID: 1411475618343686187 | Участников: 4
2025-10-21 23:32:46 | INFO     | Используем существующее сообщение с ID 1416566500638330941
2025-10-21 23:32:46 | SUCCESS  | Сообщение верификации найдено, создание не требуется.
2025-10-21 23:33:31 | SUCCESS  | Команды успешно синхронизированы
2025-10-21 23:34:11 | WARNING  | 🛑 Запуск остановлен вручную.
2025-10-21 23:36:00 | INFO     | HTTP Request: GET https://jqphrrikzkntcyzsrbrc.supabase.co/rest/v1/active_duels?select=%2A "HTTP/2 200 OK"
2025-10-21 23:36:01 | INFO     | HTTP Request: GET https://jqphrrikzkntcyzsrbrc.supabase.co/rest/v1/duel_stats?select=%2A "HTTP/2 200 OK"
2025-10-21 23:36:01 | INFO     | ✅ Данные из Supabase загружены
2025-10-21 23:36:01 | SUCCESS  | Загружен ID сообщения для ролей: 1416566500638330941
2025-10-21 23:36:01 | SUCCESS  | 🎉 Все файлы cogs успешно загружены!
2025-10-21 23:36:04 | SUCCESS  | 🤖 Бот `Void Sentinel#5662` успешно запущен (ID: 1230464176745480254)
2025-10-21 23:36:04 | INFO     | 🛡 Сервер: Legion Of The Damned | ID: 828749346505490503 | Участников: 8
2025-10-21 23:36:04 | INFO     | 🛡 Сервер: Space_Marine 2RU | ID: 1118852004786225192 | Участников: 288
2025-10-21 23:36:04 | INFO     | 🛡 Сервер: winie's server | ID: 1335265286198263848 | Участников: 56
2025-10-21 23:36:04 | INFO     | 🛡 Сервер: Сервер користувача kraken_5491 | ID: 1411475618343686187 | Участников: 4
2025-10-21 23:36:04 | INFO     | Используем существующее сообщение с ID 1416566500638330941
2025-10-21 23:36:04 | SUCCESS  | Сообщение верификации найдено, создание не требуется.
2025-10-21 23:36:23 | WARNING  | 🛑 Запуск остановлен вручную.
2025-10-21 23:36:55 | INFO     | HTTP Request: GET https://jqphrrikzkntcyzsrbrc.supabase.co/rest/v1/active_duels?select=%2A "HTTP/2 200 OK"
2025-10-21 23:36:55 | INFO     | HTTP Request: GET https://jqphrrikzkntcyzsrbrc.supabase.co/rest/v1/duel_stats?select=%2A "HTTP/2 200 OK"
2025-10-21 23:36:55 | INFO     | ✅ Данные из Supabase загружены
2025-10-21 23:36:55 | SUCCESS  | Загружен ID сообщения для ролей: 1416566500638330941
2025-10-21 23:36:55 | SUCCESS  | 🎉 Все файлы cogs успешно загружены!
2025-10-21 23:36:58 | SUCCESS  | 🤖 Бот `Void Sentinel#5662` успешно запущен (ID: 1230464176745480254)
2025-10-21 23:36:58 | INFO     | 🛡 Сервер: Legion Of The Damned | ID: 828749346505490503 | Участников: 8
2025-10-21 23:36:58 | INFO     | 🛡 Сервер: Space_Marine 2RU | ID: 1118852004786225192 | Участников: 288
2025-10-21 23:36:58 | INFO     | 🛡 Сервер: winie's server | ID: 1335265286198263848 | Участников: 56
2025-10-21 23:36:58 | INFO     | 🛡 Сервер: Сервер користувача kraken_5491 | ID: 1411475618343686187 | Участников: 4
2025-10-21 23:36:58 | INFO     | Используем существующее сообщение с ID 1416566500638330941
2025-10-21 23:36:58 | SUCCESS  | Сообщение верификации найдено, создание не требуется.
2025-10-21 23:37:35 | SUCCESS  | Команды успешно синхронизированы
2025-10-21 23:37:43 | WARNING  | 🛑 Запуск остановлен вручную.
2025-10-21 23:39:57 | INFO     | HTTP Request: GET https://jqphrrikzkntcyzsrbrc.supabase.co/rest/v1/active_duels?select=%2A "HTTP/2 200 OK"
2025-10-21 23:39:57 | INFO     | HTTP Request: GET https://jqphrrikzkntcyzsrbrc.supabase.co/rest/v1/duel_stats?select=%2A "HTTP/2 200 OK"
2025-10-21 23:39:57 | INFO     | ✅ Данные из Supabase загружены
2025-10-21 23:39:57 | SUCCESS  | Загружен ID сообщения для ролей: 1416566500638330941
2025-10-21 23:39:57 | SUCCESS  | 🎉 Все файлы cogs успешно загружены!
2025-10-21 23:40:00 | SUCCESS  | 🤖 Бот `Void Sentinel#5662` успешно запущен (ID: 1230464176745480254)
2025-10-21 23:40:00 | INFO     | 🛡 Сервер: Legion Of The Damned | ID: 828749346505490503 | Участников: 8
2025-10-21 23:40:00 | INFO     | 🛡 Сервер: Space_Marine 2RU | ID: 1118852004786225192 | Участников: 288
2025-10-21 23:40:00 | INFO     | 🛡 Сервер: winie's server | ID: 1335265286198263848 | Участников: 56
2025-10-21 23:40:00 | INFO     | 🛡 Сервер: Сервер користувача kraken_5491 | ID: 1411475618343686187 | Участников: 4
2025-10-21 23:40:00 | SUCCESS  | Сообщение верификации найдено, создание не требуется.
2025-10-21 23:40:00 | INFO     | Используем существующее сообщение с ID 1416566500638330941
2025-10-21 23:41:01 | SUCCESS  | Команды успешно синхронизированы
2025-10-21 23:42:08 | WARNING  | 🛑 Запуск остановлен вручную.
2025-10-21 23:42:15 | INFO     | HTTP Request: GET https://jqphrrikzkntcyzsrbrc.supabase.co/rest/v1/active_duels?select=%2A "HTTP/2 200 OK"
2025-10-21 23:42:15 | INFO     | HTTP Request: GET https://jqphrrikzkntcyzsrbrc.supabase.co/rest/v1/duel_stats?select=%2A "HTTP/2 200 OK"
2025-10-21 23:42:15 | INFO     | ✅ Данные из Supabase загружены
2025-10-21 23:42:16 | SUCCESS  | Загружен ID сообщения для ролей: 1416566500638330941
2025-10-21 23:42:16 | SUCCESS  | 🎉 Все файлы cogs успешно загружены!
2025-10-21 23:42:19 | SUCCESS  | 🤖 Бот `Void Sentinel#5662` успешно запущен (ID: 1230464176745480254)
2025-10-21 23:42:19 | INFO     | 🛡 Сервер: Legion Of The Damned | ID: 828749346505490503 | Участников: 8
2025-10-21 23:42:19 | INFO     | 🛡 Сервер: Space_Marine 2RU | ID: 1118852004786225192 | Участников: 288
2025-10-21 23:42:19 | INFO     | 🛡 Сервер: winie's server | ID: 1335265286198263848 | Участников: 56
2025-10-21 23:42:19 | INFO     | 🛡 Сервер: Сервер користувача kraken_5491 | ID: 1411475618343686187 | Участников: 4
2025-10-21 23:42:19 | INFO     | Используем существующее сообщение с ID 1416566500638330941
2025-10-21 23:42:20 | SUCCESS  | Сообщение верификации найдено, создание не требуется.
2025-10-21 23:43:19 | SUCCESS  | Команды успешно синхронизированы
2025-10-21 23:45:16 | WARNING  | 🛑 Запуск остановлен вручную.
2025-10-21 23:45:26 | INFO     | HTTP Request: GET https://jqphrrikzkntcyzsrbrc.supabase.co/rest/v1/active_duels?select=%2A "HTTP/2 200 OK"
2025-10-21 23:45:26 | INFO     | HTTP Request: GET https://jqphrrikzkntcyzsrbrc.supabase.co/rest/v1/duel_stats?select=%2A "HTTP/2 200 OK"
2025-10-21 23:45:26 | INFO     | ✅ Данные из Supabase загружены
2025-10-21 23:45:26 | SUCCESS  | Загружен ID сообщения для ролей: 1416566500638330941
2025-10-21 23:45:26 | SUCCESS  | 🎉 Все файлы cogs успешно загружены!
2025-10-21 23:45:29 | SUCCESS  | 🤖 Бот `Void Sentinel#5662` успешно запущен (ID: 1230464176745480254)
2025-10-21 23:45:29 | INFO     | 🛡 Сервер: Legion Of The Damned | ID: 828749346505490503 | Участников: 8
2025-10-21 23:45:29 | INFO     | 🛡 Сервер: Space_Marine 2RU | ID: 1118852004786225192 | Участников: 288
2025-10-21 23:45:29 | INFO     | 🛡 Сервер: winie's server | ID: 1335265286198263848 | Участников: 56
2025-10-21 23:45:29 | INFO     | 🛡 Сервер: Сервер користувача kraken_5491 | ID: 1411475618343686187 | Участников: 4
2025-10-21 23:45:29 | INFO     | Используем существующее сообщение с ID 1416566500638330941
2025-10-21 23:45:29 | SUCCESS  | Сообщение верификации найдено, создание не требуется.
2025-10-21 23:46:29 | SUCCESS  | Команды успешно синхронизированы
2025-10-21 23:47:27 | WARNING  | 🛑 Запуск остановлен вручную.
2025-10-21 23:47:35 | INFO     | HTTP Request: GET https://jqphrrikzkntcyzsrbrc.supabase.co/rest/v1/active_duels?select=%2A "HTTP/2 200 OK"
2025-10-21 23:47:35 | INFO     | HTTP Request: GET https://jqphrrikzkntcyzsrbrc.supabase.co/rest/v1/duel_stats?select=%2A "HTTP/2 200 OK"
2025-10-21 23:47:35 | INFO     | ✅ Данные из Supabase загружены
2025-10-21 23:47:35 | SUCCESS  | Загружен ID сообщения для ролей: 1416566500638330941
2025-10-21 23:47:35 | SUCCESS  | 🎉 Все файлы cogs успешно загружены!
2025-10-21 23:47:38 | SUCCESS  | 🤖 Бот `Void Sentinel#5662` успешно запущен (ID: 1230464176745480254)
2025-10-21 23:47:38 | INFO     | 🛡 Сервер: Legion Of The Damned | ID: 828749346505490503 | Участников: 8
2025-10-21 23:47:38 | INFO     | 🛡 Сервер: Space_Marine 2RU | ID: 1118852004786225192 | Участников: 288
2025-10-21 23:47:38 | INFO     | 🛡 Сервер: winie's server | ID: 1335265286198263848 | Участников: 56
2025-10-21 23:47:38 | INFO     | 🛡 Сервер: Сервер користувача kraken_5491 | ID: 1411475618343686187 | Участников: 4
2025-10-21 23:47:38 | INFO     | Используем существующее сообщение с ID 1416566500638330941
2025-10-21 23:47:38 | SUCCESS  | Сообщение верификации найдено, создание не требуется.
2025-10-21 23:48:38 | SUCCESS  | Команды успешно синхронизированы
2025-10-21 23:49:39 | WARNING  | 🛑 Запуск остановлен вручную.
