2026-05-06 00:00:35 | ERROR    | ⚠️ Ошибка загрузки данных из Supabase: [Errno 11001] getaddrinfo failed
2026-05-06 00:00:38 | SUCCESS  | 🎉 Все файлы cogs успешно загружены!
2026-05-06 00:00:42 | SUCCESS  | 🤖 Бот `Void Sentinel#5662` успешно запущен (ID: 1230464176745480254)
2026-05-06 00:00:42 | INFO     | 🛡 Сервер: Legion Of The Damned | ID: 828749346505490503 | Участников: 55
2026-05-06 00:00:42 | INFO     | 🛡 Сервер: Space_Marine 2RU | ID: 1118852004786225192 | Участников: 259
2026-05-06 00:00:42 | INFO     | 🛡 Сервер: winie's server | ID: 1335265286198263848 | Участников: 47
2026-05-06 00:00:42 | INFO     | 🛡 Сервер: Legion of Iron Hands | ID: 1411434026966716428 | Участников: 5
2026-05-06 00:00:42 | INFO     | 🛡 Сервер: Тест сервер | ID: 1448692483054632982 | Участников: 4
2026-05-06 00:00:57 | INFO     | 📩 Заявка начата: kraken_5491 (818235533602848768)
2026-05-06 00:01:02 | DEBUG    | Ответ получен: увфкяр
2026-05-06 00:01:02 | DEBUG    | Ответ получен: яувкокяув
2026-05-06 00:01:03 | DEBUG    | Ответ получен: роявоавя
2026-05-06 00:01:03 | DEBUG    | Ответ получен: ро
2026-05-06 00:01:04 | DEBUG    | Ответ получен: ваяор
2026-05-06 00:01:05 | DEBUG    | Ответ получен: рваяпр
2026-05-06 00:01:06 | DEBUG    | Ответ получен: вяровяуовуяо
2026-05-06 00:01:06 | DEBUG    | Ответ получен: явоявуо
2026-05-06 00:01:09 | DEBUG    | Ответ получен: яавярвар
2026-05-06 00:01:12 | SUCCESS  | 📨 Заявка отправлена: kraken_5491
2026-05-06 00:01:12 | INFO     | 📢 Уведомлён: kraken_5491
2026-05-06 00:01:12 | WARNING  | Роль не найдена: 1429978575347519610
2026-05-06 00:01:24 | SUCCESS  | Заявка одобрена: kraken_5491
2026-05-06 00:03:07 | WARNING  | 🛑 Запуск остановлен вручную.
2026-05-06 00:05:25 | WARNING  | davey is not installed, voice will NOT be supported
2026-05-06 00:05:26 | ERROR    | ⚠️ Ошибка загрузки данных из Supabase: [Errno 11001] getaddrinfo failed
2026-05-06 00:05:30 | CRITICAL | 🚨 Неожиданная ошибка: 'Logger' object has no attribute 'success'
2026-05-06 00:05:30 | ERROR    | Task exception was never retrieved
future: <Task finished name='discord-ext-tasks: GeneralCommands.check_reminders' coro=<Loop._loop() done, defined at C:\Users\Kraken_5491\AppData\Local\Programs\Python\Python312\Lib\site-packages\discord\ext\tasks\__init__.py:208> exception=RuntimeError('Client has not been properly initialised. Please use the login method or asynchronous context manager before calling this method')>
Traceback (most recent call last):
  File "C:\Users\Kraken_5491\AppData\Local\Programs\Python\Python312\Lib\site-packages\discord\ext\tasks\__init__.py", line 210, in _loop
    await self._call_loop_function('before_loop')
  File "C:\Users\Kraken_5491\AppData\Local\Programs\Python\Python312\Lib\site-packages\discord\ext\tasks\__init__.py", line 194, in _call_loop_function
    await coro(self._injected, *args, **kwargs)
  File "C:\Users\Kraken_5491\Documents\Void-Sentinel-main\cogs\general.py", line 180, in before_check_reminders
    await self.bot.wait_until_ready()
  File "C:\Users\Kraken_5491\AppData\Local\Programs\Python\Python312\Lib\site-packages\discord\client.py", line 1230, in wait_until_ready
    raise RuntimeError(
RuntimeError: Client has not been properly initialised. Please use the login method or asynchronous context manager before calling this method
2026-05-06 00:09:27 | ERROR    | ⚠️ Ошибка загрузки данных из Supabase: [Errno 11001] getaddrinfo failed
2026-05-06 00:09:29 | SUCCESS  | 🎉 Все файлы cogs успешно загружены!
2026-05-06 00:09:32 | SUCCESS  | 🤖 Бот `Void Sentinel#5662` успешно запущен (ID: 1230464176745480254)
2026-05-06 00:09:32 | INFO     | 🛡 Сервер: Legion Of The Damned | ID: 828749346505490503 | Участников: 55
2026-05-06 00:09:32 | INFO     | 🛡 Сервер: Space_Marine 2RU | ID: 1118852004786225192 | Участников: 259
2026-05-06 00:09:32 | INFO     | 🛡 Сервер: winie's server | ID: 1335265286198263848 | Участников: 47
2026-05-06 00:09:32 | INFO     | 🛡 Сервер: Legion of Iron Hands | ID: 1411434026966716428 | Участников: 5
2026-05-06 00:09:32 | INFO     | 🛡 Сервер: Тест сервер | ID: 1448692483054632982 | Участников: 4
2026-05-06 00:09:44 | WARNING  | 🛑 Запуск остановлен вручную.
2026-05-06 00:12:55 | ERROR    | ⚠️ Ошибка загрузки данных из Supabase: [Errno 11001] getaddrinfo failed
2026-05-06 00:12:57 | SUCCESS  | 🎉 Все файлы cogs успешно загружены!
2026-05-06 00:13:01 | SUCCESS  | 🤖 Бот `Void Sentinel#5662` успешно запущен (ID: 1230464176745480254)
2026-05-06 00:13:01 | INFO     | 🛡 Сервер: Legion Of The Damned | ID: 828749346505490503 | Участников: 55
2026-05-06 00:13:01 | INFO     | 🛡 Сервер: Space_Marine 2RU | ID: 1118852004786225192 | Участников: 259
2026-05-06 00:13:01 | INFO     | 🛡 Сервер: winie's server | ID: 1335265286198263848 | Участников: 47
2026-05-06 00:13:01 | INFO     | 🛡 Сервер: Legion of Iron Hands | ID: 1411434026966716428 | Участников: 5
2026-05-06 00:13:01 | INFO     | 🛡 Сервер: Тест сервер | ID: 1448692483054632982 | Участников: 4
2026-05-06 00:13:16 | WARNING  | 🛑 Запуск остановлен вручную.
2026-05-06 00:14:00 | ERROR    | ⚠️ Ошибка загрузки данных из Supabase: [Errno 11001] getaddrinfo failed
2026-05-06 00:14:07 | SUCCESS  | 🎉 Все файлы cogs успешно загружены!
2026-05-06 00:14:10 | SUCCESS  | 🤖 Бот `Void Sentinel#5662` успешно запущен (ID: 1230464176745480254)
2026-05-06 00:14:10 | INFO     | 🛡 Сервер: Legion Of The Damned | ID: 828749346505490503 | Участников: 55
2026-05-06 00:14:10 | INFO     | 🛡 Сервер: Space_Marine 2RU | ID: 1118852004786225192 | Участников: 259
2026-05-06 00:14:10 | INFO     | 🛡 Сервер: winie's server | ID: 1335265286198263848 | Участников: 47
2026-05-06 00:14:10 | INFO     | 🛡 Сервер: Legion of Iron Hands | ID: 1411434026966716428 | Участников: 5
2026-05-06 00:14:10 | INFO     | 🛡 Сервер: Тест сервер | ID: 1448692483054632982 | Участников: 4
2026-05-06 00:14:30 | WARNING  | 🛑 Запуск остановлен вручную.
2026-05-06 00:15:58,173 | WARNING  | davey is not installed, voice will NOT be supported
2026-05-06 00:15:59,002 | ERROR    | ⚠️ Ошибка загрузки данных из Supabase: [Errno 11001] getaddrinfo failed
2026-05-06 00:16:00,814 | SUCCESS  | 🎉 Все файлы cogs успешно загружены!
2026-05-06 00:16:00,815 | INFO     | 🔑 Авторизация через токен выполнена
2026-05-06 00:16:02,430 | INFO     | 🌐 Шард успешно подключён к Gateway
2026-05-06 00:16:04,618 | SUCCESS  | 🤖 Бот `Void Sentinel#5662` успешно запущен (ID: 1230464176745480254)
2026-05-06 00:16:04,619 | INFO     | 🛡 Сервер: Legion Of The Damned | ID: 828749346505490503 | Участников: 55
2026-05-06 00:16:04,619 | INFO     | 🛡 Сервер: Space_Marine 2RU | ID: 1118852004786225192 | Участников: 259
2026-05-06 00:16:04,619 | INFO     | 🛡 Сервер: winie's server | ID: 1335265286198263848 | Участников: 47
2026-05-06 00:16:04,620 | INFO     | 🛡 Сервер: Legion of Iron Hands | ID: 1411434026966716428 | Участников: 5
2026-05-06 00:16:04,620 | INFO     | 🛡 Сервер: Тест сервер | ID: 1448692483054632982 | Участников: 4
2026-05-06 00:16:04,952 | INFO     | ✅ Slash-команды успешно синхронизированы
2026-05-06 00:16:04,953 | INFO     | Статус бота успешно изменён
2026-05-06 00:16:08,875 | WARNING  | 🛑 Запуск остановлен вручную.
2026-05-06 00:18:54,042 | ERROR    | ⚠️ Ошибка загрузки данных из Supabase: [Errno 11001] getaddrinfo failed
2026-05-06 00:18:55,886 | SUCCESS  | 🎉 Все файлы cogs успешно загружены!
2026-05-06 00:18:59,278 | SUCCESS  | 🤖 Бот `Void Sentinel#5662` успешно запущен (ID: 1230464176745480254)
2026-05-06 00:18:59,279 | INFO     | 🛡 Сервер: Legion Of The Damned | ID: 828749346505490503 | Участников: 55
2026-05-06 00:18:59,279 | INFO     | 🛡 Сервер: Space_Marine 2RU | ID: 1118852004786225192 | Участников: 259
2026-05-06 00:18:59,280 | INFO     | 🛡 Сервер: winie's server | ID: 1335265286198263848 | Участников: 47
2026-05-06 00:18:59,280 | INFO     | 🛡 Сервер: Legion of Iron Hands | ID: 1411434026966716428 | Участников: 5
2026-05-06 00:18:59,280 | INFO     | 🛡 Сервер: Тест сервер | ID: 1448692483054632982 | Участников: 4
2026-05-06 00:19:05,554 | WARNING  | 🛑 Запуск остановлен вручную.
2026-05-06 00:21:46,580 | ERROR    | ⚠️ Ошибка загрузки данных из Supabase: [Errno 11001] getaddrinfo failed
2026-05-06 00:21:49,513 | SUCCESS  | 🎉 Все файлы cogs успешно загружены!
2026-05-06 00:21:53,669 | SUCCESS  | 🤖 Бот `Void Sentinel#5662` успешно запущен (ID: 1230464176745480254)
2026-05-06 00:21:53,702 | INFO     | 🛡 Сервер: Legion Of The Damned | ID: 828749346505490503 | Участников: 55
2026-05-06 00:21:53,703 | INFO     | 🛡 Сервер: Space_Marine 2RU | ID: 1118852004786225192 | Участников: 259
2026-05-06 00:21:53,704 | INFO     | 🛡 Сервер: winie's server | ID: 1335265286198263848 | Участников: 47
2026-05-06 00:21:53,714 | INFO     | 🛡 Сервер: Legion of Iron Hands | ID: 1411434026966716428 | Участников: 5
2026-05-06 00:21:53,725 | INFO     | 🛡 Сервер: Тест сервер | ID: 1448692483054632982 | Участников: 4
2026-05-06 00:23:03,571 | WARNING  | 🛑 Запуск остановлен вручную.
2026-05-06 00:23:55,992 | ERROR    | ⚠️ Ошибка загрузки данных из Supabase: [Errno 11001] getaddrinfo failed
2026-05-06 00:23:57,805 | SUCCESS  | 🎉 Все файлы cogs успешно загружены!
2026-05-06 00:24:01,973 | SUCCESS  | 🤖 Бот `Void Sentinel#5662` успешно запущен (ID: 1230464176745480254)
2026-05-06 00:24:01,974 | INFO     | 🛡 Сервер: Legion Of The Damned | ID: 828749346505490503 | Участников: 55
2026-05-06 00:24:01,974 | INFO     | 🛡 Сервер: Space_Marine 2RU | ID: 1118852004786225192 | Участников: 259
2026-05-06 00:24:01,975 | INFO     | 🛡 Сервер: winie's server | ID: 1335265286198263848 | Участников: 47
2026-05-06 00:24:01,975 | INFO     | 🛡 Сервер: Legion of Iron Hands | ID: 1411434026966716428 | Участников: 5
2026-05-06 00:24:01,975 | INFO     | 🛡 Сервер: Тест сервер | ID: 1448692483054632982 | Участников: 4
2026-05-06 00:27:47,151 | WARNING  | 🛑 Запуск остановлен вручную.
2026-05-06 00:28:32,985 | ERROR    | ⚠️ Ошибка загрузки данных из Supabase: [Errno 11001] getaddrinfo failed
2026-05-06 00:28:34,639 | SUCCESS  | 🎉 Все файлы cogs успешно загружены!
2026-05-06 00:28:37,957 | SUCCESS  | 🤖 Бот `Void Sentinel#5662` успешно запущен (ID: 1230464176745480254)
2026-05-06 00:28:37,957 | INFO     | 🛡 Сервер: Legion Of The Damned | ID: 828749346505490503 | Участников: 55
2026-05-06 00:28:37,957 | INFO     | 🛡 Сервер: Space_Marine 2RU | ID: 1118852004786225192 | Участников: 259
2026-05-06 00:28:37,958 | INFO     | 🛡 Сервер: winie's server | ID: 1335265286198263848 | Участников: 47
2026-05-06 00:28:37,958 | INFO     | 🛡 Сервер: Legion of Iron Hands | ID: 1411434026966716428 | Участников: 5
2026-05-06 00:28:37,959 | INFO     | 🛡 Сервер: Тест сервер | ID: 1448692483054632982 | Участников: 4
2026-05-06 00:29:23,277 | WARNING  | 🛑 Запуск остановлен вручную.
2026-05-06 00:31:35,788 | ERROR    | ⚠️ Ошибка загрузки данных из Supabase: [Errno 11001] getaddrinfo failed
2026-05-06 00:31:38,116 | SUCCESS  | 🎉 Все файлы cogs успешно загружены!
2026-05-06 00:31:41,552 | SUCCESS  | 🤖 Бот `Void Sentinel#5662` успешно запущен (ID: 1230464176745480254)
2026-05-06 00:31:41,553 | INFO     | 🛡 Сервер: Legion Of The Damned | ID: 828749346505490503 | Участников: 55
2026-05-06 00:31:41,553 | INFO     | 🛡 Сервер: Space_Marine 2RU | ID: 1118852004786225192 | Участников: 259
2026-05-06 00:31:41,553 | INFO     | 🛡 Сервер: winie's server | ID: 1335265286198263848 | Участников: 47
2026-05-06 00:31:41,554 | INFO     | 🛡 Сервер: Legion of Iron Hands | ID: 1411434026966716428 | Участников: 5
2026-05-06 00:31:41,554 | INFO     | 🛡 Сервер: Тест сервер | ID: 1448692483054632982 | Участников: 4
2026-05-06 00:32:44,373 | WARNING  | 🛑 Запуск остановлен вручную.
2026-05-06 00:33:45,704 | ERROR    | ⚠️ Ошибка загрузки данных из Supabase: [Errno 11001] getaddrinfo failed
2026-05-06 00:33:47,529 | SUCCESS  | 🎉 Все файлы cogs успешно загружены!
2026-05-06 00:33:51,045 | SUCCESS  | 🤖 Бот `Void Sentinel#5662` успешно запущен (ID: 1230464176745480254)
2026-05-06 00:33:51,046 | INFO     | 🛡 Сервер: Legion Of The Damned | ID: 828749346505490503 | Участников: 55
2026-05-06 00:33:51,046 | INFO     | 🛡 Сервер: Space_Marine 2RU | ID: 1118852004786225192 | Участников: 259
2026-05-06 00:33:51,047 | INFO     | 🛡 Сервер: winie's server | ID: 1335265286198263848 | Участников: 47
2026-05-06 00:33:51,048 | INFO     | 🛡 Сервер: Legion of Iron Hands | ID: 1411434026966716428 | Участников: 5
2026-05-06 00:33:51,049 | INFO     | 🛡 Сервер: Тест сервер | ID: 1448692483054632982 | Участников: 4
2026-05-06 00:36:23,861 | WARNING  | 🛑 Запуск остановлен вручную.
2026-05-06 00:36:41,501 | ERROR    | ⚠️ Ошибка загрузки данных из Supabase: [Errno 11001] getaddrinfo failed
2026-05-06 00:36:43,323 | SUCCESS  | 🎉 Все файлы cogs успешно загружены!
2026-05-06 00:36:46,890 | SUCCESS  | 🤖 Бот `Void Sentinel#5662` успешно запущен (ID: 1230464176745480254)
2026-05-06 00:36:46,891 | INFO     | 🛡 Сервер: Legion Of The Damned | ID: 828749346505490503 | Участников: 55
2026-05-06 00:36:46,891 | INFO     | 🛡 Сервер: Space_Marine 2RU | ID: 1118852004786225192 | Участников: 259
2026-05-06 00:36:46,892 | INFO     | 🛡 Сервер: winie's server | ID: 1335265286198263848 | Участников: 47
2026-05-06 00:36:46,892 | INFO     | 🛡 Сервер: Legion of Iron Hands | ID: 1411434026966716428 | Участников: 5
2026-05-06 00:36:46,892 | INFO     | 🛡 Сервер: Тест сервер | ID: 1448692483054632982 | Участников: 4
2026-05-06 00:37:30,129 | WARNING  | 🛑 Запуск остановлен вручную.
2026-05-06 00:45:17,755 | INFO     | HTTP Request: GET https://jqphrrikzkntcyzsrbrc.supabase.co/rest/v1/active_duels?select=%2A "HTTP/2 200 OK"
2026-05-06 00:45:17,939 | INFO     | HTTP Request: GET https://jqphrrikzkntcyzsrbrc.supabase.co/rest/v1/duel_stats?select=%2A "HTTP/2 200 OK"
2026-05-06 00:45:17,941 | ERROR    | ⚠️ Ошибка загрузки данных из Supabase: 'Игрок'
2026-05-06 00:45:19,697 | SUCCESS  | 🎉 Все файлы cogs успешно загружены!
2026-05-06 00:45:23,100 | SUCCESS  | 🤖 Бот `Void Sentinel#5662` успешно запущен (ID: 1230464176745480254)
2026-05-06 00:45:23,100 | INFO     | 🛡 Сервер: Legion Of The Damned | ID: 828749346505490503 | Участников: 55
2026-05-06 00:45:23,101 | INFO     | 🛡 Сервер: Space_Marine 2RU | ID: 1118852004786225192 | Участников: 259
2026-05-06 00:45:23,101 | INFO     | 🛡 Сервер: winie's server | ID: 1335265286198263848 | Участников: 47
2026-05-06 00:45:23,102 | INFO     | 🛡 Сервер: Legion of Iron Hands | ID: 1411434026966716428 | Участников: 5
2026-05-06 00:45:23,102 | INFO     | 🛡 Сервер: Тест сервер | ID: 1448692483054632982 | Участников: 4
2026-05-06 00:45:29,147 | WARNING  | 🛑 Запуск остановлен вручную.
2026-05-06 00:46:47,754 | INFO     | HTTP Request: GET https://jqphrrikzkntcyzsrbrc.supabase.co/rest/v1/active_duels?select=%2A "HTTP/2 200 OK"
2026-05-06 00:46:47,958 | INFO     | HTTP Request: GET https://jqphrrikzkntcyzsrbrc.supabase.co/rest/v1/duel_stats?select=%2A "HTTP/2 200 OK"
2026-05-06 00:46:47,959 | ERROR    | ⚠️ Ошибка загрузки данных из Supabase: 'Игрок'
2026-05-06 00:46:49,942 | SUCCESS  | 🎉 Все файлы cogs успешно загружены!
2026-05-06 00:46:55,181 | SUCCESS  | 🤖 Бот `Void Sentinel#5662` успешно запущен (ID: 1230464176745480254)
2026-05-06 00:46:55,182 | INFO     | 🛡 Сервер: Legion Of The Damned | ID: 828749346505490503 | Участников: 55
2026-05-06 00:46:55,182 | INFO     | 🛡 Сервер: Space_Marine 2RU | ID: 1118852004786225192 | Участников: 259
2026-05-06 00:46:55,183 | INFO     | 🛡 Сервер: winie's server | ID: 1335265286198263848 | Участников: 47
2026-05-06 00:46:55,183 | INFO     | 🛡 Сервер: Legion of Iron Hands | ID: 1411434026966716428 | Участников: 5
2026-05-06 00:46:55,183 | INFO     | 🛡 Сервер: Тест сервер | ID: 1448692483054632982 | Участников: 4
2026-05-06 00:47:19,446 | WARNING  | 🛑 Запуск остановлен вручную.
2026-05-06 00:50:53,869 | INFO     | HTTP Request: GET https://jqphrrikzkntcyzsrbrc.supabase.co/rest/v1/active_duels?select=%2A "HTTP/2 200 OK"
2026-05-06 00:50:54,065 | INFO     | HTTP Request: GET https://jqphrrikzkntcyzsrbrc.supabase.co/rest/v1/duel_stats?select=%2A "HTTP/2 200 OK"
2026-05-06 00:50:54,066 | INFO     | ✅ Данные из Supabase загружены
2026-05-06 00:50:55,742 | SUCCESS  | 🎉 Все файлы cogs успешно загружены!
2026-05-06 00:50:59,103 | SUCCESS  | 🤖 Бот `Void Sentinel#5662` успешно запущен (ID: 1230464176745480254)
2026-05-06 00:50:59,103 | INFO     | 🛡 Сервер: Legion Of The Damned | ID: 828749346505490503 | Участников: 55
2026-05-06 00:50:59,103 | INFO     | 🛡 Сервер: Space_Marine 2RU | ID: 1118852004786225192 | Участников: 259
2026-05-06 00:50:59,104 | INFO     | 🛡 Сервер: winie's server | ID: 1335265286198263848 | Участников: 47
2026-05-06 00:50:59,104 | INFO     | 🛡 Сервер: Legion of Iron Hands | ID: 1411434026966716428 | Участников: 5
2026-05-06 00:50:59,104 | INFO     | 🛡 Сервер: Тест сервер | ID: 1448692483054632982 | Участников: 4
2026-05-06 00:51:05,795 | WARNING  | 🛑 Запуск остановлен вручную.
2026-05-06 16:36:26,515 | INFO     | HTTP Request: GET https://jqphrrikzkntcyzsrbrc.supabase.co/rest/v1/active_duels?select=%2A "HTTP/2 200 OK"
2026-05-06 16:36:26,706 | INFO     | HTTP Request: GET https://jqphrrikzkntcyzsrbrc.supabase.co/rest/v1/duel_stats?select=%2A "HTTP/2 200 OK"
2026-05-06 16:36:26,708 | INFO     | ✅ Данные из Supabase загружены
2026-05-06 16:36:28,690 | SUCCESS  | 🎉 Все файлы cogs успешно загружены!
2026-05-06 16:36:33,658 | SUCCESS  | 🤖 Бот `Void Sentinel#5662` успешно запущен (ID: 1230464176745480254)
2026-05-06 16:36:33,658 | INFO     | 🛡 Сервер: Legion Of The Damned | ID: 828749346505490503 | Участников: 55
2026-05-06 16:36:33,659 | INFO     | 🛡 Сервер: Space_Marine 2RU | ID: 1118852004786225192 | Участников: 259
2026-05-06 16:36:33,659 | INFO     | 🛡 Сервер: winie's server | ID: 1335265286198263848 | Участников: 47
2026-05-06 16:36:33,659 | INFO     | 🛡 Сервер: Legion of Iron Hands | ID: 1411434026966716428 | Участников: 5
2026-05-06 16:36:33,660 | INFO     | 🛡 Сервер: Тест сервер | ID: 1448692483054632982 | Участников: 4
2026-05-06 16:36:33,925 | INFO     | Выброс обновлён
2026-05-06 16:39:27,464 | WARNING  | 🛑 Запуск остановлен вручную.
2026-05-06 16:39:59,200 | INFO     | HTTP Request: GET https://jqphrrikzkntcyzsrbrc.supabase.co/rest/v1/active_duels?select=%2A "HTTP/2 200 OK"
2026-05-06 16:39:59,399 | INFO     | HTTP Request: GET https://jqphrrikzkntcyzsrbrc.supabase.co/rest/v1/duel_stats?select=%2A "HTTP/2 200 OK"
2026-05-06 16:39:59,401 | INFO     | ✅ Данные из Supabase загружены
2026-05-06 16:40:01,796 | SUCCESS  | 🎉 Все файлы cogs успешно загружены!
2026-05-06 16:40:06,840 | SUCCESS  | 🤖 Бот `Void Sentinel#5662` успешно запущен (ID: 1230464176745480254)
2026-05-06 16:40:06,840 | INFO     | 🛡 Сервер: Legion Of The Damned | ID: 828749346505490503 | Участников: 55
2026-05-06 16:40:06,841 | INFO     | 🛡 Сервер: Space_Marine 2RU | ID: 1118852004786225192 | Участников: 259
2026-05-06 16:40:06,841 | INFO     | 🛡 Сервер: winie's server | ID: 1335265286198263848 | Участников: 47
2026-05-06 16:40:06,841 | INFO     | 🛡 Сервер: Legion of Iron Hands | ID: 1411434026966716428 | Участников: 5
2026-05-06 16:40:06,842 | INFO     | 🛡 Сервер: Тест сервер | ID: 1448692483054632982 | Участников: 4
2026-05-06 16:40:07,218 | INFO     | Выброс обновлён
2026-05-06 16:40:53,250 | WARNING  | 🛑 Запуск остановлен вручную.
2026-05-06 16:43:57,566 | INFO     | HTTP Request: GET https://jqphrrikzkntcyzsrbrc.supabase.co/rest/v1/active_duels?select=%2A "HTTP/2 200 OK"
2026-05-06 16:43:57,763 | INFO     | HTTP Request: GET https://jqphrrikzkntcyzsrbrc.supabase.co/rest/v1/duel_stats?select=%2A "HTTP/2 200 OK"
2026-05-06 16:43:57,774 | INFO     | ✅ Данные из Supabase загружены
2026-05-06 16:44:01,602 | SUCCESS  | 🎉 Все файлы cogs успешно загружены!
2026-05-06 16:44:06,042 | SUCCESS  | 🤖 Бот `Void Sentinel#5662` успешно запущен (ID: 1230464176745480254)
2026-05-06 16:44:06,043 | INFO     | 🛡 Сервер: Legion Of The Damned | ID: 828749346505490503 | Участников: 55
2026-05-06 16:44:06,043 | INFO     | 🛡 Сервер: Space_Marine 2RU | ID: 1118852004786225192 | Участников: 259
2026-05-06 16:44:06,043 | INFO     | 🛡 Сервер: winie's server | ID: 1335265286198263848 | Участников: 47
2026-05-06 16:44:06,043 | INFO     | 🛡 Сервер: Legion of Iron Hands | ID: 1411434026966716428 | Участников: 5
2026-05-06 16:44:06,044 | INFO     | 🛡 Сервер: Тест сервер | ID: 1448692483054632982 | Участников: 4
2026-05-06 16:44:06,350 | INFO     | Выброс обновлён
2026-05-06 16:49:03,184 | INFO     | Выброс обновлён
2026-05-06 16:54:04,627 | INFO     | Выброс обновлён
2026-05-06 16:54:39,726 | WARNING  | 🛑 Запуск остановлен вручную.
2026-05-06 16:55:06,628 | INFO     | HTTP Request: GET https://jqphrrikzkntcyzsrbrc.supabase.co/rest/v1/active_duels?select=%2A "HTTP/2 200 OK"
2026-05-06 16:55:06,875 | INFO     | HTTP Request: GET https://jqphrrikzkntcyzsrbrc.supabase.co/rest/v1/duel_stats?select=%2A "HTTP/2 200 OK"
2026-05-06 16:55:06,877 | INFO     | ✅ Данные из Supabase загружены
2026-05-06 16:55:08,988 | SUCCESS  | 🎉 Все файлы cogs успешно загружены!
2026-05-06 16:55:14,142 | DEBUG    | API DATA: {'currentStart': '2026-05-06T13:52:13.720813Z', 'previousStart': '2026-05-06T11:50:13.720813Z', 'previousEnd': '2026-05-06T11:55:13.720813Z'}
2026-05-06 16:55:14,144 | SUCCESS  | 🤖 Бот `Void Sentinel#5662` успешно запущен (ID: 1230464176745480254)
2026-05-06 16:55:14,144 | INFO     | 🛡 Сервер: Legion Of The Damned | ID: 828749346505490503 | Участников: 55
2026-05-06 16:55:14,145 | INFO     | 🛡 Сервер: Space_Marine 2RU | ID: 1118852004786225192 | Участников: 259
2026-05-06 16:55:14,145 | INFO     | 🛡 Сервер: winie's server | ID: 1335265286198263848 | Участников: 47
2026-05-06 16:55:14,145 | INFO     | 🛡 Сервер: Legion of Iron Hands | ID: 1411434026966716428 | Участников: 5
2026-05-06 16:55:14,146 | INFO     | 🛡 Сервер: Тест сервер | ID: 1448692483054632982 | Участников: 4
2026-05-06 16:55:14,470 | INFO     | Выброс обновлён
2026-05-06 17:00:11,140 | DEBUG    | API DATA: {'currentStart': '2026-05-06T13:57:10.759453Z', 'previousStart': '2026-05-06T11:55:10.759453Z', 'previousEnd': '2026-05-06T12:00:10.759453Z'}
2026-05-06 17:00:11,884 | INFO     | Выброс обновлён
2026-05-06 17:03:51,042 | WARNING  | 🛑 Запуск остановлен вручную.
2026-05-06 17:04:02,350 | INFO     | HTTP Request: GET https://jqphrrikzkntcyzsrbrc.supabase.co/rest/v1/active_duels?select=%2A "HTTP/2 200 OK"
2026-05-06 17:04:02,608 | INFO     | HTTP Request: GET https://jqphrrikzkntcyzsrbrc.supabase.co/rest/v1/duel_stats?select=%2A "HTTP/2 200 OK"
2026-05-06 17:04:02,611 | INFO     | ✅ Данные из Supabase загружены
2026-05-06 17:04:06,328 | SUCCESS  | 🎉 Все файлы cogs успешно загружены!
2026-05-06 17:04:11,424 | DEBUG    | API DATA: {'currentStart': '2026-05-06T14:01:11.046621Z', 'previousStart': '2026-05-06T11:59:11.046621Z', 'previousEnd': '2026-05-06T12:04:11.046621Z'}
2026-05-06 17:04:11,607 | SUCCESS  | 🤖 Бот `Void Sentinel#5662` успешно запущен (ID: 1230464176745480254)
2026-05-06 17:04:11,608 | INFO     | 🛡 Сервер: Legion Of The Damned | ID: 828749346505490503 | Участников: 55
2026-05-06 17:04:11,609 | INFO     | 🛡 Сервер: Space_Marine 2RU | ID: 1118852004786225192 | Участников: 259
2026-05-06 17:04:11,609 | INFO     | 🛡 Сервер: winie's server | ID: 1335265286198263848 | Участников: 47
2026-05-06 17:04:11,609 | INFO     | 🛡 Сервер: Legion of Iron Hands | ID: 1411434026966716428 | Участников: 5
2026-05-06 17:04:11,610 | INFO     | 🛡 Сервер: Тест сервер | ID: 1448692483054632982 | Участников: 4
2026-05-06 17:04:22,749 | WARNING  | 🛑 Запуск остановлен вручную.
2026-05-06 17:05:27,922 | INFO     | HTTP Request: GET https://jqphrrikzkntcyzsrbrc.supabase.co/rest/v1/active_duels?select=%2A "HTTP/2 200 OK"
2026-05-06 17:05:28,224 | INFO     | HTTP Request: GET https://jqphrrikzkntcyzsrbrc.supabase.co/rest/v1/duel_stats?select=%2A "HTTP/2 200 OK"
2026-05-06 17:05:28,226 | INFO     | ✅ Данные из Supabase загружены
2026-05-06 17:05:30,351 | SUCCESS  | 🎉 Все файлы cogs успешно загружены!
2026-05-06 17:05:35,093 | DEBUG    | API DATA: {'currentStart': '2026-05-06T14:02:34.719434Z', 'previousStart': '2026-05-06T12:00:34.719434Z', 'previousEnd': '2026-05-06T12:05:34.719434Z'}
2026-05-06 17:05:35,132 | SUCCESS  | 🤖 Бот `Void Sentinel#5662` успешно запущен (ID: 1230464176745480254)
2026-05-06 17:05:35,143 | INFO     | 🛡 Сервер: Legion Of The Damned | ID: 828749346505490503 | Участников: 55
2026-05-06 17:05:35,144 | INFO     | 🛡 Сервер: Space_Marine 2RU | ID: 1118852004786225192 | Участников: 259
2026-05-06 17:05:35,144 | INFO     | 🛡 Сервер: winie's server | ID: 1335265286198263848 | Участников: 47
2026-05-06 17:05:35,145 | INFO     | 🛡 Сервер: Legion of Iron Hands | ID: 1411434026966716428 | Участников: 5
2026-05-06 17:05:35,146 | INFO     | 🛡 Сервер: Тест сервер | ID: 1448692483054632982 | Участников: 4
2026-05-06 17:05:35,395 | INFO     | Выброс обновлён
2026-05-06 17:05:58,531 | WARNING  | 🛑 Запуск остановлен вручную.
2026-05-06 17:14:45,648 | INFO     | HTTP Request: GET https://jqphrrikzkntcyzsrbrc.supabase.co/rest/v1/active_duels?select=%2A "HTTP/2 200 OK"
2026-05-06 17:14:45,875 | INFO     | HTTP Request: GET https://jqphrrikzkntcyzsrbrc.supabase.co/rest/v1/duel_stats?select=%2A "HTTP/2 200 OK"
2026-05-06 17:14:45,878 | INFO     | ✅ Данные из Supabase загружены
2026-05-06 17:14:48,687 | SUCCESS  | 🎉 Все файлы cogs успешно загружены!
2026-05-06 17:14:53,764 | DEBUG    | API DATA: {'currentStart': '2026-05-06T14:11:53.397447Z', 'previousStart': '2026-05-06T12:09:53.397447Z', 'previousEnd': '2026-05-06T12:14:53.397447Z'}
2026-05-06 17:14:53,767 | SUCCESS  | 🤖 Бот `Void Sentinel#5662` успешно запущен (ID: 1230464176745480254)
2026-05-06 17:14:53,769 | INFO     | 🛡 Сервер: Legion Of The Damned | ID: 828749346505490503 | Участников: 55
2026-05-06 17:14:53,775 | INFO     | 🛡 Сервер: Space_Marine 2RU | ID: 1118852004786225192 | Участников: 259
2026-05-06 17:14:53,776 | INFO     | 🛡 Сервер: winie's server | ID: 1335265286198263848 | Участников: 47
2026-05-06 17:14:53,777 | INFO     | 🛡 Сервер: Legion of Iron Hands | ID: 1411434026966716428 | Участников: 5
2026-05-06 17:14:53,777 | INFO     | 🛡 Сервер: Тест сервер | ID: 1448692483054632982 | Участников: 4
2026-05-06 17:14:54,114 | INFO     | Выброс обновлён
2026-05-06 17:15:34,294 | WARNING  | 🛑 Запуск остановлен вручную.
2026-05-06 17:17:05,385 | INFO     | HTTP Request: GET https://jqphrrikzkntcyzsrbrc.supabase.co/rest/v1/active_duels?select=%2A "HTTP/2 200 OK"
2026-05-06 17:17:05,578 | INFO     | HTTP Request: GET https://jqphrrikzkntcyzsrbrc.supabase.co/rest/v1/duel_stats?select=%2A "HTTP/2 200 OK"
2026-05-06 17:17:05,580 | INFO     | ✅ Данные из Supabase загружены
2026-05-06 17:17:08,985 | SUCCESS  | 🎉 Все файлы cogs успешно загружены!
2026-05-06 17:17:13,987 | DEBUG    | API DATA: {'currentStart': '2026-05-06T14:14:13.620605Z', 'previousStart': '2026-05-06T12:12:13.620605Z', 'previousEnd': '2026-05-06T12:17:13.620605Z'}
2026-05-06 17:17:13,989 | SUCCESS  | 🤖 Бот `Void Sentinel#5662` успешно запущен (ID: 1230464176745480254)
2026-05-06 17:17:13,990 | INFO     | 🛡 Сервер: Legion Of The Damned | ID: 828749346505490503 | Участников: 55
2026-05-06 17:17:13,990 | INFO     | 🛡 Сервер: Space_Marine 2RU | ID: 1118852004786225192 | Участников: 259
2026-05-06 17:17:13,991 | INFO     | 🛡 Сервер: winie's server | ID: 1335265286198263848 | Участников: 47
2026-05-06 17:17:13,991 | INFO     | 🛡 Сервер: Legion of Iron Hands | ID: 1411434026966716428 | Участников: 5
2026-05-06 17:17:13,992 | INFO     | 🛡 Сервер: Тест сервер | ID: 1448692483054632982 | Участников: 4
2026-05-06 17:17:14,387 | INFO     | Выброс обновлён
2026-05-06 17:20:31,408 | WARNING  | 🛑 Запуск остановлен вручную.
2026-05-06 17:20:55,182 | INFO     | HTTP Request: GET https://jqphrrikzkntcyzsrbrc.supabase.co/rest/v1/active_duels?select=%2A "HTTP/2 200 OK"
2026-05-06 17:20:55,385 | INFO     | HTTP Request: GET https://jqphrrikzkntcyzsrbrc.supabase.co/rest/v1/duel_stats?select=%2A "HTTP/2 200 OK"
2026-05-06 17:20:55,387 | INFO     | ✅ Данные из Supabase загружены
2026-05-06 17:20:59,264 | SUCCESS  | 🎉 Все файлы cogs успешно загружены!
2026-05-06 17:21:04,092 | SUCCESS  | 🤖 Бот `Void Sentinel#5662` успешно запущен (ID: 1230464176745480254)
2026-05-06 17:21:04,092 | INFO     | 🛡 Сервер: Legion Of The Damned | ID: 828749346505490503 | Участников: 55
2026-05-06 17:21:04,093 | INFO     | 🛡 Сервер: Space_Marine 2RU | ID: 1118852004786225192 | Участников: 259
2026-05-06 17:21:04,093 | INFO     | 🛡 Сервер: winie's server | ID: 1335265286198263848 | Участников: 47
2026-05-06 17:21:04,095 | INFO     | 🛡 Сервер: Legion of Iron Hands | ID: 1411434026966716428 | Участников: 5
2026-05-06 17:21:04,095 | INFO     | 🛡 Сервер: Тест сервер | ID: 1448692483054632982 | Участников: 4
2026-05-06 17:24:56,460 | WARNING  | 🛑 Запуск остановлен вручную.
2026-05-06 17:28:31,520 | INFO     | HTTP Request: GET https://jqphrrikzkntcyzsrbrc.supabase.co/rest/v1/active_duels?select=%2A "HTTP/2 200 OK"
2026-05-06 17:28:31,750 | INFO     | HTTP Request: GET https://jqphrrikzkntcyzsrbrc.supabase.co/rest/v1/duel_stats?select=%2A "HTTP/2 200 OK"
2026-05-06 17:28:31,752 | INFO     | ✅ Данные из Supabase загружены
2026-05-06 17:28:35,144 | SUCCESS  | 🎉 Все файлы cogs успешно загружены!
2026-05-06 17:28:40,007 | SUCCESS  | 🤖 Бот `Void Sentinel#5662` успешно запущен (ID: 1230464176745480254)
2026-05-06 17:28:40,008 | INFO     | 🛡 Сервер: Legion Of The Damned | ID: 828749346505490503 | Участников: 55
2026-05-06 17:28:40,009 | INFO     | 🛡 Сервер: Space_Marine 2RU | ID: 1118852004786225192 | Участников: 259
2026-05-06 17:28:40,009 | INFO     | 🛡 Сервер: winie's server | ID: 1335265286198263848 | Участников: 47
2026-05-06 17:28:40,010 | INFO     | 🛡 Сервер: Legion of Iron Hands | ID: 1411434026966716428 | Участников: 5
2026-05-06 17:28:40,011 | INFO     | 🛡 Сервер: Тест сервер | ID: 1448692483054632982 | Участников: 4
2026-05-06 17:28:40,367 | INFO     | Выброс обновлён (live)
2026-05-06 17:29:03,671 | WARNING  | 🛑 Запуск остановлен вручную.
2026-05-06 17:32:05,294 | INFO     | HTTP Request: GET https://jqphrrikzkntcyzsrbrc.supabase.co/rest/v1/active_duels?select=%2A "HTTP/2 200 OK"
2026-05-06 17:32:05,523 | INFO     | HTTP Request: GET https://jqphrrikzkntcyzsrbrc.supabase.co/rest/v1/duel_stats?select=%2A "HTTP/2 200 OK"
2026-05-06 17:32:05,526 | INFO     | ✅ Данные из Supabase загружены
2026-05-06 17:32:08,138 | SUCCESS  | 🎉 Все файлы cogs успешно загружены!
2026-05-06 17:32:13,150 | SUCCESS  | 🤖 Бот `Void Sentinel#5662` успешно запущен (ID: 1230464176745480254)
2026-05-06 17:32:13,150 | INFO     | 🛡 Сервер: Legion Of The Damned | ID: 828749346505490503 | Участников: 55
2026-05-06 17:32:13,151 | INFO     | 🛡 Сервер: Space_Marine 2RU | ID: 1118852004786225192 | Участников: 259
2026-05-06 17:32:13,151 | INFO     | 🛡 Сервер: winie's server | ID: 1335265286198263848 | Участников: 47
2026-05-06 17:32:13,151 | INFO     | 🛡 Сервер: Legion of Iron Hands | ID: 1411434026966716428 | Участников: 5
2026-05-06 17:32:13,152 | INFO     | 🛡 Сервер: Тест сервер | ID: 1448692483054632982 | Участников: 4
2026-05-06 17:32:13,551 | INFO     | Выброс обновлён (live)
2026-05-06 17:32:40,319 | INFO     | Выброс обновлён (live)
2026-05-06 17:32:40,666 | WARNING  | 🛑 Запуск остановлен вручную.
2026-05-06 17:37:09,383 | INFO     | HTTP Request: GET https://jqphrrikzkntcyzsrbrc.supabase.co/rest/v1/active_duels?select=%2A "HTTP/2 200 OK"
2026-05-06 17:37:09,615 | INFO     | HTTP Request: GET https://jqphrrikzkntcyzsrbrc.supabase.co/rest/v1/duel_stats?select=%2A "HTTP/2 200 OK"
2026-05-06 17:37:09,617 | INFO     | ✅ Данные из Supabase загружены
2026-05-06 17:37:12,672 | SUCCESS  | 🎉 Все файлы cogs успешно загружены!
2026-05-06 17:37:17,887 | SUCCESS  | 🤖 Бот `Void Sentinel#5662` успешно запущен (ID: 1230464176745480254)
2026-05-06 17:37:17,887 | INFO     | 🛡 Сервер: Legion Of The Damned | ID: 828749346505490503 | Участников: 55
2026-05-06 17:37:17,888 | INFO     | 🛡 Сервер: Space_Marine 2RU | ID: 1118852004786225192 | Участников: 259
2026-05-06 17:37:17,888 | INFO     | 🛡 Сервер: winie's server | ID: 1335265286198263848 | Участников: 47
2026-05-06 17:37:17,889 | INFO     | 🛡 Сервер: Legion of Iron Hands | ID: 1411434026966716428 | Участников: 5
2026-05-06 17:37:17,889 | INFO     | 🛡 Сервер: Тест сервер | ID: 1448692483054632982 | Участников: 4
2026-05-06 17:37:18,300 | INFO     | Выброс обновлён (live)
2026-05-06 17:37:44,747 | INFO     | Выброс обновлён (live)
2026-05-06 17:38:14,516 | INFO     | Выброс обновлён (live)
2026-05-06 17:38:44,888 | INFO     | Выброс обновлён (live)
2026-05-06 17:39:14,670 | INFO     | Выброс обновлён (live)
2026-05-06 17:39:44,636 | INFO     | Выброс обновлён (live)
2026-05-06 17:40:14,443 | INFO     | Выброс обновлён (live)
2026-05-06 17:40:44,607 | INFO     | Выброс обновлён (live)
2026-05-06 17:41:14,451 | INFO     | Выброс обновлён (live)
2026-05-06 17:41:44,569 | INFO     | Выброс обновлён (live)
2026-05-06 17:42:14,359 | INFO     | Выброс обновлён (live)
2026-05-06 17:42:44,446 | INFO     | Выброс обновлён (live)
2026-05-06 17:43:14,937 | INFO     | Выброс обновлён (live)
2026-05-06 17:43:44,623 | INFO     | Выброс обновлён (live)
2026-05-06 17:44:14,398 | INFO     | Выброс обновлён (live)
2026-05-06 17:44:44,460 | INFO     | Выброс обновлён (live)
2026-05-06 17:45:14,433 | INFO     | Выброс обновлён (live)
2026-05-06 17:45:44,392 | INFO     | Выброс обновлён (live)
2026-05-06 17:46:14,729 | INFO     | Выброс обновлён (live)
2026-05-06 17:46:44,836 | INFO     | Выброс обновлён (live)
2026-05-06 17:47:14,363 | INFO     | Выброс обновлён (live)
2026-05-06 17:47:45,027 | INFO     | Выброс обновлён (live)
2026-05-06 17:48:16,814 | INFO     | Выброс обновлён (live)
2026-05-06 17:48:44,483 | INFO     | Выброс обновлён (live)
2026-05-06 17:49:18,322 | INFO     | Выброс обновлён (live)
2026-05-06 17:49:45,216 | INFO     | Выброс обновлён (live)
2026-05-06 17:50:14,951 | INFO     | Выброс обновлён (live)
2026-05-06 17:50:44,489 | INFO     | Выброс обновлён (live)
2026-05-06 17:51:15,387 | INFO     | Выброс обновлён (live)
2026-05-06 17:51:44,475 | INFO     | Выброс обновлён (live)
2026-05-06 17:52:14,835 | INFO     | Выброс обновлён (live)
2026-05-06 17:52:45,564 | INFO     | Выброс обновлён (live)
2026-05-06 17:53:14,913 | INFO     | Выброс обновлён (live)
2026-05-06 17:53:44,446 | INFO     | Выброс обновлён (live)
2026-05-06 17:54:14,317 | INFO     | Выброс обновлён (live)
2026-05-06 17:54:44,433 | INFO     | Выброс обновлён (live)
2026-05-06 17:55:14,984 | INFO     | Выброс обновлён (live)
2026-05-06 17:55:45,130 | INFO     | Выброс обновлён (live)
2026-05-06 17:55:50,024 | WARNING  | 🛑 Запуск остановлен вручную.
