2025-12-05 15:18:04 | INFO     | HTTP Request: GET https://jqphrrikzkntcyzsrbrc.supabase.co/rest/v1/active_duels?select=%2A "HTTP/2 200 OK"
2025-12-05 15:18:05 | INFO     | HTTP Request: GET https://jqphrrikzkntcyzsrbrc.supabase.co/rest/v1/duel_stats?select=%2A "HTTP/2 200 OK"
2025-12-05 15:18:05 | INFO     | ✅ Дані з Supabase завантажено
2025-12-05 15:18:07 | SUCCESS  | 🎉 Усі файли cogs успішно завантажені!
2025-12-05 15:18:11 | SUCCESS  | 🤖 Бот `Void Sentinel#5662` успішно запущений (ID: 1230464176745480254)
2025-12-05 15:18:11 | INFO     | 🛡 Сервер: Legion Of The Damned | ID: 828749346505490503 | Учасників: 9
2025-12-05 15:18:11 | INFO     | 🛡 Сервер: Space_Marine 2RU | ID: 1118852004786225192 | Учасників: 279
2025-12-05 15:18:11 | INFO     | 🛡 Сервер: winie's server | ID: 1335265286198263848 | Учасників: 54
2025-12-05 15:18:11 | INFO     | 🛡 Сервер: Сервер користувача kraken_5491 | ID: 1411475618343686187 | Учасників: 5
2025-12-05 15:18:11 | INFO     | Команди успішно синхронізовані
2025-12-05 15:19:52 | INFO     | HTTP Request: GET https://jqphrrikzkntcyzsrbrc.supabase.co/rest/v1/active_duels?select=%2A "HTTP/2 200 OK"
2025-12-05 15:19:53 | INFO     | HTTP Request: GET https://jqphrrikzkntcyzsrbrc.supabase.co/rest/v1/duel_stats?select=%2A "HTTP/2 200 OK"
2025-12-05 15:19:53 | INFO     | ✅ Дані з Supabase завантажено
2025-12-05 15:19:59 | SUCCESS  | 🎉 Усі файли cogs успішно завантажені!
2025-12-05 15:20:02 | SUCCESS  | 🤖 Бот `Void Sentinel UA#9123` успішно запущений (ID: 1442600551593541773)
2025-12-05 15:20:02 | INFO     | 🛡 Сервер: Сервер користувача kraken_5491 | ID: 1411475618343686187 | Учасників: 5
2025-12-05 15:20:03 | INFO     | Команди успішно синхронізовані
2025-12-05 15:20:55 | WARNING  | Роль з ID 1418038359129063585 не знайдена на сервері Сервер користувача kraken_5491
2025-12-05 15:20:56 | INFO     | Void Sentinel#5662 (1230464176745480254) покинув сервер Сервер користувача kraken_5491
2025-12-05 15:20:56 | INFO     | Webhook створено у каналі: 💬чат-канал💬 (1411475619442851966)
2025-12-05 15:20:56 | INFO     | ✅ Відправлено повідомлення про вихід Void Sentinel#5662 (1230464176745480254)
2025-12-05 15:20:57 | INFO     | Webhook видалено з каналу: 💬чат-канал💬 (1411475619442851966)
2025-12-05 15:46:41 | WARNING  | Роль з ID 1418038359129063585 не знайдена на сервері Тест сервер
2025-12-05 15:52:13 | WARNING  | 🛑 Запуск зупинено вручну.
2025-12-05 16:02:57 | INFO     | HTTP Request: GET https://jqphrrikzkntcyzsrbrc.supabase.co/rest/v1/active_duels?select=%2A "HTTP/2 200 OK"
2025-12-05 16:02:57 | INFO     | HTTP Request: GET https://jqphrrikzkntcyzsrbrc.supabase.co/rest/v1/duel_stats?select=%2A "HTTP/2 200 OK"
2025-12-05 16:02:57 | INFO     | ✅ Дані з Supabase завантажено
2025-12-05 16:02:59 | SUCCESS  | 🎉 Усі файли cogs успішно завантажені!
2025-12-05 16:03:02 | SUCCESS  | 🤖 Бот `Void Sentinel UA#9123` успішно запущений (ID: 1442600551593541773)
2025-12-05 16:03:02 | INFO     | 🛡 Сервер: Тест сервер | ID: 1411475618343686187 | Учасників: 4
2025-12-05 16:03:03 | INFO     | Команди успішно синхронізовані
2025-12-05 16:49:58 | WARNING  | 🛑 Запуск зупинено вручну.
