2026-05-24 09:23:56,347 | INFO     | HTTP Request: GET https://jqphrrikzkntcyzsrbrc.supabase.co/rest/v1/active_duels?select=%2A "HTTP/2 200 OK"
2026-05-24 09:23:56,571 | INFO     | HTTP Request: GET https://jqphrrikzkntcyzsrbrc.supabase.co/rest/v1/duel_stats?select=%2A "HTTP/2 200 OK"
2026-05-24 09:23:56,573 | INFO     | ✅ Данные из Supabase загружены
2026-05-24 09:23:57,780 | INFO     | ⚔️ ClanWarNotifications загружен
2026-05-24 09:23:59,571 | SUCCESS  | 🎉 Все файлы cogs успешно загружены!
2026-05-24 09:24:03,049 | SUCCESS  | 🤖 Бот `Void Sentinel#5662` успешно запущен (ID: 1230464176745480254)
2026-05-24 09:24:03,052 | INFO     | 🛡 Сервер: Legion Of The Damned | ID: 828749346505490503 | Участников: 54
2026-05-24 09:24:03,052 | INFO     | 🛡 Сервер: Space_Marine 2RU | ID: 1118852004786225192 | Участников: 258
2026-05-24 09:24:03,053 | INFO     | 🛡 Сервер: winie's server | ID: 1335265286198263848 | Участников: 47
2026-05-24 09:24:03,054 | INFO     | 🛡 Сервер: Legion of Iron Hands | ID: 1411434026966716428 | Участников: 5
2026-05-24 09:24:03,054 | INFO     | 🛡 Сервер: Тест сервер | ID: 1448692483054632982 | Участников: 4
2026-05-24 10:03:09,604 | WARNING  | Роль 1418038359129063585 не найдена на Space_Marine 2RU
2026-05-24 12:09:34,506 | INFO     | aurora1487 (626385981746184194) зашёл на сервер Legion Of The Damned
2026-05-24 12:09:35,063 | INFO     | Webhook создан: 💬чат-канал💬 (1400948760632098816)
2026-05-24 12:09:35,322 | INFO     | ✅ Отправлено приветствие aurora1487 (626385981746184194)
2026-05-24 12:09:35,622 | INFO     | Webhook удалён: 💬чат-канал💬 (1400948760632098816)
2026-05-24 12:51:14,347 | INFO     | mmmm083888 (1507792674403385474) вышел [kick]
2026-05-24 12:51:14,730 | INFO     | Webhook создан: 💬чат-канал💬 (1400948760632098816)
2026-05-24 12:51:14,967 | INFO     | ✅ Уход mmmm083888 (1507792674403385474) [kick]
2026-05-24 12:51:15,307 | INFO     | Webhook удалён: 💬чат-канал💬 (1400948760632098816)
