2026-05-17 18:53:36,804 | INFO     | HTTP Request: GET https://jqphrrikzkntcyzsrbrc.supabase.co/rest/v1/active_duels?select=%2A "HTTP/2 200 OK"
2026-05-17 18:53:36,996 | INFO     | HTTP Request: GET https://jqphrrikzkntcyzsrbrc.supabase.co/rest/v1/duel_stats?select=%2A "HTTP/2 200 OK"
2026-05-17 18:53:36,998 | INFO     | ✅ Данные из Supabase загружены
2026-05-17 18:53:38,349 | INFO     | ⚔️ ClanWarNotifications загружен
2026-05-17 18:53:40,262 | SUCCESS  | 🎉 Все файлы cogs успешно загружены!
2026-05-17 18:53:44,191 | SUCCESS  | 🤖 Бот `Void Sentinel#5662` успешно запущен (ID: 1230464176745480254)
2026-05-17 18:53:44,222 | INFO     | 🛡 Сервер: Legion Of The Damned | ID: 828749346505490503 | Участников: 58
2026-05-17 18:53:44,292 | INFO     | 🛡 Сервер: Space_Marine 2RU | ID: 1118852004786225192 | Участников: 259
2026-05-17 18:53:44,493 | INFO     | 🛡 Сервер: winie's server | ID: 1335265286198263848 | Участников: 47
2026-05-17 18:53:44,649 | INFO     | 🛡 Сервер: Legion of Iron Hands | ID: 1411434026966716428 | Участников: 5
2026-05-17 18:53:44,760 | INFO     | 🛡 Сервер: Тест сервер | ID: 1448692483054632982 | Участников: 4
2026-05-17 19:43:02,087 | WARNING  | 🛑 Запуск остановлен вручную.
2026-05-17 19:43:37,673 | INFO     | HTTP Request: GET https://jqphrrikzkntcyzsrbrc.supabase.co/rest/v1/active_duels?select=%2A "HTTP/2 200 OK"
2026-05-17 19:43:37,852 | INFO     | HTTP Request: GET https://jqphrrikzkntcyzsrbrc.supabase.co/rest/v1/duel_stats?select=%2A "HTTP/2 200 OK"
2026-05-17 19:43:37,854 | INFO     | ✅ Данные из Supabase загружены
2026-05-17 19:43:39,590 | INFO     | ⚔️ ClanWarNotifications загружен
2026-05-17 19:43:42,383 | SUCCESS  | 🎉 Все файлы cogs успешно загружены!
2026-05-17 19:43:46,232 | SUCCESS  | 🤖 Бот `Void Sentinel#5662` успешно запущен (ID: 1230464176745480254)
2026-05-17 19:43:46,232 | INFO     | 🛡 Сервер: Legion Of The Damned | ID: 828749346505490503 | Участников: 58
2026-05-17 19:43:46,233 | INFO     | 🛡 Сервер: Space_Marine 2RU | ID: 1118852004786225192 | Участников: 259
2026-05-17 19:43:46,233 | INFO     | 🛡 Сервер: winie's server | ID: 1335265286198263848 | Участников: 47
2026-05-17 19:43:46,234 | INFO     | 🛡 Сервер: Legion of Iron Hands | ID: 1411434026966716428 | Участников: 5
2026-05-17 19:43:46,234 | INFO     | 🛡 Сервер: Тест сервер | ID: 1448692483054632982 | Участников: 4
2026-05-17 20:25:51,360 | INFO     | westefal (211420982181756931) зашёл на сервер Legion Of The Damned
2026-05-17 20:25:52,057 | INFO     | Webhook создан: 💬чат-канал💬 (1400948760632098816)
2026-05-17 20:25:52,321 | INFO     | ✅ Отправлено приветствие westefal (211420982181756931)
2026-05-17 20:25:52,736 | INFO     | Webhook удалён: 💬чат-канал💬 (1400948760632098816)
2026-05-17 20:30:46,258 | INFO     | 📩 Рассылка 2026-05-17: ⚔️ Сетка КВ началась!
2026-05-17 20:50:46,241 | INFO     | 📩 Рассылка 2026-05-17: ⏳ До начала КВ осталось 10 минут!
2026-05-17 21:00:46,230 | INFO     | 📩 Рассылка 2026-05-17: 🔥 КВ НАЧАЛОСЬ!
2026-05-17 22:01:38,337 | SUCCESS  | Создан временный войс: - |🔊Вокс [LOTD] HZNBRG/Хайзен🔊| - (liusyk)
2026-05-17 22:01:44,191 | SUCCESS  | Создан временный войс: - |🔊Вокс [LOTD] HZNBRG/Хайзен🔊| - (liusyk)
2026-05-17 22:01:44,876 | SUCCESS  | Удалён пустой войс: 1505646495536386270
2026-05-17 22:04:31,733 | INFO     | krutoykot (1126532629433417831) зашёл на сервер Legion Of The Damned
2026-05-17 22:04:32,331 | INFO     | Webhook создан: 💬чат-канал💬 (1400948760632098816)
2026-05-17 22:04:32,612 | INFO     | ✅ Отправлено приветствие krutoykot (1126532629433417831)
2026-05-17 22:04:33,221 | INFO     | Webhook удалён: 💬чат-канал💬 (1400948760632098816)
2026-05-17 22:13:14,115 | INFO     | krutoykot (1126532629433417831) вышел [kick]
2026-05-17 22:13:15,380 | INFO     | Webhook создан: 💬чат-канал💬 (1400948760632098816)
2026-05-17 22:13:15,963 | INFO     | ✅ Уход krutoykot (1126532629433417831) [kick]
2026-05-17 22:13:16,390 | INFO     | Webhook удалён: 💬чат-канал💬 (1400948760632098816)
2026-05-17 22:44:35,142 | SUCCESS  | Удалён пустой войс: 1505646520161140866
2026-05-17 22:59:55,636 | SUCCESS  | Создан временный войс: - |🔊Вокс [LOTD] Boevoi_Zaichi🔊| - (piskastrui0547_56108)
2026-05-17 23:46:26,483 | WARNING  | Роль 1418038359129063585 не найдена на Space_Marine 2RU
2026-05-18 00:04:02,595 | SUCCESS  | Удалён пустой войс: 1505661164753780856
2026-05-18 09:18:50,629 | WARNING  | 🛑 Запуск остановлен вручную.
