2026-01-09 22:10:01 | INFO     | HTTP Request: GET https://jqphrrikzkntcyzsrbrc.supabase.co/rest/v1/active_duels?select=%2A "HTTP/2 200 OK"
2026-01-09 22:10:01 | INFO     | HTTP Request: GET https://jqphrrikzkntcyzsrbrc.supabase.co/rest/v1/duel_stats?select=%2A "HTTP/2 200 OK"
2026-01-09 22:10:01 | INFO     | ✅ Данные из Supabase загружены
2026-01-09 22:10:03 | SUCCESS  | 🎉 Все файлы cogs успешно загружены!
2026-01-09 22:10:06 | SUCCESS  | 🤖 Бот `Void Sentinel#5662` успешно запущен (ID: 1230464176745480254)
2026-01-09 22:10:06 | INFO     | 🛡 Сервер: Legion Of The Damned | ID: 828749346505490503 | Участников: 17
2026-01-09 22:10:06 | INFO     | 🛡 Сервер: Space_Marine 2RU | ID: 1118852004786225192 | Участников: 276
2026-01-09 22:10:06 | INFO     | 🛡 Сервер: winie's server | ID: 1335265286198263848 | Участников: 54
2026-01-09 22:10:06 | INFO     | 🛡 Сервер: Legion of Iron Hands | ID: 1411434026966716428 | Участников: 5
2026-01-09 22:10:06 | SUCCESS  | Команды успешно синхронизированы
2026-01-09 22:17:12 | INFO     | HTTP Request: GET https://jqphrrikzkntcyzsrbrc.supabase.co/rest/v1/server_info?select=%2A "HTTP/2 200 OK"
2026-01-09 22:17:12 | INFO     | Данные с Supabase успешно загружены
2026-01-09 22:17:12 | INFO     | kraken_5491 открыл меню информации о сервере
2026-01-09 22:17:15 | INFO     | kraken_5491 выбрал категорию 'Лор Легиона ПРоклятых'
2026-01-09 22:17:55 | INFO     | kraken_5491 выбрал категорию 'Лор Легиона ПРоклятых'
2026-01-09 22:18:00 | INFO     | HTTP Request: GET https://jqphrrikzkntcyzsrbrc.supabase.co/rest/v1/server_info?select=%2A "HTTP/2 200 OK"
2026-01-09 22:18:00 | INFO     | Данные с Supabase успешно загружены
2026-01-09 22:18:01 | INFO     | kraken_5491 открыл меню информации о сервере
2026-01-09 22:18:03 | INFO     | kraken_5491 выбрал категорию 'Лор Легиона Проклятых'
2026-01-09 22:18:08 | INFO     | kraken_5491 выбрал категорию 'Роли'
2026-01-09 22:28:01 | INFO     | HTTP Request: GET https://jqphrrikzkntcyzsrbrc.supabase.co/rest/v1/server_info?select=%2A "HTTP/2 200 OK"
2026-01-09 22:28:01 | WARNING  | Невалидный JSON в категории 'Проекты клана Legion Of The Damned', используем как строку
2026-01-09 22:28:01 | INFO     | Данные с Supabase успешно загружены
2026-01-09 22:28:02 | INFO     | kraken_5491 открыл меню информации о сервере
2026-01-09 22:28:10 | INFO     | kraken_5491 выбрал категорию 'Проекты клана Legion Of The Damned'
2026-01-09 22:29:45 | INFO     | HTTP Request: GET https://jqphrrikzkntcyzsrbrc.supabase.co/rest/v1/server_info?select=%2A "HTTP/2 200 OK"
2026-01-09 22:29:45 | WARNING  | Невалидный JSON в категории 'Проекты клана LOTD', используем как строку
2026-01-09 22:29:45 | WARNING  | Невалидный JSON в категории 'Лор Легиона Проклятых', используем как строку
2026-01-09 22:29:45 | INFO     | Данные с Supabase успешно загружены
2026-01-09 22:29:46 | INFO     | kraken_5491 открыл меню информации о сервере
2026-01-09 22:29:48 | INFO     | kraken_5491 выбрал категорию 'Проекты клана LOTD'
2026-01-09 22:29:52 | INFO     | kraken_5491 выбрал категорию 'Лор Легиона Проклятых'
