2025-10-25 19:18:23 | INFO     | HTTP Request: GET https://jqphrrikzkntcyzsrbrc.supabase.co/rest/v1/active_duels?select=%2A "HTTP/2 200 OK"
2025-10-25 19:18:23 | INFO     | HTTP Request: GET https://jqphrrikzkntcyzsrbrc.supabase.co/rest/v1/duel_stats?select=%2A "HTTP/2 200 OK"
2025-10-25 19:18:23 | INFO     | ✅ Данные из Supabase загружены
2025-10-25 19:18:24 | SUCCESS  | Загружен ID сообщения для ролей: 1416566500638330941
2025-10-25 19:18:26 | SUCCESS  | 🎉 Все файлы cogs успешно загружены!
2025-10-25 19:18:30 | SUCCESS  | 🤖 Бот `Void Sentinel#5662` успешно запущен (ID: 1230464176745480254)
2025-10-25 19:18:30 | INFO     | 🛡 Сервер: Legion Of The Damned | ID: 828749346505490503 | Участников: 8
2025-10-25 19:18:30 | INFO     | 🛡 Сервер: Space_Marine 2RU | ID: 1118852004786225192 | Участников: 288
2025-10-25 19:18:30 | INFO     | 🛡 Сервер: winie's server | ID: 1335265286198263848 | Участников: 56
2025-10-25 19:18:30 | INFO     | 🛡 Сервер: Сервер користувача kraken_5491 | ID: 1411475618343686187 | Участников: 4
2025-10-25 19:18:30 | SUCCESS  | Сообщение верификации найдено, создание не требуется.
2025-10-25 19:18:30 | INFO     | Используем существующее сообщение с ID 1416566500638330941
2025-10-25 19:19:30 | SUCCESS  | Команды успешно синхронизированы
2025-10-25 23:13:34 | WARNING  | 🛑 Запуск остановлен вручную.
2025-10-25 23:57:42 | INFO     | HTTP Request: GET https://jqphrrikzkntcyzsrbrc.supabase.co/rest/v1/active_duels?select=%2A "HTTP/2 200 OK"
2025-10-25 23:57:43 | INFO     | HTTP Request: GET https://jqphrrikzkntcyzsrbrc.supabase.co/rest/v1/duel_stats?select=%2A "HTTP/2 200 OK"
2025-10-25 23:57:43 | INFO     | ✅ Данные из Supabase загружены
2025-10-25 23:57:46 | SUCCESS  | Загружен ID сообщения для ролей: 1416566500638330941
2025-10-25 23:57:52 | SUCCESS  | 🎉 Все файлы cogs успешно загружены!
2025-10-25 23:57:58 | SUCCESS  | 🤖 Бот `Void Sentinel#5662` успешно запущен (ID: 1230464176745480254)
2025-10-25 23:57:58 | INFO     | 🛡 Сервер: Legion Of The Damned | ID: 828749346505490503 | Участников: 8
2025-10-25 23:57:58 | INFO     | 🛡 Сервер: Space_Marine 2RU | ID: 1118852004786225192 | Участников: 288
2025-10-25 23:57:58 | INFO     | 🛡 Сервер: winie's server | ID: 1335265286198263848 | Участников: 56
2025-10-25 23:57:58 | INFO     | 🛡 Сервер: Сервер користувача kraken_5491 | ID: 1411475618343686187 | Участников: 4
2025-10-25 23:57:58 | INFO     | Используем существующее сообщение с ID 1416566500638330941
2025-10-25 23:57:59 | SUCCESS  | Сообщение верификации найдено, создание не требуется.
2025-10-25 23:58:58 | SUCCESS  | Команды успешно синхронизированы
2025-10-26 00:06:40 | INFO     | jmayrb__lp (1101535095246045276) присоединился к серверу Legion Of The Damned
2025-10-26 00:06:40 | INFO     | Webhook создан в канале: 💬чат-канал💬 (1400948760632098816)
2025-10-26 00:06:41 | INFO     | ✅ Отправлено приветственное сообщение для jmayrb__lp (1101535095246045276)
2025-10-26 00:06:41 | INFO     | Webhook удалён из канала: 💬чат-канал💬 (1400948760632098816)
2025-10-26 00:31:37 | INFO     | jmayrb__lp (1101535095246045276) покинул сервер Legion Of The Damned
2025-10-26 00:31:38 | INFO     | Webhook создан в канале: 💬чат-канал💬 (1400948760632098816)
2025-10-26 00:31:38 | INFO     | ✅ Отправлено сообщение об уходе jmayrb__lp (1101535095246045276)
2025-10-26 00:31:38 | INFO     | Webhook удалён из канала: 💬чат-канал💬 (1400948760632098816)
2025-10-26 01:38:51 | WARNING  | 🛑 Запуск остановлен вручную.
