2026-05-27 14:28:47,167 | ERROR    | ⚠️ Ошибка загрузки данных из Supabase: [Errno 11001] getaddrinfo failed
2026-05-27 14:28:48,231 | INFO     | ⚔️ ClanWarNotifications загружен
2026-05-27 14:28:49,437 | SUCCESS  | 🎉 Все файлы cogs успешно загружены!
2026-05-27 14:28:53,968 | SUCCESS  | 🤖 Бот `Void Sentinel#5662` успешно запущен (ID: 1230464176745480254)
2026-05-27 14:28:53,969 | INFO     | 🛡 Сервер: Legion Of The Damned | ID: 828749346505490503 | Участников: 57
2026-05-27 14:28:53,969 | INFO     | 🛡 Сервер: Space_Marine 2RU | ID: 1118852004786225192 | Участников: 258
2026-05-27 14:28:53,970 | INFO     | 🛡 Сервер: winie's server | ID: 1335265286198263848 | Участников: 47
2026-05-27 14:28:53,970 | INFO     | 🛡 Сервер: Legion of Iron Hands | ID: 1411434026966716428 | Участников: 5
2026-05-27 14:28:53,971 | INFO     | 🛡 Сервер: Тест сервер | ID: 1448692483054632982 | Участников: 4
2026-05-27 14:31:40,776 | INFO     | 📩 Заявка начата: 1aplle (1098122135974727711)
2026-05-27 14:31:50,796 | DEBUG    | Ответ получен: LF
2026-05-27 14:31:53,533 | DEBUG    | Ответ получен: ДА
2026-05-27 14:32:07,378 | DEBUG    | Ответ получен: 4-5 ЧАСОВ
2026-05-27 14:32:15,151 | DEBUG    | Ответ получен: МОЛЧУ
2026-05-27 14:32:58,985 | DEBUG    | Ответ получен: от 20:00 к 22:00
2026-05-27 14:33:07,436 | DEBUG    | Ответ получен: показать уровень
2026-05-27 14:33:19,239 | DEBUG    | Ответ получен: украина вроде 1 ютс
2026-05-27 14:33:36,427 | DEBUG    | Ответ получен: 29.05.2011
2026-05-27 14:33:38,053 | SUCCESS  | 📨 Заявка отправлена: 1aplle
2026-05-27 14:33:39,034 | INFO     | 📢 Уведомлён: kraken_5491
2026-05-27 14:33:39,035 | WARNING  | Роль не найдена: 1429978575347519610
2026-05-27 14:33:58,221 | SUCCESS  | Заявка одобрена: 1aplle
