2026-06-09 07:49:58,139 | ERROR    | ⚠️ Ошибка загрузки данных из Supabase: [Errno 11001] getaddrinfo failed
2026-06-09 07:49:59,053 | INFO     | ⚔️ ClanWarNotifications загружен
2026-06-09 07:49:59,122 | SUCCESS  | 🎉 Все файлы cogs успешно загружены!
2026-06-09 07:50:02,695 | SUCCESS  | 🤖 Бот `Void Sentinel#5662` успешно запущен (ID: 1230464176745480254)
2026-06-09 07:50:02,695 | INFO     | 🛡 Сервер: Legion Of The Damned | ID: 828749346505490503 | Участников: 56
2026-06-09 07:50:02,697 | INFO     | 🛡 Сервер: Space_Marine 2RU | ID: 1118852004786225192 | Участников: 258
2026-06-09 07:50:02,698 | INFO     | 🛡 Сервер: winie's server | ID: 1335265286198263848 | Участников: 47
2026-06-09 07:50:02,699 | INFO     | 🛡 Сервер: Legion of Iron Hands | ID: 1411434026966716428 | Участников: 5
2026-06-09 07:50:02,699 | INFO     | 🛡 Сервер: Тест сервер | ID: 1448692483054632982 | Участников: 4
2026-06-09 08:00:44,563 | INFO     | cpseller0880 (1513764325347561515) зашёл на сервер winie's server
2026-06-09 08:00:44,845 | ERROR    | ❌ Ошибка webhook в staff: 403 Forbidden (error code: 50013): Missing Permissions
2026-06-09 08:03:46,131 | WARNING  | Роль 1418038359129063585 не найдена на winie's server
2026-06-09 11:55:27,226 | INFO     | dimon_2239 (1100438041249714246) вышел [leave]
2026-06-09 11:55:27,640 | INFO     | Webhook создан: 💬чат-канал💬 (1400948760632098816)
2026-06-09 11:55:27,905 | INFO     | ✅ Уход dimon_2239 (1100438041249714246) [leave]
2026-06-09 11:55:28,224 | INFO     | Webhook удалён: 💬чат-канал💬 (1400948760632098816)
2026-06-09 12:32:33,233 | INFO     | ketaetc228_91115 (1354139777665863712) зашёл на сервер Legion Of The Damned
2026-06-09 12:32:33,978 | INFO     | Webhook создан: 💬чат-канал💬 (1400948760632098816)
2026-06-09 12:32:34,326 | INFO     | ✅ Отправлено приветствие ketaetc228_91115 (1354139777665863712)
2026-06-09 12:32:34,700 | INFO     | Webhook удалён: 💬чат-канал💬 (1400948760632098816)
2026-06-09 12:32:51,996 | INFO     | ЛС отправлено макс(HY_HZHZ)
2026-06-09 13:08:38,104 | INFO     | 📩 Заявка начата: ketaetc228_91115 (1354139777665863712)
2026-06-09 13:08:58,236 | DEBUG    | Ответ получен: хуярю досмерти
2026-06-09 13:09:10,720 | DEBUG    | Ответ получен: молить чтоб дали инфу
2026-06-09 13:09:25,936 | DEBUG    | Ответ получен: пока не начту мутировать
2026-06-09 13:09:49,304 | DEBUG    | Ответ получен: хуярюсь головой об стол
2026-06-09 13:10:10,446 | DEBUG    | Ответ получен: фулл тайм могу
2026-06-09 13:10:38,699 | DEBUG    | Ответ получен: получить ощущения кентов пизди и если повезет гильз
2026-06-09 13:10:57,268 | DEBUG    | Ответ получен: я в украине часовой пояс неибу лень гуглить
2026-06-09 13:11:21,463 | DEBUG    | Ответ получен: 25.02.2012
2026-06-09 13:11:22,951 | SUCCESS  | 📨 Заявка отправлена: ketaetc228_91115
2026-06-09 13:11:24,361 | INFO     | 📢 Уведомлён: kraken_5491
2026-06-09 13:11:24,362 | WARNING  | Роль не найдена: 1429978575347519610
2026-06-09 13:12:06,784 | SUCCESS  | Заявка одобрена: ketaetc228_91115
2026-06-09 13:34:17,277 | INFO     | cpseller0760 (1513770574130839586) зашёл на сервер winie's server
2026-06-09 13:34:17,557 | ERROR    | ❌ Ошибка webhook в staff: 403 Forbidden (error code: 50013): Missing Permissions
2026-06-09 13:54:23,057 | WARNING  | Роль 1418038359129063585 не найдена на winie's server
2026-06-09 14:18:24,106 | INFO     | ozone9. (406415416475385856) зашёл на сервер Legion Of The Damned
2026-06-09 14:18:24,620 | INFO     | Webhook создан: 💬чат-канал💬 (1400948760632098816)
2026-06-09 14:18:25,280 | INFO     | ✅ Отправлено приветствие ozone9. (406415416475385856)
2026-06-09 14:18:25,623 | INFO     | Webhook удалён: 💬чат-канал💬 (1400948760632098816)
2026-06-09 14:18:55,414 | INFO     | ЛС отправлено ozone9
2026-06-09 15:08:18,697 | INFO     | 📩 Заявка начата: ozone9. (406415416475385856)
2026-06-09 15:11:12,545 | DEBUG    | Ответ получен: я уже был в 2 кланах.конфликты решаю по ситуации
2026-06-09 15:11:24,347 | DEBUG    | Ответ получен: в чате клана
2026-06-09 15:11:50,715 | DEBUG    | Ответ получен: стоко чтоб закрывать кв и потасовки
2026-06-09 15:12:20,442 | DEBUG    | Ответ получен: 99% ситуаций терплю 1% выгорание
2026-06-09 15:12:38,747 | DEBUG    | Ответ получен: желательно днем-вечером
2026-06-09 15:13:00,317 | DEBUG    | Ответ получен: провести время желательно на веселе
2026-06-09 15:13:43,213 | DEBUG    | Ответ получен: Украина
2026-06-09 15:13:52,032 | DEBUG    | Ответ получен: 22.01.2025
2026-06-09 15:13:53,640 | SUCCESS  | 📨 Заявка отправлена: ozone9.
2026-06-09 15:13:54,179 | INFO     | 📢 Уведомлён: kraken_5491
2026-06-09 15:13:54,180 | WARNING  | Роль не найдена: 1429978575347519610
2026-06-09 15:14:28,154 | SUCCESS  | Заявка одобрена: ozone9.
2026-06-09 17:16:44,379 | INFO     | .sorokin (178921314898149378) зашёл на сервер Legion Of The Damned
2026-06-09 17:16:44,979 | INFO     | Webhook создан: 💬чат-канал💬 (1400948760632098816)
2026-06-09 17:16:45,262 | INFO     | ✅ Отправлено приветствие .sorokin (178921314898149378)
2026-06-09 17:16:45,552 | INFO     | Webhook удалён: 💬чат-канал💬 (1400948760632098816)
2026-06-09 17:17:14,541 | SUCCESS  | Создан временный войс: - |🔊Вокс Sorokin🔊| - (.sorokin)
2026-06-09 17:18:57,959 | SUCCESS  | Удалён пустой войс: 1513909850512425021
2026-06-09 17:20:27,916 | WARNING  | Роль 1418038359129063585 не найдена на Space_Marine 2RU
2026-06-09 18:10:36,048 | ERROR    | ⚠️ Ошибка загрузки данных из Supabase: [Errno 11001] getaddrinfo failed
2026-06-09 18:10:38,058 | INFO     | ⚔️ ClanWarNotifications загружен
2026-06-09 18:10:38,103 | SUCCESS  | 🎉 Все файлы cogs успешно загружены!
2026-06-09 18:10:41,794 | SUCCESS  | 🤖 Бот `Void Sentinel#5662` успешно запущен (ID: 1230464176745480254)
2026-06-09 18:10:41,810 | INFO     | 🛡 Сервер: Legion Of The Damned | ID: 828749346505490503 | Участников: 58
2026-06-09 18:10:41,811 | INFO     | 🛡 Сервер: Space_Marine 2RU | ID: 1118852004786225192 | Участников: 258
2026-06-09 18:10:41,812 | INFO     | 🛡 Сервер: winie's server | ID: 1335265286198263848 | Участников: 49
2026-06-09 18:10:41,812 | INFO     | 🛡 Сервер: Legion of Iron Hands | ID: 1411434026966716428 | Участников: 5
2026-06-09 18:10:41,813 | INFO     | 🛡 Сервер: Тест сервер | ID: 1448692483054632982 | Участников: 4
2026-06-09 18:28:49,875 | SUCCESS  | Создан временный войс: - |🔊Вокс [LOTD] Vasiliu🔊| - (d._sterben)
2026-06-09 18:43:57,440 | ERROR    | ⚠️ Ошибка загрузки данных из Supabase: [Errno 11001] getaddrinfo failed
2026-06-09 18:43:59,407 | INFO     | ⚔️ ClanWarNotifications загружен
2026-06-09 18:43:59,556 | SUCCESS  | 🎉 Все файлы cogs успешно загружены!
2026-06-09 18:44:03,563 | SUCCESS  | 🤖 Бот `Void Sentinel#5662` успешно запущен (ID: 1230464176745480254)
2026-06-09 18:44:03,614 | INFO     | 🛡 Сервер: Legion Of The Damned | ID: 828749346505490503 | Участников: 58
2026-06-09 18:44:03,738 | INFO     | 🛡 Сервер: Space_Marine 2RU | ID: 1118852004786225192 | Участников: 258
2026-06-09 18:44:03,824 | INFO     | 🛡 Сервер: winie's server | ID: 1335265286198263848 | Участников: 49
2026-06-09 18:44:03,907 | INFO     | 🛡 Сервер: Legion of Iron Hands | ID: 1411434026966716428 | Участников: 5
2026-06-09 18:44:03,984 | INFO     | 🛡 Сервер: Тест сервер | ID: 1448692483054632982 | Участников: 4
2026-06-09 18:46:59,478 | SUCCESS  | Создан временный войс: - |🔊Вокс Sorokin🔊| - (.sorokin)
2026-06-09 19:14:49,353 | SUCCESS  | Удалён пустой войс: 1513932435400691857
2026-06-09 20:30:03,577 | INFO     | 📊 DM 2026-06-09 | sent=0 failed=0
2026-06-09 20:50:03,563 | INFO     | 📊 DM 2026-06-09 | sent=0 failed=0
2026-06-09 21:00:03,579 | INFO     | 📊 DM 2026-06-09 | sent=0 failed=0
2026-06-09 22:05:35,013 | ERROR    | ⚠️ Ошибка загрузки данных из Supabase: [Errno 11001] getaddrinfo failed
2026-06-09 22:05:36,105 | INFO     | ⚔️ ClanWarNotifications загружен
2026-06-09 22:05:36,116 | SUCCESS  | 🎉 Все файлы cogs успешно загружены!
2026-06-09 22:05:39,820 | SUCCESS  | 🤖 Бот `Void Sentinel#5662` успешно запущен (ID: 1230464176745480254)
2026-06-09 22:05:39,820 | INFO     | 🛡 Сервер: Legion Of The Damned | ID: 828749346505490503 | Участников: 58
2026-06-09 22:05:39,821 | INFO     | 🛡 Сервер: Space_Marine 2RU | ID: 1118852004786225192 | Участников: 258
2026-06-09 22:05:39,821 | INFO     | 🛡 Сервер: winie's server | ID: 1335265286198263848 | Участников: 49
2026-06-09 22:05:39,821 | INFO     | 🛡 Сервер: Legion of Iron Hands | ID: 1411434026966716428 | Участников: 5
2026-06-09 22:05:39,822 | INFO     | 🛡 Сервер: Тест сервер | ID: 1448692483054632982 | Участников: 4
2026-06-09 22:12:19,108 | ERROR    | ⚠️ Ошибка загрузки данных из Supabase: [Errno 11001] getaddrinfo failed
2026-06-09 22:12:26,343 | INFO     | ⚔️ ClanWarNotifications загружен
2026-06-09 22:12:26,632 | SUCCESS  | 🎉 Все файлы cogs успешно загружены!
2026-06-09 22:12:30,941 | SUCCESS  | 🤖 Бот `Void Sentinel#5662` успешно запущен (ID: 1230464176745480254)
2026-06-09 22:12:30,975 | INFO     | 🛡 Сервер: Legion Of The Damned | ID: 828749346505490503 | Участников: 58
2026-06-09 22:12:31,033 | INFO     | 🛡 Сервер: Space_Marine 2RU | ID: 1118852004786225192 | Участников: 258
2026-06-09 22:12:31,128 | INFO     | 🛡 Сервер: winie's server | ID: 1335265286198263848 | Участников: 49
2026-06-09 22:12:31,240 | INFO     | 🛡 Сервер: Legion of Iron Hands | ID: 1411434026966716428 | Участников: 5
2026-06-09 22:12:31,341 | INFO     | 🛡 Сервер: Тест сервер | ID: 1448692483054632982 | Участников: 4
2026-06-09 22:26:58,216 | INFO     | soda152 (1219013256442548408) зашёл на сервер Legion Of The Damned
2026-06-09 22:26:58,921 | INFO     | Webhook создан: 💬чат-канал💬 (1400948760632098816)
2026-06-09 22:26:59,298 | INFO     | ✅ Отправлено приветствие soda152 (1219013256442548408)
2026-06-09 22:26:59,635 | INFO     | Webhook удалён: 💬чат-канал💬 (1400948760632098816)
2026-06-09 22:27:11,738 | INFO     | ЛС отправлено Jägermeister
2026-06-10 00:20:00,573 | SUCCESS  | 🤖 Бот `Void Sentinel#5662` успешно запущен (ID: 1230464176745480254)
2026-06-10 00:20:00,574 | INFO     | 🛡 Сервер: Legion Of The Damned | ID: 828749346505490503 | Участников: 59
2026-06-10 00:20:00,575 | INFO     | 🛡 Сервер: Space_Marine 2RU | ID: 1118852004786225192 | Участников: 258
2026-06-10 00:20:00,576 | INFO     | 🛡 Сервер: winie's server | ID: 1335265286198263848 | Участников: 49
2026-06-10 00:20:00,577 | INFO     | 🛡 Сервер: Legion of Iron Hands | ID: 1411434026966716428 | Участников: 5
2026-06-10 00:20:00,577 | INFO     | 🛡 Сервер: Тест сервер | ID: 1448692483054632982 | Участников: 4
2026-06-10 07:15:15,624 | INFO     | hoohhooho (434416039191642113) вышел [leave]
2026-06-10 07:15:16,064 | INFO     | Webhook создан: 👥новенькие👋 (1288612070442401893)
2026-06-10 07:15:16,326 | INFO     | ✅ Уход hoohhooho (434416039191642113) [leave]
2026-06-10 07:15:16,581 | INFO     | Webhook удалён: 👥новенькие👋 (1288612070442401893)
2026-06-10 09:16:33,219 | WARNING  | Роль 1418038359129063585 не найдена на Space_Marine 2RU
2026-06-10 09:17:45,834 | WARNING  | Роль 1418038359129063585 не найдена на Space_Marine 2RU
2026-06-10 09:18:23,707 | WARNING  | Роль 1418038359129063585 не найдена на Space_Marine 2RU
2026-06-10 15:31:21,577 | SUCCESS  | Создан временный войс: - |🔊Вокс Sorokin🔊| - (.sorokin)
2026-06-10 16:13:47,024 | SUCCESS  | Удалён пустой войс: 1514245596259680430
2026-06-10 19:05:38,749 | WARNING  | Роль 1418038359129063585 не найдена на Space_Marine 2RU
2026-06-10 19:36:10,767 | WARNING  | Роль 1418038359129063585 не найдена на Space_Marine 2RU
2026-06-10 20:30:05,449 | INFO     | 📊 DM 2026-06-10 | sent=2 failed=0
2026-06-10 20:50:01,971 | INFO     | 📊 DM 2026-06-10 | sent=1 failed=0
2026-06-10 20:53:50,878 | INFO     | darkwilow__51049 (1456207510116634701) вышел [leave]
2026-06-10 20:53:51,361 | INFO     | Webhook создан: 💬чат-канал💬 (1400948760632098816)
2026-06-10 20:53:51,590 | INFO     | ✅ Уход darkwilow__51049 (1456207510116634701) [leave]
2026-06-10 20:53:51,926 | INFO     | Webhook удалён: 💬чат-канал💬 (1400948760632098816)
2026-06-10 21:00:01,912 | INFO     | 📊 DM 2026-06-10 | sent=1 failed=0
2026-06-11 11:30:11,755 | INFO     | meow_ruff (1078735241969160312) вышел [leave]
2026-06-11 11:30:12,413 | INFO     | Webhook создан: 💬чат-канал💬 (1400948760632098816)
2026-06-11 11:30:12,642 | INFO     | ✅ Уход meow_ruff (1078735241969160312) [leave]
2026-06-11 11:30:13,033 | INFO     | Webhook удалён: 💬чат-канал💬 (1400948760632098816)
2026-06-11 12:45:46,183 | INFO     | zibra2334 (1246539838824513678) вышел [kick]
2026-06-11 12:45:46,696 | INFO     | Webhook создан: 💬чат-канал💬 (1400948760632098816)
2026-06-11 12:45:46,924 | INFO     | ✅ Уход zibra2334 (1246539838824513678) [kick]
2026-06-11 12:45:47,235 | INFO     | Webhook удалён: 💬чат-канал💬 (1400948760632098816)
2026-06-11 12:45:52,227 | INFO     | soda152 (1219013256442548408) вышел [kick]
2026-06-11 12:45:52,690 | INFO     | Webhook создан: 💬чат-канал💬 (1400948760632098816)
2026-06-11 12:45:54,377 | INFO     | ✅ Уход soda152 (1219013256442548408) [kick]
2026-06-11 12:45:54,856 | INFO     | Webhook удалён: 💬чат-канал💬 (1400948760632098816)
2026-06-11 12:46:08,158 | INFO     | grifer_od (754367187917209710) вышел [kick]
2026-06-11 12:46:08,540 | INFO     | Webhook создан: 💬чат-канал💬 (1400948760632098816)
2026-06-11 12:46:08,765 | INFO     | ✅ Уход grifer_od (754367187917209710) [kick]
2026-06-11 12:46:09,113 | INFO     | Webhook удалён: 💬чат-канал💬 (1400948760632098816)
2026-06-11 20:30:01,014 | INFO     | 📊 DM 2026-06-11 | sent=0 failed=0
2026-06-11 20:50:00,947 | INFO     | 📊 DM 2026-06-11 | sent=0 failed=0
2026-06-11 21:00:01,175 | INFO     | 📊 DM 2026-06-11 | sent=0 failed=0
2026-06-12 13:48:04,872 | WARNING  | Роль 1418038359129063585 не найдена на Space_Marine 2RU
2026-06-12 14:04:30,803 | WARNING  | Роль 1418038359129063585 не найдена на Space_Marine 2RU
2026-06-12 14:29:14,803 | WARNING  | Роль 1418038359129063585 не найдена на Space_Marine 2RU
2026-06-12 15:23:49,263 | WARNING  | Роль 1418038359129063585 не найдена на Space_Marine 2RU
2026-06-12 20:30:00,954 | INFO     | 📊 DM 2026-06-12 | sent=0 failed=0
2026-06-12 20:50:00,945 | INFO     | 📊 DM 2026-06-12 | sent=0 failed=0
2026-06-12 21:00:00,945 | INFO     | 📊 DM 2026-06-12 | sent=0 failed=0
